[0.527s] Invoking command in '/home/bayes/hssw/others/ros2project/products/cpp/tf_pratice_ws/src/demo_python_tf': PYTHONPATH=/home/bayes/hssw/others/ros2project/products/cpp/tf_pratice_ws/build/demo_python_tf/prefix_override:/usr/lib/python3/dist-packages/colcon_core/task/python/colcon_distutils_commands:/home/bayes/hssw/others/ros2project/products/cpp/tf_pratice_ws/install/demo_python_tf/lib/python3.10/site-packages:${PYTHONPATH} /usr/bin/python3 -W ignore:setup.py install is deprecated -W ignore:easy_install command is deprecated setup.py egg_info --egg-base ../../build/demo_python_tf build --build-base /home/bayes/hssw/others/ros2project/products/cpp/tf_pratice_ws/build/demo_python_tf/build install --record /home/bayes/hssw/others/ros2project/products/cpp/tf_pratice_ws/build/demo_python_tf/install.log --single-version-externally-managed install_data
[0.724s] running egg_info
[0.725s] writing ../../build/demo_python_tf/demo_python_tf.egg-info/PKG-INFO
[0.725s] writing dependency_links to ../../build/demo_python_tf/demo_python_tf.egg-info/dependency_links.txt
[0.726s] writing entry points to ../../build/demo_python_tf/demo_python_tf.egg-info/entry_points.txt
[0.726s] writing requirements to ../../build/demo_python_tf/demo_python_tf.egg-info/requires.txt
[0.726s] writing top-level names to ../../build/demo_python_tf/demo_python_tf.egg-info/top_level.txt
[0.727s] reading manifest file '../../build/demo_python_tf/demo_python_tf.egg-info/SOURCES.txt'
[0.727s] adding license file 'LICENSE'
[0.728s] writing manifest file '../../build/demo_python_tf/demo_python_tf.egg-info/SOURCES.txt'
[0.728s] running build
[0.728s] running build_py
[0.728s] copying demo_python_tf/tf_listener.py -> /home/bayes/hssw/others/ros2project/products/cpp/tf_pratice_ws/build/demo_python_tf/build/lib/demo_python_tf
[0.729s] running install
[0.729s] running install_lib
[0.729s] copying /home/bayes/hssw/others/ros2project/products/cpp/tf_pratice_ws/build/demo_python_tf/build/lib/demo_python_tf/tf_listener.py -> /home/bayes/hssw/others/ros2project/products/cpp/tf_pratice_ws/install/demo_python_tf/lib/python3.10/site-packages/demo_python_tf
[0.730s] byte-compiling /home/bayes/hssw/others/ros2project/products/cpp/tf_pratice_ws/install/demo_python_tf/lib/python3.10/site-packages/demo_python_tf/tf_listener.py to tf_listener.cpython-310.pyc
[0.730s] running install_data
[0.730s] running install_egg_info
[0.732s] removing '/home/bayes/hssw/others/ros2project/products/cpp/tf_pratice_ws/install/demo_python_tf/lib/python3.10/site-packages/demo_python_tf-0.0.0-py3.10.egg-info' (and everything under it)
[0.732s] Copying ../../build/demo_python_tf/demo_python_tf.egg-info to /home/bayes/hssw/others/ros2project/products/cpp/tf_pratice_ws/install/demo_python_tf/lib/python3.10/site-packages/demo_python_tf-0.0.0-py3.10.egg-info
[0.733s] running install_scripts
[0.747s] Installing dynamic_tf_broadcaster script to /home/bayes/hssw/others/ros2project/products/cpp/tf_pratice_ws/install/demo_python_tf/lib/demo_python_tf
[0.747s] Installing static_tf_broadcaster script to /home/bayes/hssw/others/ros2project/products/cpp/tf_pratice_ws/install/demo_python_tf/lib/demo_python_tf
[0.747s] Installing tf_listener script to /home/bayes/hssw/others/ros2project/products/cpp/tf_pratice_ws/install/demo_python_tf/lib/demo_python_tf
[0.748s] writing list of installed files to '/home/bayes/hssw/others/ros2project/products/cpp/tf_pratice_ws/build/demo_python_tf/install.log'
[0.761s] Invoked command in '/home/bayes/hssw/others/ros2project/products/cpp/tf_pratice_ws/src/demo_python_tf' returned '0': PYTHONPATH=/home/bayes/hssw/others/ros2project/products/cpp/tf_pratice_ws/build/demo_python_tf/prefix_override:/usr/lib/python3/dist-packages/colcon_core/task/python/colcon_distutils_commands:/home/bayes/hssw/others/ros2project/products/cpp/tf_pratice_ws/install/demo_python_tf/lib/python3.10/site-packages:${PYTHONPATH} /usr/bin/python3 -W ignore:setup.py install is deprecated -W ignore:easy_install command is deprecated setup.py egg_info --egg-base ../../build/demo_python_tf build --build-base /home/bayes/hssw/others/ros2project/products/cpp/tf_pratice_ws/build/demo_python_tf/build install --record /home/bayes/hssw/others/ros2project/products/cpp/tf_pratice_ws/build/demo_python_tf/install.log --single-version-externally-managed install_data
