[35m[1mConsolidate compiler generated dependencies of target static_tf_broadcaster[0m
[35m[1mConsolidate compiler generated dependencies of target tf_listener[0m
[35m[1mConsolidate compiler generated dependencies of target tf_broadcaster[0m
[ 16%] [32mBuilding CXX object CMakeFiles/static_tf_broadcaster.dir/src/static_tf_broadcaster.cpp.o[0m
[ 33%] [32mBuilding CXX object CMakeFiles/tf_listener.dir/src/tf_listener.cpp.o[0m
[ 66%] Built target tf_broadcaster
[ 83%] [32m[1mLinking CXX executable tf_listener[0m
[ 83%] Built target tf_listener
[100%] [32m[1mLinking CXX executable static_tf_broadcaster[0m
[100%] Built target static_tf_broadcaster
-- Install configuration: ""
-- Installing: /home/bayes/hssw/others/ros2project/products/cpp/tf_pratice_ws/install/demo_cpp_tf2/lib/demo_cpp_tf2/static_tf_broadcaster
-- Set runtime path of "/home/bayes/hssw/others/ros2project/products/cpp/tf_pratice_ws/install/demo_cpp_tf2/lib/demo_cpp_tf2/static_tf_broadcaster" to ""
-- Up-to-date: /home/bayes/hssw/others/ros2project/products/cpp/tf_pratice_ws/install/demo_cpp_tf2/lib/demo_cpp_tf2/tf_broadcaster
-- Installing: /home/bayes/hssw/others/ros2project/products/cpp/tf_pratice_ws/install/demo_cpp_tf2/lib/demo_cpp_tf2/tf_listener
-- Set runtime path of "/home/bayes/hssw/others/ros2project/products/cpp/tf_pratice_ws/install/demo_cpp_tf2/lib/demo_cpp_tf2/tf_listener" to ""
-- Up-to-date: /home/bayes/hssw/others/ros2project/products/cpp/tf_pratice_ws/install/demo_cpp_tf2/share/ament_index/resource_index/package_run_dependencies/demo_cpp_tf2
-- Up-to-date: /home/bayes/hssw/others/ros2project/products/cpp/tf_pratice_ws/install/demo_cpp_tf2/share/ament_index/resource_index/parent_prefix_path/demo_cpp_tf2
-- Up-to-date: /home/bayes/hssw/others/ros2project/products/cpp/tf_pratice_ws/install/demo_cpp_tf2/share/demo_cpp_tf2/environment/ament_prefix_path.sh
-- Up-to-date: /home/bayes/hssw/others/ros2project/products/cpp/tf_pratice_ws/install/demo_cpp_tf2/share/demo_cpp_tf2/environment/ament_prefix_path.dsv
-- Up-to-date: /home/bayes/hssw/others/ros2project/products/cpp/tf_pratice_ws/install/demo_cpp_tf2/share/demo_cpp_tf2/environment/path.sh
-- Up-to-date: /home/bayes/hssw/others/ros2project/products/cpp/tf_pratice_ws/install/demo_cpp_tf2/share/demo_cpp_tf2/environment/path.dsv
-- Up-to-date: /home/bayes/hssw/others/ros2project/products/cpp/tf_pratice_ws/install/demo_cpp_tf2/share/demo_cpp_tf2/local_setup.bash
-- Up-to-date: /home/bayes/hssw/others/ros2project/products/cpp/tf_pratice_ws/install/demo_cpp_tf2/share/demo_cpp_tf2/local_setup.sh
-- Up-to-date: /home/bayes/hssw/others/ros2project/products/cpp/tf_pratice_ws/install/demo_cpp_tf2/share/demo_cpp_tf2/local_setup.zsh
-- Up-to-date: /home/bayes/hssw/others/ros2project/products/cpp/tf_pratice_ws/install/demo_cpp_tf2/share/demo_cpp_tf2/local_setup.dsv
-- Installing: /home/bayes/hssw/others/ros2project/products/cpp/tf_pratice_ws/install/demo_cpp_tf2/share/demo_cpp_tf2/package.dsv
-- Up-to-date: /home/bayes/hssw/others/ros2project/products/cpp/tf_pratice_ws/install/demo_cpp_tf2/share/ament_index/resource_index/packages/demo_cpp_tf2
-- Up-to-date: /home/bayes/hssw/others/ros2project/products/cpp/tf_pratice_ws/install/demo_cpp_tf2/share/demo_cpp_tf2/cmake/demo_cpp_tf2Config.cmake
-- Up-to-date: /home/bayes/hssw/others/ros2project/products/cpp/tf_pratice_ws/install/demo_cpp_tf2/share/demo_cpp_tf2/cmake/demo_cpp_tf2Config-version.cmake
-- Up-to-date: /home/bayes/hssw/others/ros2project/products/cpp/tf_pratice_ws/install/demo_cpp_tf2/share/demo_cpp_tf2/package.xml
