[0.018s] Invoking command in '/home/bayes/hssw/others/ros2project/products/cpp/topic_practice_ws/src/build/status_interfaces': CMAKE_PREFIX_PATH=${CMAKE_PREFIX_PATH}:/home/bayes/hssw/others/ros2project/test/cpp/bayes_workspace/install/demo_python_pkg:/opt/ros/humble /bin/cmake /home/bayes/hssw/others/ros2project/products/cpp/topic_practice_ws/src/status_interfaces -DCMAKE_INSTALL_PREFIX=/home/bayes/hssw/others/ros2project/products/cpp/topic_practice_ws/src/install/status_interfaces
[0.101s] -- The C compiler identification is GNU 11.4.0
[0.185s] -- The CXX compiler identification is GNU 11.4.0
[0.195s] -- Detecting C compiler ABI info
[0.306s] -- Detecting C compiler ABI info - done
[0.313s] -- Check for working C compiler: /bin/cc - skipped
[0.314s] -- Detecting C compile features
[0.314s] -- Detecting C compile features - done
[0.318s] -- Detecting CXX compiler ABI info
[0.439s] -- Detecting CXX compiler ABI info - done
[0.448s] -- Check for working CXX compiler: /bin/c++ - skipped
[0.448s] -- Detecting CXX compile features
[0.449s] -- Detecting CXX compile features - done
[0.453s] -- Found ament_cmake: 1.3.12 (/opt/ros/humble/share/ament_cmake/cmake)
[0.655s] -- Found Python3: /bin/python3 (found version "3.10.12") found components: Interpreter 
[0.775s] -- Found rosidl_default_generators: 1.2.0 (/opt/ros/humble/share/rosidl_default_generators/cmake)
[0.780s] -- Using all available rosidl_typesupport_c: rosidl_typesupport_fastrtps_c;rosidl_typesupport_introspection_c
[0.789s] -- Found rosidl_adapter: 3.1.7 (/opt/ros/humble/share/rosidl_adapter/cmake)
[0.841s] -- Using all available rosidl_typesupport_cpp: rosidl_typesupport_fastrtps_cpp;rosidl_typesupport_introspection_cpp
[0.892s] -- Found builtin_interfaces: 1.2.2 (/opt/ros/humble/share/builtin_interfaces/cmake)
[1.239s] -- Found ament_cmake_ros: 0.10.0 (/opt/ros/humble/share/ament_cmake_ros/cmake)
[1.502s] -- Using all available rosidl_typesupport_c: rosidl_typesupport_fastrtps_c;rosidl_typesupport_introspection_c
[1.832s] -- Using all available rosidl_typesupport_cpp: rosidl_typesupport_fastrtps_cpp;rosidl_typesupport_introspection_cpp
[1.864s] -- Found PythonInterp: /bin/python3 (found suitable version "3.10.12", minimum required is "3.6") 
[1.868s] -- Found python_cmake_module: 0.10.0 (/opt/ros/humble/share/python_cmake_module/cmake)
[1.907s] -- Found PythonLibs: /usr/lib/x86_64-linux-gnu/libpython3.10.so (found suitable version "3.10.12", minimum required is "3.5") 
[1.907s] -- Using PYTHON_EXECUTABLE: /bin/python3
[1.908s] -- Using PYTHON_INCLUDE_DIRS: /usr/include/python3.10
[1.908s] -- Using PYTHON_LIBRARIES: /usr/lib/x86_64-linux-gnu/libpython3.10.so
[1.937s] -- Found PythonExtra: .so  
[1.988s] -- Found ament_lint_auto: 0.12.14 (/opt/ros/humble/share/ament_lint_auto/cmake)
[2.022s] -- Added test 'lint_cmake' to check CMake code style
[2.025s] -- Added test 'xmllint' to check XML markup files
[2.029s] -- Configuring done
[2.080s] -- Generating done
[2.094s] -- Build files have been written to: /home/bayes/hssw/others/ros2project/products/cpp/topic_practice_ws/src/build/status_interfaces
[2.101s] Invoked command in '/home/bayes/hssw/others/ros2project/products/cpp/topic_practice_ws/src/build/status_interfaces' returned '0': CMAKE_PREFIX_PATH=${CMAKE_PREFIX_PATH}:/home/bayes/hssw/others/ros2project/test/cpp/bayes_workspace/install/demo_python_pkg:/opt/ros/humble /bin/cmake /home/bayes/hssw/others/ros2project/products/cpp/topic_practice_ws/src/status_interfaces -DCMAKE_INSTALL_PREFIX=/home/bayes/hssw/others/ros2project/products/cpp/topic_practice_ws/src/install/status_interfaces
[2.104s] Invoking command in '/home/bayes/hssw/others/ros2project/products/cpp/topic_practice_ws/src/build/status_interfaces': CMAKE_PREFIX_PATH=${CMAKE_PREFIX_PATH}:/home/bayes/hssw/others/ros2project/test/cpp/bayes_workspace/install/demo_python_pkg:/opt/ros/humble /bin/cmake --build /home/bayes/hssw/others/ros2project/products/cpp/topic_practice_ws/src/build/status_interfaces -- -j24 -l24
[2.164s] [  3%] [34m[1mGenerating C code for ROS interfaces[0m
[2.180s] [  6%] [34m[1mGenerating C++ code for ROS interfaces[0m
[2.192s] [  6%] Built target ament_cmake_python_copy_status_interfaces
[2.513s] [  6%] Built target status_interfaces__cpp
[2.517s] [  9%] [32mBuilding C object CMakeFiles/status_interfaces__rosidl_generator_c.dir/rosidl_generator_c/status_interfaces/msg/detail/system_status__functions.c.o[0m
[2.530s] [ 16%] [34m[1mGenerating C++ type support for eProsima Fast-RTPS[0m
[2.530s] [ 16%] [34m[1mGenerating C++ type support dispatch for ROS interfaces[0m
[2.531s] [ 19%] [34m[1mGenerating C++ introspection for ROS interfaces[0m
[2.602s] [ 22%] [32m[1mLinking C shared library libstatus_interfaces__rosidl_generator_c.so[0m
[2.624s] running egg_info
[2.625s] creating status_interfaces.egg-info
[2.625s] writing status_interfaces.egg-info/PKG-INFO
[2.626s] writing dependency_links to status_interfaces.egg-info/dependency_links.txt
[2.626s] writing top-level names to status_interfaces.egg-info/top_level.txt
[2.626s] writing manifest file 'status_interfaces.egg-info/SOURCES.txt'
[2.631s] reading manifest file 'status_interfaces.egg-info/SOURCES.txt'
[2.632s] writing manifest file 'status_interfaces.egg-info/SOURCES.txt'
[2.664s] [ 22%] Built target status_interfaces__rosidl_generator_c
[2.665s] [ 22%] Built target ament_cmake_python_build_status_interfaces_egg
[2.682s] [ 29%] [34m[1mGenerating C introspection for ROS interfaces[0m
[2.682s] [ 29%] [34m[1mGenerating C type support for eProsima Fast-RTPS[0m
[2.682s] [ 32%] [34m[1mGenerating C type support dispatch for ROS interfaces[0m
[2.847s] [ 35%] [32mBuilding CXX object CMakeFiles/status_interfaces__rosidl_typesupport_cpp.dir/rosidl_typesupport_cpp/status_interfaces/msg/system_status__type_support.cpp.o[0m
[2.867s] [ 38%] [32mBuilding CXX object CMakeFiles/status_interfaces__rosidl_typesupport_introspection_cpp.dir/rosidl_typesupport_introspection_cpp/status_interfaces/msg/detail/system_status__type_support.cpp.o[0m
[2.885s] [ 41%] [32mBuilding CXX object CMakeFiles/status_interfaces__rosidl_typesupport_fastrtps_cpp.dir/rosidl_typesupport_fastrtps_cpp/status_interfaces/msg/detail/dds_fastrtps/system_status__type_support.cpp.o[0m
[2.998s] [ 45%] [32mBuilding CXX object CMakeFiles/status_interfaces__rosidl_typesupport_c.dir/rosidl_typesupport_c/status_interfaces/msg/system_status__type_support.cpp.o[0m
[3.032s] [ 51%] [32mBuilding CXX object CMakeFiles/status_interfaces__rosidl_typesupport_fastrtps_c.dir/rosidl_typesupport_fastrtps_c/status_interfaces/msg/detail/system_status__type_support_c.cpp.o[0m
[3.032s] [ 51%] [32mBuilding C object CMakeFiles/status_interfaces__rosidl_typesupport_introspection_c.dir/rosidl_typesupport_introspection_c/status_interfaces/msg/detail/system_status__type_support.c.o[0m
[3.050s] [ 54%] [32m[1mLinking CXX shared library libstatus_interfaces__rosidl_typesupport_c.so[0m
[3.089s] [ 58%] [32m[1mLinking C shared library libstatus_interfaces__rosidl_typesupport_introspection_c.so[0m
[3.117s] [ 58%] Built target status_interfaces__rosidl_typesupport_c
[3.142s] [ 58%] Built target status_interfaces__rosidl_typesupport_introspection_c
[3.229s] [ 61%] [32m[1mLinking CXX shared library libstatus_interfaces__rosidl_typesupport_cpp.so[0m
[3.296s] [ 61%] Built target status_interfaces__rosidl_typesupport_cpp
[3.405s] [ 64%] [32m[1mLinking CXX shared library libstatus_interfaces__rosidl_typesupport_introspection_cpp.so[0m
[3.440s] [ 67%] [32m[1mLinking CXX shared library libstatus_interfaces__rosidl_typesupport_fastrtps_cpp.so[0m
[3.501s] [ 67%] Built target status_interfaces__rosidl_typesupport_introspection_cpp
[3.513s] [ 70%] [32m[1mLinking CXX shared library libstatus_interfaces__rosidl_typesupport_fastrtps_c.so[0m
[3.556s] [ 70%] Built target status_interfaces__rosidl_typesupport_fastrtps_cpp
[3.624s] [ 70%] Built target status_interfaces__rosidl_typesupport_fastrtps_c
[3.656s] [ 70%] Built target status_interfaces
[3.689s] [ 74%] [34m[1mGenerating Python code for ROS interfaces[0m
[4.071s] [ 74%] Built target status_interfaces__py
[4.104s] [ 77%] [32mBuilding C object CMakeFiles/status_interfaces__rosidl_generator_py.dir/rosidl_generator_py/status_interfaces/msg/_system_status_s.c.o[0m
[4.311s] [ 80%] [32m[1mLinking C shared library rosidl_generator_py/status_interfaces/libstatus_interfaces__rosidl_generator_py.so[0m
[4.373s] [ 80%] Built target status_interfaces__rosidl_generator_py
[4.407s] [ 90%] [32mBuilding C object CMakeFiles/status_interfaces__rosidl_typesupport_c__pyext.dir/rosidl_generator_py/status_interfaces/_status_interfaces_s.ep.rosidl_typesupport_c.c.o[0m
[4.408s] [ 90%] [32mBuilding C object CMakeFiles/status_interfaces__rosidl_typesupport_fastrtps_c__pyext.dir/rosidl_generator_py/status_interfaces/_status_interfaces_s.ep.rosidl_typesupport_fastrtps_c.c.o[0m
[4.408s] [ 90%] [32mBuilding C object CMakeFiles/status_interfaces__rosidl_typesupport_introspection_c__pyext.dir/rosidl_generator_py/status_interfaces/_status_interfaces_s.ep.rosidl_typesupport_introspection_c.c.o[0m
[4.551s] [100%] [32m[1mLinking C shared library rosidl_generator_py/status_interfaces/status_interfaces_s__rosidl_typesupport_introspection_c.cpython-310-x86_64-linux-gnu.so[0m
[4.551s] [100%] [32m[1mLinking C shared library rosidl_generator_py/status_interfaces/status_interfaces_s__rosidl_typesupport_c.cpython-310-x86_64-linux-gnu.so[0m
[4.551s] [100%] [32m[1mLinking C shared library rosidl_generator_py/status_interfaces/status_interfaces_s__rosidl_typesupport_fastrtps_c.cpython-310-x86_64-linux-gnu.so[0m
[4.611s] [100%] Built target status_interfaces__rosidl_typesupport_introspection_c__pyext
[4.611s] [100%] Built target status_interfaces__rosidl_typesupport_c__pyext
[4.611s] [100%] Built target status_interfaces__rosidl_typesupport_fastrtps_c__pyext
[4.627s] Invoked command in '/home/bayes/hssw/others/ros2project/products/cpp/topic_practice_ws/src/build/status_interfaces' returned '0': CMAKE_PREFIX_PATH=${CMAKE_PREFIX_PATH}:/home/bayes/hssw/others/ros2project/test/cpp/bayes_workspace/install/demo_python_pkg:/opt/ros/humble /bin/cmake --build /home/bayes/hssw/others/ros2project/products/cpp/topic_practice_ws/src/build/status_interfaces -- -j24 -l24
[4.641s] Invoking command in '/home/bayes/hssw/others/ros2project/products/cpp/topic_practice_ws/src/build/status_interfaces': CMAKE_PREFIX_PATH=${CMAKE_PREFIX_PATH}:/home/bayes/hssw/others/ros2project/test/cpp/bayes_workspace/install/demo_python_pkg:/opt/ros/humble /bin/cmake --install /home/bayes/hssw/others/ros2project/products/cpp/topic_practice_ws/src/build/status_interfaces
[4.652s] -- Install configuration: ""
[4.653s] -- Installing: /home/bayes/hssw/others/ros2project/products/cpp/topic_practice_ws/src/install/status_interfaces/share/ament_index/resource_index/rosidl_interfaces/status_interfaces
[4.653s] -- Installing: /home/bayes/hssw/others/ros2project/products/cpp/topic_practice_ws/src/install/status_interfaces/include/status_interfaces/status_interfaces
[4.653s] -- Installing: /home/bayes/hssw/others/ros2project/products/cpp/topic_practice_ws/src/install/status_interfaces/include/status_interfaces/status_interfaces/msg
[4.653s] -- Installing: /home/bayes/hssw/others/ros2project/products/cpp/topic_practice_ws/src/install/status_interfaces/include/status_interfaces/status_interfaces/msg/rosidl_generator_c__visibility_control.h
[4.654s] -- Installing: /home/bayes/hssw/others/ros2project/products/cpp/topic_practice_ws/src/install/status_interfaces/include/status_interfaces/status_interfaces/msg/system_status.h
[4.654s] -- Installing: /home/bayes/hssw/others/ros2project/products/cpp/topic_practice_ws/src/install/status_interfaces/include/status_interfaces/status_interfaces/msg/detail
[4.654s] -- Installing: /home/bayes/hssw/others/ros2project/products/cpp/topic_practice_ws/src/install/status_interfaces/include/status_interfaces/status_interfaces/msg/detail/system_status__type_support.h
[4.654s] -- Installing: /home/bayes/hssw/others/ros2project/products/cpp/topic_practice_ws/src/install/status_interfaces/include/status_interfaces/status_interfaces/msg/detail/system_status__functions.c
[4.655s] -- Installing: /home/bayes/hssw/others/ros2project/products/cpp/topic_practice_ws/src/install/status_interfaces/include/status_interfaces/status_interfaces/msg/detail/system_status__functions.h
[4.655s] -- Installing: /home/bayes/hssw/others/ros2project/products/cpp/topic_practice_ws/src/install/status_interfaces/include/status_interfaces/status_interfaces/msg/detail/system_status__struct.h
[4.655s] -- Installing: /home/bayes/hssw/others/ros2project/products/cpp/topic_practice_ws/src/install/status_interfaces/share/status_interfaces/environment/library_path.sh
[4.656s] -- Installing: /home/bayes/hssw/others/ros2project/products/cpp/topic_practice_ws/src/install/status_interfaces/share/status_interfaces/environment/library_path.dsv
[4.656s] -- Installing: /home/bayes/hssw/others/ros2project/products/cpp/topic_practice_ws/src/install/status_interfaces/lib/libstatus_interfaces__rosidl_generator_c.so
[4.657s] -- Set runtime path of "/home/bayes/hssw/others/ros2project/products/cpp/topic_practice_ws/src/install/status_interfaces/lib/libstatus_interfaces__rosidl_generator_c.so" to ""
[4.657s] -- Up-to-date: /home/bayes/hssw/others/ros2project/products/cpp/topic_practice_ws/src/install/status_interfaces/include/status_interfaces/status_interfaces
[4.658s] -- Up-to-date: /home/bayes/hssw/others/ros2project/products/cpp/topic_practice_ws/src/install/status_interfaces/include/status_interfaces/status_interfaces/msg
[4.658s] -- Installing: /home/bayes/hssw/others/ros2project/products/cpp/topic_practice_ws/src/install/status_interfaces/include/status_interfaces/status_interfaces/msg/rosidl_typesupport_fastrtps_c__visibility_control.h
[4.658s] -- Up-to-date: /home/bayes/hssw/others/ros2project/products/cpp/topic_practice_ws/src/install/status_interfaces/include/status_interfaces/status_interfaces/msg/detail
[4.658s] -- Installing: /home/bayes/hssw/others/ros2project/products/cpp/topic_practice_ws/src/install/status_interfaces/include/status_interfaces/status_interfaces/msg/detail/system_status__rosidl_typesupport_fastrtps_c.h
[4.658s] -- Installing: /home/bayes/hssw/others/ros2project/products/cpp/topic_practice_ws/src/install/status_interfaces/lib/libstatus_interfaces__rosidl_typesupport_fastrtps_c.so
[4.659s] -- Set runtime path of "/home/bayes/hssw/others/ros2project/products/cpp/topic_practice_ws/src/install/status_interfaces/lib/libstatus_interfaces__rosidl_typesupport_fastrtps_c.so" to ""
[4.659s] -- Up-to-date: /home/bayes/hssw/others/ros2project/products/cpp/topic_practice_ws/src/install/status_interfaces/include/status_interfaces/status_interfaces
[4.660s] -- Up-to-date: /home/bayes/hssw/others/ros2project/products/cpp/topic_practice_ws/src/install/status_interfaces/include/status_interfaces/status_interfaces/msg
[4.660s] -- Installing: /home/bayes/hssw/others/ros2project/products/cpp/topic_practice_ws/src/install/status_interfaces/include/status_interfaces/status_interfaces/msg/rosidl_typesupport_introspection_c__visibility_control.h
[4.660s] -- Up-to-date: /home/bayes/hssw/others/ros2project/products/cpp/topic_practice_ws/src/install/status_interfaces/include/status_interfaces/status_interfaces/msg/detail
[4.660s] -- Installing: /home/bayes/hssw/others/ros2project/products/cpp/topic_practice_ws/src/install/status_interfaces/include/status_interfaces/status_interfaces/msg/detail/system_status__type_support.c
[4.660s] -- Installing: /home/bayes/hssw/others/ros2project/products/cpp/topic_practice_ws/src/install/status_interfaces/include/status_interfaces/status_interfaces/msg/detail/system_status__rosidl_typesupport_introspection_c.h
[4.661s] -- Installing: /home/bayes/hssw/others/ros2project/products/cpp/topic_practice_ws/src/install/status_interfaces/lib/libstatus_interfaces__rosidl_typesupport_introspection_c.so
[4.662s] -- Set runtime path of "/home/bayes/hssw/others/ros2project/products/cpp/topic_practice_ws/src/install/status_interfaces/lib/libstatus_interfaces__rosidl_typesupport_introspection_c.so" to ""
[4.662s] -- Installing: /home/bayes/hssw/others/ros2project/products/cpp/topic_practice_ws/src/install/status_interfaces/lib/libstatus_interfaces__rosidl_typesupport_c.so
[4.663s] -- Set runtime path of "/home/bayes/hssw/others/ros2project/products/cpp/topic_practice_ws/src/install/status_interfaces/lib/libstatus_interfaces__rosidl_typesupport_c.so" to ""
[4.663s] -- Up-to-date: /home/bayes/hssw/others/ros2project/products/cpp/topic_practice_ws/src/install/status_interfaces/include/status_interfaces/status_interfaces
[4.663s] -- Up-to-date: /home/bayes/hssw/others/ros2project/products/cpp/topic_practice_ws/src/install/status_interfaces/include/status_interfaces/status_interfaces/msg
[4.663s] -- Installing: /home/bayes/hssw/others/ros2project/products/cpp/topic_practice_ws/src/install/status_interfaces/include/status_interfaces/status_interfaces/msg/rosidl_generator_cpp__visibility_control.hpp
[4.663s] -- Up-to-date: /home/bayes/hssw/others/ros2project/products/cpp/topic_practice_ws/src/install/status_interfaces/include/status_interfaces/status_interfaces/msg/detail
[4.664s] -- Installing: /home/bayes/hssw/others/ros2project/products/cpp/topic_practice_ws/src/install/status_interfaces/include/status_interfaces/status_interfaces/msg/detail/system_status__traits.hpp
[4.664s] -- Installing: /home/bayes/hssw/others/ros2project/products/cpp/topic_practice_ws/src/install/status_interfaces/include/status_interfaces/status_interfaces/msg/detail/system_status__type_support.hpp
[4.664s] -- Installing: /home/bayes/hssw/others/ros2project/products/cpp/topic_practice_ws/src/install/status_interfaces/include/status_interfaces/status_interfaces/msg/detail/system_status__struct.hpp
[4.664s] -- Installing: /home/bayes/hssw/others/ros2project/products/cpp/topic_practice_ws/src/install/status_interfaces/include/status_interfaces/status_interfaces/msg/detail/system_status__builder.hpp
[4.664s] -- Installing: /home/bayes/hssw/others/ros2project/products/cpp/topic_practice_ws/src/install/status_interfaces/include/status_interfaces/status_interfaces/msg/system_status.hpp
[4.665s] -- Up-to-date: /home/bayes/hssw/others/ros2project/products/cpp/topic_practice_ws/src/install/status_interfaces/include/status_interfaces/status_interfaces
[4.665s] -- Up-to-date: /home/bayes/hssw/others/ros2project/products/cpp/topic_practice_ws/src/install/status_interfaces/include/status_interfaces/status_interfaces/msg
[4.665s] -- Installing: /home/bayes/hssw/others/ros2project/products/cpp/topic_practice_ws/src/install/status_interfaces/include/status_interfaces/status_interfaces/msg/rosidl_typesupport_fastrtps_cpp__visibility_control.h
[4.665s] -- Up-to-date: /home/bayes/hssw/others/ros2project/products/cpp/topic_practice_ws/src/install/status_interfaces/include/status_interfaces/status_interfaces/msg/detail
[4.665s] -- Installing: /home/bayes/hssw/others/ros2project/products/cpp/topic_practice_ws/src/install/status_interfaces/include/status_interfaces/status_interfaces/msg/detail/dds_fastrtps
[4.665s] -- Installing: /home/bayes/hssw/others/ros2project/products/cpp/topic_practice_ws/src/install/status_interfaces/include/status_interfaces/status_interfaces/msg/detail/system_status__rosidl_typesupport_fastrtps_cpp.hpp
[4.666s] -- Installing: /home/bayes/hssw/others/ros2project/products/cpp/topic_practice_ws/src/install/status_interfaces/lib/libstatus_interfaces__rosidl_typesupport_fastrtps_cpp.so
[4.667s] -- Set runtime path of "/home/bayes/hssw/others/ros2project/products/cpp/topic_practice_ws/src/install/status_interfaces/lib/libstatus_interfaces__rosidl_typesupport_fastrtps_cpp.so" to ""
[4.667s] -- Up-to-date: /home/bayes/hssw/others/ros2project/products/cpp/topic_practice_ws/src/install/status_interfaces/include/status_interfaces/status_interfaces
[4.667s] -- Up-to-date: /home/bayes/hssw/others/ros2project/products/cpp/topic_practice_ws/src/install/status_interfaces/include/status_interfaces/status_interfaces/msg
[4.667s] -- Up-to-date: /home/bayes/hssw/others/ros2project/products/cpp/topic_practice_ws/src/install/status_interfaces/include/status_interfaces/status_interfaces/msg/detail
[4.667s] -- Installing: /home/bayes/hssw/others/ros2project/products/cpp/topic_practice_ws/src/install/status_interfaces/include/status_interfaces/status_interfaces/msg/detail/system_status__type_support.cpp
[4.668s] -- Installing: /home/bayes/hssw/others/ros2project/products/cpp/topic_practice_ws/src/install/status_interfaces/include/status_interfaces/status_interfaces/msg/detail/system_status__rosidl_typesupport_introspection_cpp.hpp
[4.668s] -- Installing: /home/bayes/hssw/others/ros2project/products/cpp/topic_practice_ws/src/install/status_interfaces/lib/libstatus_interfaces__rosidl_typesupport_introspection_cpp.so
[4.669s] -- Set runtime path of "/home/bayes/hssw/others/ros2project/products/cpp/topic_practice_ws/src/install/status_interfaces/lib/libstatus_interfaces__rosidl_typesupport_introspection_cpp.so" to ""
[4.669s] -- Installing: /home/bayes/hssw/others/ros2project/products/cpp/topic_practice_ws/src/install/status_interfaces/lib/libstatus_interfaces__rosidl_typesupport_cpp.so
[4.669s] -- Set runtime path of "/home/bayes/hssw/others/ros2project/products/cpp/topic_practice_ws/src/install/status_interfaces/lib/libstatus_interfaces__rosidl_typesupport_cpp.so" to ""
[4.669s] -- Installing: /home/bayes/hssw/others/ros2project/products/cpp/topic_practice_ws/src/install/status_interfaces/share/status_interfaces/environment/pythonpath.sh
[4.670s] -- Installing: /home/bayes/hssw/others/ros2project/products/cpp/topic_practice_ws/src/install/status_interfaces/share/status_interfaces/environment/pythonpath.dsv
[4.670s] -- Installing: /home/bayes/hssw/others/ros2project/products/cpp/topic_practice_ws/src/install/status_interfaces/local/lib/python3.10/dist-packages/status_interfaces-0.0.0-py3.10.egg-info
[4.670s] -- Installing: /home/bayes/hssw/others/ros2project/products/cpp/topic_practice_ws/src/install/status_interfaces/local/lib/python3.10/dist-packages/status_interfaces-0.0.0-py3.10.egg-info/dependency_links.txt
[4.671s] -- Installing: /home/bayes/hssw/others/ros2project/products/cpp/topic_practice_ws/src/install/status_interfaces/local/lib/python3.10/dist-packages/status_interfaces-0.0.0-py3.10.egg-info/PKG-INFO
[4.671s] -- Installing: /home/bayes/hssw/others/ros2project/products/cpp/topic_practice_ws/src/install/status_interfaces/local/lib/python3.10/dist-packages/status_interfaces-0.0.0-py3.10.egg-info/top_level.txt
[4.671s] -- Installing: /home/bayes/hssw/others/ros2project/products/cpp/topic_practice_ws/src/install/status_interfaces/local/lib/python3.10/dist-packages/status_interfaces-0.0.0-py3.10.egg-info/SOURCES.txt
[4.671s] -- Installing: /home/bayes/hssw/others/ros2project/products/cpp/topic_practice_ws/src/install/status_interfaces/local/lib/python3.10/dist-packages/status_interfaces
[4.672s] -- Installing: /home/bayes/hssw/others/ros2project/products/cpp/topic_practice_ws/src/install/status_interfaces/local/lib/python3.10/dist-packages/status_interfaces/_status_interfaces_s.ep.rosidl_typesupport_introspection_c.c
[4.672s] -- Installing: /home/bayes/hssw/others/ros2project/products/cpp/topic_practice_ws/src/install/status_interfaces/local/lib/python3.10/dist-packages/status_interfaces/libstatus_interfaces__rosidl_generator_py.so
[4.672s] -- Installing: /home/bayes/hssw/others/ros2project/products/cpp/topic_practice_ws/src/install/status_interfaces/local/lib/python3.10/dist-packages/status_interfaces/status_interfaces_s__rosidl_typesupport_fastrtps_c.cpython-310-x86_64-linux-gnu.so
[4.673s] -- Installing: /home/bayes/hssw/others/ros2project/products/cpp/topic_practice_ws/src/install/status_interfaces/local/lib/python3.10/dist-packages/status_interfaces/status_interfaces_s__rosidl_typesupport_c.cpython-310-x86_64-linux-gnu.so
[4.673s] -- Installing: /home/bayes/hssw/others/ros2project/products/cpp/topic_practice_ws/src/install/status_interfaces/local/lib/python3.10/dist-packages/status_interfaces/status_interfaces_s__rosidl_typesupport_introspection_c.cpython-310-x86_64-linux-gnu.so
[4.673s] -- Installing: /home/bayes/hssw/others/ros2project/products/cpp/topic_practice_ws/src/install/status_interfaces/local/lib/python3.10/dist-packages/status_interfaces/_status_interfaces_s.ep.rosidl_typesupport_c.c
[4.673s] -- Installing: /home/bayes/hssw/others/ros2project/products/cpp/topic_practice_ws/src/install/status_interfaces/local/lib/python3.10/dist-packages/status_interfaces/__init__.py
[4.674s] -- Installing: /home/bayes/hssw/others/ros2project/products/cpp/topic_practice_ws/src/install/status_interfaces/local/lib/python3.10/dist-packages/status_interfaces/_status_interfaces_s.ep.rosidl_typesupport_fastrtps_c.c
[4.674s] -- Installing: /home/bayes/hssw/others/ros2project/products/cpp/topic_practice_ws/src/install/status_interfaces/local/lib/python3.10/dist-packages/status_interfaces/msg
[4.674s] -- Installing: /home/bayes/hssw/others/ros2project/products/cpp/topic_practice_ws/src/install/status_interfaces/local/lib/python3.10/dist-packages/status_interfaces/msg/_system_status.py
[4.674s] -- Installing: /home/bayes/hssw/others/ros2project/products/cpp/topic_practice_ws/src/install/status_interfaces/local/lib/python3.10/dist-packages/status_interfaces/msg/__init__.py
[4.675s] -- Installing: /home/bayes/hssw/others/ros2project/products/cpp/topic_practice_ws/src/install/status_interfaces/local/lib/python3.10/dist-packages/status_interfaces/msg/_system_status_s.c
[4.724s] Listing '/home/bayes/hssw/others/ros2project/products/cpp/topic_practice_ws/src/install/status_interfaces/local/lib/python3.10/dist-packages/status_interfaces'...
[4.724s] Compiling '/home/bayes/hssw/others/ros2project/products/cpp/topic_practice_ws/src/install/status_interfaces/local/lib/python3.10/dist-packages/status_interfaces/__init__.py'...
[4.724s] Listing '/home/bayes/hssw/others/ros2project/products/cpp/topic_practice_ws/src/install/status_interfaces/local/lib/python3.10/dist-packages/status_interfaces/msg'...
[4.724s] Compiling '/home/bayes/hssw/others/ros2project/products/cpp/topic_practice_ws/src/install/status_interfaces/local/lib/python3.10/dist-packages/status_interfaces/msg/__init__.py'...
[4.725s] Compiling '/home/bayes/hssw/others/ros2project/products/cpp/topic_practice_ws/src/install/status_interfaces/local/lib/python3.10/dist-packages/status_interfaces/msg/_system_status.py'...
[4.730s] -- Installing: /home/bayes/hssw/others/ros2project/products/cpp/topic_practice_ws/src/install/status_interfaces/local/lib/python3.10/dist-packages/status_interfaces/status_interfaces_s__rosidl_typesupport_fastrtps_c.cpython-310-x86_64-linux-gnu.so
[4.731s] -- Set runtime path of "/home/bayes/hssw/others/ros2project/products/cpp/topic_practice_ws/src/install/status_interfaces/local/lib/python3.10/dist-packages/status_interfaces/status_interfaces_s__rosidl_typesupport_fastrtps_c.cpython-310-x86_64-linux-gnu.so" to ""
[4.731s] -- Installing: /home/bayes/hssw/others/ros2project/products/cpp/topic_practice_ws/src/install/status_interfaces/local/lib/python3.10/dist-packages/status_interfaces/status_interfaces_s__rosidl_typesupport_introspection_c.cpython-310-x86_64-linux-gnu.so
[4.732s] -- Set runtime path of "/home/bayes/hssw/others/ros2project/products/cpp/topic_practice_ws/src/install/status_interfaces/local/lib/python3.10/dist-packages/status_interfaces/status_interfaces_s__rosidl_typesupport_introspection_c.cpython-310-x86_64-linux-gnu.so" to ""
[4.732s] -- Installing: /home/bayes/hssw/others/ros2project/products/cpp/topic_practice_ws/src/install/status_interfaces/local/lib/python3.10/dist-packages/status_interfaces/status_interfaces_s__rosidl_typesupport_c.cpython-310-x86_64-linux-gnu.so
[4.733s] -- Set runtime path of "/home/bayes/hssw/others/ros2project/products/cpp/topic_practice_ws/src/install/status_interfaces/local/lib/python3.10/dist-packages/status_interfaces/status_interfaces_s__rosidl_typesupport_c.cpython-310-x86_64-linux-gnu.so" to ""
[4.733s] -- Installing: /home/bayes/hssw/others/ros2project/products/cpp/topic_practice_ws/src/install/status_interfaces/lib/libstatus_interfaces__rosidl_generator_py.so
[4.734s] -- Set runtime path of "/home/bayes/hssw/others/ros2project/products/cpp/topic_practice_ws/src/install/status_interfaces/lib/libstatus_interfaces__rosidl_generator_py.so" to ""
[4.735s] -- Installing: /home/bayes/hssw/others/ros2project/products/cpp/topic_practice_ws/src/install/status_interfaces/share/status_interfaces/msg/SystemStatus.idl
[4.735s] -- Installing: /home/bayes/hssw/others/ros2project/products/cpp/topic_practice_ws/src/install/status_interfaces/share/status_interfaces/msg/SystemStatus.msg
[4.735s] -- Installing: /home/bayes/hssw/others/ros2project/products/cpp/topic_practice_ws/src/install/status_interfaces/share/ament_index/resource_index/package_run_dependencies/status_interfaces
[4.736s] -- Installing: /home/bayes/hssw/others/ros2project/products/cpp/topic_practice_ws/src/install/status_interfaces/share/ament_index/resource_index/parent_prefix_path/status_interfaces
[4.736s] -- Installing: /home/bayes/hssw/others/ros2project/products/cpp/topic_practice_ws/src/install/status_interfaces/share/status_interfaces/environment/ament_prefix_path.sh
[4.736s] -- Installing: /home/bayes/hssw/others/ros2project/products/cpp/topic_practice_ws/src/install/status_interfaces/share/status_interfaces/environment/ament_prefix_path.dsv
[4.737s] -- Installing: /home/bayes/hssw/others/ros2project/products/cpp/topic_practice_ws/src/install/status_interfaces/share/status_interfaces/environment/path.sh
[4.737s] -- Installing: /home/bayes/hssw/others/ros2project/products/cpp/topic_practice_ws/src/install/status_interfaces/share/status_interfaces/environment/path.dsv
[4.737s] -- Installing: /home/bayes/hssw/others/ros2project/products/cpp/topic_practice_ws/src/install/status_interfaces/share/status_interfaces/local_setup.bash
[4.738s] -- Installing: /home/bayes/hssw/others/ros2project/products/cpp/topic_practice_ws/src/install/status_interfaces/share/status_interfaces/local_setup.sh
[4.738s] -- Installing: /home/bayes/hssw/others/ros2project/products/cpp/topic_practice_ws/src/install/status_interfaces/share/status_interfaces/local_setup.zsh
[4.738s] -- Installing: /home/bayes/hssw/others/ros2project/products/cpp/topic_practice_ws/src/install/status_interfaces/share/status_interfaces/local_setup.dsv
[4.738s] -- Installing: /home/bayes/hssw/others/ros2project/products/cpp/topic_practice_ws/src/install/status_interfaces/share/status_interfaces/package.dsv
[4.739s] -- Installing: /home/bayes/hssw/others/ros2project/products/cpp/topic_practice_ws/src/install/status_interfaces/share/ament_index/resource_index/packages/status_interfaces
[4.739s] -- Installing: /home/bayes/hssw/others/ros2project/products/cpp/topic_practice_ws/src/install/status_interfaces/share/status_interfaces/cmake/export_status_interfaces__rosidl_generator_cExport.cmake
[4.739s] -- Installing: /home/bayes/hssw/others/ros2project/products/cpp/topic_practice_ws/src/install/status_interfaces/share/status_interfaces/cmake/export_status_interfaces__rosidl_generator_cExport-noconfig.cmake
[4.740s] -- Installing: /home/bayes/hssw/others/ros2project/products/cpp/topic_practice_ws/src/install/status_interfaces/share/status_interfaces/cmake/export_status_interfaces__rosidl_typesupport_fastrtps_cExport.cmake
[4.740s] -- Installing: /home/bayes/hssw/others/ros2project/products/cpp/topic_practice_ws/src/install/status_interfaces/share/status_interfaces/cmake/export_status_interfaces__rosidl_typesupport_fastrtps_cExport-noconfig.cmake
[4.740s] -- Installing: /home/bayes/hssw/others/ros2project/products/cpp/topic_practice_ws/src/install/status_interfaces/share/status_interfaces/cmake/status_interfaces__rosidl_typesupport_introspection_cExport.cmake
[4.741s] -- Installing: /home/bayes/hssw/others/ros2project/products/cpp/topic_practice_ws/src/install/status_interfaces/share/status_interfaces/cmake/status_interfaces__rosidl_typesupport_introspection_cExport-noconfig.cmake
[4.741s] -- Installing: /home/bayes/hssw/others/ros2project/products/cpp/topic_practice_ws/src/install/status_interfaces/share/status_interfaces/cmake/status_interfaces__rosidl_typesupport_cExport.cmake
[4.741s] -- Installing: /home/bayes/hssw/others/ros2project/products/cpp/topic_practice_ws/src/install/status_interfaces/share/status_interfaces/cmake/status_interfaces__rosidl_typesupport_cExport-noconfig.cmake
[4.742s] -- Installing: /home/bayes/hssw/others/ros2project/products/cpp/topic_practice_ws/src/install/status_interfaces/share/status_interfaces/cmake/export_status_interfaces__rosidl_generator_cppExport.cmake
[4.742s] -- Installing: /home/bayes/hssw/others/ros2project/products/cpp/topic_practice_ws/src/install/status_interfaces/share/status_interfaces/cmake/export_status_interfaces__rosidl_typesupport_fastrtps_cppExport.cmake
[4.742s] -- Installing: /home/bayes/hssw/others/ros2project/products/cpp/topic_practice_ws/src/install/status_interfaces/share/status_interfaces/cmake/export_status_interfaces__rosidl_typesupport_fastrtps_cppExport-noconfig.cmake
[4.743s] -- Installing: /home/bayes/hssw/others/ros2project/products/cpp/topic_practice_ws/src/install/status_interfaces/share/status_interfaces/cmake/status_interfaces__rosidl_typesupport_introspection_cppExport.cmake
[4.743s] -- Installing: /home/bayes/hssw/others/ros2project/products/cpp/topic_practice_ws/src/install/status_interfaces/share/status_interfaces/cmake/status_interfaces__rosidl_typesupport_introspection_cppExport-noconfig.cmake
[4.743s] -- Installing: /home/bayes/hssw/others/ros2project/products/cpp/topic_practice_ws/src/install/status_interfaces/share/status_interfaces/cmake/status_interfaces__rosidl_typesupport_cppExport.cmake
[4.743s] -- Installing: /home/bayes/hssw/others/ros2project/products/cpp/topic_practice_ws/src/install/status_interfaces/share/status_interfaces/cmake/status_interfaces__rosidl_typesupport_cppExport-noconfig.cmake
[4.743s] -- Installing: /home/bayes/hssw/others/ros2project/products/cpp/topic_practice_ws/src/install/status_interfaces/share/status_interfaces/cmake/export_status_interfaces__rosidl_generator_pyExport.cmake
[4.744s] -- Installing: /home/bayes/hssw/others/ros2project/products/cpp/topic_practice_ws/src/install/status_interfaces/share/status_interfaces/cmake/export_status_interfaces__rosidl_generator_pyExport-noconfig.cmake
[4.744s] -- Installing: /home/bayes/hssw/others/ros2project/products/cpp/topic_practice_ws/src/install/status_interfaces/share/status_interfaces/cmake/rosidl_cmake-extras.cmake
[4.744s] -- Installing: /home/bayes/hssw/others/ros2project/products/cpp/topic_practice_ws/src/install/status_interfaces/share/status_interfaces/cmake/ament_cmake_export_dependencies-extras.cmake
[4.745s] -- Installing: /home/bayes/hssw/others/ros2project/products/cpp/topic_practice_ws/src/install/status_interfaces/share/status_interfaces/cmake/ament_cmake_export_include_directories-extras.cmake
[4.745s] -- Installing: /home/bayes/hssw/others/ros2project/products/cpp/topic_practice_ws/src/install/status_interfaces/share/status_interfaces/cmake/ament_cmake_export_libraries-extras.cmake
[4.745s] -- Installing: /home/bayes/hssw/others/ros2project/products/cpp/topic_practice_ws/src/install/status_interfaces/share/status_interfaces/cmake/ament_cmake_export_targets-extras.cmake
[4.746s] -- Installing: /home/bayes/hssw/others/ros2project/products/cpp/topic_practice_ws/src/install/status_interfaces/share/status_interfaces/cmake/rosidl_cmake_export_typesupport_targets-extras.cmake
[4.746s] -- Installing: /home/bayes/hssw/others/ros2project/products/cpp/topic_practice_ws/src/install/status_interfaces/share/status_interfaces/cmake/rosidl_cmake_export_typesupport_libraries-extras.cmake
[4.746s] -- Installing: /home/bayes/hssw/others/ros2project/products/cpp/topic_practice_ws/src/install/status_interfaces/share/status_interfaces/cmake/status_interfacesConfig.cmake
[4.747s] -- Installing: /home/bayes/hssw/others/ros2project/products/cpp/topic_practice_ws/src/install/status_interfaces/share/status_interfaces/cmake/status_interfacesConfig-version.cmake
[4.747s] -- Installing: /home/bayes/hssw/others/ros2project/products/cpp/topic_practice_ws/src/install/status_interfaces/share/status_interfaces/package.xml
[4.750s] Invoked command in '/home/bayes/hssw/others/ros2project/products/cpp/topic_practice_ws/src/build/status_interfaces' returned '0': CMAKE_PREFIX_PATH=${CMAKE_PREFIX_PATH}:/home/bayes/hssw/others/ros2project/test/cpp/bayes_workspace/install/demo_python_pkg:/opt/ros/humble /bin/cmake --install /home/bayes/hssw/others/ros2project/products/cpp/topic_practice_ws/src/build/status_interfaces
