[0.028s] Invoking command in '/home/bayes/hssw/others/ros2project/products/cpp/topic_practice_ws/src/build/status_interfaces': CMAKE_PREFIX_PATH=/opt/ros/humble /bin/cmake --build /home/bayes/hssw/others/ros2project/products/cpp/topic_practice_ws/src/build/status_interfaces -- -j24 -l24
[0.196s] [35m[1mConsolidate compiler generated dependencies of target status_interfaces__rosidl_generator_c[0m
[0.207s] [  3%] Built target status_interfaces__cpp
[0.230s] [  3%] Built target ament_cmake_python_copy_status_interfaces
[0.234s] [35m[1mConsolidate compiler generated dependencies of target status_interfaces__rosidl_typesupport_cpp[0m
[0.234s] [35m[1mConsolidate compiler generated dependencies of target status_interfaces__rosidl_typesupport_fastrtps_cpp[0m
[0.235s] [35m[1mConsolidate compiler generated dependencies of target status_interfaces__rosidl_typesupport_introspection_cpp[0m
[0.259s] [ 12%] Built target status_interfaces__rosidl_generator_c
[0.262s] [ 32%] Built target status_interfaces__rosidl_typesupport_cpp
[0.262s] [ 32%] Built target status_interfaces__rosidl_typesupport_fastrtps_cpp
[0.267s] [ 41%] Built target status_interfaces__rosidl_typesupport_introspection_cpp
[0.286s] [35m[1mConsolidate compiler generated dependencies of target status_interfaces__rosidl_typesupport_c[0m
[0.287s] [35m[1mConsolidate compiler generated dependencies of target status_interfaces__rosidl_typesupport_introspection_c[0m
[0.287s] [35m[1mConsolidate compiler generated dependencies of target status_interfaces__rosidl_typesupport_fastrtps_c[0m
[0.309s] [ 61%] Built target status_interfaces__rosidl_typesupport_introspection_c
[0.309s] [ 61%] Built target status_interfaces__rosidl_typesupport_c
[0.321s] [ 70%] Built target status_interfaces__rosidl_typesupport_fastrtps_c
[0.362s] [ 70%] Built target status_interfaces
[0.406s] [ 74%] Built target status_interfaces__py
[0.434s] [35m[1mConsolidate compiler generated dependencies of target status_interfaces__rosidl_generator_py[0m
[0.462s] [ 80%] Built target status_interfaces__rosidl_generator_py
[0.488s] [35m[1mConsolidate compiler generated dependencies of target status_interfaces__rosidl_typesupport_fastrtps_c__pyext[0m
[0.489s] [35m[1mConsolidate compiler generated dependencies of target status_interfaces__rosidl_typesupport_introspection_c__pyext[0m
[0.491s] [35m[1mConsolidate compiler generated dependencies of target status_interfaces__rosidl_typesupport_c__pyext[0m
[0.513s] [ 87%] Built target status_interfaces__rosidl_typesupport_fastrtps_c__pyext
[0.513s] [ 93%] Built target status_interfaces__rosidl_typesupport_introspection_c__pyext
[0.516s] [100%] Built target status_interfaces__rosidl_typesupport_c__pyext
[0.801s] running egg_info
[0.809s] writing status_interfaces.egg-info/PKG-INFO
[0.811s] writing dependency_links to status_interfaces.egg-info/dependency_links.txt
[0.814s] writing top-level names to status_interfaces.egg-info/top_level.txt
[0.828s] reading manifest file 'status_interfaces.egg-info/SOURCES.txt'
[0.834s] writing manifest file 'status_interfaces.egg-info/SOURCES.txt'
[0.874s] [100%] Built target ament_cmake_python_build_status_interfaces_egg
[0.893s] Invoked command in '/home/bayes/hssw/others/ros2project/products/cpp/topic_practice_ws/src/build/status_interfaces' returned '0': CMAKE_PREFIX_PATH=/opt/ros/humble /bin/cmake --build /home/bayes/hssw/others/ros2project/products/cpp/topic_practice_ws/src/build/status_interfaces -- -j24 -l24
[0.923s] Invoking command in '/home/bayes/hssw/others/ros2project/products/cpp/topic_practice_ws/src/build/status_interfaces': CMAKE_PREFIX_PATH=/opt/ros/humble /bin/cmake --install /home/bayes/hssw/others/ros2project/products/cpp/topic_practice_ws/src/build/status_interfaces
[0.938s] -- Install configuration: ""
[0.940s] -- Up-to-date: /home/bayes/hssw/others/ros2project/products/cpp/topic_practice_ws/src/install/status_interfaces/share/ament_index/resource_index/rosidl_interfaces/status_interfaces
[0.942s] -- Up-to-date: /home/bayes/hssw/others/ros2project/products/cpp/topic_practice_ws/src/install/status_interfaces/include/status_interfaces/status_interfaces
[0.942s] -- Up-to-date: /home/bayes/hssw/others/ros2project/products/cpp/topic_practice_ws/src/install/status_interfaces/include/status_interfaces/status_interfaces/msg
[0.943s] -- Up-to-date: /home/bayes/hssw/others/ros2project/products/cpp/topic_practice_ws/src/install/status_interfaces/include/status_interfaces/status_interfaces/msg/rosidl_generator_c__visibility_control.h
[0.943s] -- Up-to-date: /home/bayes/hssw/others/ros2project/products/cpp/topic_practice_ws/src/install/status_interfaces/include/status_interfaces/status_interfaces/msg/system_status.h
[0.943s] -- Up-to-date: /home/bayes/hssw/others/ros2project/products/cpp/topic_practice_ws/src/install/status_interfaces/include/status_interfaces/status_interfaces/msg/detail
[0.945s] -- Up-to-date: /home/bayes/hssw/others/ros2project/products/cpp/topic_practice_ws/src/install/status_interfaces/include/status_interfaces/status_interfaces/msg/detail/system_status__type_support.h
[0.945s] -- Up-to-date: /home/bayes/hssw/others/ros2project/products/cpp/topic_practice_ws/src/install/status_interfaces/include/status_interfaces/status_interfaces/msg/detail/system_status__functions.c
[0.945s] -- Up-to-date: /home/bayes/hssw/others/ros2project/products/cpp/topic_practice_ws/src/install/status_interfaces/include/status_interfaces/status_interfaces/msg/detail/system_status__functions.h
[0.945s] -- Up-to-date: /home/bayes/hssw/others/ros2project/products/cpp/topic_practice_ws/src/install/status_interfaces/include/status_interfaces/status_interfaces/msg/detail/system_status__struct.h
[0.948s] -- Up-to-date: /home/bayes/hssw/others/ros2project/products/cpp/topic_practice_ws/src/install/status_interfaces/share/status_interfaces/environment/library_path.sh
[0.948s] -- Up-to-date: /home/bayes/hssw/others/ros2project/products/cpp/topic_practice_ws/src/install/status_interfaces/share/status_interfaces/environment/library_path.dsv
[0.951s] -- Up-to-date: /home/bayes/hssw/others/ros2project/products/cpp/topic_practice_ws/src/install/status_interfaces/lib/libstatus_interfaces__rosidl_generator_c.so
[0.952s] -- Up-to-date: /home/bayes/hssw/others/ros2project/products/cpp/topic_practice_ws/src/install/status_interfaces/include/status_interfaces/status_interfaces
[0.952s] -- Up-to-date: /home/bayes/hssw/others/ros2project/products/cpp/topic_practice_ws/src/install/status_interfaces/include/status_interfaces/status_interfaces/msg
[0.952s] -- Up-to-date: /home/bayes/hssw/others/ros2project/products/cpp/topic_practice_ws/src/install/status_interfaces/include/status_interfaces/status_interfaces/msg/rosidl_typesupport_fastrtps_c__visibility_control.h
[0.952s] -- Up-to-date: /home/bayes/hssw/others/ros2project/products/cpp/topic_practice_ws/src/install/status_interfaces/include/status_interfaces/status_interfaces/msg/detail
[0.952s] -- Up-to-date: /home/bayes/hssw/others/ros2project/products/cpp/topic_practice_ws/src/install/status_interfaces/include/status_interfaces/status_interfaces/msg/detail/system_status__rosidl_typesupport_fastrtps_c.h
[0.954s] -- Up-to-date: /home/bayes/hssw/others/ros2project/products/cpp/topic_practice_ws/src/install/status_interfaces/lib/libstatus_interfaces__rosidl_typesupport_fastrtps_c.so
[0.955s] -- Up-to-date: /home/bayes/hssw/others/ros2project/products/cpp/topic_practice_ws/src/install/status_interfaces/include/status_interfaces/status_interfaces
[0.955s] -- Up-to-date: /home/bayes/hssw/others/ros2project/products/cpp/topic_practice_ws/src/install/status_interfaces/include/status_interfaces/status_interfaces/msg
[0.955s] -- Up-to-date: /home/bayes/hssw/others/ros2project/products/cpp/topic_practice_ws/src/install/status_interfaces/include/status_interfaces/status_interfaces/msg/rosidl_typesupport_introspection_c__visibility_control.h
[0.955s] -- Up-to-date: /home/bayes/hssw/others/ros2project/products/cpp/topic_practice_ws/src/install/status_interfaces/include/status_interfaces/status_interfaces/msg/detail
[0.956s] -- Up-to-date: /home/bayes/hssw/others/ros2project/products/cpp/topic_practice_ws/src/install/status_interfaces/include/status_interfaces/status_interfaces/msg/detail/system_status__type_support.c
[0.956s] -- Up-to-date: /home/bayes/hssw/others/ros2project/products/cpp/topic_practice_ws/src/install/status_interfaces/include/status_interfaces/status_interfaces/msg/detail/system_status__rosidl_typesupport_introspection_c.h
[0.957s] -- Up-to-date: /home/bayes/hssw/others/ros2project/products/cpp/topic_practice_ws/src/install/status_interfaces/lib/libstatus_interfaces__rosidl_typesupport_introspection_c.so
[0.959s] -- Up-to-date: /home/bayes/hssw/others/ros2project/products/cpp/topic_practice_ws/src/install/status_interfaces/lib/libstatus_interfaces__rosidl_typesupport_c.so
[0.959s] -- Up-to-date: /home/bayes/hssw/others/ros2project/products/cpp/topic_practice_ws/src/install/status_interfaces/include/status_interfaces/status_interfaces
[0.959s] -- Up-to-date: /home/bayes/hssw/others/ros2project/products/cpp/topic_practice_ws/src/install/status_interfaces/include/status_interfaces/status_interfaces/msg
[0.960s] -- Up-to-date: /home/bayes/hssw/others/ros2project/products/cpp/topic_practice_ws/src/install/status_interfaces/include/status_interfaces/status_interfaces/msg/rosidl_generator_cpp__visibility_control.hpp
[0.960s] -- Up-to-date: /home/bayes/hssw/others/ros2project/products/cpp/topic_practice_ws/src/install/status_interfaces/include/status_interfaces/status_interfaces/msg/detail
[0.960s] -- Up-to-date: /home/bayes/hssw/others/ros2project/products/cpp/topic_practice_ws/src/install/status_interfaces/include/status_interfaces/status_interfaces/msg/detail/system_status__traits.hpp
[0.960s] -- Up-to-date: /home/bayes/hssw/others/ros2project/products/cpp/topic_practice_ws/src/install/status_interfaces/include/status_interfaces/status_interfaces/msg/detail/system_status__type_support.hpp
[0.960s] -- Up-to-date: /home/bayes/hssw/others/ros2project/products/cpp/topic_practice_ws/src/install/status_interfaces/include/status_interfaces/status_interfaces/msg/detail/system_status__struct.hpp
[0.960s] -- Up-to-date: /home/bayes/hssw/others/ros2project/products/cpp/topic_practice_ws/src/install/status_interfaces/include/status_interfaces/status_interfaces/msg/detail/system_status__builder.hpp
[0.960s] -- Up-to-date: /home/bayes/hssw/others/ros2project/products/cpp/topic_practice_ws/src/install/status_interfaces/include/status_interfaces/status_interfaces/msg/system_status.hpp
[0.961s] -- Up-to-date: /home/bayes/hssw/others/ros2project/products/cpp/topic_practice_ws/src/install/status_interfaces/include/status_interfaces/status_interfaces
[0.961s] -- Up-to-date: /home/bayes/hssw/others/ros2project/products/cpp/topic_practice_ws/src/install/status_interfaces/include/status_interfaces/status_interfaces/msg
[0.961s] -- Up-to-date: /home/bayes/hssw/others/ros2project/products/cpp/topic_practice_ws/src/install/status_interfaces/include/status_interfaces/status_interfaces/msg/rosidl_typesupport_fastrtps_cpp__visibility_control.h
[0.961s] -- Up-to-date: /home/bayes/hssw/others/ros2project/products/cpp/topic_practice_ws/src/install/status_interfaces/include/status_interfaces/status_interfaces/msg/detail
[0.961s] -- Up-to-date: /home/bayes/hssw/others/ros2project/products/cpp/topic_practice_ws/src/install/status_interfaces/include/status_interfaces/status_interfaces/msg/detail/dds_fastrtps
[0.961s] -- Up-to-date: /home/bayes/hssw/others/ros2project/products/cpp/topic_practice_ws/src/install/status_interfaces/include/status_interfaces/status_interfaces/msg/detail/system_status__rosidl_typesupport_fastrtps_cpp.hpp
[0.963s] -- Up-to-date: /home/bayes/hssw/others/ros2project/products/cpp/topic_practice_ws/src/install/status_interfaces/lib/libstatus_interfaces__rosidl_typesupport_fastrtps_cpp.so
[0.963s] -- Up-to-date: /home/bayes/hssw/others/ros2project/products/cpp/topic_practice_ws/src/install/status_interfaces/include/status_interfaces/status_interfaces
[0.963s] -- Up-to-date: /home/bayes/hssw/others/ros2project/products/cpp/topic_practice_ws/src/install/status_interfaces/include/status_interfaces/status_interfaces/msg
[0.963s] -- Up-to-date: /home/bayes/hssw/others/ros2project/products/cpp/topic_practice_ws/src/install/status_interfaces/include/status_interfaces/status_interfaces/msg/detail
[0.964s] -- Up-to-date: /home/bayes/hssw/others/ros2project/products/cpp/topic_practice_ws/src/install/status_interfaces/include/status_interfaces/status_interfaces/msg/detail/system_status__type_support.cpp
[0.964s] -- Up-to-date: /home/bayes/hssw/others/ros2project/products/cpp/topic_practice_ws/src/install/status_interfaces/include/status_interfaces/status_interfaces/msg/detail/system_status__rosidl_typesupport_introspection_cpp.hpp
[0.966s] -- Up-to-date: /home/bayes/hssw/others/ros2project/products/cpp/topic_practice_ws/src/install/status_interfaces/lib/libstatus_interfaces__rosidl_typesupport_introspection_cpp.so
[0.968s] -- Up-to-date: /home/bayes/hssw/others/ros2project/products/cpp/topic_practice_ws/src/install/status_interfaces/lib/libstatus_interfaces__rosidl_typesupport_cpp.so
[0.968s] -- Up-to-date: /home/bayes/hssw/others/ros2project/products/cpp/topic_practice_ws/src/install/status_interfaces/share/status_interfaces/environment/pythonpath.sh
[0.968s] -- Up-to-date: /home/bayes/hssw/others/ros2project/products/cpp/topic_practice_ws/src/install/status_interfaces/share/status_interfaces/environment/pythonpath.dsv
[0.971s] -- Up-to-date: /home/bayes/hssw/others/ros2project/products/cpp/topic_practice_ws/src/install/status_interfaces/local/lib/python3.10/dist-packages/status_interfaces-0.0.0-py3.10.egg-info
[0.971s] -- Installing: /home/bayes/hssw/others/ros2project/products/cpp/topic_practice_ws/src/install/status_interfaces/local/lib/python3.10/dist-packages/status_interfaces-0.0.0-py3.10.egg-info/dependency_links.txt
[0.971s] -- Installing: /home/bayes/hssw/others/ros2project/products/cpp/topic_practice_ws/src/install/status_interfaces/local/lib/python3.10/dist-packages/status_interfaces-0.0.0-py3.10.egg-info/PKG-INFO
[0.972s] -- Installing: /home/bayes/hssw/others/ros2project/products/cpp/topic_practice_ws/src/install/status_interfaces/local/lib/python3.10/dist-packages/status_interfaces-0.0.0-py3.10.egg-info/top_level.txt
[0.972s] -- Installing: /home/bayes/hssw/others/ros2project/products/cpp/topic_practice_ws/src/install/status_interfaces/local/lib/python3.10/dist-packages/status_interfaces-0.0.0-py3.10.egg-info/SOURCES.txt
[0.972s] -- Up-to-date: /home/bayes/hssw/others/ros2project/products/cpp/topic_practice_ws/src/install/status_interfaces/local/lib/python3.10/dist-packages/status_interfaces
[0.974s] -- Up-to-date: /home/bayes/hssw/others/ros2project/products/cpp/topic_practice_ws/src/install/status_interfaces/local/lib/python3.10/dist-packages/status_interfaces/_status_interfaces_s.ep.rosidl_typesupport_introspection_c.c
[0.974s] -- Up-to-date: /home/bayes/hssw/others/ros2project/products/cpp/topic_practice_ws/src/install/status_interfaces/local/lib/python3.10/dist-packages/status_interfaces/libstatus_interfaces__rosidl_generator_py.so
[0.974s] -- Up-to-date: /home/bayes/hssw/others/ros2project/products/cpp/topic_practice_ws/src/install/status_interfaces/local/lib/python3.10/dist-packages/status_interfaces/status_interfaces_s__rosidl_typesupport_fastrtps_c.cpython-310-x86_64-linux-gnu.so
[0.974s] -- Up-to-date: /home/bayes/hssw/others/ros2project/products/cpp/topic_practice_ws/src/install/status_interfaces/local/lib/python3.10/dist-packages/status_interfaces/status_interfaces_s__rosidl_typesupport_c.cpython-310-x86_64-linux-gnu.so
[0.975s] -- Up-to-date: /home/bayes/hssw/others/ros2project/products/cpp/topic_practice_ws/src/install/status_interfaces/local/lib/python3.10/dist-packages/status_interfaces/status_interfaces_s__rosidl_typesupport_introspection_c.cpython-310-x86_64-linux-gnu.so
[0.975s] -- Up-to-date: /home/bayes/hssw/others/ros2project/products/cpp/topic_practice_ws/src/install/status_interfaces/local/lib/python3.10/dist-packages/status_interfaces/_status_interfaces_s.ep.rosidl_typesupport_c.c
[0.975s] -- Up-to-date: /home/bayes/hssw/others/ros2project/products/cpp/topic_practice_ws/src/install/status_interfaces/local/lib/python3.10/dist-packages/status_interfaces/__init__.py
[0.975s] -- Up-to-date: /home/bayes/hssw/others/ros2project/products/cpp/topic_practice_ws/src/install/status_interfaces/local/lib/python3.10/dist-packages/status_interfaces/_status_interfaces_s.ep.rosidl_typesupport_fastrtps_c.c
[0.976s] -- Up-to-date: /home/bayes/hssw/others/ros2project/products/cpp/topic_practice_ws/src/install/status_interfaces/local/lib/python3.10/dist-packages/status_interfaces/msg
[0.976s] -- Up-to-date: /home/bayes/hssw/others/ros2project/products/cpp/topic_practice_ws/src/install/status_interfaces/local/lib/python3.10/dist-packages/status_interfaces/msg/_system_status.py
[0.976s] -- Up-to-date: /home/bayes/hssw/others/ros2project/products/cpp/topic_practice_ws/src/install/status_interfaces/local/lib/python3.10/dist-packages/status_interfaces/msg/__init__.py
[0.976s] -- Up-to-date: /home/bayes/hssw/others/ros2project/products/cpp/topic_practice_ws/src/install/status_interfaces/local/lib/python3.10/dist-packages/status_interfaces/msg/_system_status_s.c
[1.031s] Listing '/home/bayes/hssw/others/ros2project/products/cpp/topic_practice_ws/src/install/status_interfaces/local/lib/python3.10/dist-packages/status_interfaces'...
[1.031s] Listing '/home/bayes/hssw/others/ros2project/products/cpp/topic_practice_ws/src/install/status_interfaces/local/lib/python3.10/dist-packages/status_interfaces/msg'...
[1.038s] -- Up-to-date: /home/bayes/hssw/others/ros2project/products/cpp/topic_practice_ws/src/install/status_interfaces/local/lib/python3.10/dist-packages/status_interfaces/status_interfaces_s__rosidl_typesupport_fastrtps_c.cpython-310-x86_64-linux-gnu.so
[1.039s] -- Up-to-date: /home/bayes/hssw/others/ros2project/products/cpp/topic_practice_ws/src/install/status_interfaces/local/lib/python3.10/dist-packages/status_interfaces/status_interfaces_s__rosidl_typesupport_introspection_c.cpython-310-x86_64-linux-gnu.so
[1.041s] -- Up-to-date: /home/bayes/hssw/others/ros2project/products/cpp/topic_practice_ws/src/install/status_interfaces/local/lib/python3.10/dist-packages/status_interfaces/status_interfaces_s__rosidl_typesupport_c.cpython-310-x86_64-linux-gnu.so
[1.043s] -- Up-to-date: /home/bayes/hssw/others/ros2project/products/cpp/topic_practice_ws/src/install/status_interfaces/lib/libstatus_interfaces__rosidl_generator_py.so
[1.043s] -- Up-to-date: /home/bayes/hssw/others/ros2project/products/cpp/topic_practice_ws/src/install/status_interfaces/share/status_interfaces/msg/SystemStatus.idl
[1.044s] -- Up-to-date: /home/bayes/hssw/others/ros2project/products/cpp/topic_practice_ws/src/install/status_interfaces/share/status_interfaces/msg/SystemStatus.msg
[1.044s] -- Up-to-date: /home/bayes/hssw/others/ros2project/products/cpp/topic_practice_ws/src/install/status_interfaces/share/ament_index/resource_index/package_run_dependencies/status_interfaces
[1.045s] -- Up-to-date: /home/bayes/hssw/others/ros2project/products/cpp/topic_practice_ws/src/install/status_interfaces/share/ament_index/resource_index/parent_prefix_path/status_interfaces
[1.045s] -- Up-to-date: /home/bayes/hssw/others/ros2project/products/cpp/topic_practice_ws/src/install/status_interfaces/share/status_interfaces/environment/ament_prefix_path.sh
[1.046s] -- Up-to-date: /home/bayes/hssw/others/ros2project/products/cpp/topic_practice_ws/src/install/status_interfaces/share/status_interfaces/environment/ament_prefix_path.dsv
[1.046s] -- Up-to-date: /home/bayes/hssw/others/ros2project/products/cpp/topic_practice_ws/src/install/status_interfaces/share/status_interfaces/environment/path.sh
[1.046s] -- Up-to-date: /home/bayes/hssw/others/ros2project/products/cpp/topic_practice_ws/src/install/status_interfaces/share/status_interfaces/environment/path.dsv
[1.046s] -- Up-to-date: /home/bayes/hssw/others/ros2project/products/cpp/topic_practice_ws/src/install/status_interfaces/share/status_interfaces/local_setup.bash
[1.046s] -- Up-to-date: /home/bayes/hssw/others/ros2project/products/cpp/topic_practice_ws/src/install/status_interfaces/share/status_interfaces/local_setup.sh
[1.046s] -- Up-to-date: /home/bayes/hssw/others/ros2project/products/cpp/topic_practice_ws/src/install/status_interfaces/share/status_interfaces/local_setup.zsh
[1.047s] -- Up-to-date: /home/bayes/hssw/others/ros2project/products/cpp/topic_practice_ws/src/install/status_interfaces/share/status_interfaces/local_setup.dsv
[1.047s] -- Installing: /home/bayes/hssw/others/ros2project/products/cpp/topic_practice_ws/src/install/status_interfaces/share/status_interfaces/package.dsv
[1.047s] -- Up-to-date: /home/bayes/hssw/others/ros2project/products/cpp/topic_practice_ws/src/install/status_interfaces/share/ament_index/resource_index/packages/status_interfaces
[1.050s] -- Up-to-date: /home/bayes/hssw/others/ros2project/products/cpp/topic_practice_ws/src/install/status_interfaces/share/status_interfaces/cmake/export_status_interfaces__rosidl_generator_cExport.cmake
[1.051s] -- Up-to-date: /home/bayes/hssw/others/ros2project/products/cpp/topic_practice_ws/src/install/status_interfaces/share/status_interfaces/cmake/export_status_interfaces__rosidl_generator_cExport-noconfig.cmake
[1.052s] -- Up-to-date: /home/bayes/hssw/others/ros2project/products/cpp/topic_practice_ws/src/install/status_interfaces/share/status_interfaces/cmake/export_status_interfaces__rosidl_typesupport_fastrtps_cExport.cmake
[1.052s] -- Up-to-date: /home/bayes/hssw/others/ros2project/products/cpp/topic_practice_ws/src/install/status_interfaces/share/status_interfaces/cmake/export_status_interfaces__rosidl_typesupport_fastrtps_cExport-noconfig.cmake
[1.054s] -- Up-to-date: /home/bayes/hssw/others/ros2project/products/cpp/topic_practice_ws/src/install/status_interfaces/share/status_interfaces/cmake/status_interfaces__rosidl_typesupport_introspection_cExport.cmake
[1.054s] -- Up-to-date: /home/bayes/hssw/others/ros2project/products/cpp/topic_practice_ws/src/install/status_interfaces/share/status_interfaces/cmake/status_interfaces__rosidl_typesupport_introspection_cExport-noconfig.cmake
[1.055s] -- Up-to-date: /home/bayes/hssw/others/ros2project/products/cpp/topic_practice_ws/src/install/status_interfaces/share/status_interfaces/cmake/status_interfaces__rosidl_typesupport_cExport.cmake
[1.056s] -- Up-to-date: /home/bayes/hssw/others/ros2project/products/cpp/topic_practice_ws/src/install/status_interfaces/share/status_interfaces/cmake/status_interfaces__rosidl_typesupport_cExport-noconfig.cmake
[1.056s] -- Up-to-date: /home/bayes/hssw/others/ros2project/products/cpp/topic_practice_ws/src/install/status_interfaces/share/status_interfaces/cmake/export_status_interfaces__rosidl_generator_cppExport.cmake
[1.057s] -- Up-to-date: /home/bayes/hssw/others/ros2project/products/cpp/topic_practice_ws/src/install/status_interfaces/share/status_interfaces/cmake/export_status_interfaces__rosidl_typesupport_fastrtps_cppExport.cmake
[1.058s] -- Up-to-date: /home/bayes/hssw/others/ros2project/products/cpp/topic_practice_ws/src/install/status_interfaces/share/status_interfaces/cmake/export_status_interfaces__rosidl_typesupport_fastrtps_cppExport-noconfig.cmake
[1.059s] -- Up-to-date: /home/bayes/hssw/others/ros2project/products/cpp/topic_practice_ws/src/install/status_interfaces/share/status_interfaces/cmake/status_interfaces__rosidl_typesupport_introspection_cppExport.cmake
[1.059s] -- Up-to-date: /home/bayes/hssw/others/ros2project/products/cpp/topic_practice_ws/src/install/status_interfaces/share/status_interfaces/cmake/status_interfaces__rosidl_typesupport_introspection_cppExport-noconfig.cmake
[1.060s] -- Up-to-date: /home/bayes/hssw/others/ros2project/products/cpp/topic_practice_ws/src/install/status_interfaces/share/status_interfaces/cmake/status_interfaces__rosidl_typesupport_cppExport.cmake
[1.060s] -- Up-to-date: /home/bayes/hssw/others/ros2project/products/cpp/topic_practice_ws/src/install/status_interfaces/share/status_interfaces/cmake/status_interfaces__rosidl_typesupport_cppExport-noconfig.cmake
[1.062s] -- Up-to-date: /home/bayes/hssw/others/ros2project/products/cpp/topic_practice_ws/src/install/status_interfaces/share/status_interfaces/cmake/export_status_interfaces__rosidl_generator_pyExport.cmake
[1.062s] -- Up-to-date: /home/bayes/hssw/others/ros2project/products/cpp/topic_practice_ws/src/install/status_interfaces/share/status_interfaces/cmake/export_status_interfaces__rosidl_generator_pyExport-noconfig.cmake
[1.062s] -- Up-to-date: /home/bayes/hssw/others/ros2project/products/cpp/topic_practice_ws/src/install/status_interfaces/share/status_interfaces/cmake/rosidl_cmake-extras.cmake
[1.063s] -- Up-to-date: /home/bayes/hssw/others/ros2project/products/cpp/topic_practice_ws/src/install/status_interfaces/share/status_interfaces/cmake/ament_cmake_export_dependencies-extras.cmake
[1.063s] -- Up-to-date: /home/bayes/hssw/others/ros2project/products/cpp/topic_practice_ws/src/install/status_interfaces/share/status_interfaces/cmake/ament_cmake_export_include_directories-extras.cmake
[1.063s] -- Up-to-date: /home/bayes/hssw/others/ros2project/products/cpp/topic_practice_ws/src/install/status_interfaces/share/status_interfaces/cmake/ament_cmake_export_libraries-extras.cmake
[1.063s] -- Up-to-date: /home/bayes/hssw/others/ros2project/products/cpp/topic_practice_ws/src/install/status_interfaces/share/status_interfaces/cmake/ament_cmake_export_targets-extras.cmake
[1.063s] -- Up-to-date: /home/bayes/hssw/others/ros2project/products/cpp/topic_practice_ws/src/install/status_interfaces/share/status_interfaces/cmake/rosidl_cmake_export_typesupport_targets-extras.cmake
[1.063s] -- Up-to-date: /home/bayes/hssw/others/ros2project/products/cpp/topic_practice_ws/src/install/status_interfaces/share/status_interfaces/cmake/rosidl_cmake_export_typesupport_libraries-extras.cmake
[1.064s] -- Up-to-date: /home/bayes/hssw/others/ros2project/products/cpp/topic_practice_ws/src/install/status_interfaces/share/status_interfaces/cmake/status_interfacesConfig.cmake
[1.064s] -- Up-to-date: /home/bayes/hssw/others/ros2project/products/cpp/topic_practice_ws/src/install/status_interfaces/share/status_interfaces/cmake/status_interfacesConfig-version.cmake
[1.064s] -- Up-to-date: /home/bayes/hssw/others/ros2project/products/cpp/topic_practice_ws/src/install/status_interfaces/share/status_interfaces/package.xml
[1.068s] Invoked command in '/home/bayes/hssw/others/ros2project/products/cpp/topic_practice_ws/src/build/status_interfaces' returned '0': CMAKE_PREFIX_PATH=/opt/ros/humble /bin/cmake --install /home/bayes/hssw/others/ros2project/products/cpp/topic_practice_ws/src/build/status_interfaces
