[0.637s] Invoking command in '/home/bayes/hssw/others/ros2project/products/cpp/tf_pratice_ws/src/demo_python_tf': PYTHONPATH=/home/bayes/hssw/others/ros2project/products/cpp/tf_pratice_ws/build/demo_python_tf/prefix_override:/usr/lib/python3/dist-packages/colcon_core/task/python/colcon_distutils_commands:/home/bayes/hssw/others/ros2project/products/cpp/tf_pratice_ws/install/demo_python_tf/lib/python3.10/site-packages:${PYTHONPATH} /usr/bin/python3 -W ignore:setup.py install is deprecated -W ignore:easy_install command is deprecated setup.py egg_info --egg-base ../../build/demo_python_tf build --build-base /home/bayes/hssw/others/ros2project/products/cpp/tf_pratice_ws/build/demo_python_tf/build install --record /home/bayes/hssw/others/ros2project/products/cpp/tf_pratice_ws/build/demo_python_tf/install.log --single-version-externally-managed install_data
[0.819s] running egg_info
[0.820s] creating ../../build/demo_python_tf/demo_python_tf.egg-info
[0.820s] writing ../../build/demo_python_tf/demo_python_tf.egg-info/PKG-INFO
[0.820s] writing dependency_links to ../../build/demo_python_tf/demo_python_tf.egg-info/dependency_links.txt
[0.821s] writing entry points to ../../build/demo_python_tf/demo_python_tf.egg-info/entry_points.txt
[0.821s] writing requirements to ../../build/demo_python_tf/demo_python_tf.egg-info/requires.txt
[0.821s] writing top-level names to ../../build/demo_python_tf/demo_python_tf.egg-info/top_level.txt
[0.821s] writing manifest file '../../build/demo_python_tf/demo_python_tf.egg-info/SOURCES.txt'
[0.823s] reading manifest file '../../build/demo_python_tf/demo_python_tf.egg-info/SOURCES.txt'
[0.823s] adding license file 'LICENSE'
[0.823s] writing manifest file '../../build/demo_python_tf/demo_python_tf.egg-info/SOURCES.txt'
[0.824s] running build
[0.824s] running build_py
[0.824s] creating /home/bayes/hssw/others/ros2project/products/cpp/tf_pratice_ws/build/demo_python_tf/build
[0.824s] creating /home/bayes/hssw/others/ros2project/products/cpp/tf_pratice_ws/build/demo_python_tf/build/lib
[0.824s] creating /home/bayes/hssw/others/ros2project/products/cpp/tf_pratice_ws/build/demo_python_tf/build/lib/demo_python_tf
[0.824s] copying demo_python_tf/static_tf_broadcaster.py -> /home/bayes/hssw/others/ros2project/products/cpp/tf_pratice_ws/build/demo_python_tf/build/lib/demo_python_tf
[0.825s] copying demo_python_tf/__init__.py -> /home/bayes/hssw/others/ros2project/products/cpp/tf_pratice_ws/build/demo_python_tf/build/lib/demo_python_tf
[0.825s] running install
[0.825s] running install_lib
[0.825s] creating /home/bayes/hssw/others/ros2project/products/cpp/tf_pratice_ws/install/demo_python_tf/lib/python3.10/site-packages/demo_python_tf
[0.825s] copying /home/bayes/hssw/others/ros2project/products/cpp/tf_pratice_ws/build/demo_python_tf/build/lib/demo_python_tf/static_tf_broadcaster.py -> /home/bayes/hssw/others/ros2project/products/cpp/tf_pratice_ws/install/demo_python_tf/lib/python3.10/site-packages/demo_python_tf
[0.825s] copying /home/bayes/hssw/others/ros2project/products/cpp/tf_pratice_ws/build/demo_python_tf/build/lib/demo_python_tf/__init__.py -> /home/bayes/hssw/others/ros2project/products/cpp/tf_pratice_ws/install/demo_python_tf/lib/python3.10/site-packages/demo_python_tf
[0.825s] byte-compiling /home/bayes/hssw/others/ros2project/products/cpp/tf_pratice_ws/install/demo_python_tf/lib/python3.10/site-packages/demo_python_tf/static_tf_broadcaster.py to static_tf_broadcaster.cpython-310.pyc
[0.826s] byte-compiling /home/bayes/hssw/others/ros2project/products/cpp/tf_pratice_ws/install/demo_python_tf/lib/python3.10/site-packages/demo_python_tf/__init__.py to __init__.cpython-310.pyc
[0.826s] running install_data
[0.826s] creating /home/bayes/hssw/others/ros2project/products/cpp/tf_pratice_ws/install/demo_python_tf/share/ament_index
[0.826s] creating /home/bayes/hssw/others/ros2project/products/cpp/tf_pratice_ws/install/demo_python_tf/share/ament_index/resource_index
[0.826s] creating /home/bayes/hssw/others/ros2project/products/cpp/tf_pratice_ws/install/demo_python_tf/share/ament_index/resource_index/packages
[0.826s] copying resource/demo_python_tf -> /home/bayes/hssw/others/ros2project/products/cpp/tf_pratice_ws/install/demo_python_tf/share/ament_index/resource_index/packages
[0.826s] copying package.xml -> /home/bayes/hssw/others/ros2project/products/cpp/tf_pratice_ws/install/demo_python_tf/share/demo_python_tf
[0.827s] running install_egg_info
[0.828s] Copying ../../build/demo_python_tf/demo_python_tf.egg-info to /home/bayes/hssw/others/ros2project/products/cpp/tf_pratice_ws/install/demo_python_tf/lib/python3.10/site-packages/demo_python_tf-0.0.0-py3.10.egg-info
[0.828s] running install_scripts
[0.842s] Installing static_tf_broadcaster script to /home/bayes/hssw/others/ros2project/products/cpp/tf_pratice_ws/install/demo_python_tf/lib/demo_python_tf
[0.842s] writing list of installed files to '/home/bayes/hssw/others/ros2project/products/cpp/tf_pratice_ws/build/demo_python_tf/install.log'
[0.856s] Invoked command in '/home/bayes/hssw/others/ros2project/products/cpp/tf_pratice_ws/src/demo_python_tf' returned '0': PYTHONPATH=/home/bayes/hssw/others/ros2project/products/cpp/tf_pratice_ws/build/demo_python_tf/prefix_override:/usr/lib/python3/dist-packages/colcon_core/task/python/colcon_distutils_commands:/home/bayes/hssw/others/ros2project/products/cpp/tf_pratice_ws/install/demo_python_tf/lib/python3.10/site-packages:${PYTHONPATH} /usr/bin/python3 -W ignore:setup.py install is deprecated -W ignore:easy_install command is deprecated setup.py egg_info --egg-base ../../build/demo_python_tf build --build-base /home/bayes/hssw/others/ros2project/products/cpp/tf_pratice_ws/build/demo_python_tf/build install --record /home/bayes/hssw/others/ros2project/products/cpp/tf_pratice_ws/build/demo_python_tf/install.log --single-version-externally-managed install_data
