[0.157s] DEBUG:colcon:Command line arguments: ['/usr/bin/colcon', 'build']
[0.157s] DEBUG:colcon:Parsed command line arguments: Namespace(log_base=None, log_level=None, verb_name='build', build_base='build', install_base='install', merge_install=False, symlink_install=False, test_result_base=None, continue_on_error=False, executor='parallel', parallel_workers=24, event_handlers=None, ignore_user_meta=False, metas=['./colcon.meta'], base_paths=['.'], packages_ignore=None, packages_ignore_regex=None, paths=None, packages_up_to=None, packages_up_to_regex=None, packages_above=None, packages_above_and_dependencies=None, packages_above_depth=None, packages_select_by_dep=None, packages_skip_by_dep=None, packages_skip_up_to=None, packages_select_build_failed=False, packages_skip_build_finished=False, packages_select_test_failures=False, packages_skip_test_passed=False, packages_select=None, packages_skip=None, packages_select_regex=None, packages_skip_regex=None, packages_start=None, packages_end=None, allow_overriding=[], cmake_args=None, cmake_target=None, cmake_target_skip_unavailable=False, cmake_clean_cache=False, cmake_clean_first=False, cmake_force_configure=False, ament_cmake_args=None, catkin_cmake_args=None, catkin_skip_building_tests=False, verb_parser=<colcon_defaults.argument_parser.defaults.DefaultArgumentsDecorator object at 0x7573d8d21bd0>, verb_extension=<colcon_core.verb.build.BuildVerb object at 0x7573d8d21780>, main=<bound method BuildVerb.main of <colcon_core.verb.build.BuildVerb object at 0x7573d8d21780>>)
[0.354s] Level 1:colcon.colcon_core.package_discovery:discover_packages(colcon_meta) check parameters
[0.354s] Level 1:colcon.colcon_core.package_discovery:discover_packages(recursive) check parameters
[0.354s] Level 1:colcon.colcon_core.package_discovery:discover_packages(ignore) check parameters
[0.354s] Level 1:colcon.colcon_core.package_discovery:discover_packages(path) check parameters
[0.354s] Level 1:colcon.colcon_core.package_discovery:discover_packages(colcon_meta) discover
[0.354s] Level 1:colcon.colcon_core.package_discovery:discover_packages(recursive) discover
[0.354s] INFO:colcon.colcon_core.package_discovery:Crawling recursively for packages in '/home/bayes/hssw/others/ros2project/products/cpp/topic_practice_ws/src'
[0.355s] Level 1:colcon.colcon_core.package_identification:_identify(.) by extensions ['ignore', 'ignore_ament_install']
[0.355s] Level 1:colcon.colcon_core.package_identification:_identify(.) by extension 'ignore'
[0.355s] Level 1:colcon.colcon_core.package_identification:_identify(.) by extension 'ignore_ament_install'
[0.355s] Level 1:colcon.colcon_core.package_identification:_identify(.) by extensions ['colcon_pkg']
[0.355s] Level 1:colcon.colcon_core.package_identification:_identify(.) by extension 'colcon_pkg'
[0.355s] Level 1:colcon.colcon_core.package_identification:_identify(.) by extensions ['colcon_meta']
[0.355s] Level 1:colcon.colcon_core.package_identification:_identify(.) by extension 'colcon_meta'
[0.355s] Level 1:colcon.colcon_core.package_identification:_identify(.) by extensions ['ros']
[0.355s] Level 1:colcon.colcon_core.package_identification:_identify(.) by extension 'ros'
[0.364s] Level 1:colcon.colcon_core.package_identification:_identify(.) by extensions ['cmake', 'python']
[0.365s] Level 1:colcon.colcon_core.package_identification:_identify(.) by extension 'cmake'
[0.365s] Level 1:colcon.colcon_core.package_identification:_identify(.) by extension 'python'
[0.365s] Level 1:colcon.colcon_core.package_identification:_identify(.) by extensions ['python_setup_py']
[0.365s] Level 1:colcon.colcon_core.package_identification:_identify(.) by extension 'python_setup_py'
[0.365s] Level 1:colcon.colcon_core.package_identification:_identify(build) by extensions ['ignore', 'ignore_ament_install']
[0.365s] Level 1:colcon.colcon_core.package_identification:_identify(build) by extension 'ignore'
[0.365s] Level 1:colcon.colcon_core.package_identification:_identify(build) ignored
[0.365s] Level 1:colcon.colcon_core.package_identification:_identify(install) by extensions ['ignore', 'ignore_ament_install']
[0.365s] Level 1:colcon.colcon_core.package_identification:_identify(install) by extension 'ignore'
[0.365s] Level 1:colcon.colcon_core.package_identification:_identify(install) ignored
[0.365s] Level 1:colcon.colcon_core.package_identification:_identify(log) by extensions ['ignore', 'ignore_ament_install']
[0.365s] Level 1:colcon.colcon_core.package_identification:_identify(log) by extension 'ignore'
[0.365s] Level 1:colcon.colcon_core.package_identification:_identify(log) ignored
[0.365s] Level 1:colcon.colcon_core.package_identification:_identify(status_display) by extensions ['ignore', 'ignore_ament_install']
[0.365s] Level 1:colcon.colcon_core.package_identification:_identify(status_display) by extension 'ignore'
[0.365s] Level 1:colcon.colcon_core.package_identification:_identify(status_display) by extension 'ignore_ament_install'
[0.365s] Level 1:colcon.colcon_core.package_identification:_identify(status_display) by extensions ['colcon_pkg']
[0.366s] Level 1:colcon.colcon_core.package_identification:_identify(status_display) by extension 'colcon_pkg'
[0.366s] Level 1:colcon.colcon_core.package_identification:_identify(status_display) by extensions ['colcon_meta']
[0.366s] Level 1:colcon.colcon_core.package_identification:_identify(status_display) by extension 'colcon_meta'
[0.366s] Level 1:colcon.colcon_core.package_identification:_identify(status_display) by extensions ['ros']
[0.366s] Level 1:colcon.colcon_core.package_identification:_identify(status_display) by extension 'ros'
[0.374s] DEBUG:colcon.colcon_core.package_identification:Package 'status_display' with type 'ros.ament_cmake' and name 'status_display'
[0.374s] Level 1:colcon.colcon_core.package_identification:_identify(status_interfaces) by extensions ['ignore', 'ignore_ament_install']
[0.374s] Level 1:colcon.colcon_core.package_identification:_identify(status_interfaces) by extension 'ignore'
[0.374s] Level 1:colcon.colcon_core.package_identification:_identify(status_interfaces) by extension 'ignore_ament_install'
[0.374s] Level 1:colcon.colcon_core.package_identification:_identify(status_interfaces) by extensions ['colcon_pkg']
[0.374s] Level 1:colcon.colcon_core.package_identification:_identify(status_interfaces) by extension 'colcon_pkg'
[0.374s] Level 1:colcon.colcon_core.package_identification:_identify(status_interfaces) by extensions ['colcon_meta']
[0.374s] Level 1:colcon.colcon_core.package_identification:_identify(status_interfaces) by extension 'colcon_meta'
[0.374s] Level 1:colcon.colcon_core.package_identification:_identify(status_interfaces) by extensions ['ros']
[0.374s] Level 1:colcon.colcon_core.package_identification:_identify(status_interfaces) by extension 'ros'
[0.375s] DEBUG:colcon.colcon_core.package_identification:Package 'status_interfaces' with type 'ros.ament_cmake' and name 'status_interfaces'
[0.375s] Level 1:colcon.colcon_core.package_identification:_identify(status_publisher) by extensions ['ignore', 'ignore_ament_install']
[0.375s] Level 1:colcon.colcon_core.package_identification:_identify(status_publisher) by extension 'ignore'
[0.375s] Level 1:colcon.colcon_core.package_identification:_identify(status_publisher) by extension 'ignore_ament_install'
[0.375s] Level 1:colcon.colcon_core.package_identification:_identify(status_publisher) by extensions ['colcon_pkg']
[0.375s] Level 1:colcon.colcon_core.package_identification:_identify(status_publisher) by extension 'colcon_pkg'
[0.375s] Level 1:colcon.colcon_core.package_identification:_identify(status_publisher) by extensions ['colcon_meta']
[0.375s] Level 1:colcon.colcon_core.package_identification:_identify(status_publisher) by extension 'colcon_meta'
[0.375s] Level 1:colcon.colcon_core.package_identification:_identify(status_publisher) by extensions ['ros']
[0.375s] Level 1:colcon.colcon_core.package_identification:_identify(status_publisher) by extension 'ros'
[0.376s] DEBUG:colcon.colcon_core.package_identification:Package 'status_publisher' with type 'ros.ament_python' and name 'status_publisher'
[0.376s] Level 1:colcon.colcon_core.package_discovery:discover_packages(recursive) using defaults
[0.376s] Level 1:colcon.colcon_core.package_discovery:discover_packages(ignore) discover
[0.376s] Level 1:colcon.colcon_core.package_discovery:discover_packages(ignore) using defaults
[0.376s] Level 1:colcon.colcon_core.package_discovery:discover_packages(path) discover
[0.376s] Level 1:colcon.colcon_core.package_discovery:discover_packages(path) using defaults
[0.396s] Level 1:colcon.colcon_core.package_discovery:discover_packages(prefix_path) check parameters
[0.396s] Level 1:colcon.colcon_core.package_discovery:discover_packages(prefix_path) discover
[0.403s] DEBUG:colcon.colcon_installed_package_information.package_discovery:Found 271 installed packages in /opt/ros/humble
[0.404s] Level 1:colcon.colcon_core.package_discovery:discover_packages(prefix_path) using defaults
[0.434s] Level 5:colcon.colcon_core.verb:set package 'status_interfaces' build argument 'cmake_args' from command line to 'None'
[0.434s] Level 5:colcon.colcon_core.verb:set package 'status_interfaces' build argument 'cmake_target' from command line to 'None'
[0.434s] Level 5:colcon.colcon_core.verb:set package 'status_interfaces' build argument 'cmake_target_skip_unavailable' from command line to 'False'
[0.434s] Level 5:colcon.colcon_core.verb:set package 'status_interfaces' build argument 'cmake_clean_cache' from command line to 'False'
[0.434s] Level 5:colcon.colcon_core.verb:set package 'status_interfaces' build argument 'cmake_clean_first' from command line to 'False'
[0.434s] Level 5:colcon.colcon_core.verb:set package 'status_interfaces' build argument 'cmake_force_configure' from command line to 'False'
[0.434s] Level 5:colcon.colcon_core.verb:set package 'status_interfaces' build argument 'ament_cmake_args' from command line to 'None'
[0.435s] Level 5:colcon.colcon_core.verb:set package 'status_interfaces' build argument 'catkin_cmake_args' from command line to 'None'
[0.435s] Level 5:colcon.colcon_core.verb:set package 'status_interfaces' build argument 'catkin_skip_building_tests' from command line to 'False'
[0.435s] DEBUG:colcon.colcon_core.verb:Building package 'status_interfaces' with the following arguments: {'ament_cmake_args': None, 'build_base': '/home/bayes/hssw/others/ros2project/products/cpp/topic_practice_ws/src/build/status_interfaces', 'catkin_cmake_args': None, 'catkin_skip_building_tests': False, 'cmake_args': None, 'cmake_clean_cache': False, 'cmake_clean_first': False, 'cmake_force_configure': False, 'cmake_target': None, 'cmake_target_skip_unavailable': False, 'install_base': '/home/bayes/hssw/others/ros2project/products/cpp/topic_practice_ws/src/install/status_interfaces', 'merge_install': False, 'path': '/home/bayes/hssw/others/ros2project/products/cpp/topic_practice_ws/src/status_interfaces', 'symlink_install': False, 'test_result_base': None}
[0.435s] Level 5:colcon.colcon_core.verb:set package 'status_display' build argument 'cmake_args' from command line to 'None'
[0.435s] Level 5:colcon.colcon_core.verb:set package 'status_display' build argument 'cmake_target' from command line to 'None'
[0.435s] Level 5:colcon.colcon_core.verb:set package 'status_display' build argument 'cmake_target_skip_unavailable' from command line to 'False'
[0.435s] Level 5:colcon.colcon_core.verb:set package 'status_display' build argument 'cmake_clean_cache' from command line to 'False'
[0.435s] Level 5:colcon.colcon_core.verb:set package 'status_display' build argument 'cmake_clean_first' from command line to 'False'
[0.435s] Level 5:colcon.colcon_core.verb:set package 'status_display' build argument 'cmake_force_configure' from command line to 'False'
[0.435s] Level 5:colcon.colcon_core.verb:set package 'status_display' build argument 'ament_cmake_args' from command line to 'None'
[0.435s] Level 5:colcon.colcon_core.verb:set package 'status_display' build argument 'catkin_cmake_args' from command line to 'None'
[0.435s] Level 5:colcon.colcon_core.verb:set package 'status_display' build argument 'catkin_skip_building_tests' from command line to 'False'
[0.435s] DEBUG:colcon.colcon_core.verb:Building package 'status_display' with the following arguments: {'ament_cmake_args': None, 'build_base': '/home/bayes/hssw/others/ros2project/products/cpp/topic_practice_ws/src/build/status_display', 'catkin_cmake_args': None, 'catkin_skip_building_tests': False, 'cmake_args': None, 'cmake_clean_cache': False, 'cmake_clean_first': False, 'cmake_force_configure': False, 'cmake_target': None, 'cmake_target_skip_unavailable': False, 'install_base': '/home/bayes/hssw/others/ros2project/products/cpp/topic_practice_ws/src/install/status_display', 'merge_install': False, 'path': '/home/bayes/hssw/others/ros2project/products/cpp/topic_practice_ws/src/status_display', 'symlink_install': False, 'test_result_base': None}
[0.435s] Level 5:colcon.colcon_core.verb:set package 'status_publisher' build argument 'cmake_args' from command line to 'None'
[0.435s] Level 5:colcon.colcon_core.verb:set package 'status_publisher' build argument 'cmake_target' from command line to 'None'
[0.435s] Level 5:colcon.colcon_core.verb:set package 'status_publisher' build argument 'cmake_target_skip_unavailable' from command line to 'False'
[0.435s] Level 5:colcon.colcon_core.verb:set package 'status_publisher' build argument 'cmake_clean_cache' from command line to 'False'
[0.435s] Level 5:colcon.colcon_core.verb:set package 'status_publisher' build argument 'cmake_clean_first' from command line to 'False'
[0.435s] Level 5:colcon.colcon_core.verb:set package 'status_publisher' build argument 'cmake_force_configure' from command line to 'False'
[0.435s] Level 5:colcon.colcon_core.verb:set package 'status_publisher' build argument 'ament_cmake_args' from command line to 'None'
[0.435s] Level 5:colcon.colcon_core.verb:set package 'status_publisher' build argument 'catkin_cmake_args' from command line to 'None'
[0.435s] Level 5:colcon.colcon_core.verb:set package 'status_publisher' build argument 'catkin_skip_building_tests' from command line to 'False'
[0.435s] DEBUG:colcon.colcon_core.verb:Building package 'status_publisher' with the following arguments: {'ament_cmake_args': None, 'build_base': '/home/bayes/hssw/others/ros2project/products/cpp/topic_practice_ws/src/build/status_publisher', 'catkin_cmake_args': None, 'catkin_skip_building_tests': False, 'cmake_args': None, 'cmake_clean_cache': False, 'cmake_clean_first': False, 'cmake_force_configure': False, 'cmake_target': None, 'cmake_target_skip_unavailable': False, 'install_base': '/home/bayes/hssw/others/ros2project/products/cpp/topic_practice_ws/src/install/status_publisher', 'merge_install': False, 'path': '/home/bayes/hssw/others/ros2project/products/cpp/topic_practice_ws/src/status_publisher', 'symlink_install': False, 'test_result_base': None}
[0.436s] INFO:colcon.colcon_core.executor:Executing jobs using 'parallel' executor
[0.436s] DEBUG:colcon.colcon_parallel_executor.executor.parallel:run_until_complete
[0.437s] INFO:colcon.colcon_ros.task.ament_cmake.build:Building ROS package in '/home/bayes/hssw/others/ros2project/products/cpp/topic_practice_ws/src/status_interfaces' with build type 'ament_cmake'
[0.437s] INFO:colcon.colcon_cmake.task.cmake.build:Building CMake package in '/home/bayes/hssw/others/ros2project/products/cpp/topic_practice_ws/src/status_interfaces'
[0.441s] INFO:colcon.colcon_core.plugin_system:Skipping extension 'colcon_core.shell.bat': Not used on non-Windows systems
[0.441s] INFO:colcon.colcon_core.shell:Skip shell extension 'powershell' for command environment: Not usable outside of PowerShell
[0.441s] DEBUG:colcon.colcon_core.shell:Skip shell extension 'dsv' for command environment
[0.449s] DEBUG:colcon.colcon_core.event_handler.log_command:Invoking command in '/home/bayes/hssw/others/ros2project/products/cpp/topic_practice_ws/src/build/status_interfaces': CMAKE_PREFIX_PATH=/opt/ros/humble /usr/bin/cmake --build /home/bayes/hssw/others/ros2project/products/cpp/topic_practice_ws/src/build/status_interfaces -- -j24 -l24
[0.759s] DEBUG:colcon.colcon_core.event_handler.log_command:Invoked command in '/home/bayes/hssw/others/ros2project/products/cpp/topic_practice_ws/src/build/status_interfaces' returned '0': CMAKE_PREFIX_PATH=/opt/ros/humble /usr/bin/cmake --build /home/bayes/hssw/others/ros2project/products/cpp/topic_practice_ws/src/build/status_interfaces -- -j24 -l24
[0.769s] DEBUG:colcon.colcon_core.event_handler.log_command:Invoking command in '/home/bayes/hssw/others/ros2project/products/cpp/topic_practice_ws/src/build/status_interfaces': CMAKE_PREFIX_PATH=/opt/ros/humble /usr/bin/cmake --install /home/bayes/hssw/others/ros2project/products/cpp/topic_practice_ws/src/build/status_interfaces
[0.827s] Level 1:colcon.colcon_core.environment:create_environment_scripts_only(status_interfaces)
[0.828s] DEBUG:colcon.colcon_core.event_handler.log_command:Invoked command in '/home/bayes/hssw/others/ros2project/products/cpp/topic_practice_ws/src/build/status_interfaces' returned '0': CMAKE_PREFIX_PATH=/opt/ros/humble /usr/bin/cmake --install /home/bayes/hssw/others/ros2project/products/cpp/topic_practice_ws/src/build/status_interfaces
[0.832s] Level 1:colcon.colcon_core.environment:checking '/home/bayes/hssw/others/ros2project/products/cpp/topic_practice_ws/src/install/status_interfaces' for CMake module files
[0.832s] Level 1:colcon.colcon_core.environment:checking '/home/bayes/hssw/others/ros2project/products/cpp/topic_practice_ws/src/install/status_interfaces' for CMake config files
[0.832s] Level 1:colcon.colcon_core.shell:create_environment_hook('status_interfaces', 'cmake_prefix_path')
[0.833s] INFO:colcon.colcon_core.shell:Creating environment hook '/home/bayes/hssw/others/ros2project/products/cpp/topic_practice_ws/src/install/status_interfaces/share/status_interfaces/hook/cmake_prefix_path.ps1'
[0.833s] INFO:colcon.colcon_core.shell:Creating environment descriptor '/home/bayes/hssw/others/ros2project/products/cpp/topic_practice_ws/src/install/status_interfaces/share/status_interfaces/hook/cmake_prefix_path.dsv'
[0.834s] INFO:colcon.colcon_core.shell:Creating environment hook '/home/bayes/hssw/others/ros2project/products/cpp/topic_practice_ws/src/install/status_interfaces/share/status_interfaces/hook/cmake_prefix_path.sh'
[0.835s] Level 1:colcon.colcon_core.environment:checking '/home/bayes/hssw/others/ros2project/products/cpp/topic_practice_ws/src/install/status_interfaces/lib'
[0.835s] Level 1:colcon.colcon_core.shell:create_environment_hook('status_interfaces', 'ld_library_path_lib')
[0.835s] INFO:colcon.colcon_core.shell:Creating environment hook '/home/bayes/hssw/others/ros2project/products/cpp/topic_practice_ws/src/install/status_interfaces/share/status_interfaces/hook/ld_library_path_lib.ps1'
[0.835s] INFO:colcon.colcon_core.shell:Creating environment descriptor '/home/bayes/hssw/others/ros2project/products/cpp/topic_practice_ws/src/install/status_interfaces/share/status_interfaces/hook/ld_library_path_lib.dsv'
[0.836s] INFO:colcon.colcon_core.shell:Creating environment hook '/home/bayes/hssw/others/ros2project/products/cpp/topic_practice_ws/src/install/status_interfaces/share/status_interfaces/hook/ld_library_path_lib.sh'
[0.836s] Level 1:colcon.colcon_core.environment:checking '/home/bayes/hssw/others/ros2project/products/cpp/topic_practice_ws/src/install/status_interfaces/bin'
[0.836s] Level 1:colcon.colcon_core.environment:checking '/home/bayes/hssw/others/ros2project/products/cpp/topic_practice_ws/src/install/status_interfaces/lib/pkgconfig/status_interfaces.pc'
[0.836s] Level 1:colcon.colcon_core.environment:checking '/home/bayes/hssw/others/ros2project/products/cpp/topic_practice_ws/src/install/status_interfaces/lib/python3.10/site-packages'
[0.836s] Level 1:colcon.colcon_core.environment:checking '/home/bayes/hssw/others/ros2project/products/cpp/topic_practice_ws/src/install/status_interfaces/bin'
[0.836s] INFO:colcon.colcon_core.shell:Creating package script '/home/bayes/hssw/others/ros2project/products/cpp/topic_practice_ws/src/install/status_interfaces/share/status_interfaces/package.ps1'
[0.837s] INFO:colcon.colcon_core.shell:Creating package descriptor '/home/bayes/hssw/others/ros2project/products/cpp/topic_practice_ws/src/install/status_interfaces/share/status_interfaces/package.dsv'
[0.838s] INFO:colcon.colcon_core.shell:Creating package script '/home/bayes/hssw/others/ros2project/products/cpp/topic_practice_ws/src/install/status_interfaces/share/status_interfaces/package.sh'
[0.838s] INFO:colcon.colcon_core.shell:Creating package script '/home/bayes/hssw/others/ros2project/products/cpp/topic_practice_ws/src/install/status_interfaces/share/status_interfaces/package.bash'
[0.839s] INFO:colcon.colcon_core.shell:Creating package script '/home/bayes/hssw/others/ros2project/products/cpp/topic_practice_ws/src/install/status_interfaces/share/status_interfaces/package.zsh'
[0.840s] Level 1:colcon.colcon_core.environment:create_file_with_runtime_dependencies(/home/bayes/hssw/others/ros2project/products/cpp/topic_practice_ws/src/install/status_interfaces/share/colcon-core/packages/status_interfaces)
[0.841s] Level 1:colcon.colcon_core.environment:create_environment_scripts_only(status_interfaces)
[0.841s] Level 1:colcon.colcon_core.environment:checking '/home/bayes/hssw/others/ros2project/products/cpp/topic_practice_ws/src/install/status_interfaces' for CMake module files
[0.841s] Level 1:colcon.colcon_core.environment:checking '/home/bayes/hssw/others/ros2project/products/cpp/topic_practice_ws/src/install/status_interfaces' for CMake config files
[0.841s] Level 1:colcon.colcon_core.shell:create_environment_hook('status_interfaces', 'cmake_prefix_path')
[0.842s] INFO:colcon.colcon_core.shell:Creating environment hook '/home/bayes/hssw/others/ros2project/products/cpp/topic_practice_ws/src/install/status_interfaces/share/status_interfaces/hook/cmake_prefix_path.ps1'
[0.842s] INFO:colcon.colcon_core.shell:Creating environment descriptor '/home/bayes/hssw/others/ros2project/products/cpp/topic_practice_ws/src/install/status_interfaces/share/status_interfaces/hook/cmake_prefix_path.dsv'
[0.842s] INFO:colcon.colcon_core.shell:Creating environment hook '/home/bayes/hssw/others/ros2project/products/cpp/topic_practice_ws/src/install/status_interfaces/share/status_interfaces/hook/cmake_prefix_path.sh'
[0.843s] Level 1:colcon.colcon_core.environment:checking '/home/bayes/hssw/others/ros2project/products/cpp/topic_practice_ws/src/install/status_interfaces/lib'
[0.843s] Level 1:colcon.colcon_core.shell:create_environment_hook('status_interfaces', 'ld_library_path_lib')
[0.843s] INFO:colcon.colcon_core.shell:Creating environment hook '/home/bayes/hssw/others/ros2project/products/cpp/topic_practice_ws/src/install/status_interfaces/share/status_interfaces/hook/ld_library_path_lib.ps1'
[0.843s] INFO:colcon.colcon_core.shell:Creating environment descriptor '/home/bayes/hssw/others/ros2project/products/cpp/topic_practice_ws/src/install/status_interfaces/share/status_interfaces/hook/ld_library_path_lib.dsv'
[0.844s] INFO:colcon.colcon_core.shell:Creating environment hook '/home/bayes/hssw/others/ros2project/products/cpp/topic_practice_ws/src/install/status_interfaces/share/status_interfaces/hook/ld_library_path_lib.sh'
[0.844s] Level 1:colcon.colcon_core.environment:checking '/home/bayes/hssw/others/ros2project/products/cpp/topic_practice_ws/src/install/status_interfaces/bin'
[0.844s] Level 1:colcon.colcon_core.environment:checking '/home/bayes/hssw/others/ros2project/products/cpp/topic_practice_ws/src/install/status_interfaces/lib/pkgconfig/status_interfaces.pc'
[0.844s] Level 1:colcon.colcon_core.environment:checking '/home/bayes/hssw/others/ros2project/products/cpp/topic_practice_ws/src/install/status_interfaces/lib/python3.10/site-packages'
[0.844s] Level 1:colcon.colcon_core.environment:checking '/home/bayes/hssw/others/ros2project/products/cpp/topic_practice_ws/src/install/status_interfaces/bin'
[0.845s] INFO:colcon.colcon_core.shell:Creating package script '/home/bayes/hssw/others/ros2project/products/cpp/topic_practice_ws/src/install/status_interfaces/share/status_interfaces/package.ps1'
[0.845s] INFO:colcon.colcon_core.shell:Creating package descriptor '/home/bayes/hssw/others/ros2project/products/cpp/topic_practice_ws/src/install/status_interfaces/share/status_interfaces/package.dsv'
[0.846s] INFO:colcon.colcon_core.shell:Creating package script '/home/bayes/hssw/others/ros2project/products/cpp/topic_practice_ws/src/install/status_interfaces/share/status_interfaces/package.sh'
[0.846s] INFO:colcon.colcon_core.shell:Creating package script '/home/bayes/hssw/others/ros2project/products/cpp/topic_practice_ws/src/install/status_interfaces/share/status_interfaces/package.bash'
[0.846s] INFO:colcon.colcon_core.shell:Creating package script '/home/bayes/hssw/others/ros2project/products/cpp/topic_practice_ws/src/install/status_interfaces/share/status_interfaces/package.zsh'
[0.847s] Level 1:colcon.colcon_core.environment:create_file_with_runtime_dependencies(/home/bayes/hssw/others/ros2project/products/cpp/topic_practice_ws/src/install/status_interfaces/share/colcon-core/packages/status_interfaces)
[0.847s] INFO:colcon.colcon_ros.task.ament_cmake.build:Building ROS package in '/home/bayes/hssw/others/ros2project/products/cpp/topic_practice_ws/src/status_display' with build type 'ament_cmake'
[0.847s] INFO:colcon.colcon_cmake.task.cmake.build:Building CMake package in '/home/bayes/hssw/others/ros2project/products/cpp/topic_practice_ws/src/status_display'
[0.847s] INFO:colcon.colcon_core.shell:Skip shell extension 'powershell' for command environment: Not usable outside of PowerShell
[0.847s] DEBUG:colcon.colcon_core.shell:Skip shell extension 'dsv' for command environment
[0.851s] INFO:colcon.colcon_ros.task.ament_python.build:Building ROS package in '/home/bayes/hssw/others/ros2project/products/cpp/topic_practice_ws/src/status_publisher' with build type 'ament_python'
[0.851s] Level 1:colcon.colcon_core.shell:create_environment_hook('status_publisher', 'ament_prefix_path')
[0.851s] INFO:colcon.colcon_core.shell:Creating environment hook '/home/bayes/hssw/others/ros2project/products/cpp/topic_practice_ws/src/install/status_publisher/share/status_publisher/hook/ament_prefix_path.ps1'
[0.852s] INFO:colcon.colcon_core.shell:Creating environment descriptor '/home/bayes/hssw/others/ros2project/products/cpp/topic_practice_ws/src/install/status_publisher/share/status_publisher/hook/ament_prefix_path.dsv'
[0.852s] INFO:colcon.colcon_core.shell:Creating environment hook '/home/bayes/hssw/others/ros2project/products/cpp/topic_practice_ws/src/install/status_publisher/share/status_publisher/hook/ament_prefix_path.sh'
[0.852s] INFO:colcon.colcon_core.shell:Skip shell extension 'powershell' for command environment: Not usable outside of PowerShell
[0.852s] DEBUG:colcon.colcon_core.shell:Skip shell extension 'dsv' for command environment
[0.862s] DEBUG:colcon.colcon_core.event_handler.log_command:Invoking command in '/home/bayes/hssw/others/ros2project/products/cpp/topic_practice_ws/src/build/status_display': AMENT_PREFIX_PATH=/home/bayes/hssw/others/ros2project/products/cpp/topic_practice_ws/src/install/status_interfaces:${AMENT_PREFIX_PATH} CMAKE_PREFIX_PATH=/home/bayes/hssw/others/ros2project/products/cpp/topic_practice_ws/src/install/status_interfaces:/opt/ros/humble LD_LIBRARY_PATH=/home/bayes/hssw/others/ros2project/products/cpp/topic_practice_ws/src/install/status_interfaces/lib:${LD_LIBRARY_PATH} PYTHONPATH=/home/bayes/hssw/others/ros2project/products/cpp/topic_practice_ws/src/install/status_interfaces/local/lib/python3.10/dist-packages:${PYTHONPATH} /usr/bin/cmake --build /home/bayes/hssw/others/ros2project/products/cpp/topic_practice_ws/src/build/status_display -- -j24 -l24
[1.073s] INFO:colcon.colcon_core.task.python.build:Building Python package in '/home/bayes/hssw/others/ros2project/products/cpp/topic_practice_ws/src/status_publisher'
[1.073s] INFO:colcon.colcon_core.shell:Skip shell extension 'powershell' for command environment: Not usable outside of PowerShell
[1.074s] DEBUG:colcon.colcon_core.shell:Skip shell extension 'dsv' for command environment
[1.428s] DEBUG:colcon.colcon_core.event_handler.log_command:Invoking command in '/home/bayes/hssw/others/ros2project/products/cpp/topic_practice_ws/src/status_publisher': AMENT_PREFIX_PATH=/home/bayes/hssw/others/ros2project/products/cpp/topic_practice_ws/src/install/status_interfaces:${AMENT_PREFIX_PATH} CMAKE_PREFIX_PATH=/home/bayes/hssw/others/ros2project/products/cpp/topic_practice_ws/src/install/status_interfaces LD_LIBRARY_PATH=/home/bayes/hssw/others/ros2project/products/cpp/topic_practice_ws/src/install/status_interfaces/lib:${LD_LIBRARY_PATH} PYTHONPATH=/home/bayes/hssw/others/ros2project/products/cpp/topic_practice_ws/src/build/status_publisher/prefix_override:/usr/lib/python3/dist-packages/colcon_core/task/python/colcon_distutils_commands:/home/bayes/hssw/others/ros2project/products/cpp/topic_practice_ws/src/install/status_publisher/lib/python3.10/site-packages:/home/bayes/hssw/others/ros2project/products/cpp/topic_practice_ws/src/install/status_interfaces/local/lib/python3.10/dist-packages:${PYTHONPATH} /usr/bin/python3 -W ignore:setup.py install is deprecated -W ignore:easy_install command is deprecated setup.py egg_info --egg-base ../build/status_publisher build --build-base /home/bayes/hssw/others/ros2project/products/cpp/topic_practice_ws/src/build/status_publisher/build install --record /home/bayes/hssw/others/ros2project/products/cpp/topic_practice_ws/src/build/status_publisher/install.log --single-version-externally-managed install_data
[1.680s] Level 1:colcon.colcon_core.environment:checking '/home/bayes/hssw/others/ros2project/products/cpp/topic_practice_ws/src/install/status_publisher' for CMake module files
[1.680s] DEBUG:colcon.colcon_core.event_handler.log_command:Invoked command in '/home/bayes/hssw/others/ros2project/products/cpp/topic_practice_ws/src/status_publisher' returned '0': AMENT_PREFIX_PATH=/home/bayes/hssw/others/ros2project/products/cpp/topic_practice_ws/src/install/status_interfaces:${AMENT_PREFIX_PATH} CMAKE_PREFIX_PATH=/home/bayes/hssw/others/ros2project/products/cpp/topic_practice_ws/src/install/status_interfaces LD_LIBRARY_PATH=/home/bayes/hssw/others/ros2project/products/cpp/topic_practice_ws/src/install/status_interfaces/lib:${LD_LIBRARY_PATH} PYTHONPATH=/home/bayes/hssw/others/ros2project/products/cpp/topic_practice_ws/src/build/status_publisher/prefix_override:/usr/lib/python3/dist-packages/colcon_core/task/python/colcon_distutils_commands:/home/bayes/hssw/others/ros2project/products/cpp/topic_practice_ws/src/install/status_publisher/lib/python3.10/site-packages:/home/bayes/hssw/others/ros2project/products/cpp/topic_practice_ws/src/install/status_interfaces/local/lib/python3.10/dist-packages:${PYTHONPATH} /usr/bin/python3 -W ignore:setup.py install is deprecated -W ignore:easy_install command is deprecated setup.py egg_info --egg-base ../build/status_publisher build --build-base /home/bayes/hssw/others/ros2project/products/cpp/topic_practice_ws/src/build/status_publisher/build install --record /home/bayes/hssw/others/ros2project/products/cpp/topic_practice_ws/src/build/status_publisher/install.log --single-version-externally-managed install_data
[1.681s] Level 1:colcon.colcon_core.environment:checking '/home/bayes/hssw/others/ros2project/products/cpp/topic_practice_ws/src/install/status_publisher' for CMake config files
[1.681s] Level 1:colcon.colcon_core.environment:checking '/home/bayes/hssw/others/ros2project/products/cpp/topic_practice_ws/src/install/status_publisher/lib'
[1.681s] Level 1:colcon.colcon_core.environment:checking '/home/bayes/hssw/others/ros2project/products/cpp/topic_practice_ws/src/install/status_publisher/bin'
[1.681s] Level 1:colcon.colcon_core.environment:checking '/home/bayes/hssw/others/ros2project/products/cpp/topic_practice_ws/src/install/status_publisher/lib/pkgconfig/status_publisher.pc'
[1.681s] Level 1:colcon.colcon_core.environment:checking '/home/bayes/hssw/others/ros2project/products/cpp/topic_practice_ws/src/install/status_publisher/lib/python3.10/site-packages'
[1.682s] Level 1:colcon.colcon_core.shell:create_environment_hook('status_publisher', 'pythonpath')
[1.682s] INFO:colcon.colcon_core.shell:Creating environment hook '/home/bayes/hssw/others/ros2project/products/cpp/topic_practice_ws/src/install/status_publisher/share/status_publisher/hook/pythonpath.ps1'
[1.682s] INFO:colcon.colcon_core.shell:Creating environment descriptor '/home/bayes/hssw/others/ros2project/products/cpp/topic_practice_ws/src/install/status_publisher/share/status_publisher/hook/pythonpath.dsv'
[1.683s] INFO:colcon.colcon_core.shell:Creating environment hook '/home/bayes/hssw/others/ros2project/products/cpp/topic_practice_ws/src/install/status_publisher/share/status_publisher/hook/pythonpath.sh'
[1.683s] Level 1:colcon.colcon_core.environment:checking '/home/bayes/hssw/others/ros2project/products/cpp/topic_practice_ws/src/install/status_publisher/bin'
[1.683s] Level 1:colcon.colcon_core.environment:create_environment_scripts_only(status_publisher)
[1.683s] INFO:colcon.colcon_core.shell:Creating package script '/home/bayes/hssw/others/ros2project/products/cpp/topic_practice_ws/src/install/status_publisher/share/status_publisher/package.ps1'
[1.684s] INFO:colcon.colcon_core.shell:Creating package descriptor '/home/bayes/hssw/others/ros2project/products/cpp/topic_practice_ws/src/install/status_publisher/share/status_publisher/package.dsv'
[1.684s] INFO:colcon.colcon_core.shell:Creating package script '/home/bayes/hssw/others/ros2project/products/cpp/topic_practice_ws/src/install/status_publisher/share/status_publisher/package.sh'
[1.685s] INFO:colcon.colcon_core.shell:Creating package script '/home/bayes/hssw/others/ros2project/products/cpp/topic_practice_ws/src/install/status_publisher/share/status_publisher/package.bash'
[1.685s] INFO:colcon.colcon_core.shell:Creating package script '/home/bayes/hssw/others/ros2project/products/cpp/topic_practice_ws/src/install/status_publisher/share/status_publisher/package.zsh'
[1.685s] Level 1:colcon.colcon_core.environment:create_file_with_runtime_dependencies(/home/bayes/hssw/others/ros2project/products/cpp/topic_practice_ws/src/install/status_publisher/share/colcon-core/packages/status_publisher)
[4.847s] DEBUG:colcon.colcon_core.event_handler.log_command:Invoked command in '/home/bayes/hssw/others/ros2project/products/cpp/topic_practice_ws/src/build/status_display' returned '2': AMENT_PREFIX_PATH=/home/bayes/hssw/others/ros2project/products/cpp/topic_practice_ws/src/install/status_interfaces:${AMENT_PREFIX_PATH} CMAKE_PREFIX_PATH=/home/bayes/hssw/others/ros2project/products/cpp/topic_practice_ws/src/install/status_interfaces:/opt/ros/humble LD_LIBRARY_PATH=/home/bayes/hssw/others/ros2project/products/cpp/topic_practice_ws/src/install/status_interfaces/lib:${LD_LIBRARY_PATH} PYTHONPATH=/home/bayes/hssw/others/ros2project/products/cpp/topic_practice_ws/src/install/status_interfaces/local/lib/python3.10/dist-packages:${PYTHONPATH} /usr/bin/cmake --build /home/bayes/hssw/others/ros2project/products/cpp/topic_practice_ws/src/build/status_display -- -j24 -l24
[4.848s] Level 1:colcon.colcon_core.environment:create_environment_scripts_only(status_display)
[4.848s] Level 1:colcon.colcon_core.environment:checking '/home/bayes/hssw/others/ros2project/products/cpp/topic_practice_ws/src/install/status_display' for CMake module files
[4.848s] Level 1:colcon.colcon_core.environment:checking '/home/bayes/hssw/others/ros2project/products/cpp/topic_practice_ws/src/install/status_display' for CMake config files
[4.849s] Level 1:colcon.colcon_core.shell:create_environment_hook('status_display', 'cmake_prefix_path')
[4.849s] INFO:colcon.colcon_core.shell:Creating environment hook '/home/bayes/hssw/others/ros2project/products/cpp/topic_practice_ws/src/install/status_display/share/status_display/hook/cmake_prefix_path.ps1'
[4.849s] INFO:colcon.colcon_core.shell:Creating environment descriptor '/home/bayes/hssw/others/ros2project/products/cpp/topic_practice_ws/src/install/status_display/share/status_display/hook/cmake_prefix_path.dsv'
[4.849s] INFO:colcon.colcon_core.shell:Creating environment hook '/home/bayes/hssw/others/ros2project/products/cpp/topic_practice_ws/src/install/status_display/share/status_display/hook/cmake_prefix_path.sh'
[4.850s] Level 1:colcon.colcon_core.environment:checking '/home/bayes/hssw/others/ros2project/products/cpp/topic_practice_ws/src/install/status_display/lib'
[4.850s] Level 1:colcon.colcon_core.environment:checking '/home/bayes/hssw/others/ros2project/products/cpp/topic_practice_ws/src/install/status_display/bin'
[4.850s] Level 1:colcon.colcon_core.environment:checking '/home/bayes/hssw/others/ros2project/products/cpp/topic_practice_ws/src/install/status_display/lib/pkgconfig/status_display.pc'
[4.850s] Level 1:colcon.colcon_core.environment:checking '/home/bayes/hssw/others/ros2project/products/cpp/topic_practice_ws/src/install/status_display/lib/python3.10/site-packages'
[4.850s] Level 1:colcon.colcon_core.environment:checking '/home/bayes/hssw/others/ros2project/products/cpp/topic_practice_ws/src/install/status_display/bin'
[4.851s] INFO:colcon.colcon_core.shell:Creating package script '/home/bayes/hssw/others/ros2project/products/cpp/topic_practice_ws/src/install/status_display/share/status_display/package.ps1'
[4.851s] INFO:colcon.colcon_core.shell:Creating package descriptor '/home/bayes/hssw/others/ros2project/products/cpp/topic_practice_ws/src/install/status_display/share/status_display/package.dsv'
[4.851s] INFO:colcon.colcon_core.shell:Creating package script '/home/bayes/hssw/others/ros2project/products/cpp/topic_practice_ws/src/install/status_display/share/status_display/package.sh'
[4.852s] INFO:colcon.colcon_core.shell:Creating package script '/home/bayes/hssw/others/ros2project/products/cpp/topic_practice_ws/src/install/status_display/share/status_display/package.bash'
[4.852s] INFO:colcon.colcon_core.shell:Creating package script '/home/bayes/hssw/others/ros2project/products/cpp/topic_practice_ws/src/install/status_display/share/status_display/package.zsh'
[4.853s] Level 1:colcon.colcon_core.environment:create_file_with_runtime_dependencies(/home/bayes/hssw/others/ros2project/products/cpp/topic_practice_ws/src/install/status_display/share/colcon-core/packages/status_display)
[4.863s] DEBUG:colcon.colcon_parallel_executor.executor.parallel:closing loop
[4.864s] DEBUG:colcon.colcon_parallel_executor.executor.parallel:loop closed
[4.864s] DEBUG:colcon.colcon_parallel_executor.executor.parallel:run_until_complete finished with '2'
[4.864s] DEBUG:colcon.colcon_core.event_reactor:joining thread
[4.873s] INFO:colcon.colcon_core.plugin_system:Skipping extension 'colcon_notification.desktop_notification.terminal_notifier': Not used on non-Darwin systems
[4.873s] INFO:colcon.colcon_core.plugin_system:Skipping extension 'colcon_notification.desktop_notification.win32': Not used on non-Windows systems
[4.873s] INFO:colcon.colcon_notification.desktop_notification:Sending desktop notification using 'notify2'
[4.899s] DEBUG:colcon.colcon_core.event_reactor:joined thread
[4.899s] INFO:colcon.colcon_core.shell:Creating prefix script '/home/bayes/hssw/others/ros2project/products/cpp/topic_practice_ws/src/install/local_setup.ps1'
[4.900s] INFO:colcon.colcon_core.shell:Creating prefix util module '/home/bayes/hssw/others/ros2project/products/cpp/topic_practice_ws/src/install/_local_setup_util_ps1.py'
[4.901s] INFO:colcon.colcon_core.shell:Creating prefix chain script '/home/bayes/hssw/others/ros2project/products/cpp/topic_practice_ws/src/install/setup.ps1'
[4.902s] INFO:colcon.colcon_core.shell:Creating prefix script '/home/bayes/hssw/others/ros2project/products/cpp/topic_practice_ws/src/install/local_setup.sh'
[4.903s] INFO:colcon.colcon_core.shell:Creating prefix util module '/home/bayes/hssw/others/ros2project/products/cpp/topic_practice_ws/src/install/_local_setup_util_sh.py'
[4.903s] INFO:colcon.colcon_core.shell:Creating prefix chain script '/home/bayes/hssw/others/ros2project/products/cpp/topic_practice_ws/src/install/setup.sh'
[4.905s] INFO:colcon.colcon_core.shell:Creating prefix script '/home/bayes/hssw/others/ros2project/products/cpp/topic_practice_ws/src/install/local_setup.bash'
[4.906s] INFO:colcon.colcon_core.shell:Creating prefix chain script '/home/bayes/hssw/others/ros2project/products/cpp/topic_practice_ws/src/install/setup.bash'
[4.907s] INFO:colcon.colcon_core.shell:Creating prefix script '/home/bayes/hssw/others/ros2project/products/cpp/topic_practice_ws/src/install/local_setup.zsh'
[4.907s] INFO:colcon.colcon_core.shell:Creating prefix chain script '/home/bayes/hssw/others/ros2project/products/cpp/topic_practice_ws/src/install/setup.zsh'
