[0.011s] Invoking command in '/home/bayes/hssw/others/ros2project/products/cpp/service_pratice_ws/src/build/chapt4_interfaces': CMAKE_PREFIX_PATH=/opt/ros/humble /usr/bin/cmake /home/bayes/hssw/others/ros2project/products/cpp/service_pratice_ws/src/chapt4_interfaces -DCMAKE_INSTALL_PREFIX=/home/bayes/hssw/others/ros2project/products/cpp/service_pratice_ws/src/install/chapt4_interfaces
[0.022s] -- Found ament_cmake: 1.3.12 (/opt/ros/humble/share/ament_cmake/cmake)
[0.117s] -- Found rosidl_default_generators: 1.2.0 (/opt/ros/humble/share/rosidl_default_generators/cmake)
[0.118s] -- Using all available rosidl_typesupport_c: rosidl_typesupport_fastrtps_c;rosidl_typesupport_introspection_c
[0.120s] -- Found rosidl_adapter: 3.1.7 (/opt/ros/humble/share/rosidl_adapter/cmake)
[0.141s] -- Using all available rosidl_typesupport_cpp: rosidl_typesupport_fastrtps_cpp;rosidl_typesupport_introspection_cpp
[0.160s] -- Found sensor_msgs: 4.9.0 (/opt/ros/humble/share/sensor_msgs/cmake)
[0.429s] -- Found ament_cmake_ros: 0.10.0 (/opt/ros/humble/share/ament_cmake_ros/cmake)
[0.654s] -- Using all available rosidl_typesupport_c: rosidl_typesupport_fastrtps_c;rosidl_typesupport_introspection_c
[0.943s] -- Using all available rosidl_typesupport_cpp: rosidl_typesupport_fastrtps_cpp;rosidl_typesupport_introspection_cpp
[0.961s] -- Found PythonInterp: /usr/bin/python3 (found suitable version "3.10.12", minimum required is "3.6") 
[0.963s] -- Found python_cmake_module: 0.10.0 (/opt/ros/humble/share/python_cmake_module/cmake)
[0.984s] -- Found PythonLibs: /usr/lib/x86_64-linux-gnu/libpython3.10.so (found suitable version "3.10.12", minimum required is "3.5") 
[0.984s] -- Using PYTHON_EXECUTABLE: /usr/bin/python3
[0.984s] -- Using PYTHON_INCLUDE_DIRS: /usr/include/python3.10
[0.984s] -- Using PYTHON_LIBRARIES: /usr/lib/x86_64-linux-gnu/libpython3.10.so
[0.999s] -- Found PythonExtra: .so  
[1.057s] -- Found ament_lint_auto: 0.12.14 (/opt/ros/humble/share/ament_lint_auto/cmake)
[1.085s] -- Added test 'lint_cmake' to check CMake code style
[1.087s] -- Added test 'xmllint' to check XML markup files
[1.090s] -- Configuring done
[1.121s] -- Generating done
[1.130s] -- Build files have been written to: /home/bayes/hssw/others/ros2project/products/cpp/service_pratice_ws/src/build/chapt4_interfaces
[1.135s] Invoked command in '/home/bayes/hssw/others/ros2project/products/cpp/service_pratice_ws/src/build/chapt4_interfaces' returned '0': CMAKE_PREFIX_PATH=/opt/ros/humble /usr/bin/cmake /home/bayes/hssw/others/ros2project/products/cpp/service_pratice_ws/src/chapt4_interfaces -DCMAKE_INSTALL_PREFIX=/home/bayes/hssw/others/ros2project/products/cpp/service_pratice_ws/src/install/chapt4_interfaces
[1.136s] Invoking command in '/home/bayes/hssw/others/ros2project/products/cpp/service_pratice_ws/src/build/chapt4_interfaces': CMAKE_PREFIX_PATH=/opt/ros/humble /usr/bin/cmake --build /home/bayes/hssw/others/ros2project/products/cpp/service_pratice_ws/src/build/chapt4_interfaces -- -j24 -l24
[1.170s] [  3%] [34m[1mGenerating C code for ROS interfaces[0m
[1.178s] [  6%] [34m[1mGenerating C++ code for ROS interfaces[0m
[1.188s] [  6%] Built target ament_cmake_python_copy_chapt4_interfaces
[1.394s] [  9%] [32mBuilding C object CMakeFiles/chapt4_interfaces__rosidl_generator_c.dir/rosidl_generator_c/chapt4_interfaces/srv/detail/face_detector__functions.c.o[0m
[1.396s] [  9%] Built target chapt4_interfaces__cpp
[1.397s] running egg_info
[1.397s] creating chapt4_interfaces.egg-info
[1.398s] writing chapt4_interfaces.egg-info/PKG-INFO
[1.398s] writing dependency_links to chapt4_interfaces.egg-info/dependency_links.txt
[1.398s] writing top-level names to chapt4_interfaces.egg-info/top_level.txt
[1.398s] writing manifest file 'chapt4_interfaces.egg-info/SOURCES.txt'
[1.401s] reading manifest file 'chapt4_interfaces.egg-info/SOURCES.txt'
[1.401s] writing manifest file 'chapt4_interfaces.egg-info/SOURCES.txt'
[1.405s] [ 16%] [34m[1mGenerating C++ type support for eProsima Fast-RTPS[0m
[1.405s] [ 16%] [34m[1mGenerating C++ type support dispatch for ROS interfaces[0m
[1.405s] [ 19%] [34m[1mGenerating C++ introspection for ROS interfaces[0m
[1.420s] [ 19%] Built target ament_cmake_python_build_chapt4_interfaces_egg
[1.481s] [ 22%] [32m[1mLinking C shared library libchapt4_interfaces__rosidl_generator_c.so[0m
[1.513s] [ 22%] Built target chapt4_interfaces__rosidl_generator_c
[1.523s] [ 29%] [34m[1mGenerating C type support for eProsima Fast-RTPS[0m
[1.523s] [ 29%] [34m[1mGenerating C introspection for ROS interfaces[0m
[1.524s] [ 32%] [34m[1mGenerating C type support dispatch for ROS interfaces[0m
[1.580s] [ 35%] [32mBuilding CXX object CMakeFiles/chapt4_interfaces__rosidl_typesupport_cpp.dir/rosidl_typesupport_cpp/chapt4_interfaces/srv/face_detector__type_support.cpp.o[0m
[1.599s] [ 38%] [32mBuilding CXX object CMakeFiles/chapt4_interfaces__rosidl_typesupport_introspection_cpp.dir/rosidl_typesupport_introspection_cpp/chapt4_interfaces/srv/detail/face_detector__type_support.cpp.o[0m
[1.600s] [ 41%] [32mBuilding CXX object CMakeFiles/chapt4_interfaces__rosidl_typesupport_fastrtps_cpp.dir/rosidl_typesupport_fastrtps_cpp/chapt4_interfaces/srv/detail/dds_fastrtps/face_detector__type_support.cpp.o[0m
[1.700s] [ 45%] [32mBuilding CXX object CMakeFiles/chapt4_interfaces__rosidl_typesupport_c.dir/rosidl_typesupport_c/chapt4_interfaces/srv/face_detector__type_support.cpp.o[0m
[1.724s] [ 48%] [32mBuilding C object CMakeFiles/chapt4_interfaces__rosidl_typesupport_introspection_c.dir/rosidl_typesupport_introspection_c/chapt4_interfaces/srv/detail/face_detector__type_support.c.o[0m
[1.731s] [ 51%] [32mBuilding CXX object CMakeFiles/chapt4_interfaces__rosidl_typesupport_fastrtps_c.dir/rosidl_typesupport_fastrtps_c/chapt4_interfaces/srv/detail/face_detector__type_support_c.cpp.o[0m
[1.731s] [ 54%] [32m[1mLinking CXX shared library libchapt4_interfaces__rosidl_typesupport_c.so[0m
[1.767s] [ 58%] [32m[1mLinking C shared library libchapt4_interfaces__rosidl_typesupport_introspection_c.so[0m
[1.770s] [ 58%] Built target chapt4_interfaces__rosidl_typesupport_c
[1.799s] [ 58%] Built target chapt4_interfaces__rosidl_typesupport_introspection_c
[1.813s] [ 61%] [32m[1mLinking CXX shared library libchapt4_interfaces__rosidl_typesupport_cpp.so[0m
[1.850s] [ 61%] Built target chapt4_interfaces__rosidl_typesupport_cpp
[1.944s] [ 64%] [32m[1mLinking CXX shared library libchapt4_interfaces__rosidl_typesupport_introspection_cpp.so[0m
[1.974s] [ 67%] [32m[1mLinking CXX shared library libchapt4_interfaces__rosidl_typesupport_fastrtps_cpp.so[0m
[1.976s] [ 70%] [32m[1mLinking CXX shared library libchapt4_interfaces__rosidl_typesupport_fastrtps_c.so[0m
[2.010s] [ 70%] Built target chapt4_interfaces__rosidl_typesupport_introspection_cpp
[2.038s] [ 70%] Built target chapt4_interfaces__rosidl_typesupport_fastrtps_cpp
[2.042s] [ 70%] Built target chapt4_interfaces__rosidl_typesupport_fastrtps_c
[2.058s] [ 70%] Built target chapt4_interfaces
[2.074s] [ 74%] [34m[1mGenerating Python code for ROS interfaces[0m
[2.347s] [ 74%] Built target chapt4_interfaces__py
[2.364s] [ 77%] [32mBuilding C object CMakeFiles/chapt4_interfaces__rosidl_generator_py.dir/rosidl_generator_py/chapt4_interfaces/srv/_face_detector_s.c.o[0m
[2.501s] [ 80%] [32m[1mLinking C shared library rosidl_generator_py/chapt4_interfaces/libchapt4_interfaces__rosidl_generator_py.so[0m
[2.553s] [ 80%] Built target chapt4_interfaces__rosidl_generator_py
[2.571s] [ 83%] [32mBuilding C object CMakeFiles/chapt4_interfaces__rosidl_typesupport_fastrtps_c__pyext.dir/rosidl_generator_py/chapt4_interfaces/_chapt4_interfaces_s.ep.rosidl_typesupport_fastrtps_c.c.o[0m
[2.571s] [ 87%] [32mBuilding C object CMakeFiles/chapt4_interfaces__rosidl_typesupport_introspection_c__pyext.dir/rosidl_generator_py/chapt4_interfaces/_chapt4_interfaces_s.ep.rosidl_typesupport_introspection_c.c.o[0m
[2.572s] [ 90%] [32mBuilding C object CMakeFiles/chapt4_interfaces__rosidl_typesupport_c__pyext.dir/rosidl_generator_py/chapt4_interfaces/_chapt4_interfaces_s.ep.rosidl_typesupport_c.c.o[0m
[2.651s] [ 96%] [32m[1mLinking C shared library rosidl_generator_py/chapt4_interfaces/chapt4_interfaces_s__rosidl_typesupport_introspection_c.cpython-310-x86_64-linux-gnu.so[0m
[2.651s] [ 96%] [32m[1mLinking C shared library rosidl_generator_py/chapt4_interfaces/chapt4_interfaces_s__rosidl_typesupport_fastrtps_c.cpython-310-x86_64-linux-gnu.so[0m
[2.653s] [100%] [32m[1mLinking C shared library rosidl_generator_py/chapt4_interfaces/chapt4_interfaces_s__rosidl_typesupport_c.cpython-310-x86_64-linux-gnu.so[0m
[2.686s] [100%] Built target chapt4_interfaces__rosidl_typesupport_introspection_c__pyext
[2.687s] [100%] Built target chapt4_interfaces__rosidl_typesupport_fastrtps_c__pyext
[2.687s] [100%] Built target chapt4_interfaces__rosidl_typesupport_c__pyext
[2.696s] Invoked command in '/home/bayes/hssw/others/ros2project/products/cpp/service_pratice_ws/src/build/chapt4_interfaces' returned '0': CMAKE_PREFIX_PATH=/opt/ros/humble /usr/bin/cmake --build /home/bayes/hssw/others/ros2project/products/cpp/service_pratice_ws/src/build/chapt4_interfaces -- -j24 -l24
[2.703s] Invoking command in '/home/bayes/hssw/others/ros2project/products/cpp/service_pratice_ws/src/build/chapt4_interfaces': CMAKE_PREFIX_PATH=/opt/ros/humble /usr/bin/cmake --install /home/bayes/hssw/others/ros2project/products/cpp/service_pratice_ws/src/build/chapt4_interfaces
[2.709s] -- Install configuration: ""
[2.709s] -- Installing: /home/bayes/hssw/others/ros2project/products/cpp/service_pratice_ws/src/install/chapt4_interfaces/share/ament_index/resource_index/rosidl_interfaces/chapt4_interfaces
[2.709s] -- Installing: /home/bayes/hssw/others/ros2project/products/cpp/service_pratice_ws/src/install/chapt4_interfaces/include/chapt4_interfaces/chapt4_interfaces
[2.709s] -- Installing: /home/bayes/hssw/others/ros2project/products/cpp/service_pratice_ws/src/install/chapt4_interfaces/include/chapt4_interfaces/chapt4_interfaces/srv
[2.709s] -- Installing: /home/bayes/hssw/others/ros2project/products/cpp/service_pratice_ws/src/install/chapt4_interfaces/include/chapt4_interfaces/chapt4_interfaces/srv/face_detector.h
[2.710s] -- Installing: /home/bayes/hssw/others/ros2project/products/cpp/service_pratice_ws/src/install/chapt4_interfaces/include/chapt4_interfaces/chapt4_interfaces/srv/detail
[2.710s] -- Installing: /home/bayes/hssw/others/ros2project/products/cpp/service_pratice_ws/src/install/chapt4_interfaces/include/chapt4_interfaces/chapt4_interfaces/srv/detail/face_detector__functions.h
[2.710s] -- Installing: /home/bayes/hssw/others/ros2project/products/cpp/service_pratice_ws/src/install/chapt4_interfaces/include/chapt4_interfaces/chapt4_interfaces/srv/detail/face_detector__type_support.h
[2.710s] -- Installing: /home/bayes/hssw/others/ros2project/products/cpp/service_pratice_ws/src/install/chapt4_interfaces/include/chapt4_interfaces/chapt4_interfaces/srv/detail/face_detector__functions.c
[2.710s] -- Installing: /home/bayes/hssw/others/ros2project/products/cpp/service_pratice_ws/src/install/chapt4_interfaces/include/chapt4_interfaces/chapt4_interfaces/srv/detail/face_detector__struct.h
[2.710s] -- Installing: /home/bayes/hssw/others/ros2project/products/cpp/service_pratice_ws/src/install/chapt4_interfaces/include/chapt4_interfaces/chapt4_interfaces/msg
[2.710s] -- Installing: /home/bayes/hssw/others/ros2project/products/cpp/service_pratice_ws/src/install/chapt4_interfaces/include/chapt4_interfaces/chapt4_interfaces/msg/rosidl_generator_c__visibility_control.h
[2.710s] -- Installing: /home/bayes/hssw/others/ros2project/products/cpp/service_pratice_ws/src/install/chapt4_interfaces/share/chapt4_interfaces/environment/library_path.sh
[2.710s] -- Installing: /home/bayes/hssw/others/ros2project/products/cpp/service_pratice_ws/src/install/chapt4_interfaces/share/chapt4_interfaces/environment/library_path.dsv
[2.710s] -- Installing: /home/bayes/hssw/others/ros2project/products/cpp/service_pratice_ws/src/install/chapt4_interfaces/lib/libchapt4_interfaces__rosidl_generator_c.so
[2.711s] -- Set runtime path of "/home/bayes/hssw/others/ros2project/products/cpp/service_pratice_ws/src/install/chapt4_interfaces/lib/libchapt4_interfaces__rosidl_generator_c.so" to ""
[2.711s] -- Up-to-date: /home/bayes/hssw/others/ros2project/products/cpp/service_pratice_ws/src/install/chapt4_interfaces/include/chapt4_interfaces/chapt4_interfaces
[2.711s] -- Up-to-date: /home/bayes/hssw/others/ros2project/products/cpp/service_pratice_ws/src/install/chapt4_interfaces/include/chapt4_interfaces/chapt4_interfaces/srv
[2.711s] -- Up-to-date: /home/bayes/hssw/others/ros2project/products/cpp/service_pratice_ws/src/install/chapt4_interfaces/include/chapt4_interfaces/chapt4_interfaces/srv/detail
[2.711s] -- Installing: /home/bayes/hssw/others/ros2project/products/cpp/service_pratice_ws/src/install/chapt4_interfaces/include/chapt4_interfaces/chapt4_interfaces/srv/detail/face_detector__rosidl_typesupport_fastrtps_c.h
[2.711s] -- Up-to-date: /home/bayes/hssw/others/ros2project/products/cpp/service_pratice_ws/src/install/chapt4_interfaces/include/chapt4_interfaces/chapt4_interfaces/msg
[2.711s] -- Installing: /home/bayes/hssw/others/ros2project/products/cpp/service_pratice_ws/src/install/chapt4_interfaces/include/chapt4_interfaces/chapt4_interfaces/msg/rosidl_typesupport_fastrtps_c__visibility_control.h
[2.711s] -- Installing: /home/bayes/hssw/others/ros2project/products/cpp/service_pratice_ws/src/install/chapt4_interfaces/lib/libchapt4_interfaces__rosidl_typesupport_fastrtps_c.so
[2.712s] -- Set runtime path of "/home/bayes/hssw/others/ros2project/products/cpp/service_pratice_ws/src/install/chapt4_interfaces/lib/libchapt4_interfaces__rosidl_typesupport_fastrtps_c.so" to ""
[2.712s] -- Up-to-date: /home/bayes/hssw/others/ros2project/products/cpp/service_pratice_ws/src/install/chapt4_interfaces/include/chapt4_interfaces/chapt4_interfaces
[2.712s] -- Up-to-date: /home/bayes/hssw/others/ros2project/products/cpp/service_pratice_ws/src/install/chapt4_interfaces/include/chapt4_interfaces/chapt4_interfaces/srv
[2.712s] -- Up-to-date: /home/bayes/hssw/others/ros2project/products/cpp/service_pratice_ws/src/install/chapt4_interfaces/include/chapt4_interfaces/chapt4_interfaces/srv/detail
[2.712s] -- Installing: /home/bayes/hssw/others/ros2project/products/cpp/service_pratice_ws/src/install/chapt4_interfaces/include/chapt4_interfaces/chapt4_interfaces/srv/detail/face_detector__rosidl_typesupport_introspection_c.h
[2.712s] -- Installing: /home/bayes/hssw/others/ros2project/products/cpp/service_pratice_ws/src/install/chapt4_interfaces/include/chapt4_interfaces/chapt4_interfaces/srv/detail/face_detector__type_support.c
[2.712s] -- Up-to-date: /home/bayes/hssw/others/ros2project/products/cpp/service_pratice_ws/src/install/chapt4_interfaces/include/chapt4_interfaces/chapt4_interfaces/msg
[2.712s] -- Installing: /home/bayes/hssw/others/ros2project/products/cpp/service_pratice_ws/src/install/chapt4_interfaces/include/chapt4_interfaces/chapt4_interfaces/msg/rosidl_typesupport_introspection_c__visibility_control.h
[2.712s] -- Installing: /home/bayes/hssw/others/ros2project/products/cpp/service_pratice_ws/src/install/chapt4_interfaces/lib/libchapt4_interfaces__rosidl_typesupport_introspection_c.so
[2.712s] -- Set runtime path of "/home/bayes/hssw/others/ros2project/products/cpp/service_pratice_ws/src/install/chapt4_interfaces/lib/libchapt4_interfaces__rosidl_typesupport_introspection_c.so" to ""
[2.713s] -- Installing: /home/bayes/hssw/others/ros2project/products/cpp/service_pratice_ws/src/install/chapt4_interfaces/lib/libchapt4_interfaces__rosidl_typesupport_c.so
[2.713s] -- Set runtime path of "/home/bayes/hssw/others/ros2project/products/cpp/service_pratice_ws/src/install/chapt4_interfaces/lib/libchapt4_interfaces__rosidl_typesupport_c.so" to ""
[2.713s] -- Up-to-date: /home/bayes/hssw/others/ros2project/products/cpp/service_pratice_ws/src/install/chapt4_interfaces/include/chapt4_interfaces/chapt4_interfaces
[2.714s] -- Up-to-date: /home/bayes/hssw/others/ros2project/products/cpp/service_pratice_ws/src/install/chapt4_interfaces/include/chapt4_interfaces/chapt4_interfaces/srv
[2.714s] -- Installing: /home/bayes/hssw/others/ros2project/products/cpp/service_pratice_ws/src/install/chapt4_interfaces/include/chapt4_interfaces/chapt4_interfaces/srv/face_detector.hpp
[2.714s] -- Up-to-date: /home/bayes/hssw/others/ros2project/products/cpp/service_pratice_ws/src/install/chapt4_interfaces/include/chapt4_interfaces/chapt4_interfaces/srv/detail
[2.714s] -- Installing: /home/bayes/hssw/others/ros2project/products/cpp/service_pratice_ws/src/install/chapt4_interfaces/include/chapt4_interfaces/chapt4_interfaces/srv/detail/face_detector__struct.hpp
[2.714s] -- Installing: /home/bayes/hssw/others/ros2project/products/cpp/service_pratice_ws/src/install/chapt4_interfaces/include/chapt4_interfaces/chapt4_interfaces/srv/detail/face_detector__builder.hpp
[2.715s] -- Installing: /home/bayes/hssw/others/ros2project/products/cpp/service_pratice_ws/src/install/chapt4_interfaces/include/chapt4_interfaces/chapt4_interfaces/srv/detail/face_detector__type_support.hpp
[2.715s] -- Installing: /home/bayes/hssw/others/ros2project/products/cpp/service_pratice_ws/src/install/chapt4_interfaces/include/chapt4_interfaces/chapt4_interfaces/srv/detail/face_detector__traits.hpp
[2.715s] -- Up-to-date: /home/bayes/hssw/others/ros2project/products/cpp/service_pratice_ws/src/install/chapt4_interfaces/include/chapt4_interfaces/chapt4_interfaces/msg
[2.715s] -- Installing: /home/bayes/hssw/others/ros2project/products/cpp/service_pratice_ws/src/install/chapt4_interfaces/include/chapt4_interfaces/chapt4_interfaces/msg/rosidl_generator_cpp__visibility_control.hpp
[2.715s] -- Up-to-date: /home/bayes/hssw/others/ros2project/products/cpp/service_pratice_ws/src/install/chapt4_interfaces/include/chapt4_interfaces/chapt4_interfaces
[2.716s] -- Up-to-date: /home/bayes/hssw/others/ros2project/products/cpp/service_pratice_ws/src/install/chapt4_interfaces/include/chapt4_interfaces/chapt4_interfaces/srv
[2.716s] -- Up-to-date: /home/bayes/hssw/others/ros2project/products/cpp/service_pratice_ws/src/install/chapt4_interfaces/include/chapt4_interfaces/chapt4_interfaces/srv/detail
[2.716s] -- Installing: /home/bayes/hssw/others/ros2project/products/cpp/service_pratice_ws/src/install/chapt4_interfaces/include/chapt4_interfaces/chapt4_interfaces/srv/detail/dds_fastrtps
[2.716s] -- Installing: /home/bayes/hssw/others/ros2project/products/cpp/service_pratice_ws/src/install/chapt4_interfaces/include/chapt4_interfaces/chapt4_interfaces/srv/detail/face_detector__rosidl_typesupport_fastrtps_cpp.hpp
[2.716s] -- Up-to-date: /home/bayes/hssw/others/ros2project/products/cpp/service_pratice_ws/src/install/chapt4_interfaces/include/chapt4_interfaces/chapt4_interfaces/msg
[2.716s] -- Installing: /home/bayes/hssw/others/ros2project/products/cpp/service_pratice_ws/src/install/chapt4_interfaces/include/chapt4_interfaces/chapt4_interfaces/msg/rosidl_typesupport_fastrtps_cpp__visibility_control.h
[2.716s] -- Installing: /home/bayes/hssw/others/ros2project/products/cpp/service_pratice_ws/src/install/chapt4_interfaces/lib/libchapt4_interfaces__rosidl_typesupport_fastrtps_cpp.so
[2.716s] -- Set runtime path of "/home/bayes/hssw/others/ros2project/products/cpp/service_pratice_ws/src/install/chapt4_interfaces/lib/libchapt4_interfaces__rosidl_typesupport_fastrtps_cpp.so" to ""
[2.716s] -- Up-to-date: /home/bayes/hssw/others/ros2project/products/cpp/service_pratice_ws/src/install/chapt4_interfaces/include/chapt4_interfaces/chapt4_interfaces
[2.716s] -- Up-to-date: /home/bayes/hssw/others/ros2project/products/cpp/service_pratice_ws/src/install/chapt4_interfaces/include/chapt4_interfaces/chapt4_interfaces/srv
[2.716s] -- Up-to-date: /home/bayes/hssw/others/ros2project/products/cpp/service_pratice_ws/src/install/chapt4_interfaces/include/chapt4_interfaces/chapt4_interfaces/srv/detail
[2.716s] -- Installing: /home/bayes/hssw/others/ros2project/products/cpp/service_pratice_ws/src/install/chapt4_interfaces/include/chapt4_interfaces/chapt4_interfaces/srv/detail/face_detector__rosidl_typesupport_introspection_cpp.hpp
[2.717s] -- Installing: /home/bayes/hssw/others/ros2project/products/cpp/service_pratice_ws/src/install/chapt4_interfaces/include/chapt4_interfaces/chapt4_interfaces/srv/detail/face_detector__type_support.cpp
[2.717s] -- Installing: /home/bayes/hssw/others/ros2project/products/cpp/service_pratice_ws/src/install/chapt4_interfaces/lib/libchapt4_interfaces__rosidl_typesupport_introspection_cpp.so
[2.717s] -- Set runtime path of "/home/bayes/hssw/others/ros2project/products/cpp/service_pratice_ws/src/install/chapt4_interfaces/lib/libchapt4_interfaces__rosidl_typesupport_introspection_cpp.so" to ""
[2.717s] -- Installing: /home/bayes/hssw/others/ros2project/products/cpp/service_pratice_ws/src/install/chapt4_interfaces/lib/libchapt4_interfaces__rosidl_typesupport_cpp.so
[2.717s] -- Set runtime path of "/home/bayes/hssw/others/ros2project/products/cpp/service_pratice_ws/src/install/chapt4_interfaces/lib/libchapt4_interfaces__rosidl_typesupport_cpp.so" to ""
[2.717s] -- Installing: /home/bayes/hssw/others/ros2project/products/cpp/service_pratice_ws/src/install/chapt4_interfaces/share/chapt4_interfaces/environment/pythonpath.sh
[2.717s] -- Installing: /home/bayes/hssw/others/ros2project/products/cpp/service_pratice_ws/src/install/chapt4_interfaces/share/chapt4_interfaces/environment/pythonpath.dsv
[2.717s] -- Installing: /home/bayes/hssw/others/ros2project/products/cpp/service_pratice_ws/src/install/chapt4_interfaces/local/lib/python3.10/dist-packages/chapt4_interfaces-0.0.0-py3.10.egg-info
[2.717s] -- Installing: /home/bayes/hssw/others/ros2project/products/cpp/service_pratice_ws/src/install/chapt4_interfaces/local/lib/python3.10/dist-packages/chapt4_interfaces-0.0.0-py3.10.egg-info/dependency_links.txt
[2.717s] -- Installing: /home/bayes/hssw/others/ros2project/products/cpp/service_pratice_ws/src/install/chapt4_interfaces/local/lib/python3.10/dist-packages/chapt4_interfaces-0.0.0-py3.10.egg-info/PKG-INFO
[2.717s] -- Installing: /home/bayes/hssw/others/ros2project/products/cpp/service_pratice_ws/src/install/chapt4_interfaces/local/lib/python3.10/dist-packages/chapt4_interfaces-0.0.0-py3.10.egg-info/top_level.txt
[2.717s] -- Installing: /home/bayes/hssw/others/ros2project/products/cpp/service_pratice_ws/src/install/chapt4_interfaces/local/lib/python3.10/dist-packages/chapt4_interfaces-0.0.0-py3.10.egg-info/SOURCES.txt
[2.717s] -- Installing: /home/bayes/hssw/others/ros2project/products/cpp/service_pratice_ws/src/install/chapt4_interfaces/local/lib/python3.10/dist-packages/chapt4_interfaces
[2.718s] -- Installing: /home/bayes/hssw/others/ros2project/products/cpp/service_pratice_ws/src/install/chapt4_interfaces/local/lib/python3.10/dist-packages/chapt4_interfaces/chapt4_interfaces_s__rosidl_typesupport_introspection_c.cpython-310-x86_64-linux-gnu.so
[2.718s] -- Installing: /home/bayes/hssw/others/ros2project/products/cpp/service_pratice_ws/src/install/chapt4_interfaces/local/lib/python3.10/dist-packages/chapt4_interfaces/libchapt4_interfaces__rosidl_generator_py.so
[2.718s] -- Installing: /home/bayes/hssw/others/ros2project/products/cpp/service_pratice_ws/src/install/chapt4_interfaces/local/lib/python3.10/dist-packages/chapt4_interfaces/_chapt4_interfaces_s.ep.rosidl_typesupport_introspection_c.c
[2.718s] -- Installing: /home/bayes/hssw/others/ros2project/products/cpp/service_pratice_ws/src/install/chapt4_interfaces/local/lib/python3.10/dist-packages/chapt4_interfaces/_chapt4_interfaces_s.ep.rosidl_typesupport_fastrtps_c.c
[2.718s] -- Installing: /home/bayes/hssw/others/ros2project/products/cpp/service_pratice_ws/src/install/chapt4_interfaces/local/lib/python3.10/dist-packages/chapt4_interfaces/srv
[2.718s] -- Installing: /home/bayes/hssw/others/ros2project/products/cpp/service_pratice_ws/src/install/chapt4_interfaces/local/lib/python3.10/dist-packages/chapt4_interfaces/srv/_face_detector.py
[2.718s] -- Installing: /home/bayes/hssw/others/ros2project/products/cpp/service_pratice_ws/src/install/chapt4_interfaces/local/lib/python3.10/dist-packages/chapt4_interfaces/srv/__init__.py
[2.718s] -- Installing: /home/bayes/hssw/others/ros2project/products/cpp/service_pratice_ws/src/install/chapt4_interfaces/local/lib/python3.10/dist-packages/chapt4_interfaces/srv/_face_detector_s.c
[2.718s] -- Installing: /home/bayes/hssw/others/ros2project/products/cpp/service_pratice_ws/src/install/chapt4_interfaces/local/lib/python3.10/dist-packages/chapt4_interfaces/chapt4_interfaces_s__rosidl_typesupport_fastrtps_c.cpython-310-x86_64-linux-gnu.so
[2.718s] -- Installing: /home/bayes/hssw/others/ros2project/products/cpp/service_pratice_ws/src/install/chapt4_interfaces/local/lib/python3.10/dist-packages/chapt4_interfaces/__init__.py
[2.718s] -- Installing: /home/bayes/hssw/others/ros2project/products/cpp/service_pratice_ws/src/install/chapt4_interfaces/local/lib/python3.10/dist-packages/chapt4_interfaces/chapt4_interfaces_s__rosidl_typesupport_c.cpython-310-x86_64-linux-gnu.so
[2.718s] -- Installing: /home/bayes/hssw/others/ros2project/products/cpp/service_pratice_ws/src/install/chapt4_interfaces/local/lib/python3.10/dist-packages/chapt4_interfaces/_chapt4_interfaces_s.ep.rosidl_typesupport_c.c
[2.745s] Listing '/home/bayes/hssw/others/ros2project/products/cpp/service_pratice_ws/src/install/chapt4_interfaces/local/lib/python3.10/dist-packages/chapt4_interfaces'...
[2.745s] Compiling '/home/bayes/hssw/others/ros2project/products/cpp/service_pratice_ws/src/install/chapt4_interfaces/local/lib/python3.10/dist-packages/chapt4_interfaces/__init__.py'...
[2.746s] Listing '/home/bayes/hssw/others/ros2project/products/cpp/service_pratice_ws/src/install/chapt4_interfaces/local/lib/python3.10/dist-packages/chapt4_interfaces/srv'...
[2.746s] Compiling '/home/bayes/hssw/others/ros2project/products/cpp/service_pratice_ws/src/install/chapt4_interfaces/local/lib/python3.10/dist-packages/chapt4_interfaces/srv/__init__.py'...
[2.746s] Compiling '/home/bayes/hssw/others/ros2project/products/cpp/service_pratice_ws/src/install/chapt4_interfaces/local/lib/python3.10/dist-packages/chapt4_interfaces/srv/_face_detector.py'...
[2.748s] -- Installing: /home/bayes/hssw/others/ros2project/products/cpp/service_pratice_ws/src/install/chapt4_interfaces/local/lib/python3.10/dist-packages/chapt4_interfaces/chapt4_interfaces_s__rosidl_typesupport_fastrtps_c.cpython-310-x86_64-linux-gnu.so
[2.749s] -- Set runtime path of "/home/bayes/hssw/others/ros2project/products/cpp/service_pratice_ws/src/install/chapt4_interfaces/local/lib/python3.10/dist-packages/chapt4_interfaces/chapt4_interfaces_s__rosidl_typesupport_fastrtps_c.cpython-310-x86_64-linux-gnu.so" to ""
[2.749s] -- Installing: /home/bayes/hssw/others/ros2project/products/cpp/service_pratice_ws/src/install/chapt4_interfaces/local/lib/python3.10/dist-packages/chapt4_interfaces/chapt4_interfaces_s__rosidl_typesupport_introspection_c.cpython-310-x86_64-linux-gnu.so
[2.749s] -- Set runtime path of "/home/bayes/hssw/others/ros2project/products/cpp/service_pratice_ws/src/install/chapt4_interfaces/local/lib/python3.10/dist-packages/chapt4_interfaces/chapt4_interfaces_s__rosidl_typesupport_introspection_c.cpython-310-x86_64-linux-gnu.so" to ""
[2.749s] -- Installing: /home/bayes/hssw/others/ros2project/products/cpp/service_pratice_ws/src/install/chapt4_interfaces/local/lib/python3.10/dist-packages/chapt4_interfaces/chapt4_interfaces_s__rosidl_typesupport_c.cpython-310-x86_64-linux-gnu.so
[2.750s] -- Set runtime path of "/home/bayes/hssw/others/ros2project/products/cpp/service_pratice_ws/src/install/chapt4_interfaces/local/lib/python3.10/dist-packages/chapt4_interfaces/chapt4_interfaces_s__rosidl_typesupport_c.cpython-310-x86_64-linux-gnu.so" to ""
[2.750s] -- Installing: /home/bayes/hssw/others/ros2project/products/cpp/service_pratice_ws/src/install/chapt4_interfaces/lib/libchapt4_interfaces__rosidl_generator_py.so
[2.750s] -- Set runtime path of "/home/bayes/hssw/others/ros2project/products/cpp/service_pratice_ws/src/install/chapt4_interfaces/lib/libchapt4_interfaces__rosidl_generator_py.so" to ""
[2.750s] -- Installing: /home/bayes/hssw/others/ros2project/products/cpp/service_pratice_ws/src/install/chapt4_interfaces/share/chapt4_interfaces/srv/FaceDetector.idl
[2.751s] -- Installing: /home/bayes/hssw/others/ros2project/products/cpp/service_pratice_ws/src/install/chapt4_interfaces/share/chapt4_interfaces/srv/FaceDetector.srv
[2.751s] -- Installing: /home/bayes/hssw/others/ros2project/products/cpp/service_pratice_ws/src/install/chapt4_interfaces/share/chapt4_interfaces/srv/FaceDetector_Request.msg
[2.751s] -- Installing: /home/bayes/hssw/others/ros2project/products/cpp/service_pratice_ws/src/install/chapt4_interfaces/share/chapt4_interfaces/srv/FaceDetector_Response.msg
[2.751s] -- Installing: /home/bayes/hssw/others/ros2project/products/cpp/service_pratice_ws/src/install/chapt4_interfaces/share/ament_index/resource_index/package_run_dependencies/chapt4_interfaces
[2.751s] -- Installing: /home/bayes/hssw/others/ros2project/products/cpp/service_pratice_ws/src/install/chapt4_interfaces/share/ament_index/resource_index/parent_prefix_path/chapt4_interfaces
[2.751s] -- Installing: /home/bayes/hssw/others/ros2project/products/cpp/service_pratice_ws/src/install/chapt4_interfaces/share/chapt4_interfaces/environment/ament_prefix_path.sh
[2.751s] -- Installing: /home/bayes/hssw/others/ros2project/products/cpp/service_pratice_ws/src/install/chapt4_interfaces/share/chapt4_interfaces/environment/ament_prefix_path.dsv
[2.751s] -- Installing: /home/bayes/hssw/others/ros2project/products/cpp/service_pratice_ws/src/install/chapt4_interfaces/share/chapt4_interfaces/environment/path.sh
[2.752s] -- Installing: /home/bayes/hssw/others/ros2project/products/cpp/service_pratice_ws/src/install/chapt4_interfaces/share/chapt4_interfaces/environment/path.dsv
[2.752s] -- Installing: /home/bayes/hssw/others/ros2project/products/cpp/service_pratice_ws/src/install/chapt4_interfaces/share/chapt4_interfaces/local_setup.bash
[2.752s] -- Installing: /home/bayes/hssw/others/ros2project/products/cpp/service_pratice_ws/src/install/chapt4_interfaces/share/chapt4_interfaces/local_setup.sh
[2.752s] -- Installing: /home/bayes/hssw/others/ros2project/products/cpp/service_pratice_ws/src/install/chapt4_interfaces/share/chapt4_interfaces/local_setup.zsh
[2.752s] -- Installing: /home/bayes/hssw/others/ros2project/products/cpp/service_pratice_ws/src/install/chapt4_interfaces/share/chapt4_interfaces/local_setup.dsv
[2.752s] -- Installing: /home/bayes/hssw/others/ros2project/products/cpp/service_pratice_ws/src/install/chapt4_interfaces/share/chapt4_interfaces/package.dsv
[2.752s] -- Installing: /home/bayes/hssw/others/ros2project/products/cpp/service_pratice_ws/src/install/chapt4_interfaces/share/ament_index/resource_index/packages/chapt4_interfaces
[2.752s] -- Installing: /home/bayes/hssw/others/ros2project/products/cpp/service_pratice_ws/src/install/chapt4_interfaces/share/chapt4_interfaces/cmake/export_chapt4_interfaces__rosidl_generator_cExport.cmake
[2.753s] -- Installing: /home/bayes/hssw/others/ros2project/products/cpp/service_pratice_ws/src/install/chapt4_interfaces/share/chapt4_interfaces/cmake/export_chapt4_interfaces__rosidl_generator_cExport-noconfig.cmake
[2.753s] -- Installing: /home/bayes/hssw/others/ros2project/products/cpp/service_pratice_ws/src/install/chapt4_interfaces/share/chapt4_interfaces/cmake/export_chapt4_interfaces__rosidl_typesupport_fastrtps_cExport.cmake
[2.753s] -- Installing: /home/bayes/hssw/others/ros2project/products/cpp/service_pratice_ws/src/install/chapt4_interfaces/share/chapt4_interfaces/cmake/export_chapt4_interfaces__rosidl_typesupport_fastrtps_cExport-noconfig.cmake
[2.753s] -- Installing: /home/bayes/hssw/others/ros2project/products/cpp/service_pratice_ws/src/install/chapt4_interfaces/share/chapt4_interfaces/cmake/chapt4_interfaces__rosidl_typesupport_introspection_cExport.cmake
[2.753s] -- Installing: /home/bayes/hssw/others/ros2project/products/cpp/service_pratice_ws/src/install/chapt4_interfaces/share/chapt4_interfaces/cmake/chapt4_interfaces__rosidl_typesupport_introspection_cExport-noconfig.cmake
[2.753s] -- Installing: /home/bayes/hssw/others/ros2project/products/cpp/service_pratice_ws/src/install/chapt4_interfaces/share/chapt4_interfaces/cmake/chapt4_interfaces__rosidl_typesupport_cExport.cmake
[2.754s] -- Installing: /home/bayes/hssw/others/ros2project/products/cpp/service_pratice_ws/src/install/chapt4_interfaces/share/chapt4_interfaces/cmake/chapt4_interfaces__rosidl_typesupport_cExport-noconfig.cmake
[2.754s] -- Installing: /home/bayes/hssw/others/ros2project/products/cpp/service_pratice_ws/src/install/chapt4_interfaces/share/chapt4_interfaces/cmake/export_chapt4_interfaces__rosidl_generator_cppExport.cmake
[2.754s] -- Installing: /home/bayes/hssw/others/ros2project/products/cpp/service_pratice_ws/src/install/chapt4_interfaces/share/chapt4_interfaces/cmake/export_chapt4_interfaces__rosidl_typesupport_fastrtps_cppExport.cmake
[2.754s] -- Installing: /home/bayes/hssw/others/ros2project/products/cpp/service_pratice_ws/src/install/chapt4_interfaces/share/chapt4_interfaces/cmake/export_chapt4_interfaces__rosidl_typesupport_fastrtps_cppExport-noconfig.cmake
[2.754s] -- Installing: /home/bayes/hssw/others/ros2project/products/cpp/service_pratice_ws/src/install/chapt4_interfaces/share/chapt4_interfaces/cmake/chapt4_interfaces__rosidl_typesupport_introspection_cppExport.cmake
[2.754s] -- Installing: /home/bayes/hssw/others/ros2project/products/cpp/service_pratice_ws/src/install/chapt4_interfaces/share/chapt4_interfaces/cmake/chapt4_interfaces__rosidl_typesupport_introspection_cppExport-noconfig.cmake
[2.754s] -- Installing: /home/bayes/hssw/others/ros2project/products/cpp/service_pratice_ws/src/install/chapt4_interfaces/share/chapt4_interfaces/cmake/chapt4_interfaces__rosidl_typesupport_cppExport.cmake
[2.755s] -- Installing: /home/bayes/hssw/others/ros2project/products/cpp/service_pratice_ws/src/install/chapt4_interfaces/share/chapt4_interfaces/cmake/chapt4_interfaces__rosidl_typesupport_cppExport-noconfig.cmake
[2.755s] -- Installing: /home/bayes/hssw/others/ros2project/products/cpp/service_pratice_ws/src/install/chapt4_interfaces/share/chapt4_interfaces/cmake/export_chapt4_interfaces__rosidl_generator_pyExport.cmake
[2.755s] -- Installing: /home/bayes/hssw/others/ros2project/products/cpp/service_pratice_ws/src/install/chapt4_interfaces/share/chapt4_interfaces/cmake/export_chapt4_interfaces__rosidl_generator_pyExport-noconfig.cmake
[2.755s] -- Installing: /home/bayes/hssw/others/ros2project/products/cpp/service_pratice_ws/src/install/chapt4_interfaces/share/chapt4_interfaces/cmake/rosidl_cmake-extras.cmake
[2.755s] -- Installing: /home/bayes/hssw/others/ros2project/products/cpp/service_pratice_ws/src/install/chapt4_interfaces/share/chapt4_interfaces/cmake/ament_cmake_export_dependencies-extras.cmake
[2.755s] -- Installing: /home/bayes/hssw/others/ros2project/products/cpp/service_pratice_ws/src/install/chapt4_interfaces/share/chapt4_interfaces/cmake/ament_cmake_export_include_directories-extras.cmake
[2.755s] -- Installing: /home/bayes/hssw/others/ros2project/products/cpp/service_pratice_ws/src/install/chapt4_interfaces/share/chapt4_interfaces/cmake/ament_cmake_export_libraries-extras.cmake
[2.756s] -- Installing: /home/bayes/hssw/others/ros2project/products/cpp/service_pratice_ws/src/install/chapt4_interfaces/share/chapt4_interfaces/cmake/ament_cmake_export_targets-extras.cmake
[2.756s] -- Installing: /home/bayes/hssw/others/ros2project/products/cpp/service_pratice_ws/src/install/chapt4_interfaces/share/chapt4_interfaces/cmake/rosidl_cmake_export_typesupport_targets-extras.cmake
[2.756s] -- Installing: /home/bayes/hssw/others/ros2project/products/cpp/service_pratice_ws/src/install/chapt4_interfaces/share/chapt4_interfaces/cmake/rosidl_cmake_export_typesupport_libraries-extras.cmake
[2.756s] -- Installing: /home/bayes/hssw/others/ros2project/products/cpp/service_pratice_ws/src/install/chapt4_interfaces/share/chapt4_interfaces/cmake/chapt4_interfacesConfig.cmake
[2.756s] -- Installing: /home/bayes/hssw/others/ros2project/products/cpp/service_pratice_ws/src/install/chapt4_interfaces/share/chapt4_interfaces/cmake/chapt4_interfacesConfig-version.cmake
[2.756s] -- Installing: /home/bayes/hssw/others/ros2project/products/cpp/service_pratice_ws/src/install/chapt4_interfaces/share/chapt4_interfaces/package.xml
[2.758s] Invoked command in '/home/bayes/hssw/others/ros2project/products/cpp/service_pratice_ws/src/build/chapt4_interfaces' returned '0': CMAKE_PREFIX_PATH=/opt/ros/humble /usr/bin/cmake --install /home/bayes/hssw/others/ros2project/products/cpp/service_pratice_ws/src/build/chapt4_interfaces
