[0.521s] Invoking command in '/home/bayes/hssw/others/ros2project/projects/demo_python_pkg': PYTHONPATH=/home/bayes/hssw/others/ros2project/projects/build/demo_python_pkg/prefix_override:/usr/lib/python3/dist-packages/colcon_core/task/python/colcon_distutils_commands:/home/bayes/hssw/others/ros2project/projects/install/demo_python_pkg/lib/python3.10/site-packages:${PYTHONPATH} /usr/bin/python3 -W ignore:setup.py install is deprecated -W ignore:easy_install command is deprecated setup.py egg_info --egg-base ../build/demo_python_pkg build --build-base /home/bayes/hssw/others/ros2project/projects/build/demo_python_pkg/build install --record /home/bayes/hssw/others/ros2project/projects/build/demo_python_pkg/install.log --single-version-externally-managed install_data
[0.716s] running egg_info
[0.716s] writing ../build/demo_python_pkg/demo_python_pkg.egg-info/PKG-INFO
[0.717s] writing dependency_links to ../build/demo_python_pkg/demo_python_pkg.egg-info/dependency_links.txt
[0.717s] writing entry points to ../build/demo_python_pkg/demo_python_pkg.egg-info/entry_points.txt
[0.717s] writing requirements to ../build/demo_python_pkg/demo_python_pkg.egg-info/requires.txt
[0.718s] writing top-level names to ../build/demo_python_pkg/demo_python_pkg.egg-info/top_level.txt
[0.719s] reading manifest file '../build/demo_python_pkg/demo_python_pkg.egg-info/SOURCES.txt'
[0.719s] adding license file 'LICENSE'
[0.720s] writing manifest file '../build/demo_python_pkg/demo_python_pkg.egg-info/SOURCES.txt'
[0.720s] running build
[0.720s] running build_py
[0.720s] running install
[0.720s] running install_lib
[0.721s] running install_data
[0.721s] running install_egg_info
[0.723s] removing '/home/bayes/hssw/others/ros2project/projects/install/demo_python_pkg/lib/python3.10/site-packages/demo_python_pkg-0.0.0-py3.10.egg-info' (and everything under it)
[0.723s] Copying ../build/demo_python_pkg/demo_python_pkg.egg-info to /home/bayes/hssw/others/ros2project/projects/install/demo_python_pkg/lib/python3.10/site-packages/demo_python_pkg-0.0.0-py3.10.egg-info
[0.724s] running install_scripts
[0.738s] Installing python_node script to /home/bayes/hssw/others/ros2project/projects/install/demo_python_pkg/lib/demo_python_pkg
[0.739s] writing list of installed files to '/home/bayes/hssw/others/ros2project/projects/build/demo_python_pkg/install.log'
[0.757s] Invoked command in '/home/bayes/hssw/others/ros2project/projects/demo_python_pkg' returned '0': PYTHONPATH=/home/bayes/hssw/others/ros2project/projects/build/demo_python_pkg/prefix_override:/usr/lib/python3/dist-packages/colcon_core/task/python/colcon_distutils_commands:/home/bayes/hssw/others/ros2project/projects/install/demo_python_pkg/lib/python3.10/site-packages:${PYTHONPATH} /usr/bin/python3 -W ignore:setup.py install is deprecated -W ignore:easy_install command is deprecated setup.py egg_info --egg-base ../build/demo_python_pkg build --build-base /home/bayes/hssw/others/ros2project/projects/build/demo_python_pkg/build install --record /home/bayes/hssw/others/ros2project/projects/build/demo_python_pkg/install.log --single-version-externally-managed install_data
