[0.562s] Invoking command in '/home/bayes/hssw/others/ros2project/products/cpp/service_pratice_ws/src/demo_python_service': PYTHONPATH=/home/bayes/hssw/others/ros2project/products/cpp/service_pratice_ws/src/build/demo_python_service/prefix_override:/usr/lib/python3/dist-packages/colcon_core/task/python/colcon_distutils_commands:/home/bayes/hssw/others/ros2project/products/cpp/service_pratice_ws/src/install/demo_python_service/lib/python3.10/site-packages:${PYTHONPATH} /usr/bin/python3 -W ignore:setup.py install is deprecated -W ignore:easy_install command is deprecated setup.py egg_info --egg-base ../build/demo_python_service build --build-base /home/bayes/hssw/others/ros2project/products/cpp/service_pratice_ws/src/build/demo_python_service/build install --record /home/bayes/hssw/others/ros2project/products/cpp/service_pratice_ws/src/build/demo_python_service/install.log --single-version-externally-managed install_data
[0.753s] running egg_info
[0.753s] writing ../build/demo_python_service/demo_python_service.egg-info/PKG-INFO
[0.754s] writing dependency_links to ../build/demo_python_service/demo_python_service.egg-info/dependency_links.txt
[0.754s] writing entry points to ../build/demo_python_service/demo_python_service.egg-info/entry_points.txt
[0.754s] writing requirements to ../build/demo_python_service/demo_python_service.egg-info/requires.txt
[0.754s] writing top-level names to ../build/demo_python_service/demo_python_service.egg-info/top_level.txt
[0.755s] reading manifest file '../build/demo_python_service/demo_python_service.egg-info/SOURCES.txt'
[0.756s] adding license file 'LICENSE'
[0.756s] writing manifest file '../build/demo_python_service/demo_python_service.egg-info/SOURCES.txt'
[0.756s] running build
[0.756s] running build_py
[0.757s] copying demo_python_service/face_detect_client.py -> /home/bayes/hssw/others/ros2project/products/cpp/service_pratice_ws/src/build/demo_python_service/build/lib/demo_python_service
[0.757s] running install
[0.757s] running install_lib
[0.758s] copying /home/bayes/hssw/others/ros2project/products/cpp/service_pratice_ws/src/build/demo_python_service/build/lib/demo_python_service/face_detect_client.py -> /home/bayes/hssw/others/ros2project/products/cpp/service_pratice_ws/src/install/demo_python_service/lib/python3.10/site-packages/demo_python_service
[0.759s] byte-compiling /home/bayes/hssw/others/ros2project/products/cpp/service_pratice_ws/src/install/demo_python_service/lib/python3.10/site-packages/demo_python_service/face_detect_client.py to face_detect_client.cpython-310.pyc
[0.761s] running install_data
[0.761s] running install_egg_info
[0.763s] removing '/home/bayes/hssw/others/ros2project/products/cpp/service_pratice_ws/src/install/demo_python_service/lib/python3.10/site-packages/demo_python_service-0.0.0-py3.10.egg-info' (and everything under it)
[0.764s] Copying ../build/demo_python_service/demo_python_service.egg-info to /home/bayes/hssw/others/ros2project/products/cpp/service_pratice_ws/src/install/demo_python_service/lib/python3.10/site-packages/demo_python_service-0.0.0-py3.10.egg-info
[0.765s] running install_scripts
[0.783s] Installing face_detect_client_node script to /home/bayes/hssw/others/ros2project/products/cpp/service_pratice_ws/src/install/demo_python_service/lib/demo_python_service
[0.783s] Installing face_detect_service_node script to /home/bayes/hssw/others/ros2project/products/cpp/service_pratice_ws/src/install/demo_python_service/lib/demo_python_service
[0.784s] writing list of installed files to '/home/bayes/hssw/others/ros2project/products/cpp/service_pratice_ws/src/build/demo_python_service/install.log'
[0.799s] Invoked command in '/home/bayes/hssw/others/ros2project/products/cpp/service_pratice_ws/src/demo_python_service' returned '0': PYTHONPATH=/home/bayes/hssw/others/ros2project/products/cpp/service_pratice_ws/src/build/demo_python_service/prefix_override:/usr/lib/python3/dist-packages/colcon_core/task/python/colcon_distutils_commands:/home/bayes/hssw/others/ros2project/products/cpp/service_pratice_ws/src/install/demo_python_service/lib/python3.10/site-packages:${PYTHONPATH} /usr/bin/python3 -W ignore:setup.py install is deprecated -W ignore:easy_install command is deprecated setup.py egg_info --egg-base ../build/demo_python_service build --build-base /home/bayes/hssw/others/ros2project/products/cpp/service_pratice_ws/src/build/demo_python_service/build install --record /home/bayes/hssw/others/ros2project/products/cpp/service_pratice_ws/src/build/demo_python_service/install.log --single-version-externally-managed install_data
