[0.157s] DEBUG:colcon:Command line arguments: ['/usr/bin/colcon', 'build']
[0.157s] DEBUG:colcon:Parsed command line arguments: Namespace(log_base=None, log_level=None, verb_name='build', build_base='build', install_base='install', merge_install=False, symlink_install=False, test_result_base=None, continue_on_error=False, executor='parallel', parallel_workers=24, event_handlers=None, ignore_user_meta=False, metas=['./colcon.meta'], base_paths=['.'], packages_ignore=None, packages_ignore_regex=None, paths=None, packages_up_to=None, packages_up_to_regex=None, packages_above=None, packages_above_and_dependencies=None, packages_above_depth=None, packages_select_by_dep=None, packages_skip_by_dep=None, packages_skip_up_to=None, packages_select_build_failed=False, packages_skip_build_finished=False, packages_select_test_failures=False, packages_skip_test_passed=False, packages_select=None, packages_skip=None, packages_select_regex=None, packages_skip_regex=None, packages_start=None, packages_end=None, allow_overriding=[], cmake_args=None, cmake_target=None, cmake_target_skip_unavailable=False, cmake_clean_cache=False, cmake_clean_first=False, cmake_force_configure=False, ament_cmake_args=None, catkin_cmake_args=None, catkin_skip_building_tests=False, verb_parser=<colcon_defaults.argument_parser.defaults.DefaultArgumentsDecorator object at 0x74502077e1d0>, verb_extension=<colcon_core.verb.build.BuildVerb object at 0x74502077dd80>, main=<bound method BuildVerb.main of <colcon_core.verb.build.BuildVerb object at 0x74502077dd80>>)
[0.415s] Level 1:colcon.colcon_core.package_discovery:discover_packages(colcon_meta) check parameters
[0.415s] Level 1:colcon.colcon_core.package_discovery:discover_packages(recursive) check parameters
[0.415s] Level 1:colcon.colcon_core.package_discovery:discover_packages(ignore) check parameters
[0.416s] Level 1:colcon.colcon_core.package_discovery:discover_packages(path) check parameters
[0.416s] Level 1:colcon.colcon_core.package_discovery:discover_packages(colcon_meta) discover
[0.416s] Level 1:colcon.colcon_core.package_discovery:discover_packages(recursive) discover
[0.416s] INFO:colcon.colcon_core.package_discovery:Crawling recursively for packages in '/home/bayes/hssw/others/ros2project/products/cpp/service_pratice_ws/src'
[0.416s] Level 1:colcon.colcon_core.package_identification:_identify(.) by extensions ['ignore', 'ignore_ament_install']
[0.416s] Level 1:colcon.colcon_core.package_identification:_identify(.) by extension 'ignore'
[0.416s] Level 1:colcon.colcon_core.package_identification:_identify(.) by extension 'ignore_ament_install'
[0.416s] Level 1:colcon.colcon_core.package_identification:_identify(.) by extensions ['colcon_pkg']
[0.416s] Level 1:colcon.colcon_core.package_identification:_identify(.) by extension 'colcon_pkg'
[0.416s] Level 1:colcon.colcon_core.package_identification:_identify(.) by extensions ['colcon_meta']
[0.416s] Level 1:colcon.colcon_core.package_identification:_identify(.) by extension 'colcon_meta'
[0.416s] Level 1:colcon.colcon_core.package_identification:_identify(.) by extensions ['ros']
[0.416s] Level 1:colcon.colcon_core.package_identification:_identify(.) by extension 'ros'
[0.433s] Level 1:colcon.colcon_core.package_identification:_identify(.) by extensions ['cmake', 'python']
[0.433s] Level 1:colcon.colcon_core.package_identification:_identify(.) by extension 'cmake'
[0.433s] Level 1:colcon.colcon_core.package_identification:_identify(.) by extension 'python'
[0.433s] Level 1:colcon.colcon_core.package_identification:_identify(.) by extensions ['python_setup_py']
[0.434s] Level 1:colcon.colcon_core.package_identification:_identify(.) by extension 'python_setup_py'
[0.434s] Level 1:colcon.colcon_core.package_identification:_identify(build) by extensions ['ignore', 'ignore_ament_install']
[0.434s] Level 1:colcon.colcon_core.package_identification:_identify(build) by extension 'ignore'
[0.434s] Level 1:colcon.colcon_core.package_identification:_identify(build) ignored
[0.434s] Level 1:colcon.colcon_core.package_identification:_identify(chapt4_interfaces) by extensions ['ignore', 'ignore_ament_install']
[0.434s] Level 1:colcon.colcon_core.package_identification:_identify(chapt4_interfaces) by extension 'ignore'
[0.434s] Level 1:colcon.colcon_core.package_identification:_identify(chapt4_interfaces) by extension 'ignore_ament_install'
[0.434s] Level 1:colcon.colcon_core.package_identification:_identify(chapt4_interfaces) by extensions ['colcon_pkg']
[0.434s] Level 1:colcon.colcon_core.package_identification:_identify(chapt4_interfaces) by extension 'colcon_pkg'
[0.434s] Level 1:colcon.colcon_core.package_identification:_identify(chapt4_interfaces) by extensions ['colcon_meta']
[0.434s] Level 1:colcon.colcon_core.package_identification:_identify(chapt4_interfaces) by extension 'colcon_meta'
[0.434s] Level 1:colcon.colcon_core.package_identification:_identify(chapt4_interfaces) by extensions ['ros']
[0.434s] Level 1:colcon.colcon_core.package_identification:_identify(chapt4_interfaces) by extension 'ros'
[0.437s] DEBUG:colcon.colcon_core.package_identification:Package 'chapt4_interfaces' with type 'ros.ament_cmake' and name 'chapt4_interfaces'
[0.437s] Level 1:colcon.colcon_core.package_identification:_identify(demo_cpp_service) by extensions ['ignore', 'ignore_ament_install']
[0.437s] Level 1:colcon.colcon_core.package_identification:_identify(demo_cpp_service) by extension 'ignore'
[0.437s] Level 1:colcon.colcon_core.package_identification:_identify(demo_cpp_service) by extension 'ignore_ament_install'
[0.437s] Level 1:colcon.colcon_core.package_identification:_identify(demo_cpp_service) by extensions ['colcon_pkg']
[0.437s] Level 1:colcon.colcon_core.package_identification:_identify(demo_cpp_service) by extension 'colcon_pkg'
[0.437s] Level 1:colcon.colcon_core.package_identification:_identify(demo_cpp_service) by extensions ['colcon_meta']
[0.437s] Level 1:colcon.colcon_core.package_identification:_identify(demo_cpp_service) by extension 'colcon_meta'
[0.437s] Level 1:colcon.colcon_core.package_identification:_identify(demo_cpp_service) by extensions ['ros']
[0.437s] Level 1:colcon.colcon_core.package_identification:_identify(demo_cpp_service) by extension 'ros'
[0.438s] DEBUG:colcon.colcon_core.package_identification:Package 'demo_cpp_service' with type 'ros.ament_cmake' and name 'demo_cpp_service'
[0.438s] Level 1:colcon.colcon_core.package_identification:_identify(demo_python_service) by extensions ['ignore', 'ignore_ament_install']
[0.438s] Level 1:colcon.colcon_core.package_identification:_identify(demo_python_service) by extension 'ignore'
[0.438s] Level 1:colcon.colcon_core.package_identification:_identify(demo_python_service) by extension 'ignore_ament_install'
[0.438s] Level 1:colcon.colcon_core.package_identification:_identify(demo_python_service) by extensions ['colcon_pkg']
[0.438s] Level 1:colcon.colcon_core.package_identification:_identify(demo_python_service) by extension 'colcon_pkg'
[0.438s] Level 1:colcon.colcon_core.package_identification:_identify(demo_python_service) by extensions ['colcon_meta']
[0.438s] Level 1:colcon.colcon_core.package_identification:_identify(demo_python_service) by extension 'colcon_meta'
[0.438s] Level 1:colcon.colcon_core.package_identification:_identify(demo_python_service) by extensions ['ros']
[0.438s] Level 1:colcon.colcon_core.package_identification:_identify(demo_python_service) by extension 'ros'
[0.439s] DEBUG:colcon.colcon_core.package_identification:Package 'demo_python_service' with type 'ros.ament_python' and name 'demo_python_service'
[0.439s] Level 1:colcon.colcon_core.package_identification:_identify(install) by extensions ['ignore', 'ignore_ament_install']
[0.439s] Level 1:colcon.colcon_core.package_identification:_identify(install) by extension 'ignore'
[0.439s] Level 1:colcon.colcon_core.package_identification:_identify(install) ignored
[0.439s] Level 1:colcon.colcon_core.package_identification:_identify(log) by extensions ['ignore', 'ignore_ament_install']
[0.439s] Level 1:colcon.colcon_core.package_identification:_identify(log) by extension 'ignore'
[0.439s] Level 1:colcon.colcon_core.package_identification:_identify(log) ignored
[0.439s] Level 1:colcon.colcon_core.package_discovery:discover_packages(recursive) using defaults
[0.439s] Level 1:colcon.colcon_core.package_discovery:discover_packages(ignore) discover
[0.439s] Level 1:colcon.colcon_core.package_discovery:discover_packages(ignore) using defaults
[0.439s] Level 1:colcon.colcon_core.package_discovery:discover_packages(path) discover
[0.439s] Level 1:colcon.colcon_core.package_discovery:discover_packages(path) using defaults
[0.460s] Level 1:colcon.colcon_core.package_discovery:discover_packages(prefix_path) check parameters
[0.460s] Level 1:colcon.colcon_core.package_discovery:discover_packages(prefix_path) discover
[0.463s] DEBUG:colcon.colcon_installed_package_information.package_discovery:Found 3 installed packages in /home/bayes/hssw/others/ros2project/products/cpp/service_pratice_ws/src/install
[0.465s] DEBUG:colcon.colcon_installed_package_information.package_discovery:Found 271 installed packages in /opt/ros/humble
[0.466s] Level 1:colcon.colcon_core.package_discovery:discover_packages(prefix_path) using defaults
[0.526s] Level 5:colcon.colcon_core.verb:set package 'chapt4_interfaces' build argument 'cmake_args' from command line to 'None'
[0.526s] Level 5:colcon.colcon_core.verb:set package 'chapt4_interfaces' build argument 'cmake_target' from command line to 'None'
[0.526s] Level 5:colcon.colcon_core.verb:set package 'chapt4_interfaces' build argument 'cmake_target_skip_unavailable' from command line to 'False'
[0.526s] Level 5:colcon.colcon_core.verb:set package 'chapt4_interfaces' build argument 'cmake_clean_cache' from command line to 'False'
[0.526s] Level 5:colcon.colcon_core.verb:set package 'chapt4_interfaces' build argument 'cmake_clean_first' from command line to 'False'
[0.526s] Level 5:colcon.colcon_core.verb:set package 'chapt4_interfaces' build argument 'cmake_force_configure' from command line to 'False'
[0.526s] Level 5:colcon.colcon_core.verb:set package 'chapt4_interfaces' build argument 'ament_cmake_args' from command line to 'None'
[0.526s] Level 5:colcon.colcon_core.verb:set package 'chapt4_interfaces' build argument 'catkin_cmake_args' from command line to 'None'
[0.526s] Level 5:colcon.colcon_core.verb:set package 'chapt4_interfaces' build argument 'catkin_skip_building_tests' from command line to 'False'
[0.527s] DEBUG:colcon.colcon_core.verb:Building package 'chapt4_interfaces' with the following arguments: {'ament_cmake_args': None, 'build_base': '/home/bayes/hssw/others/ros2project/products/cpp/service_pratice_ws/src/build/chapt4_interfaces', 'catkin_cmake_args': None, 'catkin_skip_building_tests': False, 'cmake_args': None, 'cmake_clean_cache': False, 'cmake_clean_first': False, 'cmake_force_configure': False, 'cmake_target': None, 'cmake_target_skip_unavailable': False, 'install_base': '/home/bayes/hssw/others/ros2project/products/cpp/service_pratice_ws/src/install/chapt4_interfaces', 'merge_install': False, 'path': '/home/bayes/hssw/others/ros2project/products/cpp/service_pratice_ws/src/chapt4_interfaces', 'symlink_install': False, 'test_result_base': None}
[0.527s] Level 5:colcon.colcon_core.verb:set package 'demo_cpp_service' build argument 'cmake_args' from command line to 'None'
[0.527s] Level 5:colcon.colcon_core.verb:set package 'demo_cpp_service' build argument 'cmake_target' from command line to 'None'
[0.527s] Level 5:colcon.colcon_core.verb:set package 'demo_cpp_service' build argument 'cmake_target_skip_unavailable' from command line to 'False'
[0.527s] Level 5:colcon.colcon_core.verb:set package 'demo_cpp_service' build argument 'cmake_clean_cache' from command line to 'False'
[0.527s] Level 5:colcon.colcon_core.verb:set package 'demo_cpp_service' build argument 'cmake_clean_first' from command line to 'False'
[0.527s] Level 5:colcon.colcon_core.verb:set package 'demo_cpp_service' build argument 'cmake_force_configure' from command line to 'False'
[0.527s] Level 5:colcon.colcon_core.verb:set package 'demo_cpp_service' build argument 'ament_cmake_args' from command line to 'None'
[0.527s] Level 5:colcon.colcon_core.verb:set package 'demo_cpp_service' build argument 'catkin_cmake_args' from command line to 'None'
[0.527s] Level 5:colcon.colcon_core.verb:set package 'demo_cpp_service' build argument 'catkin_skip_building_tests' from command line to 'False'
[0.527s] DEBUG:colcon.colcon_core.verb:Building package 'demo_cpp_service' with the following arguments: {'ament_cmake_args': None, 'build_base': '/home/bayes/hssw/others/ros2project/products/cpp/service_pratice_ws/src/build/demo_cpp_service', 'catkin_cmake_args': None, 'catkin_skip_building_tests': False, 'cmake_args': None, 'cmake_clean_cache': False, 'cmake_clean_first': False, 'cmake_force_configure': False, 'cmake_target': None, 'cmake_target_skip_unavailable': False, 'install_base': '/home/bayes/hssw/others/ros2project/products/cpp/service_pratice_ws/src/install/demo_cpp_service', 'merge_install': False, 'path': '/home/bayes/hssw/others/ros2project/products/cpp/service_pratice_ws/src/demo_cpp_service', 'symlink_install': False, 'test_result_base': None}
[0.527s] Level 5:colcon.colcon_core.verb:set package 'demo_python_service' build argument 'cmake_args' from command line to 'None'
[0.527s] Level 5:colcon.colcon_core.verb:set package 'demo_python_service' build argument 'cmake_target' from command line to 'None'
[0.527s] Level 5:colcon.colcon_core.verb:set package 'demo_python_service' build argument 'cmake_target_skip_unavailable' from command line to 'False'
[0.527s] Level 5:colcon.colcon_core.verb:set package 'demo_python_service' build argument 'cmake_clean_cache' from command line to 'False'
[0.527s] Level 5:colcon.colcon_core.verb:set package 'demo_python_service' build argument 'cmake_clean_first' from command line to 'False'
[0.527s] Level 5:colcon.colcon_core.verb:set package 'demo_python_service' build argument 'cmake_force_configure' from command line to 'False'
[0.527s] Level 5:colcon.colcon_core.verb:set package 'demo_python_service' build argument 'ament_cmake_args' from command line to 'None'
[0.527s] Level 5:colcon.colcon_core.verb:set package 'demo_python_service' build argument 'catkin_cmake_args' from command line to 'None'
[0.527s] Level 5:colcon.colcon_core.verb:set package 'demo_python_service' build argument 'catkin_skip_building_tests' from command line to 'False'
[0.527s] DEBUG:colcon.colcon_core.verb:Building package 'demo_python_service' with the following arguments: {'ament_cmake_args': None, 'build_base': '/home/bayes/hssw/others/ros2project/products/cpp/service_pratice_ws/src/build/demo_python_service', 'catkin_cmake_args': None, 'catkin_skip_building_tests': False, 'cmake_args': None, 'cmake_clean_cache': False, 'cmake_clean_first': False, 'cmake_force_configure': False, 'cmake_target': None, 'cmake_target_skip_unavailable': False, 'install_base': '/home/bayes/hssw/others/ros2project/products/cpp/service_pratice_ws/src/install/demo_python_service', 'merge_install': False, 'path': '/home/bayes/hssw/others/ros2project/products/cpp/service_pratice_ws/src/demo_python_service', 'symlink_install': False, 'test_result_base': None}
[0.528s] INFO:colcon.colcon_core.executor:Executing jobs using 'parallel' executor
[0.528s] DEBUG:colcon.colcon_parallel_executor.executor.parallel:run_until_complete
[0.529s] INFO:colcon.colcon_ros.task.ament_cmake.build:Building ROS package in '/home/bayes/hssw/others/ros2project/products/cpp/service_pratice_ws/src/chapt4_interfaces' with build type 'ament_cmake'
[0.529s] INFO:colcon.colcon_cmake.task.cmake.build:Building CMake package in '/home/bayes/hssw/others/ros2project/products/cpp/service_pratice_ws/src/chapt4_interfaces'
[0.533s] INFO:colcon.colcon_core.plugin_system:Skipping extension 'colcon_core.shell.bat': Not used on non-Windows systems
[0.534s] INFO:colcon.colcon_core.shell:Skip shell extension 'powershell' for command environment: Not usable outside of PowerShell
[0.534s] DEBUG:colcon.colcon_core.shell:Skip shell extension 'dsv' for command environment
[0.537s] INFO:colcon.colcon_ros.task.ament_cmake.build:Building ROS package in '/home/bayes/hssw/others/ros2project/products/cpp/service_pratice_ws/src/demo_cpp_service' with build type 'ament_cmake'
[0.538s] INFO:colcon.colcon_cmake.task.cmake.build:Building CMake package in '/home/bayes/hssw/others/ros2project/products/cpp/service_pratice_ws/src/demo_cpp_service'
[0.538s] INFO:colcon.colcon_core.shell:Skip shell extension 'powershell' for command environment: Not usable outside of PowerShell
[0.538s] DEBUG:colcon.colcon_core.shell:Skip shell extension 'dsv' for command environment
[0.544s] DEBUG:colcon.colcon_core.event_handler.log_command:Invoking command in '/home/bayes/hssw/others/ros2project/products/cpp/service_pratice_ws/src/build/chapt4_interfaces': CMAKE_PREFIX_PATH=${CMAKE_PREFIX_PATH}:/home/bayes/hssw/others/ros2project/products/cpp/service_pratice_ws/src/install/demo_python_service:/opt/ros/humble /usr/bin/cmake --build /home/bayes/hssw/others/ros2project/products/cpp/service_pratice_ws/src/build/chapt4_interfaces -- -j24 -l24
[0.553s] DEBUG:colcon.colcon_core.event_handler.log_command:Invoking command in '/home/bayes/hssw/others/ros2project/products/cpp/service_pratice_ws/src/build/demo_cpp_service': CMAKE_PREFIX_PATH=${CMAKE_PREFIX_PATH}:/home/bayes/hssw/others/ros2project/products/cpp/service_pratice_ws/src/install/demo_python_service:/opt/ros/humble /usr/bin/cmake /home/bayes/hssw/others/ros2project/products/cpp/service_pratice_ws/src/demo_cpp_service -DCMAKE_INSTALL_PREFIX=/home/bayes/hssw/others/ros2project/products/cpp/service_pratice_ws/src/install/demo_cpp_service
[0.890s] DEBUG:colcon.colcon_core.event_handler.log_command:Invoked command in '/home/bayes/hssw/others/ros2project/products/cpp/service_pratice_ws/src/build/chapt4_interfaces' returned '0': CMAKE_PREFIX_PATH=${CMAKE_PREFIX_PATH}:/home/bayes/hssw/others/ros2project/products/cpp/service_pratice_ws/src/install/demo_python_service:/opt/ros/humble /usr/bin/cmake --build /home/bayes/hssw/others/ros2project/products/cpp/service_pratice_ws/src/build/chapt4_interfaces -- -j24 -l24
[0.900s] DEBUG:colcon.colcon_core.event_handler.log_command:Invoking command in '/home/bayes/hssw/others/ros2project/products/cpp/service_pratice_ws/src/build/chapt4_interfaces': CMAKE_PREFIX_PATH=${CMAKE_PREFIX_PATH}:/home/bayes/hssw/others/ros2project/products/cpp/service_pratice_ws/src/install/demo_python_service:/opt/ros/humble /usr/bin/cmake --install /home/bayes/hssw/others/ros2project/products/cpp/service_pratice_ws/src/build/chapt4_interfaces
[0.964s] Level 1:colcon.colcon_core.environment:create_environment_scripts_only(chapt4_interfaces)
[0.964s] DEBUG:colcon.colcon_core.event_handler.log_command:Invoked command in '/home/bayes/hssw/others/ros2project/products/cpp/service_pratice_ws/src/build/chapt4_interfaces' returned '0': CMAKE_PREFIX_PATH=${CMAKE_PREFIX_PATH}:/home/bayes/hssw/others/ros2project/products/cpp/service_pratice_ws/src/install/demo_python_service:/opt/ros/humble /usr/bin/cmake --install /home/bayes/hssw/others/ros2project/products/cpp/service_pratice_ws/src/build/chapt4_interfaces
[0.974s] Level 1:colcon.colcon_core.environment:checking '/home/bayes/hssw/others/ros2project/products/cpp/service_pratice_ws/src/install/chapt4_interfaces' for CMake module files
[0.975s] Level 1:colcon.colcon_core.environment:checking '/home/bayes/hssw/others/ros2project/products/cpp/service_pratice_ws/src/install/chapt4_interfaces' for CMake config files
[0.975s] Level 1:colcon.colcon_core.shell:create_environment_hook('chapt4_interfaces', 'cmake_prefix_path')
[0.976s] INFO:colcon.colcon_core.shell:Creating environment hook '/home/bayes/hssw/others/ros2project/products/cpp/service_pratice_ws/src/install/chapt4_interfaces/share/chapt4_interfaces/hook/cmake_prefix_path.ps1'
[0.976s] INFO:colcon.colcon_core.shell:Creating environment descriptor '/home/bayes/hssw/others/ros2project/products/cpp/service_pratice_ws/src/install/chapt4_interfaces/share/chapt4_interfaces/hook/cmake_prefix_path.dsv'
[0.977s] INFO:colcon.colcon_core.shell:Creating environment hook '/home/bayes/hssw/others/ros2project/products/cpp/service_pratice_ws/src/install/chapt4_interfaces/share/chapt4_interfaces/hook/cmake_prefix_path.sh'
[0.978s] Level 1:colcon.colcon_core.environment:checking '/home/bayes/hssw/others/ros2project/products/cpp/service_pratice_ws/src/install/chapt4_interfaces/lib'
[0.978s] Level 1:colcon.colcon_core.shell:create_environment_hook('chapt4_interfaces', 'ld_library_path_lib')
[0.978s] INFO:colcon.colcon_core.shell:Creating environment hook '/home/bayes/hssw/others/ros2project/products/cpp/service_pratice_ws/src/install/chapt4_interfaces/share/chapt4_interfaces/hook/ld_library_path_lib.ps1'
[0.979s] INFO:colcon.colcon_core.shell:Creating environment descriptor '/home/bayes/hssw/others/ros2project/products/cpp/service_pratice_ws/src/install/chapt4_interfaces/share/chapt4_interfaces/hook/ld_library_path_lib.dsv'
[0.979s] INFO:colcon.colcon_core.shell:Creating environment hook '/home/bayes/hssw/others/ros2project/products/cpp/service_pratice_ws/src/install/chapt4_interfaces/share/chapt4_interfaces/hook/ld_library_path_lib.sh'
[0.979s] Level 1:colcon.colcon_core.environment:checking '/home/bayes/hssw/others/ros2project/products/cpp/service_pratice_ws/src/install/chapt4_interfaces/bin'
[0.979s] Level 1:colcon.colcon_core.environment:checking '/home/bayes/hssw/others/ros2project/products/cpp/service_pratice_ws/src/install/chapt4_interfaces/lib/pkgconfig/chapt4_interfaces.pc'
[0.980s] Level 1:colcon.colcon_core.environment:checking '/home/bayes/hssw/others/ros2project/products/cpp/service_pratice_ws/src/install/chapt4_interfaces/lib/python3.10/site-packages'
[0.980s] Level 1:colcon.colcon_core.environment:checking '/home/bayes/hssw/others/ros2project/products/cpp/service_pratice_ws/src/install/chapt4_interfaces/bin'
[0.980s] INFO:colcon.colcon_core.shell:Creating package script '/home/bayes/hssw/others/ros2project/products/cpp/service_pratice_ws/src/install/chapt4_interfaces/share/chapt4_interfaces/package.ps1'
[0.981s] INFO:colcon.colcon_core.shell:Creating package descriptor '/home/bayes/hssw/others/ros2project/products/cpp/service_pratice_ws/src/install/chapt4_interfaces/share/chapt4_interfaces/package.dsv'
[0.982s] INFO:colcon.colcon_core.shell:Creating package script '/home/bayes/hssw/others/ros2project/products/cpp/service_pratice_ws/src/install/chapt4_interfaces/share/chapt4_interfaces/package.sh'
[0.982s] INFO:colcon.colcon_core.shell:Creating package script '/home/bayes/hssw/others/ros2project/products/cpp/service_pratice_ws/src/install/chapt4_interfaces/share/chapt4_interfaces/package.bash'
[0.983s] INFO:colcon.colcon_core.shell:Creating package script '/home/bayes/hssw/others/ros2project/products/cpp/service_pratice_ws/src/install/chapt4_interfaces/share/chapt4_interfaces/package.zsh'
[0.984s] Level 1:colcon.colcon_core.environment:create_file_with_runtime_dependencies(/home/bayes/hssw/others/ros2project/products/cpp/service_pratice_ws/src/install/chapt4_interfaces/share/colcon-core/packages/chapt4_interfaces)
[0.985s] Level 1:colcon.colcon_core.environment:create_environment_scripts_only(chapt4_interfaces)
[0.985s] Level 1:colcon.colcon_core.environment:checking '/home/bayes/hssw/others/ros2project/products/cpp/service_pratice_ws/src/install/chapt4_interfaces' for CMake module files
[0.985s] Level 1:colcon.colcon_core.environment:checking '/home/bayes/hssw/others/ros2project/products/cpp/service_pratice_ws/src/install/chapt4_interfaces' for CMake config files
[0.986s] Level 1:colcon.colcon_core.shell:create_environment_hook('chapt4_interfaces', 'cmake_prefix_path')
[0.986s] INFO:colcon.colcon_core.shell:Creating environment hook '/home/bayes/hssw/others/ros2project/products/cpp/service_pratice_ws/src/install/chapt4_interfaces/share/chapt4_interfaces/hook/cmake_prefix_path.ps1'
[0.986s] INFO:colcon.colcon_core.shell:Creating environment descriptor '/home/bayes/hssw/others/ros2project/products/cpp/service_pratice_ws/src/install/chapt4_interfaces/share/chapt4_interfaces/hook/cmake_prefix_path.dsv'
[0.987s] INFO:colcon.colcon_core.shell:Creating environment hook '/home/bayes/hssw/others/ros2project/products/cpp/service_pratice_ws/src/install/chapt4_interfaces/share/chapt4_interfaces/hook/cmake_prefix_path.sh'
[0.987s] Level 1:colcon.colcon_core.environment:checking '/home/bayes/hssw/others/ros2project/products/cpp/service_pratice_ws/src/install/chapt4_interfaces/lib'
[0.987s] Level 1:colcon.colcon_core.shell:create_environment_hook('chapt4_interfaces', 'ld_library_path_lib')
[0.987s] INFO:colcon.colcon_core.shell:Creating environment hook '/home/bayes/hssw/others/ros2project/products/cpp/service_pratice_ws/src/install/chapt4_interfaces/share/chapt4_interfaces/hook/ld_library_path_lib.ps1'
[0.988s] INFO:colcon.colcon_core.shell:Creating environment descriptor '/home/bayes/hssw/others/ros2project/products/cpp/service_pratice_ws/src/install/chapt4_interfaces/share/chapt4_interfaces/hook/ld_library_path_lib.dsv'
[0.988s] INFO:colcon.colcon_core.shell:Creating environment hook '/home/bayes/hssw/others/ros2project/products/cpp/service_pratice_ws/src/install/chapt4_interfaces/share/chapt4_interfaces/hook/ld_library_path_lib.sh'
[0.988s] Level 1:colcon.colcon_core.environment:checking '/home/bayes/hssw/others/ros2project/products/cpp/service_pratice_ws/src/install/chapt4_interfaces/bin'
[0.988s] Level 1:colcon.colcon_core.environment:checking '/home/bayes/hssw/others/ros2project/products/cpp/service_pratice_ws/src/install/chapt4_interfaces/lib/pkgconfig/chapt4_interfaces.pc'
[0.989s] Level 1:colcon.colcon_core.environment:checking '/home/bayes/hssw/others/ros2project/products/cpp/service_pratice_ws/src/install/chapt4_interfaces/lib/python3.10/site-packages'
[0.989s] Level 1:colcon.colcon_core.environment:checking '/home/bayes/hssw/others/ros2project/products/cpp/service_pratice_ws/src/install/chapt4_interfaces/bin'
[0.989s] INFO:colcon.colcon_core.shell:Creating package script '/home/bayes/hssw/others/ros2project/products/cpp/service_pratice_ws/src/install/chapt4_interfaces/share/chapt4_interfaces/package.ps1'
[0.990s] INFO:colcon.colcon_core.shell:Creating package descriptor '/home/bayes/hssw/others/ros2project/products/cpp/service_pratice_ws/src/install/chapt4_interfaces/share/chapt4_interfaces/package.dsv'
[0.990s] INFO:colcon.colcon_core.shell:Creating package script '/home/bayes/hssw/others/ros2project/products/cpp/service_pratice_ws/src/install/chapt4_interfaces/share/chapt4_interfaces/package.sh'
[0.990s] INFO:colcon.colcon_core.shell:Creating package script '/home/bayes/hssw/others/ros2project/products/cpp/service_pratice_ws/src/install/chapt4_interfaces/share/chapt4_interfaces/package.bash'
[0.991s] INFO:colcon.colcon_core.shell:Creating package script '/home/bayes/hssw/others/ros2project/products/cpp/service_pratice_ws/src/install/chapt4_interfaces/share/chapt4_interfaces/package.zsh'
[0.991s] Level 1:colcon.colcon_core.environment:create_file_with_runtime_dependencies(/home/bayes/hssw/others/ros2project/products/cpp/service_pratice_ws/src/install/chapt4_interfaces/share/colcon-core/packages/chapt4_interfaces)
[0.992s] INFO:colcon.colcon_ros.task.ament_python.build:Building ROS package in '/home/bayes/hssw/others/ros2project/products/cpp/service_pratice_ws/src/demo_python_service' with build type 'ament_python'
[0.992s] Level 1:colcon.colcon_core.shell:create_environment_hook('demo_python_service', 'ament_prefix_path')
[0.992s] INFO:colcon.colcon_core.shell:Creating environment hook '/home/bayes/hssw/others/ros2project/products/cpp/service_pratice_ws/src/install/demo_python_service/share/demo_python_service/hook/ament_prefix_path.ps1'
[0.993s] INFO:colcon.colcon_core.shell:Creating environment descriptor '/home/bayes/hssw/others/ros2project/products/cpp/service_pratice_ws/src/install/demo_python_service/share/demo_python_service/hook/ament_prefix_path.dsv'
[0.993s] INFO:colcon.colcon_core.shell:Creating environment hook '/home/bayes/hssw/others/ros2project/products/cpp/service_pratice_ws/src/install/demo_python_service/share/demo_python_service/hook/ament_prefix_path.sh'
[0.994s] INFO:colcon.colcon_core.shell:Skip shell extension 'powershell' for command environment: Not usable outside of PowerShell
[0.994s] DEBUG:colcon.colcon_core.shell:Skip shell extension 'dsv' for command environment
[0.998s] DEBUG:colcon.colcon_core.event_handler.log_command:Invoked command in '/home/bayes/hssw/others/ros2project/products/cpp/service_pratice_ws/src/build/demo_cpp_service' returned '1': CMAKE_PREFIX_PATH=${CMAKE_PREFIX_PATH}:/home/bayes/hssw/others/ros2project/products/cpp/service_pratice_ws/src/install/demo_python_service:/opt/ros/humble /usr/bin/cmake /home/bayes/hssw/others/ros2project/products/cpp/service_pratice_ws/src/demo_cpp_service -DCMAKE_INSTALL_PREFIX=/home/bayes/hssw/others/ros2project/products/cpp/service_pratice_ws/src/install/demo_cpp_service
[1.211s] INFO:colcon.colcon_core.task.python.build:Building Python package in '/home/bayes/hssw/others/ros2project/products/cpp/service_pratice_ws/src/demo_python_service'
[1.211s] INFO:colcon.colcon_core.shell:Skip shell extension 'powershell' for command environment: Not usable outside of PowerShell
[1.211s] DEBUG:colcon.colcon_core.shell:Skip shell extension 'dsv' for command environment
[1.216s] Level 1:colcon.colcon_core.environment:create_environment_scripts_only(demo_cpp_service)
[1.216s] Level 1:colcon.colcon_core.environment:checking '/home/bayes/hssw/others/ros2project/products/cpp/service_pratice_ws/src/install/demo_cpp_service' for CMake module files
[1.217s] Level 1:colcon.colcon_core.environment:checking '/home/bayes/hssw/others/ros2project/products/cpp/service_pratice_ws/src/install/demo_cpp_service' for CMake config files
[1.217s] Level 1:colcon.colcon_core.environment:checking '/home/bayes/hssw/others/ros2project/products/cpp/service_pratice_ws/src/install/demo_cpp_service/bin'
[1.217s] Level 1:colcon.colcon_core.environment:checking '/home/bayes/hssw/others/ros2project/products/cpp/service_pratice_ws/src/install/demo_cpp_service/lib/pkgconfig/demo_cpp_service.pc'
[1.217s] Level 1:colcon.colcon_core.environment:checking '/home/bayes/hssw/others/ros2project/products/cpp/service_pratice_ws/src/install/demo_cpp_service/lib/python3.10/site-packages'
[1.217s] Level 1:colcon.colcon_core.environment:checking '/home/bayes/hssw/others/ros2project/products/cpp/service_pratice_ws/src/install/demo_cpp_service/bin'
[1.217s] INFO:colcon.colcon_core.shell:Creating package script '/home/bayes/hssw/others/ros2project/products/cpp/service_pratice_ws/src/install/demo_cpp_service/share/demo_cpp_service/package.ps1'
[1.218s] INFO:colcon.colcon_core.shell:Creating package descriptor '/home/bayes/hssw/others/ros2project/products/cpp/service_pratice_ws/src/install/demo_cpp_service/share/demo_cpp_service/package.dsv'
[1.218s] INFO:colcon.colcon_core.shell:Creating package script '/home/bayes/hssw/others/ros2project/products/cpp/service_pratice_ws/src/install/demo_cpp_service/share/demo_cpp_service/package.sh'
[1.218s] INFO:colcon.colcon_core.shell:Creating package script '/home/bayes/hssw/others/ros2project/products/cpp/service_pratice_ws/src/install/demo_cpp_service/share/demo_cpp_service/package.bash'
[1.219s] INFO:colcon.colcon_core.shell:Creating package script '/home/bayes/hssw/others/ros2project/products/cpp/service_pratice_ws/src/install/demo_cpp_service/share/demo_cpp_service/package.zsh'
[1.219s] Level 1:colcon.colcon_core.environment:create_file_with_runtime_dependencies(/home/bayes/hssw/others/ros2project/products/cpp/service_pratice_ws/src/install/demo_cpp_service/share/colcon-core/packages/demo_cpp_service)
[1.231s] DEBUG:colcon.colcon_parallel_executor.executor.parallel:closing loop
[1.231s] DEBUG:colcon.colcon_parallel_executor.executor.parallel:loop closed
[1.231s] DEBUG:colcon.colcon_parallel_executor.executor.parallel:run_until_complete finished with '1'
[1.232s] DEBUG:colcon.colcon_core.event_reactor:joining thread
[1.243s] INFO:colcon.colcon_core.plugin_system:Skipping extension 'colcon_notification.desktop_notification.terminal_notifier': Not used on non-Darwin systems
[1.243s] INFO:colcon.colcon_core.plugin_system:Skipping extension 'colcon_notification.desktop_notification.win32': Not used on non-Windows systems
[1.243s] INFO:colcon.colcon_notification.desktop_notification:Sending desktop notification using 'notify2'
[1.269s] DEBUG:colcon.colcon_core.event_reactor:joined thread
[1.270s] INFO:colcon.colcon_core.shell:Creating prefix script '/home/bayes/hssw/others/ros2project/products/cpp/service_pratice_ws/src/install/local_setup.ps1'
[1.271s] INFO:colcon.colcon_core.shell:Creating prefix util module '/home/bayes/hssw/others/ros2project/products/cpp/service_pratice_ws/src/install/_local_setup_util_ps1.py'
[1.272s] INFO:colcon.colcon_core.shell:Creating prefix chain script '/home/bayes/hssw/others/ros2project/products/cpp/service_pratice_ws/src/install/setup.ps1'
[1.273s] INFO:colcon.colcon_core.shell:Creating prefix script '/home/bayes/hssw/others/ros2project/products/cpp/service_pratice_ws/src/install/local_setup.sh'
[1.274s] INFO:colcon.colcon_core.shell:Creating prefix util module '/home/bayes/hssw/others/ros2project/products/cpp/service_pratice_ws/src/install/_local_setup_util_sh.py'
[1.274s] INFO:colcon.colcon_core.shell:Creating prefix chain script '/home/bayes/hssw/others/ros2project/products/cpp/service_pratice_ws/src/install/setup.sh'
[1.275s] INFO:colcon.colcon_core.shell:Creating prefix script '/home/bayes/hssw/others/ros2project/products/cpp/service_pratice_ws/src/install/local_setup.bash'
[1.276s] INFO:colcon.colcon_core.shell:Creating prefix chain script '/home/bayes/hssw/others/ros2project/products/cpp/service_pratice_ws/src/install/setup.bash'
[1.277s] INFO:colcon.colcon_core.shell:Creating prefix script '/home/bayes/hssw/others/ros2project/products/cpp/service_pratice_ws/src/install/local_setup.zsh'
[1.278s] INFO:colcon.colcon_core.shell:Creating prefix chain script '/home/bayes/hssw/others/ros2project/products/cpp/service_pratice_ws/src/install/setup.zsh'
