[0.014s] Invoking command in '/home/bayes/hssw/others/ros2project/products/cpp/service_pratice_ws/src/build/chapt4_interfaces': /usr/bin/cmake /home/bayes/hssw/others/ros2project/products/cpp/service_pratice_ws/src/chapt4_interfaces -DCMAKE_INSTALL_PREFIX=/home/bayes/hssw/others/ros2project/products/cpp/service_pratice_ws/src/install/chapt4_interfaces
[0.023s] -- Found ament_cmake: 1.3.12 (/opt/ros/humble/share/ament_cmake/cmake)
[0.118s] -- Found rosidl_default_generators: 1.2.0 (/opt/ros/humble/share/rosidl_default_generators/cmake)
[0.119s] -- Using all available rosidl_typesupport_c: rosidl_typesupport_fastrtps_c;rosidl_typesupport_introspection_c
[0.121s] -- Found rosidl_adapter: 3.1.7 (/opt/ros/humble/share/rosidl_adapter/cmake)
[0.142s] -- Using all available rosidl_typesupport_cpp: rosidl_typesupport_fastrtps_cpp;rosidl_typesupport_introspection_cpp
[0.160s] -- Found sensor_msgs: 4.9.0 (/opt/ros/humble/share/sensor_msgs/cmake)
[0.334s] Error parsing '/home/bayes/hssw/others/ros2project/products/cpp/service_pratice_ws/src/chapt4_interfaces/package.xml':
[0.366s] Traceback (most recent call last):
[0.366s]   File "/opt/ros/humble/share/ament_cmake_core/cmake/core/package_xml_2_cmake.py", line 150, in <module>
[0.366s]     main()
[0.366s]   File "/opt/ros/humble/share/ament_cmake_core/cmake/core/package_xml_2_cmake.py", line 53, in main
[0.366s]     raise e
[0.366s]   File "/opt/ros/humble/share/ament_cmake_core/cmake/core/package_xml_2_cmake.py", line 49, in main
[0.367s]     package = parse_package_string(
[0.367s]   File "/usr/lib/python3/dist-packages/catkin_pkg/package.py", line 788, in parse_package_string
[0.367s]     pkg.validate(warnings=warnings)
[0.367s]   File "/usr/lib/python3/dist-packages/catkin_pkg/package.py", line 330, in validate
[0.368s]     raise InvalidPackage('\n'.join(errors), self.filename)
[0.368s] catkin_pkg.package.InvalidPackage: Error(s) in package '/home/bayes/hssw/others/ros2project/products/cpp/service_pratice_ws/src/chapt4_interfaces/package.xml':
[0.368s] Invalid email "bayes" for person "bayes"
[0.376s] [31mCMake Error at /opt/ros/humble/share/ament_cmake_core/cmake/core/ament_package_xml.cmake:95 (message):
[0.376s]   execute_process(/usr/bin/python3
[0.376s]   /opt/ros/humble/share/ament_cmake_core/cmake/core/package_xml_2_cmake.py
[0.377s]   /home/bayes/hssw/others/ros2project/products/cpp/service_pratice_ws/src/chapt4_interfaces/package.xml
[0.377s]   /home/bayes/hssw/others/ros2project/products/cpp/service_pratice_ws/src/build/chapt4_interfaces/ament_cmake_core/package.cmake)
[0.377s]   returned error code 1
[0.377s] Call Stack (most recent call first):
[0.377s]   /opt/ros/humble/share/ament_cmake_core/cmake/core/ament_package_xml.cmake:49 (_ament_package_xml)
[0.377s]   /opt/ros/humble/share/rosidl_cmake/cmake/rosidl_generate_interfaces.cmake:226 (ament_package_xml)
[0.377s]   CMakeLists.txt:12 (rosidl_generate_interfaces)
[0.377s] 
[0.377s] [0m
[0.378s] -- Configuring incomplete, errors occurred!
[0.378s] See also "/home/bayes/hssw/others/ros2project/products/cpp/service_pratice_ws/src/build/chapt4_interfaces/CMakeFiles/CMakeOutput.log".
[0.381s] Invoked command in '/home/bayes/hssw/others/ros2project/products/cpp/service_pratice_ws/src/build/chapt4_interfaces' returned '1': /usr/bin/cmake /home/bayes/hssw/others/ros2project/products/cpp/service_pratice_ws/src/chapt4_interfaces -DCMAKE_INSTALL_PREFIX=/home/bayes/hssw/others/ros2project/products/cpp/service_pratice_ws/src/install/chapt4_interfaces
