[0.509s] Invoking command in '/home/bayes/hssw/others/ros2project/products/cpp/service_pratice_ws/src/demo_python_service': PYTHONPATH=/home/bayes/hssw/others/ros2project/products/cpp/service_pratice_ws/src/build/demo_python_service/prefix_override:/usr/lib/python3/dist-packages/colcon_core/task/python/colcon_distutils_commands:/home/bayes/hssw/others/ros2project/products/cpp/service_pratice_ws/src/install/demo_python_service/lib/python3.10/site-packages:${PYTHONPATH} /usr/bin/python3 -W ignore:setup.py install is deprecated -W ignore:easy_install command is deprecated setup.py egg_info --egg-base ../build/demo_python_service build --build-base /home/bayes/hssw/others/ros2project/products/cpp/service_pratice_ws/src/build/demo_python_service/build install --record /home/bayes/hssw/others/ros2project/products/cpp/service_pratice_ws/src/build/demo_python_service/install.log --single-version-externally-managed install_data
[0.695s] running egg_info
[0.695s] writing ../build/demo_python_service/demo_python_service.egg-info/PKG-INFO
[0.696s] writing dependency_links to ../build/demo_python_service/demo_python_service.egg-info/dependency_links.txt
[0.696s] writing entry points to ../build/demo_python_service/demo_python_service.egg-info/entry_points.txt
[0.696s] writing requirements to ../build/demo_python_service/demo_python_service.egg-info/requires.txt
[0.696s] writing top-level names to ../build/demo_python_service/demo_python_service.egg-info/top_level.txt
[0.697s] reading manifest file '../build/demo_python_service/demo_python_service.egg-info/SOURCES.txt'
[0.698s] adding license file 'LICENSE'
[0.698s] writing manifest file '../build/demo_python_service/demo_python_service.egg-info/SOURCES.txt'
[0.699s] running build
[0.699s] running build_py
[0.699s] copying demo_python_service/face_delect_node.py -> /home/bayes/hssw/others/ros2project/products/cpp/service_pratice_ws/src/build/demo_python_service/build/lib/demo_python_service
[0.699s] running install
[0.700s] running install_lib
[0.700s] copying /home/bayes/hssw/others/ros2project/products/cpp/service_pratice_ws/src/build/demo_python_service/build/lib/demo_python_service/face_delect_node.py -> /home/bayes/hssw/others/ros2project/products/cpp/service_pratice_ws/src/install/demo_python_service/lib/python3.10/site-packages/demo_python_service
[0.701s] byte-compiling /home/bayes/hssw/others/ros2project/products/cpp/service_pratice_ws/src/install/demo_python_service/lib/python3.10/site-packages/demo_python_service/face_delect_node.py to face_delect_node.cpython-310.pyc
[0.702s] running install_data
[0.702s] running install_egg_info
[0.703s] removing '/home/bayes/hssw/others/ros2project/products/cpp/service_pratice_ws/src/install/demo_python_service/lib/python3.10/site-packages/demo_python_service-0.0.0-py3.10.egg-info' (and everything under it)
[0.703s] Copying ../build/demo_python_service/demo_python_service.egg-info to /home/bayes/hssw/others/ros2project/products/cpp/service_pratice_ws/src/install/demo_python_service/lib/python3.10/site-packages/demo_python_service-0.0.0-py3.10.egg-info
[0.704s] running install_scripts
[0.718s] Installing face_detect_node script to /home/bayes/hssw/others/ros2project/products/cpp/service_pratice_ws/src/install/demo_python_service/lib/demo_python_service
[0.718s] writing list of installed files to '/home/bayes/hssw/others/ros2project/products/cpp/service_pratice_ws/src/build/demo_python_service/install.log'
[0.733s] Invoked command in '/home/bayes/hssw/others/ros2project/products/cpp/service_pratice_ws/src/demo_python_service' returned '0': PYTHONPATH=/home/bayes/hssw/others/ros2project/products/cpp/service_pratice_ws/src/build/demo_python_service/prefix_override:/usr/lib/python3/dist-packages/colcon_core/task/python/colcon_distutils_commands:/home/bayes/hssw/others/ros2project/products/cpp/service_pratice_ws/src/install/demo_python_service/lib/python3.10/site-packages:${PYTHONPATH} /usr/bin/python3 -W ignore:setup.py install is deprecated -W ignore:easy_install command is deprecated setup.py egg_info --egg-base ../build/demo_python_service build --build-base /home/bayes/hssw/others/ros2project/products/cpp/service_pratice_ws/src/build/demo_python_service/build install --record /home/bayes/hssw/others/ros2project/products/cpp/service_pratice_ws/src/build/demo_python_service/install.log --single-version-externally-managed install_data
