[0.015s] Invoking command in '/home/bayes/hssw/others/ros2project/products/cpp/topic_practice_ws/src/build/status_display': CMAKE_PREFIX_PATH=/home/bayes/hssw/others/ros2project/products/cpp/topic_practice_ws/src/install/status_interfaces:/home/bayes/hssw/others/ros2project/products/cpp/topic_practice_ws/src/install/status_display:/home/bayes/hssw/others/ros2project/products/cpp/topic_practice_ws/src/install/status_publisher:/opt/ros/humble /bin/cmake --build /home/bayes/hssw/others/ros2project/products/cpp/topic_practice_ws/src/build/status_display -- -j24 -l24
[0.061s] [35m[1mConsolidate compiler generated dependencies of target StatusDisplay[0m
[0.069s] [ 50%] Built target hello_qt
[0.079s] [ 75%] [32mBuilding CXX object CMakeFiles/StatusDisplay.dir/src/sys_status_display.cpp.o[0m
[2.327s] [01m[K/home/bayes/hssw/others/ros2project/products/cpp/topic_practice_ws/src/status_display/src/sys_status_display.cpp:[m[K In constructor ‘[01m[KStatusDisplay::StatusDisplay(std::string)[m[K’:
[2.327s] [01m[K/home/bayes/hssw/others/ros2project/products/cpp/topic_practice_ws/src/status_display/src/sys_status_display.cpp:17:63:[m[K [01;31m[Kerror: [m[Kno matching function for call to ‘[01m[KQLabel::QLabel(std::shared_ptr<status_interfaces::msg::SystemStatus_<std::allocator<void> > >)[m[K’
[2.327s]    17 |         label_ = new QLabel(std::make_shared<SystemStatus>("")[01;31m[K)[m[K;
[2.327s]       |                                                               [01;31m[K^[m[K
[2.327s] In file included from [01m[K/usr/include/x86_64-linux-gnu/qt5/QtWidgets/QLabel:1[m[K,
[2.327s]                  from [01m[K/home/bayes/hssw/others/ros2project/products/cpp/topic_practice_ws/src/status_display/src/sys_status_display.cpp:2[m[K:
[2.327s] [01m[K/usr/include/x86_64-linux-gnu/qt5/QtWidgets/qlabel.h:71:14:[m[K [01;36m[Knote: [m[Kcandidate: ‘[01m[KQLabel::QLabel(const QString&, QWidget*, Qt::WindowFlags)[m[K’
[2.327s]    71 |     explicit [01;36m[KQLabel[m[K(const QString &text, QWidget *parent=nullptr, Qt::WindowFlags f=Qt::WindowFlags());
[2.327s]       |              [01;36m[K^~~~~~[m[K
[2.327s] [01m[K/usr/include/x86_64-linux-gnu/qt5/QtWidgets/qlabel.h:71:36:[m[K [01;36m[Knote: [m[K  no known conversion for argument 1 from ‘[01m[Kstd::shared_ptr<status_interfaces::msg::SystemStatus_<std::allocator<void> > >[m[K’ to ‘[01m[Kconst QString&[m[K’
[2.327s]    71 |     explicit QLabel([01;36m[Kconst QString &text[m[K, QWidget *parent=nullptr, Qt::WindowFlags f=Qt::WindowFlags());
[2.327s]       |                     [01;36m[K~~~~~~~~~~~~~~~^~~~[m[K
[2.327s] [01m[K/usr/include/x86_64-linux-gnu/qt5/QtWidgets/qlabel.h:70:14:[m[K [01;36m[Knote: [m[Kcandidate: ‘[01m[KQLabel::QLabel(QWidget*, Qt::WindowFlags)[m[K’
[2.327s]    70 |     explicit [01;36m[KQLabel[m[K(QWidget *parent=nullptr, Qt::WindowFlags f=Qt::WindowFlags());
[2.328s]       |              [01;36m[K^~~~~~[m[K
[2.328s] [01m[K/usr/include/x86_64-linux-gnu/qt5/QtWidgets/qlabel.h:70:30:[m[K [01;36m[Knote: [m[K  no known conversion for argument 1 from ‘[01m[Kstd::shared_ptr<status_interfaces::msg::SystemStatus_<std::allocator<void> > >[m[K’ to ‘[01m[KQWidget*[m[K’
[2.328s]    70 |     explicit QLabel([01;36m[KQWidget *parent=nullptr[m[K, Qt::WindowFlags f=Qt::WindowFlags());
[2.328s]       |                     [01;36m[K~~~~~~~~~^~~~~~~~~~~~~~[m[K
[3.057s] In file included from [01m[K/usr/include/x86_64-linux-gnu/c++/11/bits/c++allocator.h:33[m[K,
[3.057s]                  from [01m[K/usr/include/c++/11/bits/allocator.h:46[m[K,
[3.058s]                  from [01m[K/usr/include/c++/11/unordered_map:40[m[K,
[3.058s]                  from [01m[K/usr/include/c++/11/functional:61[m[K,
[3.058s]                  from [01m[K/usr/include/c++/11/pstl/glue_algorithm_defs.h:13[m[K,
[3.058s]                  from [01m[K/usr/include/c++/11/algorithm:74[m[K,
[3.058s]                  from [01m[K/usr/include/x86_64-linux-gnu/qt5/QtCore/qglobal.h:142[m[K,
[3.058s]                  from [01m[K/usr/include/x86_64-linux-gnu/qt5/QtGui/qtguiglobal.h:43[m[K,
[3.058s]                  from [01m[K/usr/include/x86_64-linux-gnu/qt5/QtWidgets/qtwidgetsglobal.h:43[m[K,
[3.058s]                  from [01m[K/usr/include/x86_64-linux-gnu/qt5/QtWidgets/qapplication.h:43[m[K,
[3.058s]                  from [01m[K/usr/include/x86_64-linux-gnu/qt5/QtWidgets/QApplication:1[m[K,
[3.058s]                  from [01m[K/home/bayes/hssw/others/ros2project/products/cpp/topic_practice_ws/src/status_display/src/sys_status_display.cpp:1[m[K:
[3.058s] /usr/include/c++/11/ext/new_allocator.h: In instantiation of ‘[01m[Kvoid __gnu_cxx::new_allocator<_Tp>::construct(_Up*, _Args&& ...) [with _Up = status_interfaces::msg::SystemStatus_<std::allocator<void> >; _Args = {const char (&)[1]}; _Tp = status_interfaces::msg::SystemStatus_<std::allocator<void> >][m[K’:
[3.058s] [01m[K/usr/include/c++/11/bits/alloc_traits.h:516:17:[m[K   required from ‘[01m[Kstatic void std::allocator_traits<std::allocator<_Tp1> >::construct(std::allocator_traits<std::allocator<_Tp1> >::allocator_type&, _Up*, _Args&& ...) [with _Up = status_interfaces::msg::SystemStatus_<std::allocator<void> >; _Args = {const char (&)[1]}; _Tp = status_interfaces::msg::SystemStatus_<std::allocator<void> >; std::allocator_traits<std::allocator<_Tp1> >::allocator_type = std::allocator<status_interfaces::msg::SystemStatus_<std::allocator<void> > >][m[K’
[3.058s] [01m[K/usr/include/c++/11/bits/shared_ptr_base.h:519:39:[m[K   required from ‘[01m[Kstd::_Sp_counted_ptr_inplace<_Tp, _Alloc, _Lp>::_Sp_counted_ptr_inplace(_Alloc, _Args&& ...) [with _Args = {const char (&)[1]}; _Tp = status_interfaces::msg::SystemStatus_<std::allocator<void> >; _Alloc = std::allocator<status_interfaces::msg::SystemStatus_<std::allocator<void> > >; __gnu_cxx::_Lock_policy _Lp = __gnu_cxx::_S_atomic][m[K’
[3.058s] [01m[K/usr/include/c++/11/bits/shared_ptr_base.h:650:16:[m[K   required from ‘[01m[Kstd::__shared_count<_Lp>::__shared_count(_Tp*&, std::_Sp_alloc_shared_tag<_Alloc>, _Args&& ...) [with _Tp = status_interfaces::msg::SystemStatus_<std::allocator<void> >; _Alloc = std::allocator<status_interfaces::msg::SystemStatus_<std::allocator<void> > >; _Args = {const char (&)[1]}; __gnu_cxx::_Lock_policy _Lp = __gnu_cxx::_S_atomic][m[K’
[3.058s] [01m[K/usr/include/c++/11/bits/shared_ptr_base.h:1342:14:[m[K   required from ‘[01m[Kstd::__shared_ptr<_Tp, _Lp>::__shared_ptr(std::_Sp_alloc_shared_tag<_Tp>, _Args&& ...) [with _Alloc = std::allocator<status_interfaces::msg::SystemStatus_<std::allocator<void> > >; _Args = {const char (&)[1]}; _Tp = status_interfaces::msg::SystemStatus_<std::allocator<void> >; __gnu_cxx::_Lock_policy _Lp = __gnu_cxx::_S_atomic][m[K’
[3.058s] [01m[K/usr/include/c++/11/bits/shared_ptr.h:409:59:[m[K   required from ‘[01m[Kstd::shared_ptr<_Tp>::shared_ptr(std::_Sp_alloc_shared_tag<_Tp>, _Args&& ...) [with _Alloc = std::allocator<status_interfaces::msg::SystemStatus_<std::allocator<void> > >; _Args = {const char (&)[1]}; _Tp = status_interfaces::msg::SystemStatus_<std::allocator<void> >][m[K’
[3.058s] [01m[K/usr/include/c++/11/bits/shared_ptr.h:862:14:[m[K   required from ‘[01m[Kstd::shared_ptr<_Tp> std::allocate_shared(const _Alloc&, _Args&& ...) [with _Tp = status_interfaces::msg::SystemStatus_<std::allocator<void> >; _Alloc = std::allocator<status_interfaces::msg::SystemStatus_<std::allocator<void> > >; _Args = {const char (&)[1]}][m[K’
[3.058s] [01m[K/usr/include/c++/11/bits/shared_ptr.h:878:39:[m[K   required from ‘[01m[Kstd::shared_ptr<_Tp> std::make_shared(_Args&& ...) [with _Tp = status_interfaces::msg::SystemStatus_<std::allocator<void> >; _Args = {const char (&)[1]}][m[K’
[3.058s] [01m[K/home/bayes/hssw/others/ros2project/products/cpp/topic_practice_ws/src/status_display/src/sys_status_display.cpp:17:59:[m[K   required from here
[3.058s] [01m[K/usr/include/c++/11/ext/new_allocator.h:162:11:[m[K [01;31m[Kerror: [m[Kno matching function for call to ‘[01m[Kstatus_interfaces::msg::SystemStatus_<std::allocator<void> >::SystemStatus_(const char [1])[m[K’
[3.058s]   162 |         { [01;31m[K::new((void *)__p) _Up(std::forward<_Args>(__args)...)[m[K; }
[3.058s]       |           [01;31m[K^~~~~~~~~~~~~~~~~~~~~~~~~~~~~~~~~~~~~~~~~~~~~~~~~~~~~~[m[K
[3.059s] In file included from [01m[K/home/bayes/hssw/others/ros2project/products/cpp/topic_practice_ws/src/install/status_interfaces/include/status_interfaces/status_interfaces/msg/system_status.hpp:7[m[K,
[3.059s]                  from [01m[K/home/bayes/hssw/others/ros2project/products/cpp/topic_practice_ws/src/status_display/src/sys_status_display.cpp:5[m[K:
[3.059s] [01m[K/home/bayes/hssw/others/ros2project/products/cpp/topic_practice_ws/src/install/status_interfaces/include/status_interfaces/status_interfaces/msg/detail/system_status__struct.hpp:56:12:[m[K [01;36m[Knote: [m[Kcandidate: ‘[01m[Kstatus_interfaces::msg::SystemStatus_<ContainerAllocator>::SystemStatus_(const ContainerAllocator&, rosidl_runtime_cpp::MessageInitialization) [with ContainerAllocator = std::allocator<void>][m[K’
[3.059s]    56 |   explicit [01;36m[KSystemStatus_[m[K(const ContainerAllocator & _alloc, rosidl_runtime_cpp::MessageInitialization _init = rosidl_runtime_cpp::MessageInitialization::ALL)
[3.059s]       |            [01;36m[K^~~~~~~~~~~~~[m[K
[3.059s] [01m[K/home/bayes/hssw/others/ros2project/products/cpp/topic_practice_ws/src/install/status_interfaces/include/status_interfaces/status_interfaces/msg/detail/system_status__struct.hpp:56:53:[m[K [01;36m[Knote: [m[K  no known conversion for argument 1 from ‘[01m[Kconst char [1][m[K’ to ‘[01m[Kconst std::allocator<void>&[m[K’
[3.059s]    56 |   explicit SystemStatus_([01;36m[Kconst ContainerAllocator & _alloc[m[K, rosidl_runtime_cpp::MessageInitialization _init = rosidl_runtime_cpp::MessageInitialization::ALL)
[3.059s]       |                          [01;36m[K~~~~~~~~~~~~~~~~~~~~~~~~~~~^~~~~~[m[K
[3.059s] [01m[K/home/bayes/hssw/others/ros2project/products/cpp/topic_practice_ws/src/install/status_interfaces/include/status_interfaces/status_interfaces/msg/detail/system_status__struct.hpp:40:12:[m[K [01;36m[Knote: [m[Kcandidate: ‘[01m[Kstatus_interfaces::msg::SystemStatus_<ContainerAllocator>::SystemStatus_(rosidl_runtime_cpp::MessageInitialization) [with ContainerAllocator = std::allocator<void>][m[K’
[3.059s]    40 |   explicit [01;36m[KSystemStatus_[m[K(rosidl_runtime_cpp::MessageInitialization _init = rosidl_runtime_cpp::MessageInitialization::ALL)
[3.059s]       |            [01;36m[K^~~~~~~~~~~~~[m[K
[3.059s] [01m[K/home/bayes/hssw/others/ros2project/products/cpp/topic_practice_ws/src/install/status_interfaces/include/status_interfaces/status_interfaces/msg/detail/system_status__struct.hpp:40:68:[m[K [01;36m[Knote: [m[K  no known conversion for argument 1 from ‘[01m[Kconst char [1][m[K’ to ‘[01m[Krosidl_runtime_cpp::MessageInitialization[m[K’
[3.059s]    40 |   explicit SystemStatus_([01;36m[Krosidl_runtime_cpp::MessageInitialization _init = rosidl_runtime_cpp::MessageInitialization::ALL[m[K)
[3.059s]       |                          [01;36m[K~~~~~~~~~~~~~~~~~~~~~~~~~~~~~~~~~~~~~~~~~~^~~~~~~~~~~~~~~~~~~~~~~~~~~~~~~~~~~~~~~~~~~~~~~~~~~~~~[m[K
[3.059s] [01m[K/home/bayes/hssw/others/ros2project/products/cpp/topic_practice_ws/src/install/status_interfaces/include/status_interfaces/status_interfaces/msg/detail/system_status__struct.hpp:36:8:[m[K [01;36m[Knote: [m[Kcandidate: ‘[01m[Kstatus_interfaces::msg::SystemStatus_<std::allocator<void> >::SystemStatus_(const status_interfaces::msg::SystemStatus_<std::allocator<void> >&)[m[K’
[3.059s]    36 | struct [01;36m[KSystemStatus_[m[K
[3.059s]       |        [01;36m[K^~~~~~~~~~~~~[m[K
[3.059s] [01m[K/home/bayes/hssw/others/ros2project/products/cpp/topic_practice_ws/src/install/status_interfaces/include/status_interfaces/status_interfaces/msg/detail/system_status__struct.hpp:36:8:[m[K [01;36m[Knote: [m[K  no known conversion for argument 1 from ‘[01m[Kconst char [1][m[K’ to ‘[01m[Kconst status_interfaces::msg::SystemStatus_<std::allocator<void> >&[m[K’
[3.059s] [01m[K/home/bayes/hssw/others/ros2project/products/cpp/topic_practice_ws/src/install/status_interfaces/include/status_interfaces/status_interfaces/msg/detail/system_status__struct.hpp:36:8:[m[K [01;36m[Knote: [m[Kcandidate: ‘[01m[Kstatus_interfaces::msg::SystemStatus_<std::allocator<void> >::SystemStatus_(status_interfaces::msg::SystemStatus_<std::allocator<void> >&&)[m[K’
[3.059s] [01m[K/home/bayes/hssw/others/ros2project/products/cpp/topic_practice_ws/src/install/status_interfaces/include/status_interfaces/status_interfaces/msg/detail/system_status__struct.hpp:36:8:[m[K [01;36m[Knote: [m[K  no known conversion for argument 1 from ‘[01m[Kconst char [1][m[K’ to ‘[01m[Kstatus_interfaces::msg::SystemStatus_<std::allocator<void> >&&[m[K’
[4.063s] gmake[2]: *** [CMakeFiles/StatusDisplay.dir/build.make:76：CMakeFiles/StatusDisplay.dir/src/sys_status_display.cpp.o] 错误 1
[4.063s] gmake[1]: *** [CMakeFiles/Makefile2:165：CMakeFiles/StatusDisplay.dir/all] 错误 2
[4.063s] gmake: *** [Makefile:146：all] 错误 2
[4.065s] Invoked command in '/home/bayes/hssw/others/ros2project/products/cpp/topic_practice_ws/src/build/status_display' returned '2': CMAKE_PREFIX_PATH=/home/bayes/hssw/others/ros2project/products/cpp/topic_practice_ws/src/install/status_interfaces:/home/bayes/hssw/others/ros2project/products/cpp/topic_practice_ws/src/install/status_display:/home/bayes/hssw/others/ros2project/products/cpp/topic_practice_ws/src/install/status_publisher:/opt/ros/humble /bin/cmake --build /home/bayes/hssw/others/ros2project/products/cpp/topic_practice_ws/src/build/status_display -- -j24 -l24
