[0.016s] Invoking command in '/home/bayes/hssw/others/ros2project/projects/build/demo_cpp_pkg': CMAKE_PREFIX_PATH=/home/bayes/hssw/others/ros2project/projects/install/demo_python_pkg:/opt/ros/humble /bin/cmake /home/bayes/hssw/others/ros2project/projects/demo_cpp_pkg -DCMAKE_INSTALL_PREFIX=/home/bayes/hssw/others/ros2project/projects/install/demo_cpp_pkg
[0.028s] -- Found ament_cmake: 1.3.12 (/opt/ros/humble/share/ament_cmake/cmake)
[0.128s] -- Found rclcpp: 16.0.14 (/opt/ros/humble/share/rclcpp/cmake)
[0.148s] -- Found rosidl_generator_c: 3.1.7 (/opt/ros/humble/share/rosidl_generator_c/cmake)
[0.150s] -- Found rosidl_adapter: 3.1.7 (/opt/ros/humble/share/rosidl_adapter/cmake)
[0.154s] -- Found rosidl_generator_cpp: 3.1.7 (/opt/ros/humble/share/rosidl_generator_cpp/cmake)
[0.161s] -- Using all available rosidl_typesupport_c: rosidl_typesupport_fastrtps_c;rosidl_typesupport_introspection_c
[0.170s] -- Using all available rosidl_typesupport_cpp: rosidl_typesupport_fastrtps_cpp;rosidl_typesupport_introspection_cpp
[0.192s] -- Found rmw_implementation_cmake: 6.1.2 (/opt/ros/humble/share/rmw_implementation_cmake/cmake)
[0.193s] -- Found rmw_fastrtps_cpp: 6.2.8 (/opt/ros/humble/share/rmw_fastrtps_cpp/cmake)
[0.262s] -- Using RMW implementation 'rmw_fastrtps_cpp' as default
[0.293s] -- Found ament_lint_auto: 0.12.14 (/opt/ros/humble/share/ament_lint_auto/cmake)
[0.348s] -- Added test 'cppcheck' to perform static code analysis on C / C++ code
[0.348s] -- Configured cppcheck include dirs: 
[0.348s] -- Configured cppcheck exclude dirs and/or files: 
[0.348s] -- Added test 'lint_cmake' to check CMake code style
[0.349s] -- Added test 'uncrustify' to check C / C++ code style
[0.349s] -- Configured uncrustify additional arguments: 
[0.349s] -- Added test 'xmllint' to check XML markup files
[0.350s] -- Configuring done
[0.356s] -- Generating done
[0.358s] -- Build files have been written to: /home/bayes/hssw/others/ros2project/projects/build/demo_cpp_pkg
[0.364s] Invoked command in '/home/bayes/hssw/others/ros2project/projects/build/demo_cpp_pkg' returned '0': CMAKE_PREFIX_PATH=/home/bayes/hssw/others/ros2project/projects/install/demo_python_pkg:/opt/ros/humble /bin/cmake /home/bayes/hssw/others/ros2project/projects/demo_cpp_pkg -DCMAKE_INSTALL_PREFIX=/home/bayes/hssw/others/ros2project/projects/install/demo_cpp_pkg
[0.366s] Invoking command in '/home/bayes/hssw/others/ros2project/projects/build/demo_cpp_pkg': CMAKE_PREFIX_PATH=/home/bayes/hssw/others/ros2project/projects/install/demo_python_pkg:/opt/ros/humble /bin/cmake --build /home/bayes/hssw/others/ros2project/projects/build/demo_cpp_pkg -- -j24 -l24
[0.407s] [ 50%] [32mBuilding CXX object CMakeFiles/cpp_node.dir/src/cpp_node.cpp.o[0m
[2.588s] [100%] [32m[1mLinking CXX executable cpp_node[0m
[2.700s] [100%] Built target cpp_node
[2.709s] Invoked command in '/home/bayes/hssw/others/ros2project/projects/build/demo_cpp_pkg' returned '0': CMAKE_PREFIX_PATH=/home/bayes/hssw/others/ros2project/projects/install/demo_python_pkg:/opt/ros/humble /bin/cmake --build /home/bayes/hssw/others/ros2project/projects/build/demo_cpp_pkg -- -j24 -l24
[2.717s] Invoking command in '/home/bayes/hssw/others/ros2project/projects/build/demo_cpp_pkg': CMAKE_PREFIX_PATH=/home/bayes/hssw/others/ros2project/projects/install/demo_python_pkg:/opt/ros/humble /bin/cmake --install /home/bayes/hssw/others/ros2project/projects/build/demo_cpp_pkg
[2.723s] -- Install configuration: ""
[2.723s] -- Installing: /home/bayes/hssw/others/ros2project/projects/install/demo_cpp_pkg/lib/demo_cpp_pkg/cpp_node
[2.724s] -- Set runtime path of "/home/bayes/hssw/others/ros2project/projects/install/demo_cpp_pkg/lib/demo_cpp_pkg/cpp_node" to ""
[2.724s] -- Installing: /home/bayes/hssw/others/ros2project/projects/install/demo_cpp_pkg/share/ament_index/resource_index/package_run_dependencies/demo_cpp_pkg
[2.724s] -- Installing: /home/bayes/hssw/others/ros2project/projects/install/demo_cpp_pkg/share/ament_index/resource_index/parent_prefix_path/demo_cpp_pkg
[2.724s] -- Installing: /home/bayes/hssw/others/ros2project/projects/install/demo_cpp_pkg/share/demo_cpp_pkg/environment/ament_prefix_path.sh
[2.724s] -- Installing: /home/bayes/hssw/others/ros2project/projects/install/demo_cpp_pkg/share/demo_cpp_pkg/environment/ament_prefix_path.dsv
[2.725s] -- Installing: /home/bayes/hssw/others/ros2project/projects/install/demo_cpp_pkg/share/demo_cpp_pkg/environment/path.sh
[2.725s] -- Installing: /home/bayes/hssw/others/ros2project/projects/install/demo_cpp_pkg/share/demo_cpp_pkg/environment/path.dsv
[2.725s] -- Installing: /home/bayes/hssw/others/ros2project/projects/install/demo_cpp_pkg/share/demo_cpp_pkg/local_setup.bash
[2.726s] -- Installing: /home/bayes/hssw/others/ros2project/projects/install/demo_cpp_pkg/share/demo_cpp_pkg/local_setup.sh
[2.726s] -- Installing: /home/bayes/hssw/others/ros2project/projects/install/demo_cpp_pkg/share/demo_cpp_pkg/local_setup.zsh
[2.726s] -- Installing: /home/bayes/hssw/others/ros2project/projects/install/demo_cpp_pkg/share/demo_cpp_pkg/local_setup.dsv
[2.727s] -- Installing: /home/bayes/hssw/others/ros2project/projects/install/demo_cpp_pkg/share/demo_cpp_pkg/package.dsv
[2.727s] -- Installing: /home/bayes/hssw/others/ros2project/projects/install/demo_cpp_pkg/share/ament_index/resource_index/packages/demo_cpp_pkg
[2.727s] -- Installing: /home/bayes/hssw/others/ros2project/projects/install/demo_cpp_pkg/share/demo_cpp_pkg/cmake/demo_cpp_pkgConfig.cmake
[2.728s] -- Installing: /home/bayes/hssw/others/ros2project/projects/install/demo_cpp_pkg/share/demo_cpp_pkg/cmake/demo_cpp_pkgConfig-version.cmake
[2.728s] -- Installing: /home/bayes/hssw/others/ros2project/projects/install/demo_cpp_pkg/share/demo_cpp_pkg/package.xml
[2.729s] Invoked command in '/home/bayes/hssw/others/ros2project/projects/build/demo_cpp_pkg' returned '0': CMAKE_PREFIX_PATH=/home/bayes/hssw/others/ros2project/projects/install/demo_python_pkg:/opt/ros/humble /bin/cmake --install /home/bayes/hssw/others/ros2project/projects/build/demo_cpp_pkg
