[35m[1mConsolidate compiler generated dependencies of target StatusDisplay[0m
[ 50%] Built target hello_qt
[ 75%] [32mBuilding CXX object CMakeFiles/StatusDisplay.dir/src/sys_status_display.cpp.o[0m
[100%] [32m[1mLinking CXX executable StatusDisplay[0m
[100%] Built target StatusDisplay
-- Install configuration: ""
-- Up-to-date: /home/bayes/hssw/others/ros2project/products/cpp/topic_practice_ws/src/install/status_display/lib/status_display/hello_qt
-- Installing: /home/bayes/hssw/others/ros2project/products/cpp/topic_practice_ws/src/install/status_display/lib/status_display/StatusDisplay
-- Set runtime path of "/home/bayes/hssw/others/ros2project/products/cpp/topic_practice_ws/src/install/status_display/lib/status_display/StatusDisplay" to ""
-- Up-to-date: /home/bayes/hssw/others/ros2project/products/cpp/topic_practice_ws/src/install/status_display/share/ament_index/resource_index/package_run_dependencies/status_display
-- Installing: /home/bayes/hssw/others/ros2project/products/cpp/topic_practice_ws/src/install/status_display/share/ament_index/resource_index/parent_prefix_path/status_display
-- Up-to-date: /home/bayes/hssw/others/ros2project/products/cpp/topic_practice_ws/src/install/status_display/share/status_display/environment/ament_prefix_path.sh
-- Installing: /home/bayes/hssw/others/ros2project/products/cpp/topic_practice_ws/src/install/status_display/share/status_display/environment/ament_prefix_path.dsv
-- Up-to-date: /home/bayes/hssw/others/ros2project/products/cpp/topic_practice_ws/src/install/status_display/share/status_display/environment/path.sh
-- Installing: /home/bayes/hssw/others/ros2project/products/cpp/topic_practice_ws/src/install/status_display/share/status_display/environment/path.dsv
-- Up-to-date: /home/bayes/hssw/others/ros2project/products/cpp/topic_practice_ws/src/install/status_display/share/status_display/local_setup.bash
-- Up-to-date: /home/bayes/hssw/others/ros2project/products/cpp/topic_practice_ws/src/install/status_display/share/status_display/local_setup.sh
-- Up-to-date: /home/bayes/hssw/others/ros2project/products/cpp/topic_practice_ws/src/install/status_display/share/status_display/local_setup.zsh
-- Installing: /home/bayes/hssw/others/ros2project/products/cpp/topic_practice_ws/src/install/status_display/share/status_display/local_setup.dsv
-- Installing: /home/bayes/hssw/others/ros2project/products/cpp/topic_practice_ws/src/install/status_display/share/status_display/package.dsv
-- Up-to-date: /home/bayes/hssw/others/ros2project/products/cpp/topic_practice_ws/src/install/status_display/share/ament_index/resource_index/packages/status_display
-- Up-to-date: /home/bayes/hssw/others/ros2project/products/cpp/topic_practice_ws/src/install/status_display/share/status_display/cmake/status_displayConfig.cmake
-- Up-to-date: /home/bayes/hssw/others/ros2project/products/cpp/topic_practice_ws/src/install/status_display/share/status_display/cmake/status_displayConfig-version.cmake
-- Up-to-date: /home/bayes/hssw/others/ros2project/products/cpp/topic_practice_ws/src/install/status_display/share/status_display/package.xml
