[0.014s] Invoking command in '/home/bayes/hssw/others/ros2project/products/cpp/topic_practice_ws/src/build/status_display': AMENT_PREFIX_PATH=/home/bayes/hssw/others/ros2project/products/cpp/topic_practice_ws/src/install/status_interfaces:${AMENT_PREFIX_PATH} CMAKE_PREFIX_PATH=/home/bayes/hssw/others/ros2project/products/cpp/topic_practice_ws/src/install/status_interfaces:/opt/ros/humble LD_LIBRARY_PATH=/home/bayes/hssw/others/ros2project/products/cpp/topic_practice_ws/src/install/status_interfaces/lib:${LD_LIBRARY_PATH} PYTHONPATH=/home/bayes/hssw/others/ros2project/products/cpp/topic_practice_ws/src/install/status_interfaces/local/lib/python3.10/dist-packages:${PYTHONPATH} /usr/bin/cmake --build /home/bayes/hssw/others/ros2project/products/cpp/topic_practice_ws/src/build/status_display -- -j24 -l24
[0.051s] [35m[1mConsolidate compiler generated dependencies of target StatusDisplay[0m
[0.060s] [ 50%] Built target hello_qt
[0.072s] [ 75%] [32mBuilding CXX object CMakeFiles/StatusDisplay.dir/src/sys_status_display.cpp.o[0m
[6.311s] [100%] [32m[1mLinking CXX executable StatusDisplay[0m
[6.987s] [100%] Built target StatusDisplay
[6.995s] Invoked command in '/home/bayes/hssw/others/ros2project/products/cpp/topic_practice_ws/src/build/status_display' returned '0': AMENT_PREFIX_PATH=/home/bayes/hssw/others/ros2project/products/cpp/topic_practice_ws/src/install/status_interfaces:${AMENT_PREFIX_PATH} CMAKE_PREFIX_PATH=/home/bayes/hssw/others/ros2project/products/cpp/topic_practice_ws/src/install/status_interfaces:/opt/ros/humble LD_LIBRARY_PATH=/home/bayes/hssw/others/ros2project/products/cpp/topic_practice_ws/src/install/status_interfaces/lib:${LD_LIBRARY_PATH} PYTHONPATH=/home/bayes/hssw/others/ros2project/products/cpp/topic_practice_ws/src/install/status_interfaces/local/lib/python3.10/dist-packages:${PYTHONPATH} /usr/bin/cmake --build /home/bayes/hssw/others/ros2project/products/cpp/topic_practice_ws/src/build/status_display -- -j24 -l24
[6.997s] Invoking command in '/home/bayes/hssw/others/ros2project/products/cpp/topic_practice_ws/src/build/status_display': AMENT_PREFIX_PATH=/home/bayes/hssw/others/ros2project/products/cpp/topic_practice_ws/src/install/status_interfaces:${AMENT_PREFIX_PATH} CMAKE_PREFIX_PATH=/home/bayes/hssw/others/ros2project/products/cpp/topic_practice_ws/src/install/status_interfaces:/opt/ros/humble LD_LIBRARY_PATH=/home/bayes/hssw/others/ros2project/products/cpp/topic_practice_ws/src/install/status_interfaces/lib:${LD_LIBRARY_PATH} PYTHONPATH=/home/bayes/hssw/others/ros2project/products/cpp/topic_practice_ws/src/install/status_interfaces/local/lib/python3.10/dist-packages:${PYTHONPATH} /usr/bin/cmake --install /home/bayes/hssw/others/ros2project/products/cpp/topic_practice_ws/src/build/status_display
[7.003s] -- Install configuration: ""
[7.004s] -- Up-to-date: /home/bayes/hssw/others/ros2project/products/cpp/topic_practice_ws/src/install/status_display/lib/status_display/hello_qt
[7.004s] -- Installing: /home/bayes/hssw/others/ros2project/products/cpp/topic_practice_ws/src/install/status_display/lib/status_display/StatusDisplay
[7.007s] -- Set runtime path of "/home/bayes/hssw/others/ros2project/products/cpp/topic_practice_ws/src/install/status_display/lib/status_display/StatusDisplay" to ""
[7.008s] -- Up-to-date: /home/bayes/hssw/others/ros2project/products/cpp/topic_practice_ws/src/install/status_display/share/ament_index/resource_index/package_run_dependencies/status_display
[7.008s] -- Installing: /home/bayes/hssw/others/ros2project/products/cpp/topic_practice_ws/src/install/status_display/share/ament_index/resource_index/parent_prefix_path/status_display
[7.008s] -- Up-to-date: /home/bayes/hssw/others/ros2project/products/cpp/topic_practice_ws/src/install/status_display/share/status_display/environment/ament_prefix_path.sh
[7.008s] -- Installing: /home/bayes/hssw/others/ros2project/products/cpp/topic_practice_ws/src/install/status_display/share/status_display/environment/ament_prefix_path.dsv
[7.008s] -- Up-to-date: /home/bayes/hssw/others/ros2project/products/cpp/topic_practice_ws/src/install/status_display/share/status_display/environment/path.sh
[7.008s] -- Installing: /home/bayes/hssw/others/ros2project/products/cpp/topic_practice_ws/src/install/status_display/share/status_display/environment/path.dsv
[7.009s] -- Up-to-date: /home/bayes/hssw/others/ros2project/products/cpp/topic_practice_ws/src/install/status_display/share/status_display/local_setup.bash
[7.009s] -- Up-to-date: /home/bayes/hssw/others/ros2project/products/cpp/topic_practice_ws/src/install/status_display/share/status_display/local_setup.sh
[7.009s] -- Up-to-date: /home/bayes/hssw/others/ros2project/products/cpp/topic_practice_ws/src/install/status_display/share/status_display/local_setup.zsh
[7.009s] -- Installing: /home/bayes/hssw/others/ros2project/products/cpp/topic_practice_ws/src/install/status_display/share/status_display/local_setup.dsv
[7.009s] -- Installing: /home/bayes/hssw/others/ros2project/products/cpp/topic_practice_ws/src/install/status_display/share/status_display/package.dsv
[7.009s] -- Up-to-date: /home/bayes/hssw/others/ros2project/products/cpp/topic_practice_ws/src/install/status_display/share/ament_index/resource_index/packages/status_display
[7.010s] -- Up-to-date: /home/bayes/hssw/others/ros2project/products/cpp/topic_practice_ws/src/install/status_display/share/status_display/cmake/status_displayConfig.cmake
[7.010s] -- Up-to-date: /home/bayes/hssw/others/ros2project/products/cpp/topic_practice_ws/src/install/status_display/share/status_display/cmake/status_displayConfig-version.cmake
[7.010s] -- Up-to-date: /home/bayes/hssw/others/ros2project/products/cpp/topic_practice_ws/src/install/status_display/share/status_display/package.xml
[7.011s] Invoked command in '/home/bayes/hssw/others/ros2project/products/cpp/topic_practice_ws/src/build/status_display' returned '0': AMENT_PREFIX_PATH=/home/bayes/hssw/others/ros2project/products/cpp/topic_practice_ws/src/install/status_interfaces:${AMENT_PREFIX_PATH} CMAKE_PREFIX_PATH=/home/bayes/hssw/others/ros2project/products/cpp/topic_practice_ws/src/install/status_interfaces:/opt/ros/humble LD_LIBRARY_PATH=/home/bayes/hssw/others/ros2project/products/cpp/topic_practice_ws/src/install/status_interfaces/lib:${LD_LIBRARY_PATH} PYTHONPATH=/home/bayes/hssw/others/ros2project/products/cpp/topic_practice_ws/src/install/status_interfaces/local/lib/python3.10/dist-packages:${PYTHONPATH} /usr/bin/cmake --install /home/bayes/hssw/others/ros2project/products/cpp/topic_practice_ws/src/build/status_display
