[1.213s] Invoking command in '/home/bayes/hssw/others/ros2project/products/cpp/topic_practice_ws/src/status_publisher': PYTHONPATH=/home/bayes/hssw/others/ros2project/products/cpp/topic_practice_ws/src/build/status_publisher/prefix_override:/usr/lib/python3/dist-packages/colcon_core/task/python/colcon_distutils_commands:/home/bayes/hssw/others/ros2project/products/cpp/topic_practice_ws/src/install/status_publisher/lib/python3.10/site-packages:${PYTHONPATH} /usr/bin/python3 -W ignore:setup.py install is deprecated -W ignore:easy_install command is deprecated setup.py egg_info --egg-base ../build/status_publisher build --build-base /home/bayes/hssw/others/ros2project/products/cpp/topic_practice_ws/src/build/status_publisher/build install --record /home/bayes/hssw/others/ros2project/products/cpp/topic_practice_ws/src/build/status_publisher/install.log --single-version-externally-managed install_data
[1.633s] running egg_info
[1.634s] writing ../build/status_publisher/status_publisher.egg-info/PKG-INFO
[1.635s] writing dependency_links to ../build/status_publisher/status_publisher.egg-info/dependency_links.txt
[1.635s] writing entry points to ../build/status_publisher/status_publisher.egg-info/entry_points.txt
[1.636s] writing requirements to ../build/status_publisher/status_publisher.egg-info/requires.txt
[1.636s] writing top-level names to ../build/status_publisher/status_publisher.egg-info/top_level.txt
[1.639s] reading manifest file '../build/status_publisher/status_publisher.egg-info/SOURCES.txt'
[1.640s] adding license file 'LICENSE'
[1.641s] writing manifest file '../build/status_publisher/status_publisher.egg-info/SOURCES.txt'
[1.641s] running build
[1.641s] running build_py
[1.642s] running install
[1.642s] running install_lib
[1.644s] running install_data
[1.645s] running install_egg_info
[1.648s] removing '/home/bayes/hssw/others/ros2project/products/cpp/topic_practice_ws/src/install/status_publisher/lib/python3.10/site-packages/status_publisher-0.0.0-py3.10.egg-info' (and everything under it)
[1.648s] Copying ../build/status_publisher/status_publisher.egg-info to /home/bayes/hssw/others/ros2project/products/cpp/topic_practice_ws/src/install/status_publisher/lib/python3.10/site-packages/status_publisher-0.0.0-py3.10.egg-info
[1.650s] running install_scripts
[1.678s] Installing status_publisher script to /home/bayes/hssw/others/ros2project/products/cpp/topic_practice_ws/src/install/status_publisher/lib/status_publisher
[1.678s] writing list of installed files to '/home/bayes/hssw/others/ros2project/products/cpp/topic_practice_ws/src/build/status_publisher/install.log'
[1.708s] Invoked command in '/home/bayes/hssw/others/ros2project/products/cpp/topic_practice_ws/src/status_publisher' returned '0': PYTHONPATH=/home/bayes/hssw/others/ros2project/products/cpp/topic_practice_ws/src/build/status_publisher/prefix_override:/usr/lib/python3/dist-packages/colcon_core/task/python/colcon_distutils_commands:/home/bayes/hssw/others/ros2project/products/cpp/topic_practice_ws/src/install/status_publisher/lib/python3.10/site-packages:${PYTHONPATH} /usr/bin/python3 -W ignore:setup.py install is deprecated -W ignore:easy_install command is deprecated setup.py egg_info --egg-base ../build/status_publisher build --build-base /home/bayes/hssw/others/ros2project/products/cpp/topic_practice_ws/src/build/status_publisher/build install --record /home/bayes/hssw/others/ros2project/products/cpp/topic_practice_ws/src/build/status_publisher/install.log --single-version-externally-managed install_data
