[0.014s] Invoking command in '/home/bayes/hssw/others/ros2project/projects/build/demo_cpp_pkg': CMAKE_PREFIX_PATH=/home/bayes/hssw/others/ros2project/projects/install/demo_python_pkg:/opt/ros/humble /bin/cmake /home/bayes/hssw/others/ros2project/projects/demo_cpp_pkg -DCMAKE_INSTALL_PREFIX=/home/bayes/hssw/others/ros2project/projects/install/demo_cpp_pkg
[0.072s] -- The C compiler identification is GNU 11.4.0
[0.126s] -- The CXX compiler identification is GNU 11.4.0
[0.136s] -- Detecting C compiler ABI info
[0.201s] -- Detecting C compiler ABI info - done
[0.206s] -- Check for working C compiler: /bin/cc - skipped
[0.206s] -- Detecting C compile features
[0.207s] -- Detecting C compile features - done
[0.210s] -- Detecting CXX compiler ABI info
[0.281s] -- Detecting CXX compiler ABI info - done
[0.286s] -- Check for working CXX compiler: /bin/c++ - skipped
[0.286s] -- Detecting CXX compile features
[0.286s] -- Detecting CXX compile features - done
[0.288s] -- Found ament_cmake: 1.3.12 (/opt/ros/humble/share/ament_cmake/cmake)
[0.401s] -- Found Python3: /bin/python3 (found version "3.10.12") found components: Interpreter 
[0.464s] -- Found rclcpp: 16.0.14 (/opt/ros/humble/share/rclcpp/cmake)
[0.492s] -- Found rosidl_generator_c: 3.1.7 (/opt/ros/humble/share/rosidl_generator_c/cmake)
[0.496s] -- Found rosidl_adapter: 3.1.7 (/opt/ros/humble/share/rosidl_adapter/cmake)
[0.502s] -- Found rosidl_generator_cpp: 3.1.7 (/opt/ros/humble/share/rosidl_generator_cpp/cmake)
[0.511s] -- Using all available rosidl_typesupport_c: rosidl_typesupport_fastrtps_c;rosidl_typesupport_introspection_c
[0.522s] -- Using all available rosidl_typesupport_cpp: rosidl_typesupport_fastrtps_cpp;rosidl_typesupport_introspection_cpp
[0.552s] -- Found rmw_implementation_cmake: 6.1.2 (/opt/ros/humble/share/rmw_implementation_cmake/cmake)
[0.553s] -- Found rmw_fastrtps_cpp: 6.2.8 (/opt/ros/humble/share/rmw_fastrtps_cpp/cmake)
[0.627s] -- Found OpenSSL: /usr/lib/x86_64-linux-gnu/libcrypto.so (found version "3.0.2")  
[0.645s] -- Found FastRTPS: /opt/ros/humble/include  
[0.672s] -- Using RMW implementation 'rmw_fastrtps_cpp' as default
[0.679s] -- Looking for pthread.h
[0.742s] -- Looking for pthread.h - found
[0.742s] -- Performing Test CMAKE_HAVE_LIBC_PTHREAD
[0.806s] -- Performing Test CMAKE_HAVE_LIBC_PTHREAD - Success
[0.808s] -- Found Threads: TRUE  
[0.844s] -- Found ament_lint_auto: 0.12.14 (/opt/ros/humble/share/ament_lint_auto/cmake)
[0.908s] -- Added test 'cppcheck' to perform static code analysis on C / C++ code
[0.908s] -- Configured cppcheck include dirs: 
[0.908s] -- Configured cppcheck exclude dirs and/or files: 
[0.909s] -- Added test 'lint_cmake' to check CMake code style
[0.910s] -- Added test 'uncrustify' to check C / C++ code style
[0.910s] -- Configured uncrustify additional arguments: 
[0.911s] -- Added test 'xmllint' to check XML markup files
[0.912s] -- Configuring done
[0.915s] [31mCMake Error at CMakeLists.txt:14 (add_executable):
[0.915s]   Cannot find source file:
[0.915s] 
[0.915s]     cpp_node.cpp
[0.915s] 
[0.915s]   Tried extensions .c .C .c++ .cc .cpp .cxx .cu .mpp .m .M .mm .ixx .cppm .h
[0.915s]   .hh .h++ .hm .hpp .hxx .in .txx .f .F .for .f77 .f90 .f95 .f03 .hip .ispc
[0.915s] 
[0.915s] [0m
[0.915s] [31mCMake Error at CMakeLists.txt:14 (add_executable):
[0.915s]   No SOURCES given to target: cpp_node
[0.915s] 
[0.915s] [0m
[0.915s] [0mCMake Generate step failed.  Build files cannot be regenerated correctly.[0m
[0.922s] Invoked command in '/home/bayes/hssw/others/ros2project/projects/build/demo_cpp_pkg' returned '1': CMAKE_PREFIX_PATH=/home/bayes/hssw/others/ros2project/projects/install/demo_python_pkg:/opt/ros/humble /bin/cmake /home/bayes/hssw/others/ros2project/projects/demo_cpp_pkg -DCMAKE_INSTALL_PREFIX=/home/bayes/hssw/others/ros2project/projects/install/demo_cpp_pkg
