[0.504s] Invoking command in '/home/bayes/hssw/others/ros2project/products/cpp/tf_pratice_ws/src/demo_python_tf': PYTHONPATH=/home/bayes/hssw/others/ros2project/products/cpp/tf_pratice_ws/build/demo_python_tf/prefix_override:/usr/lib/python3/dist-packages/colcon_core/task/python/colcon_distutils_commands:/home/bayes/hssw/others/ros2project/products/cpp/tf_pratice_ws/install/demo_python_tf/lib/python3.10/site-packages:${PYTHONPATH} /usr/bin/python3 -W ignore:setup.py install is deprecated -W ignore:easy_install command is deprecated setup.py egg_info --egg-base ../../build/demo_python_tf build --build-base /home/bayes/hssw/others/ros2project/products/cpp/tf_pratice_ws/build/demo_python_tf/build install --record /home/bayes/hssw/others/ros2project/products/cpp/tf_pratice_ws/build/demo_python_tf/install.log --single-version-externally-managed install_data
[0.694s] running egg_info
[0.695s] writing ../../build/demo_python_tf/demo_python_tf.egg-info/PKG-INFO
[0.695s] writing dependency_links to ../../build/demo_python_tf/demo_python_tf.egg-info/dependency_links.txt
[0.695s] writing entry points to ../../build/demo_python_tf/demo_python_tf.egg-info/entry_points.txt
[0.695s] writing requirements to ../../build/demo_python_tf/demo_python_tf.egg-info/requires.txt
[0.696s] writing top-level names to ../../build/demo_python_tf/demo_python_tf.egg-info/top_level.txt
[0.697s] reading manifest file '../../build/demo_python_tf/demo_python_tf.egg-info/SOURCES.txt'
[0.697s] adding license file 'LICENSE'
[0.698s] writing manifest file '../../build/demo_python_tf/demo_python_tf.egg-info/SOURCES.txt'
[0.698s] running build
[0.698s] running build_py
[0.698s] running install
[0.698s] running install_lib
[0.699s] running install_data
[0.700s] running install_egg_info
[0.702s] removing '/home/bayes/hssw/others/ros2project/products/cpp/tf_pratice_ws/install/demo_python_tf/lib/python3.10/site-packages/demo_python_tf-0.0.0-py3.10.egg-info' (and everything under it)
[0.702s] Copying ../../build/demo_python_tf/demo_python_tf.egg-info to /home/bayes/hssw/others/ros2project/products/cpp/tf_pratice_ws/install/demo_python_tf/lib/python3.10/site-packages/demo_python_tf-0.0.0-py3.10.egg-info
[0.703s] running install_scripts
[0.717s] Installing dynamic_tf_broadcaster script to /home/bayes/hssw/others/ros2project/products/cpp/tf_pratice_ws/install/demo_python_tf/lib/demo_python_tf
[0.717s] Installing static_tf_broadcaster script to /home/bayes/hssw/others/ros2project/products/cpp/tf_pratice_ws/install/demo_python_tf/lib/demo_python_tf
[0.717s] Installing tf_listener script to /home/bayes/hssw/others/ros2project/products/cpp/tf_pratice_ws/install/demo_python_tf/lib/demo_python_tf
[0.718s] writing list of installed files to '/home/bayes/hssw/others/ros2project/products/cpp/tf_pratice_ws/build/demo_python_tf/install.log'
[0.732s] Invoked command in '/home/bayes/hssw/others/ros2project/products/cpp/tf_pratice_ws/src/demo_python_tf' returned '0': PYTHONPATH=/home/bayes/hssw/others/ros2project/products/cpp/tf_pratice_ws/build/demo_python_tf/prefix_override:/usr/lib/python3/dist-packages/colcon_core/task/python/colcon_distutils_commands:/home/bayes/hssw/others/ros2project/products/cpp/tf_pratice_ws/install/demo_python_tf/lib/python3.10/site-packages:${PYTHONPATH} /usr/bin/python3 -W ignore:setup.py install is deprecated -W ignore:easy_install command is deprecated setup.py egg_info --egg-base ../../build/demo_python_tf build --build-base /home/bayes/hssw/others/ros2project/products/cpp/tf_pratice_ws/build/demo_python_tf/build install --record /home/bayes/hssw/others/ros2project/products/cpp/tf_pratice_ws/build/demo_python_tf/install.log --single-version-externally-managed install_data
