[0.015s] Invoking command in '/home/bayes/hssw/others/ros2project/products/cpp/service_pratice_ws/src/build/demo_cpp_service': CMAKE_PREFIX_PATH=${CMAKE_PREFIX_PATH}:/home/bayes/hssw/others/ros2project/products/cpp/service_pratice_ws/src/install/demo_python_service:/opt/ros/humble /usr/bin/cmake /home/bayes/hssw/others/ros2project/products/cpp/service_pratice_ws/src/demo_cpp_service -DCMAKE_INSTALL_PREFIX=/home/bayes/hssw/others/ros2project/products/cpp/service_pratice_ws/src/install/demo_cpp_service
[0.038s] -- Found ament_cmake: 1.3.12 (/opt/ros/humble/share/ament_cmake/cmake)
[0.167s] -- Found rclcpp: 16.0.14 (/opt/ros/humble/share/rclcpp/cmake)
[0.202s] -- Found rosidl_generator_c: 3.1.7 (/opt/ros/humble/share/rosidl_generator_c/cmake)
[0.206s] -- Found rosidl_adapter: 3.1.7 (/opt/ros/humble/share/rosidl_adapter/cmake)
[0.214s] -- Found rosidl_generator_cpp: 3.1.7 (/opt/ros/humble/share/rosidl_generator_cpp/cmake)
[0.225s] -- Using all available rosidl_typesupport_c: rosidl_typesupport_fastrtps_c;rosidl_typesupport_introspection_c
[0.239s] -- Using all available rosidl_typesupport_cpp: rosidl_typesupport_fastrtps_cpp;rosidl_typesupport_introspection_cpp
[0.276s] -- Found rmw_implementation_cmake: 6.1.2 (/opt/ros/humble/share/rmw_implementation_cmake/cmake)
[0.278s] -- Found rmw_fastrtps_cpp: 6.2.8 (/opt/ros/humble/share/rmw_fastrtps_cpp/cmake)
[0.364s] -- Using RMW implementation 'rmw_fastrtps_cpp' as default
[0.430s] [31mCMake Error at CMakeLists.txt:11 (find_package):
[0.431s]   By not providing "FindPatrol.cmake" in CMAKE_MODULE_PATH this project has
[0.431s]   asked CMake to find a package configuration file provided by "Patrol", but
[0.431s]   CMake did not find one.
[0.431s] 
[0.431s]   Could not find a package configuration file provided by "Patrol" with any
[0.431s]   of the following names:
[0.432s] 
[0.432s]     PatrolConfig.cmake
[0.432s]     patrol-config.cmake
[0.432s] 
[0.432s]   Add the installation prefix of "Patrol" to CMAKE_PREFIX_PATH or set
[0.432s]   "Patrol_DIR" to a directory containing one of the above files.  If "Patrol"
[0.433s]   provides a separate development package or SDK, be sure it has been
[0.433s]   installed.
[0.433s] 
[0.434s] [0m
[0.434s] -- Configuring incomplete, errors occurred!
[0.434s] See also "/home/bayes/hssw/others/ros2project/products/cpp/service_pratice_ws/src/build/demo_cpp_service/CMakeFiles/CMakeOutput.log".
[0.461s] Invoked command in '/home/bayes/hssw/others/ros2project/products/cpp/service_pratice_ws/src/build/demo_cpp_service' returned '1': CMAKE_PREFIX_PATH=${CMAKE_PREFIX_PATH}:/home/bayes/hssw/others/ros2project/products/cpp/service_pratice_ws/src/install/demo_python_service:/opt/ros/humble /usr/bin/cmake /home/bayes/hssw/others/ros2project/products/cpp/service_pratice_ws/src/demo_cpp_service -DCMAKE_INSTALL_PREFIX=/home/bayes/hssw/others/ros2project/products/cpp/service_pratice_ws/src/install/demo_cpp_service
