[0.036s] Invoking command in '/home/bayes/hssw/others/ros2project/products/cpp/topic_practice_ws/src/build/status_display': CMAKE_PREFIX_PATH=${CMAKE_PREFIX_PATH}:/home/bayes/hssw/others/ros2project/products/cpp/topic_practice_ws/src/install/status_publisher:/opt/ros/humble /bin/cmake /home/bayes/hssw/others/ros2project/products/cpp/topic_practice_ws/src/status_display -DCMAKE_INSTALL_PREFIX=/home/bayes/hssw/others/ros2project/products/cpp/topic_practice_ws/src/install/status_display
[0.254s] -- The C compiler identification is GNU 11.4.0
[0.427s] -- The CXX compiler identification is GNU 11.4.0
[0.444s] -- Detecting C compiler ABI info
[0.569s] -- Detecting C compiler ABI info - done
[0.577s] -- Check for working C compiler: /bin/cc - skipped
[0.578s] -- Detecting C compile features
[0.580s] -- Detecting C compile features - done
[0.586s] -- Detecting CXX compiler ABI info
[0.726s] -- Detecting CXX compiler ABI info - done
[0.736s] -- Check for working CXX compiler: /bin/c++ - skipped
[0.736s] -- Detecting CXX compile features
[0.737s] -- Detecting CXX compile features - done
[0.753s] -- Found ament_cmake: 1.3.12 (/opt/ros/humble/share/ament_cmake/cmake)
[0.983s] -- Found Python3: /bin/python3 (found version "3.10.12") found components: Interpreter 
[1.153s] -- Found rclcpp: 16.0.14 (/opt/ros/humble/share/rclcpp/cmake)
[1.258s] -- Found rosidl_generator_c: 3.1.7 (/opt/ros/humble/share/rosidl_generator_c/cmake)
[1.270s] -- Found rosidl_adapter: 3.1.7 (/opt/ros/humble/share/rosidl_adapter/cmake)
[1.290s] -- Found rosidl_generator_cpp: 3.1.7 (/opt/ros/humble/share/rosidl_generator_cpp/cmake)
[1.322s] -- Using all available rosidl_typesupport_c: rosidl_typesupport_fastrtps_c;rosidl_typesupport_introspection_c
[1.357s] -- Using all available rosidl_typesupport_cpp: rosidl_typesupport_fastrtps_cpp;rosidl_typesupport_introspection_cpp
[1.451s] -- Found rmw_implementation_cmake: 6.1.2 (/opt/ros/humble/share/rmw_implementation_cmake/cmake)
[1.458s] -- Found rmw_fastrtps_cpp: 6.2.8 (/opt/ros/humble/share/rmw_fastrtps_cpp/cmake)
[1.630s] -- Found OpenSSL: /usr/lib/x86_64-linux-gnu/libcrypto.so (found version "3.0.2")  
[1.666s] -- Found FastRTPS: /opt/ros/humble/include  
[1.718s] -- Using RMW implementation 'rmw_fastrtps_cpp' as default
[1.740s] -- Looking for pthread.h
[1.874s] -- Looking for pthread.h - found
[1.875s] -- Performing Test CMAKE_HAVE_LIBC_PTHREAD
[1.998s] -- Performing Test CMAKE_HAVE_LIBC_PTHREAD - Success
[2.000s] -- Found Threads: TRUE  
[2.106s] -- Found status_interfaces: 0.0.0 (/home/bayes/hssw/others/ros2project/products/cpp/topic_practice_ws/src/install/status_interfaces/share/status_interfaces/cmake)
[2.171s] -- Found ament_lint_auto: 0.12.14 (/opt/ros/humble/share/ament_lint_auto/cmake)
[2.312s] -- Added test 'cppcheck' to perform static code analysis on C / C++ code
[2.312s] -- Configured cppcheck include dirs: 
[2.312s] -- Configured cppcheck exclude dirs and/or files: 
[2.314s] -- Added test 'lint_cmake' to check CMake code style
[2.317s] -- Added test 'uncrustify' to check C / C++ code style
[2.317s] -- Configured uncrustify additional arguments: 
[2.318s] -- Added test 'xmllint' to check XML markup files
[2.322s] -- Configuring done
[2.337s] -- Generating done
[2.341s] -- Build files have been written to: /home/bayes/hssw/others/ros2project/products/cpp/topic_practice_ws/src/build/status_display
[2.354s] Invoked command in '/home/bayes/hssw/others/ros2project/products/cpp/topic_practice_ws/src/build/status_display' returned '0': CMAKE_PREFIX_PATH=${CMAKE_PREFIX_PATH}:/home/bayes/hssw/others/ros2project/products/cpp/topic_practice_ws/src/install/status_publisher:/opt/ros/humble /bin/cmake /home/bayes/hssw/others/ros2project/products/cpp/topic_practice_ws/src/status_display -DCMAKE_INSTALL_PREFIX=/home/bayes/hssw/others/ros2project/products/cpp/topic_practice_ws/src/install/status_display
[2.357s] Invoking command in '/home/bayes/hssw/others/ros2project/products/cpp/topic_practice_ws/src/build/status_display': CMAKE_PREFIX_PATH=${CMAKE_PREFIX_PATH}:/home/bayes/hssw/others/ros2project/products/cpp/topic_practice_ws/src/install/status_publisher:/opt/ros/humble /bin/cmake --build /home/bayes/hssw/others/ros2project/products/cpp/topic_practice_ws/src/build/status_display -- -j24 -l24
[2.444s] [ 50%] [32mBuilding CXX object CMakeFiles/hello_qt.dir/src/hello_qt.cpp.o[0m
[4.101s] [100%] [32m[1mLinking CXX executable hello_qt[0m
[4.783s] [100%] Built target hello_qt
[4.802s] Invoked command in '/home/bayes/hssw/others/ros2project/products/cpp/topic_practice_ws/src/build/status_display' returned '0': CMAKE_PREFIX_PATH=${CMAKE_PREFIX_PATH}:/home/bayes/hssw/others/ros2project/products/cpp/topic_practice_ws/src/install/status_publisher:/opt/ros/humble /bin/cmake --build /home/bayes/hssw/others/ros2project/products/cpp/topic_practice_ws/src/build/status_display -- -j24 -l24
[4.820s] Invoking command in '/home/bayes/hssw/others/ros2project/products/cpp/topic_practice_ws/src/build/status_display': CMAKE_PREFIX_PATH=${CMAKE_PREFIX_PATH}:/home/bayes/hssw/others/ros2project/products/cpp/topic_practice_ws/src/install/status_publisher:/opt/ros/humble /bin/cmake --install /home/bayes/hssw/others/ros2project/products/cpp/topic_practice_ws/src/build/status_display
[4.831s] -- Install configuration: ""
[4.831s] -- Installing: /home/bayes/hssw/others/ros2project/products/cpp/topic_practice_ws/src/install/status_display/lib/status_display/hello_qt
[4.832s] -- Installing: /home/bayes/hssw/others/ros2project/products/cpp/topic_practice_ws/src/install/status_display/share/ament_index/resource_index/package_run_dependencies/status_display
[4.832s] -- Installing: /home/bayes/hssw/others/ros2project/products/cpp/topic_practice_ws/src/install/status_display/share/ament_index/resource_index/parent_prefix_path/status_display
[4.833s] -- Installing: /home/bayes/hssw/others/ros2project/products/cpp/topic_practice_ws/src/install/status_display/share/status_display/environment/ament_prefix_path.sh
[4.834s] -- Installing: /home/bayes/hssw/others/ros2project/products/cpp/topic_practice_ws/src/install/status_display/share/status_display/environment/ament_prefix_path.dsv
[4.834s] -- Installing: /home/bayes/hssw/others/ros2project/products/cpp/topic_practice_ws/src/install/status_display/share/status_display/environment/path.sh
[4.835s] -- Installing: /home/bayes/hssw/others/ros2project/products/cpp/topic_practice_ws/src/install/status_display/share/status_display/environment/path.dsv
[4.836s] -- Installing: /home/bayes/hssw/others/ros2project/products/cpp/topic_practice_ws/src/install/status_display/share/status_display/local_setup.bash
[4.837s] -- Installing: /home/bayes/hssw/others/ros2project/products/cpp/topic_practice_ws/src/install/status_display/share/status_display/local_setup.sh
[4.837s] -- Installing: /home/bayes/hssw/others/ros2project/products/cpp/topic_practice_ws/src/install/status_display/share/status_display/local_setup.zsh
[4.838s] -- Installing: /home/bayes/hssw/others/ros2project/products/cpp/topic_practice_ws/src/install/status_display/share/status_display/local_setup.dsv
[4.838s] -- Installing: /home/bayes/hssw/others/ros2project/products/cpp/topic_practice_ws/src/install/status_display/share/status_display/package.dsv
[4.838s] -- Installing: /home/bayes/hssw/others/ros2project/products/cpp/topic_practice_ws/src/install/status_display/share/ament_index/resource_index/packages/status_display
[4.839s] -- Installing: /home/bayes/hssw/others/ros2project/products/cpp/topic_practice_ws/src/install/status_display/share/status_display/cmake/status_displayConfig.cmake
[4.840s] -- Installing: /home/bayes/hssw/others/ros2project/products/cpp/topic_practice_ws/src/install/status_display/share/status_display/cmake/status_displayConfig-version.cmake
[4.840s] -- Installing: /home/bayes/hssw/others/ros2project/products/cpp/topic_practice_ws/src/install/status_display/share/status_display/package.xml
[4.844s] Invoked command in '/home/bayes/hssw/others/ros2project/products/cpp/topic_practice_ws/src/build/status_display' returned '0': CMAKE_PREFIX_PATH=${CMAKE_PREFIX_PATH}:/home/bayes/hssw/others/ros2project/products/cpp/topic_practice_ws/src/install/status_publisher:/opt/ros/humble /bin/cmake --install /home/bayes/hssw/others/ros2project/products/cpp/topic_practice_ws/src/build/status_display
