[01m[K/home/bayes/hssw/others/ros2project/products/cpp/service_pratice_ws/src/demo_cpp_service/src/patrol_client.cpp:10:24:[m[K [01;31m[Kerror: [m[Kexpected ‘[01m[K)[m[K’ before ‘[01m[Knodename[m[K’
   10 |     PatrolClient[34m[K([m[Kstring[01;31m[K [m[K[32m[Knodename[m[K):rclcpp::Node(nodename)
      |                 [34m[K~[m[K      [01;31m[K^[m[K[32m[K~~~~~~~~[m[K
      |                        [32m[K)[m[K
[01m[K/home/bayes/hssw/others/ros2project/products/cpp/service_pratice_ws/src/demo_cpp_service/src/patrol_client.cpp:[m[K In lambda function:
[01m[K/home/bayes/hssw/others/ros2project/products/cpp/service_pratice_ws/src/demo_cpp_service/src/patrol_client.cpp:44:58:[m[K [01;31m[Kerror: [m[K‘[01m[KSUCCESS[m[K’ is not a member of ‘[01m[Kchapt4_interfaces::srv::Patrol::Response[m[K’ {aka ‘[01m[Kchapt4_interfaces::srv::Patrol_Response_<std::allocator<void> >[m[K’}
   44 |                 if(response->result == Patrol::Response::[01;31m[KSUCCESS[m[K)
      |                                                          [01;31m[K^~~~~~~[m[K
[01m[K/home/bayes/hssw/others/ros2project/products/cpp/service_pratice_ws/src/demo_cpp_service/src/patrol_client.cpp:48:63:[m[K [01;31m[Kerror: [m[K‘[01m[KFAILED[m[K’ is not a member of ‘[01m[Kchapt4_interfaces::srv::Patrol::Response[m[K’ {aka ‘[01m[Kchapt4_interfaces::srv::Patrol_Response_<std::allocator<void> >[m[K’}
   48 |                 else if(response->result == Patrol::Response::[01;31m[KFAILED[m[K)
      |                                                               [01;31m[K^~~~~~[m[K
[01m[K/home/bayes/hssw/others/ros2project/products/cpp/service_pratice_ws/src/demo_cpp_service/src/patrol_client.cpp:[m[K In member function ‘[01m[Kvoid PatrolClient::timer_callback()[m[K’:
[01m[K/home/bayes/hssw/others/ros2project/products/cpp/service_pratice_ws/src/demo_cpp_service/src/patrol_client.cpp:54:5:[m[K [01;31m[Kerror: [m[Kexpected ‘[01m[K;[m[K’ before ‘[01m[K}[m[K’ token
   54 |     [01;31m[K}[m[K
      |     [01;31m[K^[m[K
In file included from [01m[K/usr/include/x86_64-linux-gnu/c++/11/bits/c++allocator.h:33[m[K,
                 from [01m[K/usr/include/c++/11/bits/allocator.h:46[m[K,
                 from [01m[K/usr/include/c++/11/memory:64[m[K,
                 from [01m[K/opt/ros/humble/include/rclcpp/rclcpp/rclcpp.hpp:153[m[K,
                 from [01m[K/home/bayes/hssw/others/ros2project/products/cpp/service_pratice_ws/src/demo_cpp_service/src/patrol_client.cpp:3[m[K:
/usr/include/c++/11/ext/new_allocator.h: In instantiation of ‘[01m[Kvoid __gnu_cxx::new_allocator<_Tp>::construct(_Up*, _Args&& ...) [with _Up = PatrolClient; _Args = {const char (&)[14]}; _Tp = PatrolClient][m[K’:
[01m[K/usr/include/c++/11/bits/alloc_traits.h:516:17:[m[K   required from ‘[01m[Kstatic void std::allocator_traits<std::allocator<_Tp1> >::construct(std::allocator_traits<std::allocator<_Tp1> >::allocator_type&, _Up*, _Args&& ...) [with _Up = PatrolClient; _Args = {const char (&)[14]}; _Tp = PatrolClient; std::allocator_traits<std::allocator<_Tp1> >::allocator_type = std::allocator<PatrolClient>][m[K’
[01m[K/usr/include/c++/11/bits/shared_ptr_base.h:519:39:[m[K   required from ‘[01m[Kstd::_Sp_counted_ptr_inplace<_Tp, _Alloc, _Lp>::_Sp_counted_ptr_inplace(_Alloc, _Args&& ...) [with _Args = {const char (&)[14]}; _Tp = PatrolClient; _Alloc = std::allocator<PatrolClient>; __gnu_cxx::_Lock_policy _Lp = __gnu_cxx::_S_atomic][m[K’
[01m[K/usr/include/c++/11/bits/shared_ptr_base.h:650:16:[m[K   required from ‘[01m[Kstd::__shared_count<_Lp>::__shared_count(_Tp*&, std::_Sp_alloc_shared_tag<_Alloc>, _Args&& ...) [with _Tp = PatrolClient; _Alloc = std::allocator<PatrolClient>; _Args = {const char (&)[14]}; __gnu_cxx::_Lock_policy _Lp = __gnu_cxx::_S_atomic][m[K’
[01m[K/usr/include/c++/11/bits/shared_ptr_base.h:1342:14:[m[K   required from ‘[01m[Kstd::__shared_ptr<_Tp, _Lp>::__shared_ptr(std::_Sp_alloc_shared_tag<_Tp>, _Args&& ...) [with _Alloc = std::allocator<PatrolClient>; _Args = {const char (&)[14]}; _Tp = PatrolClient; __gnu_cxx::_Lock_policy _Lp = __gnu_cxx::_S_atomic][m[K’
[01m[K/usr/include/c++/11/bits/shared_ptr.h:409:59:[m[K   required from ‘[01m[Kstd::shared_ptr<_Tp>::shared_ptr(std::_Sp_alloc_shared_tag<_Tp>, _Args&& ...) [with _Alloc = std::allocator<PatrolClient>; _Args = {const char (&)[14]}; _Tp = PatrolClient][m[K’
[01m[K/usr/include/c++/11/bits/shared_ptr.h:862:14:[m[K   required from ‘[01m[Kstd::shared_ptr<_Tp> std::allocate_shared(const _Alloc&, _Args&& ...) [with _Tp = PatrolClient; _Alloc = std::allocator<PatrolClient>; _Args = {const char (&)[14]}][m[K’
[01m[K/usr/include/c++/11/bits/shared_ptr.h:878:39:[m[K   required from ‘[01m[Kstd::shared_ptr<_Tp> std::make_shared(_Args&& ...) [with _Tp = PatrolClient; _Args = {const char (&)[14]}][m[K’
[01m[K/home/bayes/hssw/others/ros2project/products/cpp/service_pratice_ws/src/demo_cpp_service/src/patrol_client.cpp:64:45:[m[K   required from here
[01m[K/usr/include/c++/11/ext/new_allocator.h:162:11:[m[K [01;31m[Kerror: [m[Kno matching function for call to ‘[01m[KPatrolClient::PatrolClient(const char [14])[m[K’
  162 |         { [01;31m[K::new((void *)__p) _Up(std::forward<_Args>(__args)...)[m[K; }
      |           [01;31m[K^~~~~~~~~~~~~~~~~~~~~~~~~~~~~~~~~~~~~~~~~~~~~~~~~~~~~~[m[K
[01m[K/home/bayes/hssw/others/ros2project/products/cpp/service_pratice_ws/src/demo_cpp_service/src/patrol_client.cpp:8:7:[m[K [01;36m[Knote: [m[Kcandidate: ‘[01m[KPatrolClient::PatrolClient()[m[K’ (deleted)
    8 | class [01;36m[KPatrolClient[m[K:public rclcpp::Node{
      |       [01;36m[K^~~~~~~~~~~~[m[K
[01m[K/home/bayes/hssw/others/ros2project/products/cpp/service_pratice_ws/src/demo_cpp_service/src/patrol_client.cpp:8:7:[m[K [01;36m[Knote: [m[K  candidate expects 0 arguments, 1 provided
[01m[K/home/bayes/hssw/others/ros2project/products/cpp/service_pratice_ws/src/demo_cpp_service/src/patrol_client.cpp:8:7:[m[K [01;36m[Knote: [m[Kcandidate: ‘[01m[KPatrolClient::PatrolClient(const PatrolClient&)[m[K’ (deleted)
[01m[K/home/bayes/hssw/others/ros2project/products/cpp/service_pratice_ws/src/demo_cpp_service/src/patrol_client.cpp:8:7:[m[K [01;36m[Knote: [m[K  no known conversion for argument 1 from ‘[01m[Kconst char [14][m[K’ to ‘[01m[Kconst PatrolClient&[m[K’
[01m[K/home/bayes/hssw/others/ros2project/products/cpp/service_pratice_ws/src/demo_cpp_service/src/patrol_client.cpp:8:7:[m[K [01;36m[Knote: [m[Kcandidate: ‘[01m[KPatrolClient::PatrolClient(PatrolClient&&)[m[K’ (deleted)
[01m[K/home/bayes/hssw/others/ros2project/products/cpp/service_pratice_ws/src/demo_cpp_service/src/patrol_client.cpp:8:7:[m[K [01;36m[Knote: [m[K  no known conversion for argument 1 from ‘[01m[Kconst char [14][m[K’ to ‘[01m[KPatrolClient&&[m[K’
gmake[2]: *** [CMakeFiles/patrol_client.dir/build.make:76：CMakeFiles/patrol_client.dir/src/patrol_client.cpp.o] 错误 1
gmake[1]: *** [CMakeFiles/Makefile2:165：CMakeFiles/patrol_client.dir/all] 错误 2
gmake: *** [Makefile:146：all] 错误 2
