[0.009s] Invoking command in '/home/bayes/hssw/others/ros2project/products/cpp/fishbot_desc_ws/build/fishbot_description': CMAKE_PREFIX_PATH=/opt/ros/humble /usr/bin/cmake --build /home/bayes/hssw/others/ros2project/products/cpp/fishbot_desc_ws/build/fishbot_description -- -j24 -l24
[0.052s] -- Found ament_cmake: 1.3.12 (/opt/ros/humble/share/ament_cmake/cmake)
[0.196s] -- Found ament_lint_auto: 0.12.14 (/opt/ros/humble/share/ament_lint_auto/cmake)
[0.265s] -- Added test 'flake8' to check Python code syntax and style conventions
[0.265s] -- Added test 'lint_cmake' to check CMake code style
[0.265s] -- Added test 'pep257' to check Python code against some of the docstring style conventions in PEP 257
[0.266s] -- Added test 'xmllint' to check XML markup files
[0.268s] -- Configuring done
[0.275s] -- Generating done
[0.276s] -- Build files have been written to: /home/bayes/hssw/others/ros2project/products/cpp/fishbot_desc_ws/build/fishbot_description
[0.288s] Invoked command in '/home/bayes/hssw/others/ros2project/products/cpp/fishbot_desc_ws/build/fishbot_description' returned '0': CMAKE_PREFIX_PATH=/opt/ros/humble /usr/bin/cmake --build /home/bayes/hssw/others/ros2project/products/cpp/fishbot_desc_ws/build/fishbot_description -- -j24 -l24
[0.294s] Invoking command in '/home/bayes/hssw/others/ros2project/products/cpp/fishbot_desc_ws/build/fishbot_description': CMAKE_PREFIX_PATH=/opt/ros/humble /usr/bin/cmake --install /home/bayes/hssw/others/ros2project/products/cpp/fishbot_desc_ws/build/fishbot_description
[0.298s] -- Install configuration: ""
[0.298s] -- Up-to-date: /home/bayes/hssw/others/ros2project/products/cpp/fishbot_desc_ws/install/fishbot_description/share/fishbot_description/launch
[0.298s] -- Installing: /home/bayes/hssw/others/ros2project/products/cpp/fishbot_desc_ws/install/fishbot_description/share/fishbot_description/launch/display_robot.launch.py
[0.298s] -- Up-to-date: /home/bayes/hssw/others/ros2project/products/cpp/fishbot_desc_ws/install/fishbot_description/share/fishbot_description/urdf
[0.298s] -- Up-to-date: /home/bayes/hssw/others/ros2project/products/cpp/fishbot_desc_ws/install/fishbot_description/share/fishbot_description/urdf/first_robot.gv
[0.298s] -- Up-to-date: /home/bayes/hssw/others/ros2project/products/cpp/fishbot_desc_ws/install/fishbot_description/share/fishbot_description/urdf/first_robot.urdf
[0.298s] -- Up-to-date: /home/bayes/hssw/others/ros2project/products/cpp/fishbot_desc_ws/install/fishbot_description/share/fishbot_description/urdf/first_robot.pdf
[0.298s] -- Installing: /home/bayes/hssw/others/ros2project/products/cpp/fishbot_desc_ws/install/fishbot_description/share/fishbot_description/urdf/first_robot.urdf.xacro
[0.298s] -- Up-to-date: /home/bayes/hssw/others/ros2project/products/cpp/fishbot_desc_ws/install/fishbot_description/share/ament_index/resource_index/package_run_dependencies/fishbot_description
[0.299s] -- Up-to-date: /home/bayes/hssw/others/ros2project/products/cpp/fishbot_desc_ws/install/fishbot_description/share/ament_index/resource_index/parent_prefix_path/fishbot_description
[0.299s] -- Up-to-date: /home/bayes/hssw/others/ros2project/products/cpp/fishbot_desc_ws/install/fishbot_description/share/fishbot_description/environment/ament_prefix_path.sh
[0.299s] -- Installing: /home/bayes/hssw/others/ros2project/products/cpp/fishbot_desc_ws/install/fishbot_description/share/fishbot_description/environment/ament_prefix_path.dsv
[0.299s] -- Up-to-date: /home/bayes/hssw/others/ros2project/products/cpp/fishbot_desc_ws/install/fishbot_description/share/fishbot_description/environment/path.sh
[0.299s] -- Installing: /home/bayes/hssw/others/ros2project/products/cpp/fishbot_desc_ws/install/fishbot_description/share/fishbot_description/environment/path.dsv
[0.299s] -- Up-to-date: /home/bayes/hssw/others/ros2project/products/cpp/fishbot_desc_ws/install/fishbot_description/share/fishbot_description/local_setup.bash
[0.299s] -- Up-to-date: /home/bayes/hssw/others/ros2project/products/cpp/fishbot_desc_ws/install/fishbot_description/share/fishbot_description/local_setup.sh
[0.300s] -- Up-to-date: /home/bayes/hssw/others/ros2project/products/cpp/fishbot_desc_ws/install/fishbot_description/share/fishbot_description/local_setup.zsh
[0.300s] -- Installing: /home/bayes/hssw/others/ros2project/products/cpp/fishbot_desc_ws/install/fishbot_description/share/fishbot_description/local_setup.dsv
[0.301s] -- Installing: /home/bayes/hssw/others/ros2project/products/cpp/fishbot_desc_ws/install/fishbot_description/share/fishbot_description/package.dsv
[0.301s] -- Up-to-date: /home/bayes/hssw/others/ros2project/products/cpp/fishbot_desc_ws/install/fishbot_description/share/ament_index/resource_index/packages/fishbot_description
[0.301s] -- Up-to-date: /home/bayes/hssw/others/ros2project/products/cpp/fishbot_desc_ws/install/fishbot_description/share/fishbot_description/cmake/fishbot_descriptionConfig.cmake
[0.301s] -- Up-to-date: /home/bayes/hssw/others/ros2project/products/cpp/fishbot_desc_ws/install/fishbot_description/share/fishbot_description/cmake/fishbot_descriptionConfig-version.cmake
[0.301s] -- Up-to-date: /home/bayes/hssw/others/ros2project/products/cpp/fishbot_desc_ws/install/fishbot_description/share/fishbot_description/package.xml
[0.302s] Invoked command in '/home/bayes/hssw/others/ros2project/products/cpp/fishbot_desc_ws/build/fishbot_description' returned '0': CMAKE_PREFIX_PATH=/opt/ros/humble /usr/bin/cmake --install /home/bayes/hssw/others/ros2project/products/cpp/fishbot_desc_ws/build/fishbot_description
