-- Found ament_cmake: 1.3.12 (/opt/ros/humble/share/ament_cmake/cmake)
-- Found rclcpp: 16.0.14 (/opt/ros/humble/share/rclcpp/cmake)
-- Found rosidl_generator_c: 3.1.7 (/opt/ros/humble/share/rosidl_generator_c/cmake)
-- Found rosidl_adapter: 3.1.7 (/opt/ros/humble/share/rosidl_adapter/cmake)
-- Found rosidl_generator_cpp: 3.1.7 (/opt/ros/humble/share/rosidl_generator_cpp/cmake)
-- Using all available rosidl_typesupport_c: rosidl_typesupport_fastrtps_c;rosidl_typesupport_introspection_c
-- Using all available rosidl_typesupport_cpp: rosidl_typesupport_fastrtps_cpp;rosidl_typesupport_introspection_cpp
-- Found rmw_implementation_cmake: 6.1.2 (/opt/ros/humble/share/rmw_implementation_cmake/cmake)
-- Found rmw_fastrtps_cpp: 6.2.8 (/opt/ros/humble/share/rmw_fastrtps_cpp/cmake)
-- Using RMW implementation 'rmw_fastrtps_cpp' as default
-- Found tf2: 0.25.15 (/opt/ros/humble/share/tf2/cmake)
-- Found tf2_ros: 0.25.15 (/opt/ros/humble/share/tf2_ros/cmake)
-- Found tf2_geometry_msgs: 0.25.15 (/opt/ros/humble/share/tf2_geometry_msgs/cmake)
-- Found eigen3_cmake_module: 0.1.1 (/opt/ros/humble/share/eigen3_cmake_module/cmake)
-- Ensuring Eigen3 include directory is part of orocos-kdl CMake target
-- Found ament_lint_auto: 0.12.14 (/opt/ros/humble/share/ament_lint_auto/cmake)
-- Added test 'cppcheck' to perform static code analysis on C / C++ code
-- Configured cppcheck include dirs: 
-- Configured cppcheck exclude dirs and/or files: 
-- Added test 'lint_cmake' to check CMake code style
-- Added test 'uncrustify' to check C / C++ code style
-- Configured uncrustify additional arguments: 
-- Added test 'xmllint' to check XML markup files
-- Configuring done
-- Generating done
-- Build files have been written to: /home/bayes/hssw/others/ros2project/products/cpp/tf_pratice_ws/build/demo_cpp_tf2
[35m[1mConsolidate compiler generated dependencies of target static_tf_broadcaster[0m
[35m[1mConsolidate compiler generated dependencies of target tf_listener[0m
[35m[1mConsolidate compiler generated dependencies of target tf_broadcaster[0m
[ 33%] Built target static_tf_broadcaster
[ 50%] [32mBuilding CXX object CMakeFiles/tf_listener.dir/src/tf_listener.cpp.o[0m
[ 66%] [32mBuilding CXX object CMakeFiles/tf_broadcaster.dir/src/dynamic_tf_broadcaster.cpp.o[0m
In file included from [01m[K/home/bayes/hssw/others/ros2project/products/cpp/tf_pratice_ws/src/demo_cpp_tf2/src/tf_listener.cpp:11[m[K:
[01m[K/opt/ros/humble/include/tf2_geometry_msgs/tf2_geometry_msgs/tf2_geometry_msgs.h:35:2:[m[K [01;35m[Kwarning: [m[K#warning This header is obsolete, please include tf2_geometry_msgs/tf2_geometry_msgs.hpp instead [[01;35m[K]8;;https://gcc.gnu.org/onlinedocs/gcc/Warning-Options.html#index-Wcpp-Wcpp]8;;[m[K]
   35 | #[01;35m[Kwarning[m[K This header is obsolete, please include tf2_geometry_msgs/tf2_geometry_msgs.hpp instead
      |  [01;35m[K^~~~~~~[m[K
[ 83%] [32m[1mLinking CXX executable tf_listener[0m
[ 83%] Built target tf_listener
[100%] [32m[1mLinking CXX executable tf_broadcaster[0m
[100%] Built target tf_broadcaster
-- Install configuration: ""
-- Up-to-date: /home/bayes/hssw/others/ros2project/products/cpp/tf_pratice_ws/install/demo_cpp_tf2/lib/demo_cpp_tf2/static_tf_broadcaster
-- Installing: /home/bayes/hssw/others/ros2project/products/cpp/tf_pratice_ws/install/demo_cpp_tf2/lib/demo_cpp_tf2/tf_broadcaster
-- Set runtime path of "/home/bayes/hssw/others/ros2project/products/cpp/tf_pratice_ws/install/demo_cpp_tf2/lib/demo_cpp_tf2/tf_broadcaster" to ""
-- Installing: /home/bayes/hssw/others/ros2project/products/cpp/tf_pratice_ws/install/demo_cpp_tf2/lib/demo_cpp_tf2/tf_listener
-- Set runtime path of "/home/bayes/hssw/others/ros2project/products/cpp/tf_pratice_ws/install/demo_cpp_tf2/lib/demo_cpp_tf2/tf_listener" to ""
-- Up-to-date: /home/bayes/hssw/others/ros2project/products/cpp/tf_pratice_ws/install/demo_cpp_tf2/share/ament_index/resource_index/package_run_dependencies/demo_cpp_tf2
-- Installing: /home/bayes/hssw/others/ros2project/products/cpp/tf_pratice_ws/install/demo_cpp_tf2/share/ament_index/resource_index/parent_prefix_path/demo_cpp_tf2
-- Up-to-date: /home/bayes/hssw/others/ros2project/products/cpp/tf_pratice_ws/install/demo_cpp_tf2/share/demo_cpp_tf2/environment/ament_prefix_path.sh
-- Installing: /home/bayes/hssw/others/ros2project/products/cpp/tf_pratice_ws/install/demo_cpp_tf2/share/demo_cpp_tf2/environment/ament_prefix_path.dsv
-- Up-to-date: /home/bayes/hssw/others/ros2project/products/cpp/tf_pratice_ws/install/demo_cpp_tf2/share/demo_cpp_tf2/environment/path.sh
-- Installing: /home/bayes/hssw/others/ros2project/products/cpp/tf_pratice_ws/install/demo_cpp_tf2/share/demo_cpp_tf2/environment/path.dsv
-- Up-to-date: /home/bayes/hssw/others/ros2project/products/cpp/tf_pratice_ws/install/demo_cpp_tf2/share/demo_cpp_tf2/local_setup.bash
-- Up-to-date: /home/bayes/hssw/others/ros2project/products/cpp/tf_pratice_ws/install/demo_cpp_tf2/share/demo_cpp_tf2/local_setup.sh
-- Up-to-date: /home/bayes/hssw/others/ros2project/products/cpp/tf_pratice_ws/install/demo_cpp_tf2/share/demo_cpp_tf2/local_setup.zsh
-- Installing: /home/bayes/hssw/others/ros2project/products/cpp/tf_pratice_ws/install/demo_cpp_tf2/share/demo_cpp_tf2/local_setup.dsv
-- Installing: /home/bayes/hssw/others/ros2project/products/cpp/tf_pratice_ws/install/demo_cpp_tf2/share/demo_cpp_tf2/package.dsv
-- Up-to-date: /home/bayes/hssw/others/ros2project/products/cpp/tf_pratice_ws/install/demo_cpp_tf2/share/ament_index/resource_index/packages/demo_cpp_tf2
-- Up-to-date: /home/bayes/hssw/others/ros2project/products/cpp/tf_pratice_ws/install/demo_cpp_tf2/share/demo_cpp_tf2/cmake/demo_cpp_tf2Config.cmake
-- Up-to-date: /home/bayes/hssw/others/ros2project/products/cpp/tf_pratice_ws/install/demo_cpp_tf2/share/demo_cpp_tf2/cmake/demo_cpp_tf2Config-version.cmake
-- Up-to-date: /home/bayes/hssw/others/ros2project/products/cpp/tf_pratice_ws/install/demo_cpp_tf2/share/demo_cpp_tf2/package.xml
