[0.019s] Invoking command in '/home/bayes/hssw/others/ros2project/products/cpp/tf_pratice_ws/build/demo_cpp_tf2': CMAKE_PREFIX_PATH=${CMAKE_PREFIX_PATH}:/home/bayes/hssw/others/ros2project/products/cpp/tf_pratice_ws/src/install/demo_python_tf:/home/bayes/hssw/others/ros2project/products/cpp/tf_pratice_ws/install/demo_python_tf:/opt/ros/humble /usr/bin/cmake --build /home/bayes/hssw/others/ros2project/products/cpp/tf_pratice_ws/build/demo_cpp_tf2 -- -j24 -l24
[0.038s] -- Found ament_cmake: 1.3.12 (/opt/ros/humble/share/ament_cmake/cmake)
[0.129s] -- Found rclcpp: 16.0.14 (/opt/ros/humble/share/rclcpp/cmake)
[0.148s] -- Found rosidl_generator_c: 3.1.7 (/opt/ros/humble/share/rosidl_generator_c/cmake)
[0.150s] -- Found rosidl_adapter: 3.1.7 (/opt/ros/humble/share/rosidl_adapter/cmake)
[0.154s] -- Found rosidl_generator_cpp: 3.1.7 (/opt/ros/humble/share/rosidl_generator_cpp/cmake)
[0.161s] -- Using all available rosidl_typesupport_c: rosidl_typesupport_fastrtps_c;rosidl_typesupport_introspection_c
[0.170s] -- Using all available rosidl_typesupport_cpp: rosidl_typesupport_fastrtps_cpp;rosidl_typesupport_introspection_cpp
[0.192s] -- Found rmw_implementation_cmake: 6.1.2 (/opt/ros/humble/share/rmw_implementation_cmake/cmake)
[0.192s] -- Found rmw_fastrtps_cpp: 6.2.8 (/opt/ros/humble/share/rmw_fastrtps_cpp/cmake)
[0.261s] -- Using RMW implementation 'rmw_fastrtps_cpp' as default
[0.291s] -- Found tf2: 0.25.15 (/opt/ros/humble/share/tf2/cmake)
[0.301s] -- Found tf2_ros: 0.25.15 (/opt/ros/humble/share/tf2_ros/cmake)
[0.351s] -- Found tf2_geometry_msgs: 0.25.15 (/opt/ros/humble/share/tf2_geometry_msgs/cmake)
[0.353s] -- Found eigen3_cmake_module: 0.1.1 (/opt/ros/humble/share/eigen3_cmake_module/cmake)
[0.354s] -- Ensuring Eigen3 include directory is part of orocos-kdl CMake target
[0.358s] -- Found ament_lint_auto: 0.12.14 (/opt/ros/humble/share/ament_lint_auto/cmake)
[0.410s] -- Added test 'cppcheck' to perform static code analysis on C / C++ code
[0.410s] -- Configured cppcheck include dirs: 
[0.410s] -- Configured cppcheck exclude dirs and/or files: 
[0.411s] -- Added test 'lint_cmake' to check CMake code style
[0.411s] -- Added test 'uncrustify' to check C / C++ code style
[0.412s] -- Configured uncrustify additional arguments: 
[0.412s] -- Added test 'xmllint' to check XML markup files
[0.412s] -- Configuring done
[0.428s] -- Generating done
[0.433s] -- Build files have been written to: /home/bayes/hssw/others/ros2project/products/cpp/tf_pratice_ws/build/demo_cpp_tf2
[0.463s] [35m[1mConsolidate compiler generated dependencies of target static_tf_broadcaster[0m
[0.463s] [35m[1mConsolidate compiler generated dependencies of target tf_listener[0m
[0.465s] [35m[1mConsolidate compiler generated dependencies of target tf_broadcaster[0m
[0.482s] [ 33%] Built target static_tf_broadcaster
[0.482s] [ 50%] [32mBuilding CXX object CMakeFiles/tf_listener.dir/src/tf_listener.cpp.o[0m
[0.482s] [ 66%] [32mBuilding CXX object CMakeFiles/tf_broadcaster.dir/src/dynamic_tf_broadcaster.cpp.o[0m
[0.721s] In file included from [01m[K/home/bayes/hssw/others/ros2project/products/cpp/tf_pratice_ws/src/demo_cpp_tf2/src/tf_listener.cpp:11[m[K:
[0.721s] [01m[K/opt/ros/humble/include/tf2_geometry_msgs/tf2_geometry_msgs/tf2_geometry_msgs.h:35:2:[m[K [01;35m[Kwarning: [m[K#warning This header is obsolete, please include tf2_geometry_msgs/tf2_geometry_msgs.hpp instead [[01;35m[K]8;;https://gcc.gnu.org/onlinedocs/gcc/Warning-Options.html#index-Wcpp-Wcpp]8;;[m[K]
[0.721s]    35 | #[01;35m[Kwarning[m[K This header is obsolete, please include tf2_geometry_msgs/tf2_geometry_msgs.hpp instead
[0.721s]       |  [01;35m[K^~~~~~~[m[K
[2.969s] [ 83%] [32m[1mLinking CXX executable tf_listener[0m
[3.093s] [ 83%] Built target tf_listener
[3.449s] [100%] [32m[1mLinking CXX executable tf_broadcaster[0m
[3.602s] [100%] Built target tf_broadcaster
[3.611s] Invoked command in '/home/bayes/hssw/others/ros2project/products/cpp/tf_pratice_ws/build/demo_cpp_tf2' returned '0': CMAKE_PREFIX_PATH=${CMAKE_PREFIX_PATH}:/home/bayes/hssw/others/ros2project/products/cpp/tf_pratice_ws/src/install/demo_python_tf:/home/bayes/hssw/others/ros2project/products/cpp/tf_pratice_ws/install/demo_python_tf:/opt/ros/humble /usr/bin/cmake --build /home/bayes/hssw/others/ros2project/products/cpp/tf_pratice_ws/build/demo_cpp_tf2 -- -j24 -l24
[3.621s] Invoking command in '/home/bayes/hssw/others/ros2project/products/cpp/tf_pratice_ws/build/demo_cpp_tf2': CMAKE_PREFIX_PATH=${CMAKE_PREFIX_PATH}:/home/bayes/hssw/others/ros2project/products/cpp/tf_pratice_ws/src/install/demo_python_tf:/home/bayes/hssw/others/ros2project/products/cpp/tf_pratice_ws/install/demo_python_tf:/opt/ros/humble /usr/bin/cmake --install /home/bayes/hssw/others/ros2project/products/cpp/tf_pratice_ws/build/demo_cpp_tf2
[3.627s] -- Install configuration: ""
[3.627s] -- Up-to-date: /home/bayes/hssw/others/ros2project/products/cpp/tf_pratice_ws/install/demo_cpp_tf2/lib/demo_cpp_tf2/static_tf_broadcaster
[3.628s] -- Installing: /home/bayes/hssw/others/ros2project/products/cpp/tf_pratice_ws/install/demo_cpp_tf2/lib/demo_cpp_tf2/tf_broadcaster
[3.629s] -- Set runtime path of "/home/bayes/hssw/others/ros2project/products/cpp/tf_pratice_ws/install/demo_cpp_tf2/lib/demo_cpp_tf2/tf_broadcaster" to ""
[3.629s] -- Installing: /home/bayes/hssw/others/ros2project/products/cpp/tf_pratice_ws/install/demo_cpp_tf2/lib/demo_cpp_tf2/tf_listener
[3.630s] -- Set runtime path of "/home/bayes/hssw/others/ros2project/products/cpp/tf_pratice_ws/install/demo_cpp_tf2/lib/demo_cpp_tf2/tf_listener" to ""
[3.630s] -- Up-to-date: /home/bayes/hssw/others/ros2project/products/cpp/tf_pratice_ws/install/demo_cpp_tf2/share/ament_index/resource_index/package_run_dependencies/demo_cpp_tf2
[3.630s] -- Installing: /home/bayes/hssw/others/ros2project/products/cpp/tf_pratice_ws/install/demo_cpp_tf2/share/ament_index/resource_index/parent_prefix_path/demo_cpp_tf2
[3.631s] -- Up-to-date: /home/bayes/hssw/others/ros2project/products/cpp/tf_pratice_ws/install/demo_cpp_tf2/share/demo_cpp_tf2/environment/ament_prefix_path.sh
[3.631s] -- Installing: /home/bayes/hssw/others/ros2project/products/cpp/tf_pratice_ws/install/demo_cpp_tf2/share/demo_cpp_tf2/environment/ament_prefix_path.dsv
[3.631s] -- Up-to-date: /home/bayes/hssw/others/ros2project/products/cpp/tf_pratice_ws/install/demo_cpp_tf2/share/demo_cpp_tf2/environment/path.sh
[3.631s] -- Installing: /home/bayes/hssw/others/ros2project/products/cpp/tf_pratice_ws/install/demo_cpp_tf2/share/demo_cpp_tf2/environment/path.dsv
[3.631s] -- Up-to-date: /home/bayes/hssw/others/ros2project/products/cpp/tf_pratice_ws/install/demo_cpp_tf2/share/demo_cpp_tf2/local_setup.bash
[3.631s] -- Up-to-date: /home/bayes/hssw/others/ros2project/products/cpp/tf_pratice_ws/install/demo_cpp_tf2/share/demo_cpp_tf2/local_setup.sh
[3.631s] -- Up-to-date: /home/bayes/hssw/others/ros2project/products/cpp/tf_pratice_ws/install/demo_cpp_tf2/share/demo_cpp_tf2/local_setup.zsh
[3.632s] -- Installing: /home/bayes/hssw/others/ros2project/products/cpp/tf_pratice_ws/install/demo_cpp_tf2/share/demo_cpp_tf2/local_setup.dsv
[3.632s] -- Installing: /home/bayes/hssw/others/ros2project/products/cpp/tf_pratice_ws/install/demo_cpp_tf2/share/demo_cpp_tf2/package.dsv
[3.632s] -- Up-to-date: /home/bayes/hssw/others/ros2project/products/cpp/tf_pratice_ws/install/demo_cpp_tf2/share/ament_index/resource_index/packages/demo_cpp_tf2
[3.632s] -- Up-to-date: /home/bayes/hssw/others/ros2project/products/cpp/tf_pratice_ws/install/demo_cpp_tf2/share/demo_cpp_tf2/cmake/demo_cpp_tf2Config.cmake
[3.633s] -- Up-to-date: /home/bayes/hssw/others/ros2project/products/cpp/tf_pratice_ws/install/demo_cpp_tf2/share/demo_cpp_tf2/cmake/demo_cpp_tf2Config-version.cmake
[3.634s] -- Up-to-date: /home/bayes/hssw/others/ros2project/products/cpp/tf_pratice_ws/install/demo_cpp_tf2/share/demo_cpp_tf2/package.xml
[3.634s] Invoked command in '/home/bayes/hssw/others/ros2project/products/cpp/tf_pratice_ws/build/demo_cpp_tf2' returned '0': CMAKE_PREFIX_PATH=${CMAKE_PREFIX_PATH}:/home/bayes/hssw/others/ros2project/products/cpp/tf_pratice_ws/src/install/demo_python_tf:/home/bayes/hssw/others/ros2project/products/cpp/tf_pratice_ws/install/demo_python_tf:/opt/ros/humble /usr/bin/cmake --install /home/bayes/hssw/others/ros2project/products/cpp/tf_pratice_ws/build/demo_cpp_tf2
