[2.203s] Invoking command in '/home/bayes/hssw/others/ros2project/products/cpp/topic_practice_ws/src/status_publisher': AMENT_PREFIX_PATH=/home/bayes/hssw/others/ros2project/products/cpp/topic_practice_ws/src/install/status_interfaces:${AMENT_PREFIX_PATH} CMAKE_PREFIX_PATH=/home/bayes/hssw/others/ros2project/products/cpp/topic_practice_ws/src/install/status_interfaces LD_LIBRARY_PATH=/home/bayes/hssw/others/ros2project/products/cpp/topic_practice_ws/src/install/status_interfaces/lib:${LD_LIBRARY_PATH} PYTHONPATH=/home/bayes/hssw/others/ros2project/products/cpp/topic_practice_ws/src/build/status_publisher/prefix_override:/usr/lib/python3/dist-packages/colcon_core/task/python/colcon_distutils_commands:/home/bayes/hssw/others/ros2project/products/cpp/topic_practice_ws/src/install/status_publisher/lib/python3.10/site-packages:/home/bayes/hssw/others/ros2project/products/cpp/topic_practice_ws/src/install/status_interfaces/local/lib/python3.10/dist-packages:${PYTHONPATH} /usr/bin/python3 -W ignore:setup.py install is deprecated -W ignore:easy_install command is deprecated setup.py egg_info --egg-base ../build/status_publisher build --build-base /home/bayes/hssw/others/ros2project/products/cpp/topic_practice_ws/src/build/status_publisher/build install --record /home/bayes/hssw/others/ros2project/products/cpp/topic_practice_ws/src/build/status_publisher/install.log --single-version-externally-managed install_data
[3.211s] running egg_info
[3.212s] creating ../build/status_publisher/status_publisher.egg-info
[3.212s] writing ../build/status_publisher/status_publisher.egg-info/PKG-INFO
[3.213s] writing dependency_links to ../build/status_publisher/status_publisher.egg-info/dependency_links.txt
[3.214s] writing entry points to ../build/status_publisher/status_publisher.egg-info/entry_points.txt
[3.214s] writing requirements to ../build/status_publisher/status_publisher.egg-info/requires.txt
[3.214s] writing top-level names to ../build/status_publisher/status_publisher.egg-info/top_level.txt
[3.214s] writing manifest file '../build/status_publisher/status_publisher.egg-info/SOURCES.txt'
[3.219s] reading manifest file '../build/status_publisher/status_publisher.egg-info/SOURCES.txt'
[3.219s] adding license file 'LICENSE'
[3.220s] writing manifest file '../build/status_publisher/status_publisher.egg-info/SOURCES.txt'
[3.221s] running build
[3.221s] running build_py
[3.222s] creating /home/bayes/hssw/others/ros2project/products/cpp/topic_practice_ws/src/build/status_publisher/build
[3.223s] creating /home/bayes/hssw/others/ros2project/products/cpp/topic_practice_ws/src/build/status_publisher/build/lib
[3.223s] creating /home/bayes/hssw/others/ros2project/products/cpp/topic_practice_ws/src/build/status_publisher/build/lib/status_publisher
[3.223s] copying status_publisher/sys_status.py -> /home/bayes/hssw/others/ros2project/products/cpp/topic_practice_ws/src/build/status_publisher/build/lib/status_publisher
[3.223s] copying status_publisher/__init__.py -> /home/bayes/hssw/others/ros2project/products/cpp/topic_practice_ws/src/build/status_publisher/build/lib/status_publisher
[3.223s] running install
[3.224s] running install_lib
[3.226s] creating /home/bayes/hssw/others/ros2project/products/cpp/topic_practice_ws/src/install/status_publisher/lib/python3.10/site-packages/status_publisher
[3.226s] copying /home/bayes/hssw/others/ros2project/products/cpp/topic_practice_ws/src/build/status_publisher/build/lib/status_publisher/sys_status.py -> /home/bayes/hssw/others/ros2project/products/cpp/topic_practice_ws/src/install/status_publisher/lib/python3.10/site-packages/status_publisher
[3.227s] copying /home/bayes/hssw/others/ros2project/products/cpp/topic_practice_ws/src/build/status_publisher/build/lib/status_publisher/__init__.py -> /home/bayes/hssw/others/ros2project/products/cpp/topic_practice_ws/src/install/status_publisher/lib/python3.10/site-packages/status_publisher
[3.228s] byte-compiling /home/bayes/hssw/others/ros2project/products/cpp/topic_practice_ws/src/install/status_publisher/lib/python3.10/site-packages/status_publisher/sys_status.py to sys_status.cpython-310.pyc
[3.229s] byte-compiling /home/bayes/hssw/others/ros2project/products/cpp/topic_practice_ws/src/install/status_publisher/lib/python3.10/site-packages/status_publisher/__init__.py to __init__.cpython-310.pyc
[3.229s] running install_data
[3.230s] creating /home/bayes/hssw/others/ros2project/products/cpp/topic_practice_ws/src/install/status_publisher/share/ament_index
[3.230s] creating /home/bayes/hssw/others/ros2project/products/cpp/topic_practice_ws/src/install/status_publisher/share/ament_index/resource_index
[3.230s] creating /home/bayes/hssw/others/ros2project/products/cpp/topic_practice_ws/src/install/status_publisher/share/ament_index/resource_index/packages
[3.230s] copying resource/status_publisher -> /home/bayes/hssw/others/ros2project/products/cpp/topic_practice_ws/src/install/status_publisher/share/ament_index/resource_index/packages
[3.230s] copying package.xml -> /home/bayes/hssw/others/ros2project/products/cpp/topic_practice_ws/src/install/status_publisher/share/status_publisher
[3.231s] running install_egg_info
[3.235s] Copying ../build/status_publisher/status_publisher.egg-info to /home/bayes/hssw/others/ros2project/products/cpp/topic_practice_ws/src/install/status_publisher/lib/python3.10/site-packages/status_publisher-0.0.0-py3.10.egg-info
[3.238s] running install_scripts
[3.280s] writing list of installed files to '/home/bayes/hssw/others/ros2project/products/cpp/topic_practice_ws/src/build/status_publisher/install.log'
[3.318s] Invoked command in '/home/bayes/hssw/others/ros2project/products/cpp/topic_practice_ws/src/status_publisher' returned '0': AMENT_PREFIX_PATH=/home/bayes/hssw/others/ros2project/products/cpp/topic_practice_ws/src/install/status_interfaces:${AMENT_PREFIX_PATH} CMAKE_PREFIX_PATH=/home/bayes/hssw/others/ros2project/products/cpp/topic_practice_ws/src/install/status_interfaces LD_LIBRARY_PATH=/home/bayes/hssw/others/ros2project/products/cpp/topic_practice_ws/src/install/status_interfaces/lib:${LD_LIBRARY_PATH} PYTHONPATH=/home/bayes/hssw/others/ros2project/products/cpp/topic_practice_ws/src/build/status_publisher/prefix_override:/usr/lib/python3/dist-packages/colcon_core/task/python/colcon_distutils_commands:/home/bayes/hssw/others/ros2project/products/cpp/topic_practice_ws/src/install/status_publisher/lib/python3.10/site-packages:/home/bayes/hssw/others/ros2project/products/cpp/topic_practice_ws/src/install/status_interfaces/local/lib/python3.10/dist-packages:${PYTHONPATH} /usr/bin/python3 -W ignore:setup.py install is deprecated -W ignore:easy_install command is deprecated setup.py egg_info --egg-base ../build/status_publisher build --build-base /home/bayes/hssw/others/ros2project/products/cpp/topic_practice_ws/src/build/status_publisher/build install --record /home/bayes/hssw/others/ros2project/products/cpp/topic_practice_ws/src/build/status_publisher/install.log --single-version-externally-managed install_data
