[0.083s] DEBUG:colcon:Command line arguments: ['/usr/bin/colcon', 'build']
[0.083s] DEBUG:colcon:Parsed command line arguments: Namespace(log_base=None, log_level=None, verb_name='build', build_base='build', install_base='install', merge_install=False, symlink_install=False, test_result_base=None, continue_on_error=False, executor='parallel', parallel_workers=24, event_handlers=None, ignore_user_meta=False, metas=['./colcon.meta'], base_paths=['.'], packages_ignore=None, packages_ignore_regex=None, paths=None, packages_up_to=None, packages_up_to_regex=None, packages_above=None, packages_above_and_dependencies=None, packages_above_depth=None, packages_select_by_dep=None, packages_skip_by_dep=None, packages_skip_up_to=None, packages_select_build_failed=False, packages_skip_build_finished=False, packages_select_test_failures=False, packages_skip_test_passed=False, packages_select=None, packages_skip=None, packages_select_regex=None, packages_skip_regex=None, packages_start=None, packages_end=None, allow_overriding=[], cmake_args=None, cmake_target=None, cmake_target_skip_unavailable=False, cmake_clean_cache=False, cmake_clean_first=False, cmake_force_configure=False, ament_cmake_args=None, catkin_cmake_args=None, catkin_skip_building_tests=False, verb_parser=<colcon_defaults.argument_parser.defaults.DefaultArgumentsDecorator object at 0x7a5a39022200>, verb_extension=<colcon_core.verb.build.BuildVerb object at 0x7a5a39021db0>, main=<bound method BuildVerb.main of <colcon_core.verb.build.BuildVerb object at 0x7a5a39021db0>>)
[0.217s] Level 1:colcon.colcon_core.package_discovery:discover_packages(colcon_meta) check parameters
[0.218s] Level 1:colcon.colcon_core.package_discovery:discover_packages(recursive) check parameters
[0.218s] Level 1:colcon.colcon_core.package_discovery:discover_packages(ignore) check parameters
[0.218s] Level 1:colcon.colcon_core.package_discovery:discover_packages(path) check parameters
[0.218s] Level 1:colcon.colcon_core.package_discovery:discover_packages(colcon_meta) discover
[0.218s] Level 1:colcon.colcon_core.package_discovery:discover_packages(recursive) discover
[0.218s] INFO:colcon.colcon_core.package_discovery:Crawling recursively for packages in '/home/bayes/hssw/others/ros2project/products/cpp/service_pratice_ws/src'
[0.218s] Level 1:colcon.colcon_core.package_identification:_identify(.) by extensions ['ignore', 'ignore_ament_install']
[0.218s] Level 1:colcon.colcon_core.package_identification:_identify(.) by extension 'ignore'
[0.218s] Level 1:colcon.colcon_core.package_identification:_identify(.) by extension 'ignore_ament_install'
[0.218s] Level 1:colcon.colcon_core.package_identification:_identify(.) by extensions ['colcon_pkg']
[0.218s] Level 1:colcon.colcon_core.package_identification:_identify(.) by extension 'colcon_pkg'
[0.218s] Level 1:colcon.colcon_core.package_identification:_identify(.) by extensions ['colcon_meta']
[0.218s] Level 1:colcon.colcon_core.package_identification:_identify(.) by extension 'colcon_meta'
[0.218s] Level 1:colcon.colcon_core.package_identification:_identify(.) by extensions ['ros']
[0.218s] Level 1:colcon.colcon_core.package_identification:_identify(.) by extension 'ros'
[0.232s] Level 1:colcon.colcon_core.package_identification:_identify(.) by extensions ['cmake', 'python']
[0.232s] Level 1:colcon.colcon_core.package_identification:_identify(.) by extension 'cmake'
[0.232s] Level 1:colcon.colcon_core.package_identification:_identify(.) by extension 'python'
[0.232s] Level 1:colcon.colcon_core.package_identification:_identify(.) by extensions ['python_setup_py']
[0.232s] Level 1:colcon.colcon_core.package_identification:_identify(.) by extension 'python_setup_py'
[0.233s] Level 1:colcon.colcon_core.package_identification:_identify(build) by extensions ['ignore', 'ignore_ament_install']
[0.233s] Level 1:colcon.colcon_core.package_identification:_identify(build) by extension 'ignore'
[0.233s] Level 1:colcon.colcon_core.package_identification:_identify(build) ignored
[0.233s] Level 1:colcon.colcon_core.package_identification:_identify(chapt4_interfaces) by extensions ['ignore', 'ignore_ament_install']
[0.233s] Level 1:colcon.colcon_core.package_identification:_identify(chapt4_interfaces) by extension 'ignore'
[0.233s] Level 1:colcon.colcon_core.package_identification:_identify(chapt4_interfaces) by extension 'ignore_ament_install'
[0.233s] Level 1:colcon.colcon_core.package_identification:_identify(chapt4_interfaces) by extensions ['colcon_pkg']
[0.233s] Level 1:colcon.colcon_core.package_identification:_identify(chapt4_interfaces) by extension 'colcon_pkg'
[0.233s] Level 1:colcon.colcon_core.package_identification:_identify(chapt4_interfaces) by extensions ['colcon_meta']
[0.233s] Level 1:colcon.colcon_core.package_identification:_identify(chapt4_interfaces) by extension 'colcon_meta'
[0.233s] Level 1:colcon.colcon_core.package_identification:_identify(chapt4_interfaces) by extensions ['ros']
[0.233s] Level 1:colcon.colcon_core.package_identification:_identify(chapt4_interfaces) by extension 'ros'
[0.235s] DEBUG:colcon.colcon_core.package_identification:Package 'chapt4_interfaces' with type 'ros.ament_cmake' and name 'chapt4_interfaces'
[0.235s] Level 1:colcon.colcon_core.package_identification:_identify(demo_cpp_service) by extensions ['ignore', 'ignore_ament_install']
[0.235s] Level 1:colcon.colcon_core.package_identification:_identify(demo_cpp_service) by extension 'ignore'
[0.235s] Level 1:colcon.colcon_core.package_identification:_identify(demo_cpp_service) by extension 'ignore_ament_install'
[0.235s] Level 1:colcon.colcon_core.package_identification:_identify(demo_cpp_service) by extensions ['colcon_pkg']
[0.235s] Level 1:colcon.colcon_core.package_identification:_identify(demo_cpp_service) by extension 'colcon_pkg'
[0.235s] Level 1:colcon.colcon_core.package_identification:_identify(demo_cpp_service) by extensions ['colcon_meta']
[0.235s] Level 1:colcon.colcon_core.package_identification:_identify(demo_cpp_service) by extension 'colcon_meta'
[0.235s] Level 1:colcon.colcon_core.package_identification:_identify(demo_cpp_service) by extensions ['ros']
[0.235s] Level 1:colcon.colcon_core.package_identification:_identify(demo_cpp_service) by extension 'ros'
[0.236s] DEBUG:colcon.colcon_core.package_identification:Package 'demo_cpp_service' with type 'ros.ament_cmake' and name 'demo_cpp_service'
[0.236s] Level 1:colcon.colcon_core.package_identification:_identify(demo_python_service) by extensions ['ignore', 'ignore_ament_install']
[0.236s] Level 1:colcon.colcon_core.package_identification:_identify(demo_python_service) by extension 'ignore'
[0.236s] Level 1:colcon.colcon_core.package_identification:_identify(demo_python_service) by extension 'ignore_ament_install'
[0.236s] Level 1:colcon.colcon_core.package_identification:_identify(demo_python_service) by extensions ['colcon_pkg']
[0.236s] Level 1:colcon.colcon_core.package_identification:_identify(demo_python_service) by extension 'colcon_pkg'
[0.236s] Level 1:colcon.colcon_core.package_identification:_identify(demo_python_service) by extensions ['colcon_meta']
[0.236s] Level 1:colcon.colcon_core.package_identification:_identify(demo_python_service) by extension 'colcon_meta'
[0.236s] Level 1:colcon.colcon_core.package_identification:_identify(demo_python_service) by extensions ['ros']
[0.236s] Level 1:colcon.colcon_core.package_identification:_identify(demo_python_service) by extension 'ros'
[0.237s] DEBUG:colcon.colcon_core.package_identification:Package 'demo_python_service' with type 'ros.ament_python' and name 'demo_python_service'
[0.237s] Level 1:colcon.colcon_core.package_identification:_identify(install) by extensions ['ignore', 'ignore_ament_install']
[0.237s] Level 1:colcon.colcon_core.package_identification:_identify(install) by extension 'ignore'
[0.237s] Level 1:colcon.colcon_core.package_identification:_identify(install) ignored
[0.237s] Level 1:colcon.colcon_core.package_identification:_identify(log) by extensions ['ignore', 'ignore_ament_install']
[0.237s] Level 1:colcon.colcon_core.package_identification:_identify(log) by extension 'ignore'
[0.237s] Level 1:colcon.colcon_core.package_identification:_identify(log) ignored
[0.237s] Level 1:colcon.colcon_core.package_discovery:discover_packages(recursive) using defaults
[0.237s] Level 1:colcon.colcon_core.package_discovery:discover_packages(ignore) discover
[0.237s] Level 1:colcon.colcon_core.package_discovery:discover_packages(ignore) using defaults
[0.237s] Level 1:colcon.colcon_core.package_discovery:discover_packages(path) discover
[0.237s] Level 1:colcon.colcon_core.package_discovery:discover_packages(path) using defaults
[0.251s] Level 1:colcon.colcon_core.package_discovery:discover_packages(prefix_path) check parameters
[0.251s] Level 1:colcon.colcon_core.package_discovery:discover_packages(prefix_path) discover
[0.253s] DEBUG:colcon.colcon_installed_package_information.package_discovery:Found 3 installed packages in /home/bayes/hssw/others/ros2project/products/cpp/service_pratice_ws/src/install
[0.254s] DEBUG:colcon.colcon_installed_package_information.package_discovery:Found 271 installed packages in /opt/ros/humble
[0.256s] Level 1:colcon.colcon_core.package_discovery:discover_packages(prefix_path) using defaults
[0.282s] Level 5:colcon.colcon_core.verb:set package 'chapt4_interfaces' build argument 'cmake_args' from command line to 'None'
[0.282s] Level 5:colcon.colcon_core.verb:set package 'chapt4_interfaces' build argument 'cmake_target' from command line to 'None'
[0.282s] Level 5:colcon.colcon_core.verb:set package 'chapt4_interfaces' build argument 'cmake_target_skip_unavailable' from command line to 'False'
[0.282s] Level 5:colcon.colcon_core.verb:set package 'chapt4_interfaces' build argument 'cmake_clean_cache' from command line to 'False'
[0.282s] Level 5:colcon.colcon_core.verb:set package 'chapt4_interfaces' build argument 'cmake_clean_first' from command line to 'False'
[0.282s] Level 5:colcon.colcon_core.verb:set package 'chapt4_interfaces' build argument 'cmake_force_configure' from command line to 'False'
[0.282s] Level 5:colcon.colcon_core.verb:set package 'chapt4_interfaces' build argument 'ament_cmake_args' from command line to 'None'
[0.282s] Level 5:colcon.colcon_core.verb:set package 'chapt4_interfaces' build argument 'catkin_cmake_args' from command line to 'None'
[0.282s] Level 5:colcon.colcon_core.verb:set package 'chapt4_interfaces' build argument 'catkin_skip_building_tests' from command line to 'False'
[0.282s] DEBUG:colcon.colcon_core.verb:Building package 'chapt4_interfaces' with the following arguments: {'ament_cmake_args': None, 'build_base': '/home/bayes/hssw/others/ros2project/products/cpp/service_pratice_ws/src/build/chapt4_interfaces', 'catkin_cmake_args': None, 'catkin_skip_building_tests': False, 'cmake_args': None, 'cmake_clean_cache': False, 'cmake_clean_first': False, 'cmake_force_configure': False, 'cmake_target': None, 'cmake_target_skip_unavailable': False, 'install_base': '/home/bayes/hssw/others/ros2project/products/cpp/service_pratice_ws/src/install/chapt4_interfaces', 'merge_install': False, 'path': '/home/bayes/hssw/others/ros2project/products/cpp/service_pratice_ws/src/chapt4_interfaces', 'symlink_install': False, 'test_result_base': None}
[0.283s] Level 5:colcon.colcon_core.verb:set package 'demo_cpp_service' build argument 'cmake_args' from command line to 'None'
[0.283s] Level 5:colcon.colcon_core.verb:set package 'demo_cpp_service' build argument 'cmake_target' from command line to 'None'
[0.283s] Level 5:colcon.colcon_core.verb:set package 'demo_cpp_service' build argument 'cmake_target_skip_unavailable' from command line to 'False'
[0.283s] Level 5:colcon.colcon_core.verb:set package 'demo_cpp_service' build argument 'cmake_clean_cache' from command line to 'False'
[0.283s] Level 5:colcon.colcon_core.verb:set package 'demo_cpp_service' build argument 'cmake_clean_first' from command line to 'False'
[0.283s] Level 5:colcon.colcon_core.verb:set package 'demo_cpp_service' build argument 'cmake_force_configure' from command line to 'False'
[0.283s] Level 5:colcon.colcon_core.verb:set package 'demo_cpp_service' build argument 'ament_cmake_args' from command line to 'None'
[0.283s] Level 5:colcon.colcon_core.verb:set package 'demo_cpp_service' build argument 'catkin_cmake_args' from command line to 'None'
[0.283s] Level 5:colcon.colcon_core.verb:set package 'demo_cpp_service' build argument 'catkin_skip_building_tests' from command line to 'False'
[0.283s] DEBUG:colcon.colcon_core.verb:Building package 'demo_cpp_service' with the following arguments: {'ament_cmake_args': None, 'build_base': '/home/bayes/hssw/others/ros2project/products/cpp/service_pratice_ws/src/build/demo_cpp_service', 'catkin_cmake_args': None, 'catkin_skip_building_tests': False, 'cmake_args': None, 'cmake_clean_cache': False, 'cmake_clean_first': False, 'cmake_force_configure': False, 'cmake_target': None, 'cmake_target_skip_unavailable': False, 'install_base': '/home/bayes/hssw/others/ros2project/products/cpp/service_pratice_ws/src/install/demo_cpp_service', 'merge_install': False, 'path': '/home/bayes/hssw/others/ros2project/products/cpp/service_pratice_ws/src/demo_cpp_service', 'symlink_install': False, 'test_result_base': None}
[0.283s] Level 5:colcon.colcon_core.verb:set package 'demo_python_service' build argument 'cmake_args' from command line to 'None'
[0.283s] Level 5:colcon.colcon_core.verb:set package 'demo_python_service' build argument 'cmake_target' from command line to 'None'
[0.283s] Level 5:colcon.colcon_core.verb:set package 'demo_python_service' build argument 'cmake_target_skip_unavailable' from command line to 'False'
[0.283s] Level 5:colcon.colcon_core.verb:set package 'demo_python_service' build argument 'cmake_clean_cache' from command line to 'False'
[0.283s] Level 5:colcon.colcon_core.verb:set package 'demo_python_service' build argument 'cmake_clean_first' from command line to 'False'
[0.283s] Level 5:colcon.colcon_core.verb:set package 'demo_python_service' build argument 'cmake_force_configure' from command line to 'False'
[0.283s] Level 5:colcon.colcon_core.verb:set package 'demo_python_service' build argument 'ament_cmake_args' from command line to 'None'
[0.283s] Level 5:colcon.colcon_core.verb:set package 'demo_python_service' build argument 'catkin_cmake_args' from command line to 'None'
[0.283s] Level 5:colcon.colcon_core.verb:set package 'demo_python_service' build argument 'catkin_skip_building_tests' from command line to 'False'
[0.283s] DEBUG:colcon.colcon_core.verb:Building package 'demo_python_service' with the following arguments: {'ament_cmake_args': None, 'build_base': '/home/bayes/hssw/others/ros2project/products/cpp/service_pratice_ws/src/build/demo_python_service', 'catkin_cmake_args': None, 'catkin_skip_building_tests': False, 'cmake_args': None, 'cmake_clean_cache': False, 'cmake_clean_first': False, 'cmake_force_configure': False, 'cmake_target': None, 'cmake_target_skip_unavailable': False, 'install_base': '/home/bayes/hssw/others/ros2project/products/cpp/service_pratice_ws/src/install/demo_python_service', 'merge_install': False, 'path': '/home/bayes/hssw/others/ros2project/products/cpp/service_pratice_ws/src/demo_python_service', 'symlink_install': False, 'test_result_base': None}
[0.283s] INFO:colcon.colcon_core.executor:Executing jobs using 'parallel' executor
[0.284s] DEBUG:colcon.colcon_parallel_executor.executor.parallel:run_until_complete
[0.285s] INFO:colcon.colcon_ros.task.ament_cmake.build:Building ROS package in '/home/bayes/hssw/others/ros2project/products/cpp/service_pratice_ws/src/chapt4_interfaces' with build type 'ament_cmake'
[0.285s] INFO:colcon.colcon_cmake.task.cmake.build:Building CMake package in '/home/bayes/hssw/others/ros2project/products/cpp/service_pratice_ws/src/chapt4_interfaces'
[0.287s] INFO:colcon.colcon_core.plugin_system:Skipping extension 'colcon_core.shell.bat': Not used on non-Windows systems
[0.287s] INFO:colcon.colcon_core.shell:Skip shell extension 'powershell' for command environment: Not usable outside of PowerShell
[0.287s] DEBUG:colcon.colcon_core.shell:Skip shell extension 'dsv' for command environment
[0.291s] INFO:colcon.colcon_ros.task.ament_cmake.build:Building ROS package in '/home/bayes/hssw/others/ros2project/products/cpp/service_pratice_ws/src/demo_cpp_service' with build type 'ament_cmake'
[0.291s] INFO:colcon.colcon_cmake.task.cmake.build:Building CMake package in '/home/bayes/hssw/others/ros2project/products/cpp/service_pratice_ws/src/demo_cpp_service'
[0.292s] INFO:colcon.colcon_core.shell:Skip shell extension 'powershell' for command environment: Not usable outside of PowerShell
[0.292s] DEBUG:colcon.colcon_core.shell:Skip shell extension 'dsv' for command environment
[0.305s] DEBUG:colcon.colcon_core.event_handler.log_command:Invoking command in '/home/bayes/hssw/others/ros2project/products/cpp/service_pratice_ws/src/build/chapt4_interfaces': CMAKE_PREFIX_PATH=${CMAKE_PREFIX_PATH}:/home/bayes/hssw/others/ros2project/products/cpp/service_pratice_ws/src/install/demo_python_service:/opt/ros/humble /usr/bin/cmake --build /home/bayes/hssw/others/ros2project/products/cpp/service_pratice_ws/src/build/chapt4_interfaces -- -j24 -l24
[0.311s] DEBUG:colcon.colcon_core.event_handler.log_command:Invoking command in '/home/bayes/hssw/others/ros2project/products/cpp/service_pratice_ws/src/build/demo_cpp_service': CMAKE_PREFIX_PATH=${CMAKE_PREFIX_PATH}:/home/bayes/hssw/others/ros2project/products/cpp/service_pratice_ws/src/install/demo_python_service:/opt/ros/humble /usr/bin/cmake --build /home/bayes/hssw/others/ros2project/products/cpp/service_pratice_ws/src/build/demo_cpp_service -- -j24 -l24
[0.382s] DEBUG:colcon.colcon_core.event_handler.log_command:Invoked command in '/home/bayes/hssw/others/ros2project/products/cpp/service_pratice_ws/src/build/demo_cpp_service' returned '0': CMAKE_PREFIX_PATH=${CMAKE_PREFIX_PATH}:/home/bayes/hssw/others/ros2project/products/cpp/service_pratice_ws/src/install/demo_python_service:/opt/ros/humble /usr/bin/cmake --build /home/bayes/hssw/others/ros2project/products/cpp/service_pratice_ws/src/build/demo_cpp_service -- -j24 -l24
[0.392s] DEBUG:colcon.colcon_core.event_handler.log_command:Invoking command in '/home/bayes/hssw/others/ros2project/products/cpp/service_pratice_ws/src/build/demo_cpp_service': CMAKE_PREFIX_PATH=${CMAKE_PREFIX_PATH}:/home/bayes/hssw/others/ros2project/products/cpp/service_pratice_ws/src/install/demo_python_service:/opt/ros/humble /usr/bin/cmake --install /home/bayes/hssw/others/ros2project/products/cpp/service_pratice_ws/src/build/demo_cpp_service
[0.400s] Level 1:colcon.colcon_core.environment:create_environment_scripts_only(demo_cpp_service)
[0.400s] DEBUG:colcon.colcon_core.event_handler.log_command:Invoked command in '/home/bayes/hssw/others/ros2project/products/cpp/service_pratice_ws/src/build/demo_cpp_service' returned '0': CMAKE_PREFIX_PATH=${CMAKE_PREFIX_PATH}:/home/bayes/hssw/others/ros2project/products/cpp/service_pratice_ws/src/install/demo_python_service:/opt/ros/humble /usr/bin/cmake --install /home/bayes/hssw/others/ros2project/products/cpp/service_pratice_ws/src/build/demo_cpp_service
[0.402s] Level 1:colcon.colcon_core.environment:checking '/home/bayes/hssw/others/ros2project/products/cpp/service_pratice_ws/src/install/demo_cpp_service' for CMake module files
[0.403s] Level 1:colcon.colcon_core.environment:checking '/home/bayes/hssw/others/ros2project/products/cpp/service_pratice_ws/src/install/demo_cpp_service' for CMake config files
[0.403s] Level 1:colcon.colcon_core.shell:create_environment_hook('demo_cpp_service', 'cmake_prefix_path')
[0.403s] INFO:colcon.colcon_core.shell:Creating environment hook '/home/bayes/hssw/others/ros2project/products/cpp/service_pratice_ws/src/install/demo_cpp_service/share/demo_cpp_service/hook/cmake_prefix_path.ps1'
[0.404s] INFO:colcon.colcon_core.shell:Creating environment descriptor '/home/bayes/hssw/others/ros2project/products/cpp/service_pratice_ws/src/install/demo_cpp_service/share/demo_cpp_service/hook/cmake_prefix_path.dsv'
[0.404s] INFO:colcon.colcon_core.shell:Creating environment hook '/home/bayes/hssw/others/ros2project/products/cpp/service_pratice_ws/src/install/demo_cpp_service/share/demo_cpp_service/hook/cmake_prefix_path.sh'
[0.405s] Level 1:colcon.colcon_core.environment:checking '/home/bayes/hssw/others/ros2project/products/cpp/service_pratice_ws/src/install/demo_cpp_service/lib'
[0.405s] Level 1:colcon.colcon_core.environment:checking '/home/bayes/hssw/others/ros2project/products/cpp/service_pratice_ws/src/install/demo_cpp_service/bin'
[0.405s] Level 1:colcon.colcon_core.environment:checking '/home/bayes/hssw/others/ros2project/products/cpp/service_pratice_ws/src/install/demo_cpp_service/lib/pkgconfig/demo_cpp_service.pc'
[0.406s] Level 1:colcon.colcon_core.environment:checking '/home/bayes/hssw/others/ros2project/products/cpp/service_pratice_ws/src/install/demo_cpp_service/lib/python3.10/site-packages'
[0.406s] Level 1:colcon.colcon_core.environment:checking '/home/bayes/hssw/others/ros2project/products/cpp/service_pratice_ws/src/install/demo_cpp_service/bin'
[0.406s] INFO:colcon.colcon_core.shell:Creating package script '/home/bayes/hssw/others/ros2project/products/cpp/service_pratice_ws/src/install/demo_cpp_service/share/demo_cpp_service/package.ps1'
[0.407s] INFO:colcon.colcon_core.shell:Creating package descriptor '/home/bayes/hssw/others/ros2project/products/cpp/service_pratice_ws/src/install/demo_cpp_service/share/demo_cpp_service/package.dsv'
[0.407s] INFO:colcon.colcon_core.shell:Creating package script '/home/bayes/hssw/others/ros2project/products/cpp/service_pratice_ws/src/install/demo_cpp_service/share/demo_cpp_service/package.sh'
[0.408s] INFO:colcon.colcon_core.shell:Creating package script '/home/bayes/hssw/others/ros2project/products/cpp/service_pratice_ws/src/install/demo_cpp_service/share/demo_cpp_service/package.bash'
[0.408s] INFO:colcon.colcon_core.shell:Creating package script '/home/bayes/hssw/others/ros2project/products/cpp/service_pratice_ws/src/install/demo_cpp_service/share/demo_cpp_service/package.zsh'
[0.409s] Level 1:colcon.colcon_core.environment:create_file_with_runtime_dependencies(/home/bayes/hssw/others/ros2project/products/cpp/service_pratice_ws/src/install/demo_cpp_service/share/colcon-core/packages/demo_cpp_service)
[0.409s] Level 1:colcon.colcon_core.environment:create_environment_scripts_only(demo_cpp_service)
[0.410s] Level 1:colcon.colcon_core.environment:checking '/home/bayes/hssw/others/ros2project/products/cpp/service_pratice_ws/src/install/demo_cpp_service' for CMake module files
[0.410s] Level 1:colcon.colcon_core.environment:checking '/home/bayes/hssw/others/ros2project/products/cpp/service_pratice_ws/src/install/demo_cpp_service' for CMake config files
[0.411s] Level 1:colcon.colcon_core.shell:create_environment_hook('demo_cpp_service', 'cmake_prefix_path')
[0.411s] INFO:colcon.colcon_core.shell:Creating environment hook '/home/bayes/hssw/others/ros2project/products/cpp/service_pratice_ws/src/install/demo_cpp_service/share/demo_cpp_service/hook/cmake_prefix_path.ps1'
[0.411s] INFO:colcon.colcon_core.shell:Creating environment descriptor '/home/bayes/hssw/others/ros2project/products/cpp/service_pratice_ws/src/install/demo_cpp_service/share/demo_cpp_service/hook/cmake_prefix_path.dsv'
[0.411s] INFO:colcon.colcon_core.shell:Creating environment hook '/home/bayes/hssw/others/ros2project/products/cpp/service_pratice_ws/src/install/demo_cpp_service/share/demo_cpp_service/hook/cmake_prefix_path.sh'
[0.412s] Level 1:colcon.colcon_core.environment:checking '/home/bayes/hssw/others/ros2project/products/cpp/service_pratice_ws/src/install/demo_cpp_service/lib'
[0.412s] Level 1:colcon.colcon_core.environment:checking '/home/bayes/hssw/others/ros2project/products/cpp/service_pratice_ws/src/install/demo_cpp_service/bin'
[0.412s] Level 1:colcon.colcon_core.environment:checking '/home/bayes/hssw/others/ros2project/products/cpp/service_pratice_ws/src/install/demo_cpp_service/lib/pkgconfig/demo_cpp_service.pc'
[0.412s] Level 1:colcon.colcon_core.environment:checking '/home/bayes/hssw/others/ros2project/products/cpp/service_pratice_ws/src/install/demo_cpp_service/lib/python3.10/site-packages'
[0.412s] Level 1:colcon.colcon_core.environment:checking '/home/bayes/hssw/others/ros2project/products/cpp/service_pratice_ws/src/install/demo_cpp_service/bin'
[0.413s] INFO:colcon.colcon_core.shell:Creating package script '/home/bayes/hssw/others/ros2project/products/cpp/service_pratice_ws/src/install/demo_cpp_service/share/demo_cpp_service/package.ps1'
[0.413s] INFO:colcon.colcon_core.shell:Creating package descriptor '/home/bayes/hssw/others/ros2project/products/cpp/service_pratice_ws/src/install/demo_cpp_service/share/demo_cpp_service/package.dsv'
[0.413s] INFO:colcon.colcon_core.shell:Creating package script '/home/bayes/hssw/others/ros2project/products/cpp/service_pratice_ws/src/install/demo_cpp_service/share/demo_cpp_service/package.sh'
[0.414s] INFO:colcon.colcon_core.shell:Creating package script '/home/bayes/hssw/others/ros2project/products/cpp/service_pratice_ws/src/install/demo_cpp_service/share/demo_cpp_service/package.bash'
[0.414s] INFO:colcon.colcon_core.shell:Creating package script '/home/bayes/hssw/others/ros2project/products/cpp/service_pratice_ws/src/install/demo_cpp_service/share/demo_cpp_service/package.zsh'
[0.415s] Level 1:colcon.colcon_core.environment:create_file_with_runtime_dependencies(/home/bayes/hssw/others/ros2project/products/cpp/service_pratice_ws/src/install/demo_cpp_service/share/colcon-core/packages/demo_cpp_service)
[0.608s] DEBUG:colcon.colcon_core.event_handler.log_command:Invoked command in '/home/bayes/hssw/others/ros2project/products/cpp/service_pratice_ws/src/build/chapt4_interfaces' returned '0': CMAKE_PREFIX_PATH=${CMAKE_PREFIX_PATH}:/home/bayes/hssw/others/ros2project/products/cpp/service_pratice_ws/src/install/demo_python_service:/opt/ros/humble /usr/bin/cmake --build /home/bayes/hssw/others/ros2project/products/cpp/service_pratice_ws/src/build/chapt4_interfaces -- -j24 -l24
[0.610s] DEBUG:colcon.colcon_core.event_handler.log_command:Invoking command in '/home/bayes/hssw/others/ros2project/products/cpp/service_pratice_ws/src/build/chapt4_interfaces': CMAKE_PREFIX_PATH=${CMAKE_PREFIX_PATH}:/home/bayes/hssw/others/ros2project/products/cpp/service_pratice_ws/src/install/demo_python_service:/opt/ros/humble /usr/bin/cmake --install /home/bayes/hssw/others/ros2project/products/cpp/service_pratice_ws/src/build/chapt4_interfaces
[0.661s] Level 1:colcon.colcon_core.environment:create_environment_scripts_only(chapt4_interfaces)
[0.661s] Level 1:colcon.colcon_core.environment:checking '/home/bayes/hssw/others/ros2project/products/cpp/service_pratice_ws/src/install/chapt4_interfaces' for CMake module files
[0.662s] DEBUG:colcon.colcon_core.event_handler.log_command:Invoked command in '/home/bayes/hssw/others/ros2project/products/cpp/service_pratice_ws/src/build/chapt4_interfaces' returned '0': CMAKE_PREFIX_PATH=${CMAKE_PREFIX_PATH}:/home/bayes/hssw/others/ros2project/products/cpp/service_pratice_ws/src/install/demo_python_service:/opt/ros/humble /usr/bin/cmake --install /home/bayes/hssw/others/ros2project/products/cpp/service_pratice_ws/src/build/chapt4_interfaces
[0.663s] Level 1:colcon.colcon_core.environment:checking '/home/bayes/hssw/others/ros2project/products/cpp/service_pratice_ws/src/install/chapt4_interfaces' for CMake config files
[0.663s] Level 1:colcon.colcon_core.shell:create_environment_hook('chapt4_interfaces', 'cmake_prefix_path')
[0.664s] INFO:colcon.colcon_core.shell:Creating environment hook '/home/bayes/hssw/others/ros2project/products/cpp/service_pratice_ws/src/install/chapt4_interfaces/share/chapt4_interfaces/hook/cmake_prefix_path.ps1'
[0.665s] INFO:colcon.colcon_core.shell:Creating environment descriptor '/home/bayes/hssw/others/ros2project/products/cpp/service_pratice_ws/src/install/chapt4_interfaces/share/chapt4_interfaces/hook/cmake_prefix_path.dsv'
[0.666s] INFO:colcon.colcon_core.shell:Creating environment hook '/home/bayes/hssw/others/ros2project/products/cpp/service_pratice_ws/src/install/chapt4_interfaces/share/chapt4_interfaces/hook/cmake_prefix_path.sh'
[0.667s] Level 1:colcon.colcon_core.environment:checking '/home/bayes/hssw/others/ros2project/products/cpp/service_pratice_ws/src/install/chapt4_interfaces/lib'
[0.667s] Level 1:colcon.colcon_core.shell:create_environment_hook('chapt4_interfaces', 'ld_library_path_lib')
[0.667s] INFO:colcon.colcon_core.shell:Creating environment hook '/home/bayes/hssw/others/ros2project/products/cpp/service_pratice_ws/src/install/chapt4_interfaces/share/chapt4_interfaces/hook/ld_library_path_lib.ps1'
[0.668s] INFO:colcon.colcon_core.shell:Creating environment descriptor '/home/bayes/hssw/others/ros2project/products/cpp/service_pratice_ws/src/install/chapt4_interfaces/share/chapt4_interfaces/hook/ld_library_path_lib.dsv'
[0.669s] INFO:colcon.colcon_core.shell:Creating environment hook '/home/bayes/hssw/others/ros2project/products/cpp/service_pratice_ws/src/install/chapt4_interfaces/share/chapt4_interfaces/hook/ld_library_path_lib.sh'
[0.670s] Level 1:colcon.colcon_core.environment:checking '/home/bayes/hssw/others/ros2project/products/cpp/service_pratice_ws/src/install/chapt4_interfaces/bin'
[0.670s] Level 1:colcon.colcon_core.environment:checking '/home/bayes/hssw/others/ros2project/products/cpp/service_pratice_ws/src/install/chapt4_interfaces/lib/pkgconfig/chapt4_interfaces.pc'
[0.670s] Level 1:colcon.colcon_core.environment:checking '/home/bayes/hssw/others/ros2project/products/cpp/service_pratice_ws/src/install/chapt4_interfaces/lib/python3.10/site-packages'
[0.670s] Level 1:colcon.colcon_core.environment:checking '/home/bayes/hssw/others/ros2project/products/cpp/service_pratice_ws/src/install/chapt4_interfaces/bin'
[0.671s] INFO:colcon.colcon_core.shell:Creating package script '/home/bayes/hssw/others/ros2project/products/cpp/service_pratice_ws/src/install/chapt4_interfaces/share/chapt4_interfaces/package.ps1'
[0.671s] INFO:colcon.colcon_core.shell:Creating package descriptor '/home/bayes/hssw/others/ros2project/products/cpp/service_pratice_ws/src/install/chapt4_interfaces/share/chapt4_interfaces/package.dsv'
[0.672s] INFO:colcon.colcon_core.shell:Creating package script '/home/bayes/hssw/others/ros2project/products/cpp/service_pratice_ws/src/install/chapt4_interfaces/share/chapt4_interfaces/package.sh'
[0.672s] INFO:colcon.colcon_core.shell:Creating package script '/home/bayes/hssw/others/ros2project/products/cpp/service_pratice_ws/src/install/chapt4_interfaces/share/chapt4_interfaces/package.bash'
[0.672s] INFO:colcon.colcon_core.shell:Creating package script '/home/bayes/hssw/others/ros2project/products/cpp/service_pratice_ws/src/install/chapt4_interfaces/share/chapt4_interfaces/package.zsh'
[0.673s] Level 1:colcon.colcon_core.environment:create_file_with_runtime_dependencies(/home/bayes/hssw/others/ros2project/products/cpp/service_pratice_ws/src/install/chapt4_interfaces/share/colcon-core/packages/chapt4_interfaces)
[0.673s] Level 1:colcon.colcon_core.environment:create_environment_scripts_only(chapt4_interfaces)
[0.673s] Level 1:colcon.colcon_core.environment:checking '/home/bayes/hssw/others/ros2project/products/cpp/service_pratice_ws/src/install/chapt4_interfaces' for CMake module files
[0.674s] Level 1:colcon.colcon_core.environment:checking '/home/bayes/hssw/others/ros2project/products/cpp/service_pratice_ws/src/install/chapt4_interfaces' for CMake config files
[0.674s] Level 1:colcon.colcon_core.shell:create_environment_hook('chapt4_interfaces', 'cmake_prefix_path')
[0.674s] INFO:colcon.colcon_core.shell:Creating environment hook '/home/bayes/hssw/others/ros2project/products/cpp/service_pratice_ws/src/install/chapt4_interfaces/share/chapt4_interfaces/hook/cmake_prefix_path.ps1'
[0.675s] INFO:colcon.colcon_core.shell:Creating environment descriptor '/home/bayes/hssw/others/ros2project/products/cpp/service_pratice_ws/src/install/chapt4_interfaces/share/chapt4_interfaces/hook/cmake_prefix_path.dsv'
[0.675s] INFO:colcon.colcon_core.shell:Creating environment hook '/home/bayes/hssw/others/ros2project/products/cpp/service_pratice_ws/src/install/chapt4_interfaces/share/chapt4_interfaces/hook/cmake_prefix_path.sh'
[0.676s] Level 1:colcon.colcon_core.environment:checking '/home/bayes/hssw/others/ros2project/products/cpp/service_pratice_ws/src/install/chapt4_interfaces/lib'
[0.676s] Level 1:colcon.colcon_core.shell:create_environment_hook('chapt4_interfaces', 'ld_library_path_lib')
[0.676s] INFO:colcon.colcon_core.shell:Creating environment hook '/home/bayes/hssw/others/ros2project/products/cpp/service_pratice_ws/src/install/chapt4_interfaces/share/chapt4_interfaces/hook/ld_library_path_lib.ps1'
[0.676s] INFO:colcon.colcon_core.shell:Creating environment descriptor '/home/bayes/hssw/others/ros2project/products/cpp/service_pratice_ws/src/install/chapt4_interfaces/share/chapt4_interfaces/hook/ld_library_path_lib.dsv'
[0.677s] INFO:colcon.colcon_core.shell:Creating environment hook '/home/bayes/hssw/others/ros2project/products/cpp/service_pratice_ws/src/install/chapt4_interfaces/share/chapt4_interfaces/hook/ld_library_path_lib.sh'
[0.677s] Level 1:colcon.colcon_core.environment:checking '/home/bayes/hssw/others/ros2project/products/cpp/service_pratice_ws/src/install/chapt4_interfaces/bin'
[0.677s] Level 1:colcon.colcon_core.environment:checking '/home/bayes/hssw/others/ros2project/products/cpp/service_pratice_ws/src/install/chapt4_interfaces/lib/pkgconfig/chapt4_interfaces.pc'
[0.677s] Level 1:colcon.colcon_core.environment:checking '/home/bayes/hssw/others/ros2project/products/cpp/service_pratice_ws/src/install/chapt4_interfaces/lib/python3.10/site-packages'
[0.678s] Level 1:colcon.colcon_core.environment:checking '/home/bayes/hssw/others/ros2project/products/cpp/service_pratice_ws/src/install/chapt4_interfaces/bin'
[0.678s] INFO:colcon.colcon_core.shell:Creating package script '/home/bayes/hssw/others/ros2project/products/cpp/service_pratice_ws/src/install/chapt4_interfaces/share/chapt4_interfaces/package.ps1'
[0.678s] INFO:colcon.colcon_core.shell:Creating package descriptor '/home/bayes/hssw/others/ros2project/products/cpp/service_pratice_ws/src/install/chapt4_interfaces/share/chapt4_interfaces/package.dsv'
[0.679s] INFO:colcon.colcon_core.shell:Creating package script '/home/bayes/hssw/others/ros2project/products/cpp/service_pratice_ws/src/install/chapt4_interfaces/share/chapt4_interfaces/package.sh'
[0.679s] INFO:colcon.colcon_core.shell:Creating package script '/home/bayes/hssw/others/ros2project/products/cpp/service_pratice_ws/src/install/chapt4_interfaces/share/chapt4_interfaces/package.bash'
[0.679s] INFO:colcon.colcon_core.shell:Creating package script '/home/bayes/hssw/others/ros2project/products/cpp/service_pratice_ws/src/install/chapt4_interfaces/share/chapt4_interfaces/package.zsh'
[0.680s] Level 1:colcon.colcon_core.environment:create_file_with_runtime_dependencies(/home/bayes/hssw/others/ros2project/products/cpp/service_pratice_ws/src/install/chapt4_interfaces/share/colcon-core/packages/chapt4_interfaces)
[0.680s] INFO:colcon.colcon_ros.task.ament_python.build:Building ROS package in '/home/bayes/hssw/others/ros2project/products/cpp/service_pratice_ws/src/demo_python_service' with build type 'ament_python'
[0.680s] Level 1:colcon.colcon_core.shell:create_environment_hook('demo_python_service', 'ament_prefix_path')
[0.681s] INFO:colcon.colcon_core.shell:Creating environment hook '/home/bayes/hssw/others/ros2project/products/cpp/service_pratice_ws/src/install/demo_python_service/share/demo_python_service/hook/ament_prefix_path.ps1'
[0.681s] INFO:colcon.colcon_core.shell:Creating environment descriptor '/home/bayes/hssw/others/ros2project/products/cpp/service_pratice_ws/src/install/demo_python_service/share/demo_python_service/hook/ament_prefix_path.dsv'
[0.682s] INFO:colcon.colcon_core.shell:Creating environment hook '/home/bayes/hssw/others/ros2project/products/cpp/service_pratice_ws/src/install/demo_python_service/share/demo_python_service/hook/ament_prefix_path.sh'
[0.683s] INFO:colcon.colcon_core.shell:Skip shell extension 'powershell' for command environment: Not usable outside of PowerShell
[0.683s] DEBUG:colcon.colcon_core.shell:Skip shell extension 'dsv' for command environment
[0.901s] INFO:colcon.colcon_core.task.python.build:Building Python package in '/home/bayes/hssw/others/ros2project/products/cpp/service_pratice_ws/src/demo_python_service'
[0.902s] INFO:colcon.colcon_core.shell:Skip shell extension 'powershell' for command environment: Not usable outside of PowerShell
[0.902s] DEBUG:colcon.colcon_core.shell:Skip shell extension 'dsv' for command environment
[1.239s] DEBUG:colcon.colcon_core.event_handler.log_command:Invoking command in '/home/bayes/hssw/others/ros2project/products/cpp/service_pratice_ws/src/demo_python_service': CMAKE_PREFIX_PATH=/home/bayes/hssw/others/ros2project/products/cpp/service_pratice_ws/src/install/chapt4_interfaces:/home/bayes/hssw/others/ros2project/products/cpp/service_pratice_ws/src/install/demo_cpp_service PYTHONPATH=/home/bayes/hssw/others/ros2project/products/cpp/service_pratice_ws/src/build/demo_python_service/prefix_override:/usr/lib/python3/dist-packages/colcon_core/task/python/colcon_distutils_commands:/home/bayes/hssw/others/ros2project/products/cpp/service_pratice_ws/src/install/demo_python_service/lib/python3.10/site-packages:${PYTHONPATH} /usr/bin/python3 -W ignore:setup.py install is deprecated -W ignore:easy_install command is deprecated setup.py egg_info --egg-base ../build/demo_python_service build --build-base /home/bayes/hssw/others/ros2project/products/cpp/service_pratice_ws/src/build/demo_python_service/build install --record /home/bayes/hssw/others/ros2project/products/cpp/service_pratice_ws/src/build/demo_python_service/install.log --single-version-externally-managed install_data
[1.490s] Level 1:colcon.colcon_core.environment:checking '/home/bayes/hssw/others/ros2project/products/cpp/service_pratice_ws/src/install/demo_python_service' for CMake module files
[1.491s] DEBUG:colcon.colcon_core.event_handler.log_command:Invoked command in '/home/bayes/hssw/others/ros2project/products/cpp/service_pratice_ws/src/demo_python_service' returned '0': CMAKE_PREFIX_PATH=/home/bayes/hssw/others/ros2project/products/cpp/service_pratice_ws/src/install/chapt4_interfaces:/home/bayes/hssw/others/ros2project/products/cpp/service_pratice_ws/src/install/demo_cpp_service PYTHONPATH=/home/bayes/hssw/others/ros2project/products/cpp/service_pratice_ws/src/build/demo_python_service/prefix_override:/usr/lib/python3/dist-packages/colcon_core/task/python/colcon_distutils_commands:/home/bayes/hssw/others/ros2project/products/cpp/service_pratice_ws/src/install/demo_python_service/lib/python3.10/site-packages:${PYTHONPATH} /usr/bin/python3 -W ignore:setup.py install is deprecated -W ignore:easy_install command is deprecated setup.py egg_info --egg-base ../build/demo_python_service build --build-base /home/bayes/hssw/others/ros2project/products/cpp/service_pratice_ws/src/build/demo_python_service/build install --record /home/bayes/hssw/others/ros2project/products/cpp/service_pratice_ws/src/build/demo_python_service/install.log --single-version-externally-managed install_data
[1.491s] Level 1:colcon.colcon_core.environment:checking '/home/bayes/hssw/others/ros2project/products/cpp/service_pratice_ws/src/install/demo_python_service' for CMake config files
[1.492s] Level 1:colcon.colcon_core.environment:checking '/home/bayes/hssw/others/ros2project/products/cpp/service_pratice_ws/src/install/demo_python_service/lib'
[1.492s] Level 1:colcon.colcon_core.environment:checking '/home/bayes/hssw/others/ros2project/products/cpp/service_pratice_ws/src/install/demo_python_service/bin'
[1.492s] Level 1:colcon.colcon_core.environment:checking '/home/bayes/hssw/others/ros2project/products/cpp/service_pratice_ws/src/install/demo_python_service/lib/pkgconfig/demo_python_service.pc'
[1.492s] Level 1:colcon.colcon_core.environment:checking '/home/bayes/hssw/others/ros2project/products/cpp/service_pratice_ws/src/install/demo_python_service/lib/python3.10/site-packages'
[1.492s] Level 1:colcon.colcon_core.shell:create_environment_hook('demo_python_service', 'pythonpath')
[1.492s] INFO:colcon.colcon_core.shell:Creating environment hook '/home/bayes/hssw/others/ros2project/products/cpp/service_pratice_ws/src/install/demo_python_service/share/demo_python_service/hook/pythonpath.ps1'
[1.493s] INFO:colcon.colcon_core.shell:Creating environment descriptor '/home/bayes/hssw/others/ros2project/products/cpp/service_pratice_ws/src/install/demo_python_service/share/demo_python_service/hook/pythonpath.dsv'
[1.493s] INFO:colcon.colcon_core.shell:Creating environment hook '/home/bayes/hssw/others/ros2project/products/cpp/service_pratice_ws/src/install/demo_python_service/share/demo_python_service/hook/pythonpath.sh'
[1.494s] Level 1:colcon.colcon_core.environment:checking '/home/bayes/hssw/others/ros2project/products/cpp/service_pratice_ws/src/install/demo_python_service/bin'
[1.494s] Level 1:colcon.colcon_core.environment:create_environment_scripts_only(demo_python_service)
[1.494s] INFO:colcon.colcon_core.shell:Creating package script '/home/bayes/hssw/others/ros2project/products/cpp/service_pratice_ws/src/install/demo_python_service/share/demo_python_service/package.ps1'
[1.495s] INFO:colcon.colcon_core.shell:Creating package descriptor '/home/bayes/hssw/others/ros2project/products/cpp/service_pratice_ws/src/install/demo_python_service/share/demo_python_service/package.dsv'
[1.495s] INFO:colcon.colcon_core.shell:Creating package script '/home/bayes/hssw/others/ros2project/products/cpp/service_pratice_ws/src/install/demo_python_service/share/demo_python_service/package.sh'
[1.495s] INFO:colcon.colcon_core.shell:Creating package script '/home/bayes/hssw/others/ros2project/products/cpp/service_pratice_ws/src/install/demo_python_service/share/demo_python_service/package.bash'
[1.496s] INFO:colcon.colcon_core.shell:Creating package script '/home/bayes/hssw/others/ros2project/products/cpp/service_pratice_ws/src/install/demo_python_service/share/demo_python_service/package.zsh'
[1.496s] Level 1:colcon.colcon_core.environment:create_file_with_runtime_dependencies(/home/bayes/hssw/others/ros2project/products/cpp/service_pratice_ws/src/install/demo_python_service/share/colcon-core/packages/demo_python_service)
[1.497s] DEBUG:colcon.colcon_parallel_executor.executor.parallel:closing loop
[1.497s] DEBUG:colcon.colcon_parallel_executor.executor.parallel:loop closed
[1.497s] DEBUG:colcon.colcon_parallel_executor.executor.parallel:run_until_complete finished with '0'
[1.497s] DEBUG:colcon.colcon_core.event_reactor:joining thread
[1.501s] INFO:colcon.colcon_core.plugin_system:Skipping extension 'colcon_notification.desktop_notification.terminal_notifier': Not used on non-Darwin systems
[1.501s] INFO:colcon.colcon_core.plugin_system:Skipping extension 'colcon_notification.desktop_notification.win32': Not used on non-Windows systems
[1.501s] INFO:colcon.colcon_notification.desktop_notification:Sending desktop notification using 'notify2'
[1.513s] DEBUG:colcon.colcon_core.event_reactor:joined thread
[1.514s] INFO:colcon.colcon_core.shell:Creating prefix script '/home/bayes/hssw/others/ros2project/products/cpp/service_pratice_ws/src/install/local_setup.ps1'
[1.515s] INFO:colcon.colcon_core.shell:Creating prefix util module '/home/bayes/hssw/others/ros2project/products/cpp/service_pratice_ws/src/install/_local_setup_util_ps1.py'
[1.516s] INFO:colcon.colcon_core.shell:Creating prefix chain script '/home/bayes/hssw/others/ros2project/products/cpp/service_pratice_ws/src/install/setup.ps1'
[1.517s] INFO:colcon.colcon_core.shell:Creating prefix script '/home/bayes/hssw/others/ros2project/products/cpp/service_pratice_ws/src/install/local_setup.sh'
[1.517s] INFO:colcon.colcon_core.shell:Creating prefix util module '/home/bayes/hssw/others/ros2project/products/cpp/service_pratice_ws/src/install/_local_setup_util_sh.py'
[1.518s] INFO:colcon.colcon_core.shell:Creating prefix chain script '/home/bayes/hssw/others/ros2project/products/cpp/service_pratice_ws/src/install/setup.sh'
[1.519s] INFO:colcon.colcon_core.shell:Creating prefix script '/home/bayes/hssw/others/ros2project/products/cpp/service_pratice_ws/src/install/local_setup.bash'
[1.519s] INFO:colcon.colcon_core.shell:Creating prefix chain script '/home/bayes/hssw/others/ros2project/products/cpp/service_pratice_ws/src/install/setup.bash'
[1.520s] INFO:colcon.colcon_core.shell:Creating prefix script '/home/bayes/hssw/others/ros2project/products/cpp/service_pratice_ws/src/install/local_setup.zsh'
[1.521s] INFO:colcon.colcon_core.shell:Creating prefix chain script '/home/bayes/hssw/others/ros2project/products/cpp/service_pratice_ws/src/install/setup.zsh'
