[0.015s] Invoking command in '/home/bayes/hssw/others/ros2project/products/cpp/service_pratice_ws/src/build/demo_cpp_service': CMAKE_PREFIX_PATH=${CMAKE_PREFIX_PATH}:/home/bayes/hssw/others/ros2project/products/cpp/service_pratice_ws/src/install/demo_python_service:/opt/ros/humble /usr/bin/cmake --build /home/bayes/hssw/others/ros2project/products/cpp/service_pratice_ws/src/build/demo_cpp_service -- -j24 -l24
[0.096s] [ 50%] Built target turtle_control
[0.097s] [100%] Built target patrol_client
[0.108s] Invoked command in '/home/bayes/hssw/others/ros2project/products/cpp/service_pratice_ws/src/build/demo_cpp_service' returned '0': CMAKE_PREFIX_PATH=${CMAKE_PREFIX_PATH}:/home/bayes/hssw/others/ros2project/products/cpp/service_pratice_ws/src/install/demo_python_service:/opt/ros/humble /usr/bin/cmake --build /home/bayes/hssw/others/ros2project/products/cpp/service_pratice_ws/src/build/demo_cpp_service -- -j24 -l24
[0.118s] Invoking command in '/home/bayes/hssw/others/ros2project/products/cpp/service_pratice_ws/src/build/demo_cpp_service': CMAKE_PREFIX_PATH=${CMAKE_PREFIX_PATH}:/home/bayes/hssw/others/ros2project/products/cpp/service_pratice_ws/src/install/demo_python_service:/opt/ros/humble /usr/bin/cmake --install /home/bayes/hssw/others/ros2project/products/cpp/service_pratice_ws/src/build/demo_cpp_service
[0.124s] -- Install configuration: ""
[0.125s] -- Up-to-date: /home/bayes/hssw/others/ros2project/products/cpp/service_pratice_ws/src/install/demo_cpp_service/lib/demo_cpp_service/turtle_control
[0.126s] -- Up-to-date: /home/bayes/hssw/others/ros2project/products/cpp/service_pratice_ws/src/install/demo_cpp_service/lib/demo_cpp_service/patrol_client
[0.127s] -- Up-to-date: /home/bayes/hssw/others/ros2project/products/cpp/service_pratice_ws/src/install/demo_cpp_service/share/ament_index/resource_index/package_run_dependencies/demo_cpp_service
[0.127s] -- Up-to-date: /home/bayes/hssw/others/ros2project/products/cpp/service_pratice_ws/src/install/demo_cpp_service/share/ament_index/resource_index/parent_prefix_path/demo_cpp_service
[0.127s] -- Up-to-date: /home/bayes/hssw/others/ros2project/products/cpp/service_pratice_ws/src/install/demo_cpp_service/share/demo_cpp_service/environment/ament_prefix_path.sh
[0.128s] -- Up-to-date: /home/bayes/hssw/others/ros2project/products/cpp/service_pratice_ws/src/install/demo_cpp_service/share/demo_cpp_service/environment/ament_prefix_path.dsv
[0.128s] -- Up-to-date: /home/bayes/hssw/others/ros2project/products/cpp/service_pratice_ws/src/install/demo_cpp_service/share/demo_cpp_service/environment/path.sh
[0.128s] -- Up-to-date: /home/bayes/hssw/others/ros2project/products/cpp/service_pratice_ws/src/install/demo_cpp_service/share/demo_cpp_service/environment/path.dsv
[0.128s] -- Up-to-date: /home/bayes/hssw/others/ros2project/products/cpp/service_pratice_ws/src/install/demo_cpp_service/share/demo_cpp_service/local_setup.bash
[0.128s] -- Up-to-date: /home/bayes/hssw/others/ros2project/products/cpp/service_pratice_ws/src/install/demo_cpp_service/share/demo_cpp_service/local_setup.sh
[0.128s] -- Up-to-date: /home/bayes/hssw/others/ros2project/products/cpp/service_pratice_ws/src/install/demo_cpp_service/share/demo_cpp_service/local_setup.zsh
[0.128s] -- Up-to-date: /home/bayes/hssw/others/ros2project/products/cpp/service_pratice_ws/src/install/demo_cpp_service/share/demo_cpp_service/local_setup.dsv
[0.128s] -- Installing: /home/bayes/hssw/others/ros2project/products/cpp/service_pratice_ws/src/install/demo_cpp_service/share/demo_cpp_service/package.dsv
[0.128s] -- Up-to-date: /home/bayes/hssw/others/ros2project/products/cpp/service_pratice_ws/src/install/demo_cpp_service/share/ament_index/resource_index/packages/demo_cpp_service
[0.128s] -- Up-to-date: /home/bayes/hssw/others/ros2project/products/cpp/service_pratice_ws/src/install/demo_cpp_service/share/demo_cpp_service/cmake/demo_cpp_serviceConfig.cmake
[0.129s] -- Up-to-date: /home/bayes/hssw/others/ros2project/products/cpp/service_pratice_ws/src/install/demo_cpp_service/share/demo_cpp_service/cmake/demo_cpp_serviceConfig-version.cmake
[0.129s] -- Up-to-date: /home/bayes/hssw/others/ros2project/products/cpp/service_pratice_ws/src/install/demo_cpp_service/share/demo_cpp_service/package.xml
[0.130s] Invoked command in '/home/bayes/hssw/others/ros2project/products/cpp/service_pratice_ws/src/build/demo_cpp_service' returned '0': CMAKE_PREFIX_PATH=${CMAKE_PREFIX_PATH}:/home/bayes/hssw/others/ros2project/products/cpp/service_pratice_ws/src/install/demo_python_service:/opt/ros/humble /usr/bin/cmake --install /home/bayes/hssw/others/ros2project/products/cpp/service_pratice_ws/src/build/demo_cpp_service
