[0.023s] Invoking command in '/home/bayes/hssw/others/ros2project/products/cpp/topic_practice_ws/src/build/status_interfaces': CMAKE_PREFIX_PATH=${CMAKE_PREFIX_PATH}:/home/bayes/hssw/others/ros2project/products/cpp/topic_practice_ws/src/install/status_publisher:/opt/ros/humble /bin/cmake --build /home/bayes/hssw/others/ros2project/products/cpp/topic_practice_ws/src/build/status_interfaces -- -j24 -l24
[0.105s] [  3%] Built target status_interfaces__cpp
[0.105s] [ 12%] Built target status_interfaces__rosidl_generator_c
[0.123s] [ 12%] Built target ament_cmake_python_copy_status_interfaces
[0.147s] [ 22%] Built target status_interfaces__rosidl_typesupport_cpp
[0.148s] [ 32%] Built target status_interfaces__rosidl_typesupport_fastrtps_cpp
[0.156s] [ 41%] Built target status_interfaces__rosidl_typesupport_introspection_cpp
[0.163s] [ 51%] Built target status_interfaces__rosidl_typesupport_introspection_c
[0.164s] [ 61%] Built target status_interfaces__rosidl_typesupport_c
[0.164s] [ 70%] Built target status_interfaces__rosidl_typesupport_fastrtps_c
[0.201s] [ 70%] Built target status_interfaces
[0.239s] [ 74%] Built target status_interfaces__py
[0.279s] [ 80%] Built target status_interfaces__rosidl_generator_py
[0.322s] [ 96%] Built target status_interfaces__rosidl_typesupport_fastrtps_c__pyext
[0.323s] [100%] Built target status_interfaces__rosidl_typesupport_c__pyext
[0.323s] [100%] Built target status_interfaces__rosidl_typesupport_introspection_c__pyext
[0.569s] running egg_info
[0.571s] writing status_interfaces.egg-info/PKG-INFO
[0.572s] writing dependency_links to status_interfaces.egg-info/dependency_links.txt
[0.572s] writing top-level names to status_interfaces.egg-info/top_level.txt
[0.577s] reading manifest file 'status_interfaces.egg-info/SOURCES.txt'
[0.578s] writing manifest file 'status_interfaces.egg-info/SOURCES.txt'
[0.618s] [100%] Built target ament_cmake_python_build_status_interfaces_egg
[0.639s] Invoked command in '/home/bayes/hssw/others/ros2project/products/cpp/topic_practice_ws/src/build/status_interfaces' returned '0': CMAKE_PREFIX_PATH=${CMAKE_PREFIX_PATH}:/home/bayes/hssw/others/ros2project/products/cpp/topic_practice_ws/src/install/status_publisher:/opt/ros/humble /bin/cmake --build /home/bayes/hssw/others/ros2project/products/cpp/topic_practice_ws/src/build/status_interfaces -- -j24 -l24
[0.658s] Invoking command in '/home/bayes/hssw/others/ros2project/products/cpp/topic_practice_ws/src/build/status_interfaces': CMAKE_PREFIX_PATH=${CMAKE_PREFIX_PATH}:/home/bayes/hssw/others/ros2project/products/cpp/topic_practice_ws/src/install/status_publisher:/opt/ros/humble /bin/cmake --install /home/bayes/hssw/others/ros2project/products/cpp/topic_practice_ws/src/build/status_interfaces
[0.670s] -- Install configuration: ""
[0.670s] -- Up-to-date: /home/bayes/hssw/others/ros2project/products/cpp/topic_practice_ws/src/install/status_interfaces/share/ament_index/resource_index/rosidl_interfaces/status_interfaces
[0.671s] -- Up-to-date: /home/bayes/hssw/others/ros2project/products/cpp/topic_practice_ws/src/install/status_interfaces/include/status_interfaces/status_interfaces
[0.671s] -- Up-to-date: /home/bayes/hssw/others/ros2project/products/cpp/topic_practice_ws/src/install/status_interfaces/include/status_interfaces/status_interfaces/msg
[0.671s] -- Up-to-date: /home/bayes/hssw/others/ros2project/products/cpp/topic_practice_ws/src/install/status_interfaces/include/status_interfaces/status_interfaces/msg/rosidl_generator_c__visibility_control.h
[0.671s] -- Up-to-date: /home/bayes/hssw/others/ros2project/products/cpp/topic_practice_ws/src/install/status_interfaces/include/status_interfaces/status_interfaces/msg/system_status.h
[0.672s] -- Up-to-date: /home/bayes/hssw/others/ros2project/products/cpp/topic_practice_ws/src/install/status_interfaces/include/status_interfaces/status_interfaces/msg/detail
[0.672s] -- Up-to-date: /home/bayes/hssw/others/ros2project/products/cpp/topic_practice_ws/src/install/status_interfaces/include/status_interfaces/status_interfaces/msg/detail/system_status__type_support.h
[0.672s] -- Up-to-date: /home/bayes/hssw/others/ros2project/products/cpp/topic_practice_ws/src/install/status_interfaces/include/status_interfaces/status_interfaces/msg/detail/system_status__functions.c
[0.672s] -- Up-to-date: /home/bayes/hssw/others/ros2project/products/cpp/topic_practice_ws/src/install/status_interfaces/include/status_interfaces/status_interfaces/msg/detail/system_status__functions.h
[0.673s] -- Up-to-date: /home/bayes/hssw/others/ros2project/products/cpp/topic_practice_ws/src/install/status_interfaces/include/status_interfaces/status_interfaces/msg/detail/system_status__struct.h
[0.673s] -- Up-to-date: /home/bayes/hssw/others/ros2project/products/cpp/topic_practice_ws/src/install/status_interfaces/share/status_interfaces/environment/library_path.sh
[0.673s] -- Up-to-date: /home/bayes/hssw/others/ros2project/products/cpp/topic_practice_ws/src/install/status_interfaces/share/status_interfaces/environment/library_path.dsv
[0.673s] -- Up-to-date: /home/bayes/hssw/others/ros2project/products/cpp/topic_practice_ws/src/install/status_interfaces/lib/libstatus_interfaces__rosidl_generator_c.so
[0.673s] -- Up-to-date: /home/bayes/hssw/others/ros2project/products/cpp/topic_practice_ws/src/install/status_interfaces/include/status_interfaces/status_interfaces
[0.673s] -- Up-to-date: /home/bayes/hssw/others/ros2project/products/cpp/topic_practice_ws/src/install/status_interfaces/include/status_interfaces/status_interfaces/msg
[0.674s] -- Up-to-date: /home/bayes/hssw/others/ros2project/products/cpp/topic_practice_ws/src/install/status_interfaces/include/status_interfaces/status_interfaces/msg/rosidl_typesupport_fastrtps_c__visibility_control.h
[0.674s] -- Up-to-date: /home/bayes/hssw/others/ros2project/products/cpp/topic_practice_ws/src/install/status_interfaces/include/status_interfaces/status_interfaces/msg/detail
[0.674s] -- Up-to-date: /home/bayes/hssw/others/ros2project/products/cpp/topic_practice_ws/src/install/status_interfaces/include/status_interfaces/status_interfaces/msg/detail/system_status__rosidl_typesupport_fastrtps_c.h
[0.674s] -- Up-to-date: /home/bayes/hssw/others/ros2project/products/cpp/topic_practice_ws/src/install/status_interfaces/lib/libstatus_interfaces__rosidl_typesupport_fastrtps_c.so
[0.674s] -- Up-to-date: /home/bayes/hssw/others/ros2project/products/cpp/topic_practice_ws/src/install/status_interfaces/include/status_interfaces/status_interfaces
[0.675s] -- Up-to-date: /home/bayes/hssw/others/ros2project/products/cpp/topic_practice_ws/src/install/status_interfaces/include/status_interfaces/status_interfaces/msg
[0.675s] -- Up-to-date: /home/bayes/hssw/others/ros2project/products/cpp/topic_practice_ws/src/install/status_interfaces/include/status_interfaces/status_interfaces/msg/rosidl_typesupport_introspection_c__visibility_control.h
[0.675s] -- Up-to-date: /home/bayes/hssw/others/ros2project/products/cpp/topic_practice_ws/src/install/status_interfaces/include/status_interfaces/status_interfaces/msg/detail
[0.675s] -- Up-to-date: /home/bayes/hssw/others/ros2project/products/cpp/topic_practice_ws/src/install/status_interfaces/include/status_interfaces/status_interfaces/msg/detail/system_status__type_support.c
[0.675s] -- Up-to-date: /home/bayes/hssw/others/ros2project/products/cpp/topic_practice_ws/src/install/status_interfaces/include/status_interfaces/status_interfaces/msg/detail/system_status__rosidl_typesupport_introspection_c.h
[0.675s] -- Up-to-date: /home/bayes/hssw/others/ros2project/products/cpp/topic_practice_ws/src/install/status_interfaces/lib/libstatus_interfaces__rosidl_typesupport_introspection_c.so
[0.676s] -- Up-to-date: /home/bayes/hssw/others/ros2project/products/cpp/topic_practice_ws/src/install/status_interfaces/lib/libstatus_interfaces__rosidl_typesupport_c.so
[0.676s] -- Up-to-date: /home/bayes/hssw/others/ros2project/products/cpp/topic_practice_ws/src/install/status_interfaces/include/status_interfaces/status_interfaces
[0.676s] -- Up-to-date: /home/bayes/hssw/others/ros2project/products/cpp/topic_practice_ws/src/install/status_interfaces/include/status_interfaces/status_interfaces/msg
[0.676s] -- Up-to-date: /home/bayes/hssw/others/ros2project/products/cpp/topic_practice_ws/src/install/status_interfaces/include/status_interfaces/status_interfaces/msg/rosidl_generator_cpp__visibility_control.hpp
[0.677s] -- Up-to-date: /home/bayes/hssw/others/ros2project/products/cpp/topic_practice_ws/src/install/status_interfaces/include/status_interfaces/status_interfaces/msg/detail
[0.677s] -- Up-to-date: /home/bayes/hssw/others/ros2project/products/cpp/topic_practice_ws/src/install/status_interfaces/include/status_interfaces/status_interfaces/msg/detail/system_status__traits.hpp
[0.677s] -- Up-to-date: /home/bayes/hssw/others/ros2project/products/cpp/topic_practice_ws/src/install/status_interfaces/include/status_interfaces/status_interfaces/msg/detail/system_status__type_support.hpp
[0.677s] -- Up-to-date: /home/bayes/hssw/others/ros2project/products/cpp/topic_practice_ws/src/install/status_interfaces/include/status_interfaces/status_interfaces/msg/detail/system_status__struct.hpp
[0.677s] -- Up-to-date: /home/bayes/hssw/others/ros2project/products/cpp/topic_practice_ws/src/install/status_interfaces/include/status_interfaces/status_interfaces/msg/detail/system_status__builder.hpp
[0.678s] -- Up-to-date: /home/bayes/hssw/others/ros2project/products/cpp/topic_practice_ws/src/install/status_interfaces/include/status_interfaces/status_interfaces/msg/system_status.hpp
[0.678s] -- Up-to-date: /home/bayes/hssw/others/ros2project/products/cpp/topic_practice_ws/src/install/status_interfaces/include/status_interfaces/status_interfaces
[0.678s] -- Up-to-date: /home/bayes/hssw/others/ros2project/products/cpp/topic_practice_ws/src/install/status_interfaces/include/status_interfaces/status_interfaces/msg
[0.678s] -- Up-to-date: /home/bayes/hssw/others/ros2project/products/cpp/topic_practice_ws/src/install/status_interfaces/include/status_interfaces/status_interfaces/msg/rosidl_typesupport_fastrtps_cpp__visibility_control.h
[0.679s] -- Up-to-date: /home/bayes/hssw/others/ros2project/products/cpp/topic_practice_ws/src/install/status_interfaces/include/status_interfaces/status_interfaces/msg/detail
[0.679s] -- Up-to-date: /home/bayes/hssw/others/ros2project/products/cpp/topic_practice_ws/src/install/status_interfaces/include/status_interfaces/status_interfaces/msg/detail/dds_fastrtps
[0.679s] -- Up-to-date: /home/bayes/hssw/others/ros2project/products/cpp/topic_practice_ws/src/install/status_interfaces/include/status_interfaces/status_interfaces/msg/detail/system_status__rosidl_typesupport_fastrtps_cpp.hpp
[0.679s] -- Up-to-date: /home/bayes/hssw/others/ros2project/products/cpp/topic_practice_ws/src/install/status_interfaces/lib/libstatus_interfaces__rosidl_typesupport_fastrtps_cpp.so
[0.679s] -- Up-to-date: /home/bayes/hssw/others/ros2project/products/cpp/topic_practice_ws/src/install/status_interfaces/include/status_interfaces/status_interfaces
[0.679s] -- Up-to-date: /home/bayes/hssw/others/ros2project/products/cpp/topic_practice_ws/src/install/status_interfaces/include/status_interfaces/status_interfaces/msg
[0.680s] -- Up-to-date: /home/bayes/hssw/others/ros2project/products/cpp/topic_practice_ws/src/install/status_interfaces/include/status_interfaces/status_interfaces/msg/detail
[0.680s] -- Up-to-date: /home/bayes/hssw/others/ros2project/products/cpp/topic_practice_ws/src/install/status_interfaces/include/status_interfaces/status_interfaces/msg/detail/system_status__type_support.cpp
[0.680s] -- Up-to-date: /home/bayes/hssw/others/ros2project/products/cpp/topic_practice_ws/src/install/status_interfaces/include/status_interfaces/status_interfaces/msg/detail/system_status__rosidl_typesupport_introspection_cpp.hpp
[0.680s] -- Up-to-date: /home/bayes/hssw/others/ros2project/products/cpp/topic_practice_ws/src/install/status_interfaces/lib/libstatus_interfaces__rosidl_typesupport_introspection_cpp.so
[0.681s] -- Up-to-date: /home/bayes/hssw/others/ros2project/products/cpp/topic_practice_ws/src/install/status_interfaces/lib/libstatus_interfaces__rosidl_typesupport_cpp.so
[0.681s] -- Up-to-date: /home/bayes/hssw/others/ros2project/products/cpp/topic_practice_ws/src/install/status_interfaces/share/status_interfaces/environment/pythonpath.sh
[0.681s] -- Up-to-date: /home/bayes/hssw/others/ros2project/products/cpp/topic_practice_ws/src/install/status_interfaces/share/status_interfaces/environment/pythonpath.dsv
[0.681s] -- Up-to-date: /home/bayes/hssw/others/ros2project/products/cpp/topic_practice_ws/src/install/status_interfaces/local/lib/python3.10/dist-packages/status_interfaces-0.0.0-py3.10.egg-info
[0.681s] -- Installing: /home/bayes/hssw/others/ros2project/products/cpp/topic_practice_ws/src/install/status_interfaces/local/lib/python3.10/dist-packages/status_interfaces-0.0.0-py3.10.egg-info/dependency_links.txt
[0.681s] -- Installing: /home/bayes/hssw/others/ros2project/products/cpp/topic_practice_ws/src/install/status_interfaces/local/lib/python3.10/dist-packages/status_interfaces-0.0.0-py3.10.egg-info/PKG-INFO
[0.682s] -- Installing: /home/bayes/hssw/others/ros2project/products/cpp/topic_practice_ws/src/install/status_interfaces/local/lib/python3.10/dist-packages/status_interfaces-0.0.0-py3.10.egg-info/top_level.txt
[0.682s] -- Installing: /home/bayes/hssw/others/ros2project/products/cpp/topic_practice_ws/src/install/status_interfaces/local/lib/python3.10/dist-packages/status_interfaces-0.0.0-py3.10.egg-info/SOURCES.txt
[0.682s] -- Up-to-date: /home/bayes/hssw/others/ros2project/products/cpp/topic_practice_ws/src/install/status_interfaces/local/lib/python3.10/dist-packages/status_interfaces
[0.682s] -- Up-to-date: /home/bayes/hssw/others/ros2project/products/cpp/topic_practice_ws/src/install/status_interfaces/local/lib/python3.10/dist-packages/status_interfaces/_status_interfaces_s.ep.rosidl_typesupport_introspection_c.c
[0.683s] -- Up-to-date: /home/bayes/hssw/others/ros2project/products/cpp/topic_practice_ws/src/install/status_interfaces/local/lib/python3.10/dist-packages/status_interfaces/libstatus_interfaces__rosidl_generator_py.so
[0.683s] -- Up-to-date: /home/bayes/hssw/others/ros2project/products/cpp/topic_practice_ws/src/install/status_interfaces/local/lib/python3.10/dist-packages/status_interfaces/status_interfaces_s__rosidl_typesupport_fastrtps_c.cpython-310-x86_64-linux-gnu.so
[0.683s] -- Up-to-date: /home/bayes/hssw/others/ros2project/products/cpp/topic_practice_ws/src/install/status_interfaces/local/lib/python3.10/dist-packages/status_interfaces/status_interfaces_s__rosidl_typesupport_c.cpython-310-x86_64-linux-gnu.so
[0.683s] -- Up-to-date: /home/bayes/hssw/others/ros2project/products/cpp/topic_practice_ws/src/install/status_interfaces/local/lib/python3.10/dist-packages/status_interfaces/status_interfaces_s__rosidl_typesupport_introspection_c.cpython-310-x86_64-linux-gnu.so
[0.684s] -- Up-to-date: /home/bayes/hssw/others/ros2project/products/cpp/topic_practice_ws/src/install/status_interfaces/local/lib/python3.10/dist-packages/status_interfaces/_status_interfaces_s.ep.rosidl_typesupport_c.c
[0.684s] -- Up-to-date: /home/bayes/hssw/others/ros2project/products/cpp/topic_practice_ws/src/install/status_interfaces/local/lib/python3.10/dist-packages/status_interfaces/__init__.py
[0.684s] -- Up-to-date: /home/bayes/hssw/others/ros2project/products/cpp/topic_practice_ws/src/install/status_interfaces/local/lib/python3.10/dist-packages/status_interfaces/_status_interfaces_s.ep.rosidl_typesupport_fastrtps_c.c
[0.684s] -- Up-to-date: /home/bayes/hssw/others/ros2project/products/cpp/topic_practice_ws/src/install/status_interfaces/local/lib/python3.10/dist-packages/status_interfaces/msg
[0.684s] -- Up-to-date: /home/bayes/hssw/others/ros2project/products/cpp/topic_practice_ws/src/install/status_interfaces/local/lib/python3.10/dist-packages/status_interfaces/msg/_system_status.py
[0.684s] -- Up-to-date: /home/bayes/hssw/others/ros2project/products/cpp/topic_practice_ws/src/install/status_interfaces/local/lib/python3.10/dist-packages/status_interfaces/msg/__init__.py
[0.684s] -- Up-to-date: /home/bayes/hssw/others/ros2project/products/cpp/topic_practice_ws/src/install/status_interfaces/local/lib/python3.10/dist-packages/status_interfaces/msg/_system_status_s.c
[0.733s] Listing '/home/bayes/hssw/others/ros2project/products/cpp/topic_practice_ws/src/install/status_interfaces/local/lib/python3.10/dist-packages/status_interfaces'...
[0.733s] Listing '/home/bayes/hssw/others/ros2project/products/cpp/topic_practice_ws/src/install/status_interfaces/local/lib/python3.10/dist-packages/status_interfaces/msg'...
[0.738s] -- Up-to-date: /home/bayes/hssw/others/ros2project/products/cpp/topic_practice_ws/src/install/status_interfaces/local/lib/python3.10/dist-packages/status_interfaces/status_interfaces_s__rosidl_typesupport_fastrtps_c.cpython-310-x86_64-linux-gnu.so
[0.739s] -- Up-to-date: /home/bayes/hssw/others/ros2project/products/cpp/topic_practice_ws/src/install/status_interfaces/local/lib/python3.10/dist-packages/status_interfaces/status_interfaces_s__rosidl_typesupport_introspection_c.cpython-310-x86_64-linux-gnu.so
[0.740s] -- Up-to-date: /home/bayes/hssw/others/ros2project/products/cpp/topic_practice_ws/src/install/status_interfaces/local/lib/python3.10/dist-packages/status_interfaces/status_interfaces_s__rosidl_typesupport_c.cpython-310-x86_64-linux-gnu.so
[0.741s] -- Up-to-date: /home/bayes/hssw/others/ros2project/products/cpp/topic_practice_ws/src/install/status_interfaces/lib/libstatus_interfaces__rosidl_generator_py.so
[0.742s] -- Up-to-date: /home/bayes/hssw/others/ros2project/products/cpp/topic_practice_ws/src/install/status_interfaces/share/status_interfaces/msg/SystemStatus.idl
[0.742s] -- Up-to-date: /home/bayes/hssw/others/ros2project/products/cpp/topic_practice_ws/src/install/status_interfaces/share/status_interfaces/msg/SystemStatus.msg
[0.742s] -- Up-to-date: /home/bayes/hssw/others/ros2project/products/cpp/topic_practice_ws/src/install/status_interfaces/share/ament_index/resource_index/package_run_dependencies/status_interfaces
[0.742s] -- Up-to-date: /home/bayes/hssw/others/ros2project/products/cpp/topic_practice_ws/src/install/status_interfaces/share/ament_index/resource_index/parent_prefix_path/status_interfaces
[0.743s] -- Up-to-date: /home/bayes/hssw/others/ros2project/products/cpp/topic_practice_ws/src/install/status_interfaces/share/status_interfaces/environment/ament_prefix_path.sh
[0.743s] -- Up-to-date: /home/bayes/hssw/others/ros2project/products/cpp/topic_practice_ws/src/install/status_interfaces/share/status_interfaces/environment/ament_prefix_path.dsv
[0.743s] -- Up-to-date: /home/bayes/hssw/others/ros2project/products/cpp/topic_practice_ws/src/install/status_interfaces/share/status_interfaces/environment/path.sh
[0.743s] -- Up-to-date: /home/bayes/hssw/others/ros2project/products/cpp/topic_practice_ws/src/install/status_interfaces/share/status_interfaces/environment/path.dsv
[0.743s] -- Up-to-date: /home/bayes/hssw/others/ros2project/products/cpp/topic_practice_ws/src/install/status_interfaces/share/status_interfaces/local_setup.bash
[0.744s] -- Up-to-date: /home/bayes/hssw/others/ros2project/products/cpp/topic_practice_ws/src/install/status_interfaces/share/status_interfaces/local_setup.sh
[0.744s] -- Up-to-date: /home/bayes/hssw/others/ros2project/products/cpp/topic_practice_ws/src/install/status_interfaces/share/status_interfaces/local_setup.zsh
[0.744s] -- Up-to-date: /home/bayes/hssw/others/ros2project/products/cpp/topic_practice_ws/src/install/status_interfaces/share/status_interfaces/local_setup.dsv
[0.744s] -- Installing: /home/bayes/hssw/others/ros2project/products/cpp/topic_practice_ws/src/install/status_interfaces/share/status_interfaces/package.dsv
[0.744s] -- Up-to-date: /home/bayes/hssw/others/ros2project/products/cpp/topic_practice_ws/src/install/status_interfaces/share/ament_index/resource_index/packages/status_interfaces
[0.745s] -- Up-to-date: /home/bayes/hssw/others/ros2project/products/cpp/topic_practice_ws/src/install/status_interfaces/share/status_interfaces/cmake/export_status_interfaces__rosidl_generator_cExport.cmake
[0.745s] -- Up-to-date: /home/bayes/hssw/others/ros2project/products/cpp/topic_practice_ws/src/install/status_interfaces/share/status_interfaces/cmake/export_status_interfaces__rosidl_generator_cExport-noconfig.cmake
[0.745s] -- Up-to-date: /home/bayes/hssw/others/ros2project/products/cpp/topic_practice_ws/src/install/status_interfaces/share/status_interfaces/cmake/export_status_interfaces__rosidl_typesupport_fastrtps_cExport.cmake
[0.745s] -- Up-to-date: /home/bayes/hssw/others/ros2project/products/cpp/topic_practice_ws/src/install/status_interfaces/share/status_interfaces/cmake/export_status_interfaces__rosidl_typesupport_fastrtps_cExport-noconfig.cmake
[0.745s] -- Up-to-date: /home/bayes/hssw/others/ros2project/products/cpp/topic_practice_ws/src/install/status_interfaces/share/status_interfaces/cmake/status_interfaces__rosidl_typesupport_introspection_cExport.cmake
[0.746s] -- Up-to-date: /home/bayes/hssw/others/ros2project/products/cpp/topic_practice_ws/src/install/status_interfaces/share/status_interfaces/cmake/status_interfaces__rosidl_typesupport_introspection_cExport-noconfig.cmake
[0.746s] -- Up-to-date: /home/bayes/hssw/others/ros2project/products/cpp/topic_practice_ws/src/install/status_interfaces/share/status_interfaces/cmake/status_interfaces__rosidl_typesupport_cExport.cmake
[0.746s] -- Up-to-date: /home/bayes/hssw/others/ros2project/products/cpp/topic_practice_ws/src/install/status_interfaces/share/status_interfaces/cmake/status_interfaces__rosidl_typesupport_cExport-noconfig.cmake
[0.746s] -- Up-to-date: /home/bayes/hssw/others/ros2project/products/cpp/topic_practice_ws/src/install/status_interfaces/share/status_interfaces/cmake/export_status_interfaces__rosidl_generator_cppExport.cmake
[0.747s] -- Up-to-date: /home/bayes/hssw/others/ros2project/products/cpp/topic_practice_ws/src/install/status_interfaces/share/status_interfaces/cmake/export_status_interfaces__rosidl_typesupport_fastrtps_cppExport.cmake
[0.747s] -- Up-to-date: /home/bayes/hssw/others/ros2project/products/cpp/topic_practice_ws/src/install/status_interfaces/share/status_interfaces/cmake/export_status_interfaces__rosidl_typesupport_fastrtps_cppExport-noconfig.cmake
[0.747s] -- Up-to-date: /home/bayes/hssw/others/ros2project/products/cpp/topic_practice_ws/src/install/status_interfaces/share/status_interfaces/cmake/status_interfaces__rosidl_typesupport_introspection_cppExport.cmake
[0.747s] -- Up-to-date: /home/bayes/hssw/others/ros2project/products/cpp/topic_practice_ws/src/install/status_interfaces/share/status_interfaces/cmake/status_interfaces__rosidl_typesupport_introspection_cppExport-noconfig.cmake
[0.747s] -- Up-to-date: /home/bayes/hssw/others/ros2project/products/cpp/topic_practice_ws/src/install/status_interfaces/share/status_interfaces/cmake/status_interfaces__rosidl_typesupport_cppExport.cmake
[0.747s] -- Up-to-date: /home/bayes/hssw/others/ros2project/products/cpp/topic_practice_ws/src/install/status_interfaces/share/status_interfaces/cmake/status_interfaces__rosidl_typesupport_cppExport-noconfig.cmake
[0.748s] -- Up-to-date: /home/bayes/hssw/others/ros2project/products/cpp/topic_practice_ws/src/install/status_interfaces/share/status_interfaces/cmake/export_status_interfaces__rosidl_generator_pyExport.cmake
[0.748s] -- Up-to-date: /home/bayes/hssw/others/ros2project/products/cpp/topic_practice_ws/src/install/status_interfaces/share/status_interfaces/cmake/export_status_interfaces__rosidl_generator_pyExport-noconfig.cmake
[0.748s] -- Up-to-date: /home/bayes/hssw/others/ros2project/products/cpp/topic_practice_ws/src/install/status_interfaces/share/status_interfaces/cmake/rosidl_cmake-extras.cmake
[0.748s] -- Up-to-date: /home/bayes/hssw/others/ros2project/products/cpp/topic_practice_ws/src/install/status_interfaces/share/status_interfaces/cmake/ament_cmake_export_dependencies-extras.cmake
[0.748s] -- Up-to-date: /home/bayes/hssw/others/ros2project/products/cpp/topic_practice_ws/src/install/status_interfaces/share/status_interfaces/cmake/ament_cmake_export_include_directories-extras.cmake
[0.748s] -- Up-to-date: /home/bayes/hssw/others/ros2project/products/cpp/topic_practice_ws/src/install/status_interfaces/share/status_interfaces/cmake/ament_cmake_export_libraries-extras.cmake
[0.748s] -- Up-to-date: /home/bayes/hssw/others/ros2project/products/cpp/topic_practice_ws/src/install/status_interfaces/share/status_interfaces/cmake/ament_cmake_export_targets-extras.cmake
[0.749s] -- Up-to-date: /home/bayes/hssw/others/ros2project/products/cpp/topic_practice_ws/src/install/status_interfaces/share/status_interfaces/cmake/rosidl_cmake_export_typesupport_targets-extras.cmake
[0.749s] -- Up-to-date: /home/bayes/hssw/others/ros2project/products/cpp/topic_practice_ws/src/install/status_interfaces/share/status_interfaces/cmake/rosidl_cmake_export_typesupport_libraries-extras.cmake
[0.749s] -- Up-to-date: /home/bayes/hssw/others/ros2project/products/cpp/topic_practice_ws/src/install/status_interfaces/share/status_interfaces/cmake/status_interfacesConfig.cmake
[0.749s] -- Up-to-date: /home/bayes/hssw/others/ros2project/products/cpp/topic_practice_ws/src/install/status_interfaces/share/status_interfaces/cmake/status_interfacesConfig-version.cmake
[0.749s] -- Up-to-date: /home/bayes/hssw/others/ros2project/products/cpp/topic_practice_ws/src/install/status_interfaces/share/status_interfaces/package.xml
[0.751s] Invoked command in '/home/bayes/hssw/others/ros2project/products/cpp/topic_practice_ws/src/build/status_interfaces' returned '0': CMAKE_PREFIX_PATH=${CMAKE_PREFIX_PATH}:/home/bayes/hssw/others/ros2project/products/cpp/topic_practice_ws/src/install/status_publisher:/opt/ros/humble /bin/cmake --install /home/bayes/hssw/others/ros2project/products/cpp/topic_practice_ws/src/build/status_interfaces
