[01m[K/home/bayes/hssw/others/ros2project/products/cpp/service_pratice_ws/src/demo_cpp_service/src/turtle_control.cpp:[m[K In lambda function:
[01m[K/home/bayes/hssw/others/ros2project/products/cpp/service_pratice_ws/src/demo_cpp_service/src/turtle_control.cpp:20:33:[m[K [01;31m[Kerror: [m[K‘[01m[Kconst class std::shared_ptr<chapt4_interfaces::srv::Patrol_Request_<std::allocator<void> > >[m[K’ has no member named ‘[01m[Ktarget_x[m[K’
   20 |                 if((0 > request.[01;31m[Ktarget_x[m[K || 0>request.target_y || request.target_x>12.0f  || request.target_ y >12.0f ))
      |                                 [01;31m[K^~~~~~~~[m[K
[01m[K/home/bayes/hssw/others/ros2project/products/cpp/service_pratice_ws/src/demo_cpp_service/src/turtle_control.cpp:20:55:[m[K [01;31m[Kerror: [m[K‘[01m[Kconst class std::shared_ptr<chapt4_interfaces::srv::Patrol_Request_<std::allocator<void> > >[m[K’ has no member named ‘[01m[Ktarget_y[m[K’
   20 |                 if((0 > request.target_x || 0>request.[01;31m[Ktarget_y[m[K || request.target_x>12.0f  || request.target_ y >12.0f ))
      |                                                       [01;31m[K^~~~~~~~[m[K
[01m[K/home/bayes/hssw/others/ros2project/products/cpp/service_pratice_ws/src/demo_cpp_service/src/turtle_control.cpp:20:75:[m[K [01;31m[Kerror: [m[K‘[01m[Kconst class std::shared_ptr<chapt4_interfaces::srv::Patrol_Request_<std::allocator<void> > >[m[K’ has no member named ‘[01m[Ktarget_x[m[K’
   20 |                 if((0 > request.target_x || 0>request.target_y || request.[01;31m[Ktarget_x[m[K>12.0f  || request.target_ y >12.0f ))
      |                                                                           [01;31m[K^~~~~~~~[m[K
[01m[K/home/bayes/hssw/others/ros2project/products/cpp/service_pratice_ws/src/demo_cpp_service/src/turtle_control.cpp:20:102:[m[K [01;31m[Kerror: [m[K‘[01m[Kconst class std::shared_ptr<chapt4_interfaces::srv::Patrol_Request_<std::allocator<void> > >[m[K’ has no member named ‘[01m[Ktarget_[m[K’
   20 |                 if((0 > request.target_x || 0>request.target_y || request.target_x>12.0f  || request.[01;31m[Ktarget_[m[K y >12.0f ))
      |                                                                                                      [01;31m[K^~~~~~~[m[K
[01m[K/home/bayes/hssw/others/ros2project/products/cpp/service_pratice_ws/src/demo_cpp_service/src/turtle_control.cpp:20:110:[m[K [01;31m[Kerror: [m[Kexpected ‘[01m[K)[m[K’ before ‘[01m[Ky[m[K’
   20 |                 if((0 > request.target_x || 0>request.target_y || request.target_x>12.0f  || request.target_ [01;31m[Ky[m[K >12.0f ))
      |                                                                                                              [01;31m[K^[m[K
[01m[K/home/bayes/hssw/others/ros2project/products/cpp/service_pratice_ws/src/demo_cpp_service/src/turtle_control.cpp:20:20:[m[K [01;36m[Knote: [m[Kto match this ‘[01m[K([m[K’
   20 |                 if([01;36m[K([m[K0 > request.target_x || 0>request.target_y || request.target_x>12.0f  || request.target_ y >12.0f ))
      |                    [01;36m[K^[m[K
[01m[K/home/bayes/hssw/others/ros2project/products/cpp/service_pratice_ws/src/demo_cpp_service/src/turtle_control.cpp:24:17:[m[K [01;31m[Kerror: [m[Kexpected ‘[01m[K)[m[K’ before ‘[01m[Kelse[m[K’
   24 |                 [01;31m[Kelse[m[K
      |                 [01;31m[K^~~~[m[K
[01m[K/home/bayes/hssw/others/ros2project/products/cpp/service_pratice_ws/src/demo_cpp_service/src/turtle_control.cpp:20:19:[m[K [01;36m[Knote: [m[Kto match this ‘[01m[K([m[K’
   20 |                 if[01;36m[K([m[K(0 > request.target_x || 0>request.target_y || request.target_x>12.0f  || request.target_ y >12.0f ))
      |                   [01;36m[K^[m[K
[01m[K/home/bayes/hssw/others/ros2project/products/cpp/service_pratice_ws/src/demo_cpp_service/src/turtle_control.cpp:30:13:[m[K [01;31m[Kerror: [m[Kexpected primary-expression before ‘[01m[K}[m[K’ token
   30 |             [01;31m[K}[m[K
      |             [01;31m[K^[m[K
[01m[K/home/bayes/hssw/others/ros2project/products/cpp/service_pratice_ws/src/demo_cpp_service/src/turtle_control.cpp:18:107:[m[K [01;35m[Kwarning: [m[Kunused parameter ‘[01m[Kresponse[m[K’ [[01;35m[K]8;;https://gcc.gnu.org/onlinedocs/gcc/Warning-Options.html#index-Wunused-parameter-Wunused-parameter]8;;[m[K]
   18 |             "patrol",[&](const std::shared_ptr<Patrol::Request> request,[01;35m[Kstd::shared_ptr<Patrol::Response> response[m[K) -> void {
      |                                                                         [01;35m[K~~~~~~~~~~~~~~~~~~~~~~~~~~~~~~~~~~^~~~~~~~[m[K
gmake[2]: *** [CMakeFiles/turtle_control.dir/build.make:76：CMakeFiles/turtle_control.dir/src/turtle_control.cpp.o] 错误 1
gmake[1]: *** [CMakeFiles/Makefile2:137：CMakeFiles/turtle_control.dir/all] 错误 2
gmake: *** [Makefile:146：all] 错误 2
