[0.598s] Invoking command in '/home/bayes/hssw/others/ros2project/products/cpp/service_pratice_ws/src/demo_python_service': AMENT_PREFIX_PATH=/home/bayes/hssw/others/ros2project/products/cpp/service_pratice_ws/src/install/chapt4_interfaces:${AMENT_PREFIX_PATH} CMAKE_PREFIX_PATH=/home/bayes/hssw/others/ros2project/products/cpp/service_pratice_ws/src/install/chapt4_interfaces LD_LIBRARY_PATH=/home/bayes/hssw/others/ros2project/products/cpp/service_pratice_ws/src/install/chapt4_interfaces/lib:${LD_LIBRARY_PATH} PYTHONPATH=/home/bayes/hssw/others/ros2project/products/cpp/service_pratice_ws/src/build/demo_python_service/prefix_override:/usr/lib/python3/dist-packages/colcon_core/task/python/colcon_distutils_commands:/home/bayes/hssw/others/ros2project/products/cpp/service_pratice_ws/src/install/demo_python_service/lib/python3.10/site-packages:/home/bayes/hssw/others/ros2project/products/cpp/service_pratice_ws/src/install/chapt4_interfaces/local/lib/python3.10/dist-packages:${PYTHONPATH} /usr/bin/python3 -W ignore:setup.py install is deprecated -W ignore:easy_install command is deprecated setup.py egg_info --egg-base ../build/demo_python_service build --build-base /home/bayes/hssw/others/ros2project/products/cpp/service_pratice_ws/src/build/demo_python_service/build install --record /home/bayes/hssw/others/ros2project/products/cpp/service_pratice_ws/src/build/demo_python_service/install.log --single-version-externally-managed install_data
[0.798s] running egg_info
[0.798s] writing ../build/demo_python_service/demo_python_service.egg-info/PKG-INFO
[0.799s] writing dependency_links to ../build/demo_python_service/demo_python_service.egg-info/dependency_links.txt
[0.799s] writing entry points to ../build/demo_python_service/demo_python_service.egg-info/entry_points.txt
[0.799s] writing requirements to ../build/demo_python_service/demo_python_service.egg-info/requires.txt
[0.799s] writing top-level names to ../build/demo_python_service/demo_python_service.egg-info/top_level.txt
[0.801s] reading manifest file '../build/demo_python_service/demo_python_service.egg-info/SOURCES.txt'
[0.801s] adding license file 'LICENSE'
[0.802s] writing manifest file '../build/demo_python_service/demo_python_service.egg-info/SOURCES.txt'
[0.802s] running build
[0.802s] running build_py
[0.802s] copying demo_python_service/face_detect_client.py -> /home/bayes/hssw/others/ros2project/products/cpp/service_pratice_ws/src/build/demo_python_service/build/lib/demo_python_service
[0.803s] running install
[0.803s] running install_lib
[0.804s] copying /home/bayes/hssw/others/ros2project/products/cpp/service_pratice_ws/src/build/demo_python_service/build/lib/demo_python_service/face_detect_client.py -> /home/bayes/hssw/others/ros2project/products/cpp/service_pratice_ws/src/install/demo_python_service/lib/python3.10/site-packages/demo_python_service
[0.805s] byte-compiling /home/bayes/hssw/others/ros2project/products/cpp/service_pratice_ws/src/install/demo_python_service/lib/python3.10/site-packages/demo_python_service/face_detect_client.py to face_detect_client.cpython-310.pyc
[0.806s] running install_data
[0.806s] running install_egg_info
[0.808s] removing '/home/bayes/hssw/others/ros2project/products/cpp/service_pratice_ws/src/install/demo_python_service/lib/python3.10/site-packages/demo_python_service-0.0.0-py3.10.egg-info' (and everything under it)
[0.808s] Copying ../build/demo_python_service/demo_python_service.egg-info to /home/bayes/hssw/others/ros2project/products/cpp/service_pratice_ws/src/install/demo_python_service/lib/python3.10/site-packages/demo_python_service-0.0.0-py3.10.egg-info
[0.809s] running install_scripts
[0.826s] Installing face_detect_client_node script to /home/bayes/hssw/others/ros2project/products/cpp/service_pratice_ws/src/install/demo_python_service/lib/demo_python_service
[0.827s] Installing face_detect_service_node script to /home/bayes/hssw/others/ros2project/products/cpp/service_pratice_ws/src/install/demo_python_service/lib/demo_python_service
[0.827s] writing list of installed files to '/home/bayes/hssw/others/ros2project/products/cpp/service_pratice_ws/src/build/demo_python_service/install.log'
[0.844s] Invoked command in '/home/bayes/hssw/others/ros2project/products/cpp/service_pratice_ws/src/demo_python_service' returned '0': AMENT_PREFIX_PATH=/home/bayes/hssw/others/ros2project/products/cpp/service_pratice_ws/src/install/chapt4_interfaces:${AMENT_PREFIX_PATH} CMAKE_PREFIX_PATH=/home/bayes/hssw/others/ros2project/products/cpp/service_pratice_ws/src/install/chapt4_interfaces LD_LIBRARY_PATH=/home/bayes/hssw/others/ros2project/products/cpp/service_pratice_ws/src/install/chapt4_interfaces/lib:${LD_LIBRARY_PATH} PYTHONPATH=/home/bayes/hssw/others/ros2project/products/cpp/service_pratice_ws/src/build/demo_python_service/prefix_override:/usr/lib/python3/dist-packages/colcon_core/task/python/colcon_distutils_commands:/home/bayes/hssw/others/ros2project/products/cpp/service_pratice_ws/src/install/demo_python_service/lib/python3.10/site-packages:/home/bayes/hssw/others/ros2project/products/cpp/service_pratice_ws/src/install/chapt4_interfaces/local/lib/python3.10/dist-packages:${PYTHONPATH} /usr/bin/python3 -W ignore:setup.py install is deprecated -W ignore:easy_install command is deprecated setup.py egg_info --egg-base ../build/demo_python_service build --build-base /home/bayes/hssw/others/ros2project/products/cpp/service_pratice_ws/src/build/demo_python_service/build install --record /home/bayes/hssw/others/ros2project/products/cpp/service_pratice_ws/src/build/demo_python_service/install.log --single-version-externally-managed install_data
