[0.014s] Invoking command in '/home/bayes/hssw/others/ros2project/products/cpp/fishbot_desc_ws/build/fishbot_description': CMAKE_PREFIX_PATH=/opt/ros/humble /usr/bin/cmake --build /home/bayes/hssw/others/ros2project/products/cpp/fishbot_desc_ws/build/fishbot_description -- -j24 -l24
[0.067s] -- Found ament_cmake: 1.3.12 (/opt/ros/humble/share/ament_cmake/cmake)
[0.174s] -- Found ament_lint_auto: 0.12.14 (/opt/ros/humble/share/ament_lint_auto/cmake)
[0.228s] -- Added test 'flake8' to check Python code syntax and style conventions
[0.228s] -- Added test 'lint_cmake' to check CMake code style
[0.229s] -- Added test 'pep257' to check Python code against some of the docstring style conventions in PEP 257
[0.230s] -- Added test 'xmllint' to check XML markup files
[0.232s] -- Configuring done
[0.238s] -- Generating done
[0.240s] -- Build files have been written to: /home/bayes/hssw/others/ros2project/products/cpp/fishbot_desc_ws/build/fishbot_description
[0.253s] Invoked command in '/home/bayes/hssw/others/ros2project/products/cpp/fishbot_desc_ws/build/fishbot_description' returned '0': CMAKE_PREFIX_PATH=/opt/ros/humble /usr/bin/cmake --build /home/bayes/hssw/others/ros2project/products/cpp/fishbot_desc_ws/build/fishbot_description -- -j24 -l24
[0.260s] Invoking command in '/home/bayes/hssw/others/ros2project/products/cpp/fishbot_desc_ws/build/fishbot_description': CMAKE_PREFIX_PATH=/opt/ros/humble /usr/bin/cmake --install /home/bayes/hssw/others/ros2project/products/cpp/fishbot_desc_ws/build/fishbot_description
[0.264s] -- Install configuration: ""
[0.264s] -- Up-to-date: /home/bayes/hssw/others/ros2project/products/cpp/fishbot_desc_ws/install/fishbot_description/share/fishbot_description/launch
[0.264s] -- Up-to-date: /home/bayes/hssw/others/ros2project/products/cpp/fishbot_desc_ws/install/fishbot_description/share/fishbot_description/launch/display_robot.launch.py
[0.264s] -- Installing: /home/bayes/hssw/others/ros2project/products/cpp/fishbot_desc_ws/install/fishbot_description/share/fishbot_description/launch/gazebo_sim.launch.py
[0.265s] -- Up-to-date: /home/bayes/hssw/others/ros2project/products/cpp/fishbot_desc_ws/install/fishbot_description/share/fishbot_description/urdf
[0.265s] -- Up-to-date: /home/bayes/hssw/others/ros2project/products/cpp/fishbot_desc_ws/install/fishbot_description/share/fishbot_description/urdf/first_robot.gv
[0.265s] -- Up-to-date: /home/bayes/hssw/others/ros2project/products/cpp/fishbot_desc_ws/install/fishbot_description/share/fishbot_description/urdf/first_robot.urdf
[0.266s] -- Up-to-date: /home/bayes/hssw/others/ros2project/products/cpp/fishbot_desc_ws/install/fishbot_description/share/fishbot_description/urdf/first_robot.pdf
[0.266s] -- Up-to-date: /home/bayes/hssw/others/ros2project/products/cpp/fishbot_desc_ws/install/fishbot_description/share/fishbot_description/urdf/first_robot.urdf.xacro
[0.266s] -- Up-to-date: /home/bayes/hssw/others/ros2project/products/cpp/fishbot_desc_ws/install/fishbot_description/share/fishbot_description/urdf/fishbot
[0.266s] -- Up-to-date: /home/bayes/hssw/others/ros2project/products/cpp/fishbot_desc_ws/install/fishbot_description/share/fishbot_description/urdf/fishbot/fishbot.urdf.xacro
[0.266s] -- Up-to-date: /home/bayes/hssw/others/ros2project/products/cpp/fishbot_desc_ws/install/fishbot_description/share/fishbot_description/urdf/fishbot/common_inertia.xacro
[0.266s] -- Up-to-date: /home/bayes/hssw/others/ros2project/products/cpp/fishbot_desc_ws/install/fishbot_description/share/fishbot_description/urdf/fishbot/actuator
[0.266s] -- Up-to-date: /home/bayes/hssw/others/ros2project/products/cpp/fishbot_desc_ws/install/fishbot_description/share/fishbot_description/urdf/fishbot/actuator/caster.urdf.xacro
[0.266s] -- Up-to-date: /home/bayes/hssw/others/ros2project/products/cpp/fishbot_desc_ws/install/fishbot_description/share/fishbot_description/urdf/fishbot/actuator/wheel.urdf.xacro
[0.266s] -- Up-to-date: /home/bayes/hssw/others/ros2project/products/cpp/fishbot_desc_ws/install/fishbot_description/share/fishbot_description/urdf/fishbot/base.urdf.xacro
[0.267s] -- Up-to-date: /home/bayes/hssw/others/ros2project/products/cpp/fishbot_desc_ws/install/fishbot_description/share/fishbot_description/urdf/fishbot/sensor
[0.267s] -- Up-to-date: /home/bayes/hssw/others/ros2project/products/cpp/fishbot_desc_ws/install/fishbot_description/share/fishbot_description/urdf/fishbot/sensor/imu.urdf.xacro
[0.267s] -- Up-to-date: /home/bayes/hssw/others/ros2project/products/cpp/fishbot_desc_ws/install/fishbot_description/share/fishbot_description/urdf/fishbot/sensor/camera.urdf.xacro
[0.267s] -- Up-to-date: /home/bayes/hssw/others/ros2project/products/cpp/fishbot_desc_ws/install/fishbot_description/share/fishbot_description/urdf/fishbot/sensor/laser.urdf.xacro
[0.267s] -- Installing: /home/bayes/hssw/others/ros2project/products/cpp/fishbot_desc_ws/install/fishbot_description/share/fishbot_description/world
[0.267s] -- Installing: /home/bayes/hssw/others/ros2project/products/cpp/fishbot_desc_ws/install/fishbot_description/share/fishbot_description/world/custom_room.world
[0.267s] -- Installing: /home/bayes/hssw/others/ros2project/products/cpp/fishbot_desc_ws/install/fishbot_description/share/fishbot_description/world/room
[0.267s] -- Installing: /home/bayes/hssw/others/ros2project/products/cpp/fishbot_desc_ws/install/fishbot_description/share/fishbot_description/world/room/model.config
[0.267s] -- Installing: /home/bayes/hssw/others/ros2project/products/cpp/fishbot_desc_ws/install/fishbot_description/share/fishbot_description/world/room/model.sdf
[0.267s] -- Up-to-date: /home/bayes/hssw/others/ros2project/products/cpp/fishbot_desc_ws/install/fishbot_description/share/ament_index/resource_index/package_run_dependencies/fishbot_description
[0.267s] -- Up-to-date: /home/bayes/hssw/others/ros2project/products/cpp/fishbot_desc_ws/install/fishbot_description/share/ament_index/resource_index/parent_prefix_path/fishbot_description
[0.268s] -- Up-to-date: /home/bayes/hssw/others/ros2project/products/cpp/fishbot_desc_ws/install/fishbot_description/share/fishbot_description/environment/ament_prefix_path.sh
[0.268s] -- Installing: /home/bayes/hssw/others/ros2project/products/cpp/fishbot_desc_ws/install/fishbot_description/share/fishbot_description/environment/ament_prefix_path.dsv
[0.268s] -- Up-to-date: /home/bayes/hssw/others/ros2project/products/cpp/fishbot_desc_ws/install/fishbot_description/share/fishbot_description/environment/path.sh
[0.268s] -- Installing: /home/bayes/hssw/others/ros2project/products/cpp/fishbot_desc_ws/install/fishbot_description/share/fishbot_description/environment/path.dsv
[0.268s] -- Up-to-date: /home/bayes/hssw/others/ros2project/products/cpp/fishbot_desc_ws/install/fishbot_description/share/fishbot_description/local_setup.bash
[0.268s] -- Up-to-date: /home/bayes/hssw/others/ros2project/products/cpp/fishbot_desc_ws/install/fishbot_description/share/fishbot_description/local_setup.sh
[0.268s] -- Up-to-date: /home/bayes/hssw/others/ros2project/products/cpp/fishbot_desc_ws/install/fishbot_description/share/fishbot_description/local_setup.zsh
[0.268s] -- Installing: /home/bayes/hssw/others/ros2project/products/cpp/fishbot_desc_ws/install/fishbot_description/share/fishbot_description/local_setup.dsv
[0.268s] -- Installing: /home/bayes/hssw/others/ros2project/products/cpp/fishbot_desc_ws/install/fishbot_description/share/fishbot_description/package.dsv
[0.269s] -- Up-to-date: /home/bayes/hssw/others/ros2project/products/cpp/fishbot_desc_ws/install/fishbot_description/share/ament_index/resource_index/packages/fishbot_description
[0.269s] -- Up-to-date: /home/bayes/hssw/others/ros2project/products/cpp/fishbot_desc_ws/install/fishbot_description/share/fishbot_description/cmake/fishbot_descriptionConfig.cmake
[0.269s] -- Up-to-date: /home/bayes/hssw/others/ros2project/products/cpp/fishbot_desc_ws/install/fishbot_description/share/fishbot_description/cmake/fishbot_descriptionConfig-version.cmake
[0.269s] -- Up-to-date: /home/bayes/hssw/others/ros2project/products/cpp/fishbot_desc_ws/install/fishbot_description/share/fishbot_description/package.xml
[0.271s] Invoked command in '/home/bayes/hssw/others/ros2project/products/cpp/fishbot_desc_ws/build/fishbot_description' returned '0': CMAKE_PREFIX_PATH=/opt/ros/humble /usr/bin/cmake --install /home/bayes/hssw/others/ros2project/products/cpp/fishbot_desc_ws/build/fishbot_description
