[0.012s] Invoking command in '/home/bayes/hssw/others/ros2project/products/cpp/fishbot_desc_ws/build/fishbot_description': CMAKE_PREFIX_PATH=/opt/ros/humble /usr/bin/cmake /home/bayes/hssw/others/ros2project/products/cpp/fishbot_desc_ws/src/fishbot_description -DCMAKE_INSTALL_PREFIX=/home/bayes/hssw/others/ros2project/products/cpp/fishbot_desc_ws/install/fishbot_description
[0.160s] -- The C compiler identification is GNU 11.4.0
[0.279s] -- The CXX compiler identification is GNU 11.4.0
[0.294s] -- Detecting C compiler ABI info
[0.363s] -- Detecting C compiler ABI info - done
[0.367s] -- Check for working C compiler: /usr/bin/cc - skipped
[0.368s] -- Detecting C compile features
[0.369s] -- Detecting C compile features - done
[0.373s] -- Detecting CXX compiler ABI info
[0.454s] -- Detecting CXX compiler ABI info - done
[0.459s] -- Check for working CXX compiler: /usr/bin/c++ - skipped
[0.459s] -- Detecting CXX compile features
[0.459s] -- Detecting CXX compile features - done
[0.472s] -- Found ament_cmake: 1.3.12 (/opt/ros/humble/share/ament_cmake/cmake)
[0.612s] -- Found Python3: /usr/bin/python3 (found version "3.10.12") found components: Interpreter 
[0.715s] -- Found ament_lint_auto: 0.12.14 (/opt/ros/humble/share/ament_lint_auto/cmake)
[0.795s] -- Added test 'flake8' to check Python code syntax and style conventions
[0.796s] -- Added test 'lint_cmake' to check CMake code style
[0.796s] -- Added test 'pep257' to check Python code against some of the docstring style conventions in PEP 257
[0.798s] -- Added test 'xmllint' to check XML markup files
[0.800s] -- Configuring done
[0.802s] -- Generating done
[0.804s] -- Build files have been written to: /home/bayes/hssw/others/ros2project/products/cpp/fishbot_desc_ws/build/fishbot_description
[0.807s] Invoked command in '/home/bayes/hssw/others/ros2project/products/cpp/fishbot_desc_ws/build/fishbot_description' returned '0': CMAKE_PREFIX_PATH=/opt/ros/humble /usr/bin/cmake /home/bayes/hssw/others/ros2project/products/cpp/fishbot_desc_ws/src/fishbot_description -DCMAKE_INSTALL_PREFIX=/home/bayes/hssw/others/ros2project/products/cpp/fishbot_desc_ws/install/fishbot_description
[0.809s] Invoking command in '/home/bayes/hssw/others/ros2project/products/cpp/fishbot_desc_ws/build/fishbot_description': CMAKE_PREFIX_PATH=/opt/ros/humble /usr/bin/cmake --build /home/bayes/hssw/others/ros2project/products/cpp/fishbot_desc_ws/build/fishbot_description -- -j24 -l24
[0.840s] Invoked command in '/home/bayes/hssw/others/ros2project/products/cpp/fishbot_desc_ws/build/fishbot_description' returned '0': CMAKE_PREFIX_PATH=/opt/ros/humble /usr/bin/cmake --build /home/bayes/hssw/others/ros2project/products/cpp/fishbot_desc_ws/build/fishbot_description -- -j24 -l24
[0.848s] Invoking command in '/home/bayes/hssw/others/ros2project/products/cpp/fishbot_desc_ws/build/fishbot_description': CMAKE_PREFIX_PATH=/opt/ros/humble /usr/bin/cmake --install /home/bayes/hssw/others/ros2project/products/cpp/fishbot_desc_ws/build/fishbot_description
[0.854s] -- Install configuration: ""
[0.854s] -- Installing: /home/bayes/hssw/others/ros2project/products/cpp/fishbot_desc_ws/install/fishbot_description/share/fishbot_description/launch
[0.854s] -- Installing: /home/bayes/hssw/others/ros2project/products/cpp/fishbot_desc_ws/install/fishbot_description/share/fishbot_description/launch/display_robot.launch.py
[0.854s] -- Installing: /home/bayes/hssw/others/ros2project/products/cpp/fishbot_desc_ws/install/fishbot_description/share/fishbot_description/urdf
[0.854s] -- Installing: /home/bayes/hssw/others/ros2project/products/cpp/fishbot_desc_ws/install/fishbot_description/share/fishbot_description/urdf/first_robot.gv
[0.854s] -- Installing: /home/bayes/hssw/others/ros2project/products/cpp/fishbot_desc_ws/install/fishbot_description/share/fishbot_description/urdf/first_robot.urdf
[0.855s] -- Installing: /home/bayes/hssw/others/ros2project/products/cpp/fishbot_desc_ws/install/fishbot_description/share/fishbot_description/urdf/first_robot.pdf
[0.855s] -- Installing: /home/bayes/hssw/others/ros2project/products/cpp/fishbot_desc_ws/install/fishbot_description/share/ament_index/resource_index/package_run_dependencies/fishbot_description
[0.855s] -- Installing: /home/bayes/hssw/others/ros2project/products/cpp/fishbot_desc_ws/install/fishbot_description/share/ament_index/resource_index/parent_prefix_path/fishbot_description
[0.855s] -- Installing: /home/bayes/hssw/others/ros2project/products/cpp/fishbot_desc_ws/install/fishbot_description/share/fishbot_description/environment/ament_prefix_path.sh
[0.856s] -- Installing: /home/bayes/hssw/others/ros2project/products/cpp/fishbot_desc_ws/install/fishbot_description/share/fishbot_description/environment/ament_prefix_path.dsv
[0.856s] -- Installing: /home/bayes/hssw/others/ros2project/products/cpp/fishbot_desc_ws/install/fishbot_description/share/fishbot_description/environment/path.sh
[0.856s] -- Installing: /home/bayes/hssw/others/ros2project/products/cpp/fishbot_desc_ws/install/fishbot_description/share/fishbot_description/environment/path.dsv
[0.856s] -- Installing: /home/bayes/hssw/others/ros2project/products/cpp/fishbot_desc_ws/install/fishbot_description/share/fishbot_description/local_setup.bash
[0.857s] -- Installing: /home/bayes/hssw/others/ros2project/products/cpp/fishbot_desc_ws/install/fishbot_description/share/fishbot_description/local_setup.sh
[0.857s] -- Installing: /home/bayes/hssw/others/ros2project/products/cpp/fishbot_desc_ws/install/fishbot_description/share/fishbot_description/local_setup.zsh
[0.857s] -- Installing: /home/bayes/hssw/others/ros2project/products/cpp/fishbot_desc_ws/install/fishbot_description/share/fishbot_description/local_setup.dsv
[0.857s] -- Installing: /home/bayes/hssw/others/ros2project/products/cpp/fishbot_desc_ws/install/fishbot_description/share/fishbot_description/package.dsv
[0.857s] -- Installing: /home/bayes/hssw/others/ros2project/products/cpp/fishbot_desc_ws/install/fishbot_description/share/ament_index/resource_index/packages/fishbot_description
[0.857s] -- Installing: /home/bayes/hssw/others/ros2project/products/cpp/fishbot_desc_ws/install/fishbot_description/share/fishbot_description/cmake/fishbot_descriptionConfig.cmake
[0.857s] -- Installing: /home/bayes/hssw/others/ros2project/products/cpp/fishbot_desc_ws/install/fishbot_description/share/fishbot_description/cmake/fishbot_descriptionConfig-version.cmake
[0.857s] -- Installing: /home/bayes/hssw/others/ros2project/products/cpp/fishbot_desc_ws/install/fishbot_description/share/fishbot_description/package.xml
[0.858s] Invoked command in '/home/bayes/hssw/others/ros2project/products/cpp/fishbot_desc_ws/build/fishbot_description' returned '0': CMAKE_PREFIX_PATH=/opt/ros/humble /usr/bin/cmake --install /home/bayes/hssw/others/ros2project/products/cpp/fishbot_desc_ws/build/fishbot_description
