[0.281s] DEBUG:colcon:Command line arguments: ['/usr/bin/colcon', 'build']
[0.281s] DEBUG:colcon:Parsed command line arguments: Namespace(log_base=None, log_level=None, verb_name='build', build_base='build', install_base='install', merge_install=False, symlink_install=False, test_result_base=None, continue_on_error=False, executor='parallel', parallel_workers=24, event_handlers=None, ignore_user_meta=False, metas=['./colcon.meta'], base_paths=['.'], packages_ignore=None, packages_ignore_regex=None, paths=None, packages_up_to=None, packages_up_to_regex=None, packages_above=None, packages_above_and_dependencies=None, packages_above_depth=None, packages_select_by_dep=None, packages_skip_by_dep=None, packages_skip_up_to=None, packages_select_build_failed=False, packages_skip_build_finished=False, packages_select_test_failures=False, packages_skip_test_passed=False, packages_select=None, packages_skip=None, packages_select_regex=None, packages_skip_regex=None, packages_start=None, packages_end=None, allow_overriding=[], cmake_args=None, cmake_target=None, cmake_target_skip_unavailable=False, cmake_clean_cache=False, cmake_clean_first=False, cmake_force_configure=False, ament_cmake_args=None, catkin_cmake_args=None, catkin_skip_building_tests=False, verb_parser=<colcon_defaults.argument_parser.defaults.DefaultArgumentsDecorator object at 0x78a9649721d0>, verb_extension=<colcon_core.verb.build.BuildVerb object at 0x78a964971d80>, main=<bound method BuildVerb.main of <colcon_core.verb.build.BuildVerb object at 0x78a964971d80>>)
[0.519s] Level 1:colcon.colcon_core.package_discovery:discover_packages(colcon_meta) check parameters
[0.519s] Level 1:colcon.colcon_core.package_discovery:discover_packages(recursive) check parameters
[0.520s] Level 1:colcon.colcon_core.package_discovery:discover_packages(ignore) check parameters
[0.520s] Level 1:colcon.colcon_core.package_discovery:discover_packages(path) check parameters
[0.520s] Level 1:colcon.colcon_core.package_discovery:discover_packages(colcon_meta) discover
[0.520s] Level 1:colcon.colcon_core.package_discovery:discover_packages(recursive) discover
[0.520s] INFO:colcon.colcon_core.package_discovery:Crawling recursively for packages in '/home/bayes/hssw/others/ros2project/products/cpp/service_pratice_ws/src'
[0.520s] Level 1:colcon.colcon_core.package_identification:_identify(.) by extensions ['ignore', 'ignore_ament_install']
[0.520s] Level 1:colcon.colcon_core.package_identification:_identify(.) by extension 'ignore'
[0.520s] Level 1:colcon.colcon_core.package_identification:_identify(.) by extension 'ignore_ament_install'
[0.520s] Level 1:colcon.colcon_core.package_identification:_identify(.) by extensions ['colcon_pkg']
[0.520s] Level 1:colcon.colcon_core.package_identification:_identify(.) by extension 'colcon_pkg'
[0.520s] Level 1:colcon.colcon_core.package_identification:_identify(.) by extensions ['colcon_meta']
[0.520s] Level 1:colcon.colcon_core.package_identification:_identify(.) by extension 'colcon_meta'
[0.520s] Level 1:colcon.colcon_core.package_identification:_identify(.) by extensions ['ros']
[0.520s] Level 1:colcon.colcon_core.package_identification:_identify(.) by extension 'ros'
[0.539s] Level 1:colcon.colcon_core.package_identification:_identify(.) by extensions ['cmake', 'python']
[0.539s] Level 1:colcon.colcon_core.package_identification:_identify(.) by extension 'cmake'
[0.539s] Level 1:colcon.colcon_core.package_identification:_identify(.) by extension 'python'
[0.539s] Level 1:colcon.colcon_core.package_identification:_identify(.) by extensions ['python_setup_py']
[0.539s] Level 1:colcon.colcon_core.package_identification:_identify(.) by extension 'python_setup_py'
[0.540s] Level 1:colcon.colcon_core.package_identification:_identify(build) by extensions ['ignore', 'ignore_ament_install']
[0.540s] Level 1:colcon.colcon_core.package_identification:_identify(build) by extension 'ignore'
[0.540s] Level 1:colcon.colcon_core.package_identification:_identify(build) ignored
[0.540s] Level 1:colcon.colcon_core.package_identification:_identify(chapt4_interfaces) by extensions ['ignore', 'ignore_ament_install']
[0.540s] Level 1:colcon.colcon_core.package_identification:_identify(chapt4_interfaces) by extension 'ignore'
[0.540s] Level 1:colcon.colcon_core.package_identification:_identify(chapt4_interfaces) by extension 'ignore_ament_install'
[0.540s] Level 1:colcon.colcon_core.package_identification:_identify(chapt4_interfaces) by extensions ['colcon_pkg']
[0.540s] Level 1:colcon.colcon_core.package_identification:_identify(chapt4_interfaces) by extension 'colcon_pkg'
[0.540s] Level 1:colcon.colcon_core.package_identification:_identify(chapt4_interfaces) by extensions ['colcon_meta']
[0.540s] Level 1:colcon.colcon_core.package_identification:_identify(chapt4_interfaces) by extension 'colcon_meta'
[0.540s] Level 1:colcon.colcon_core.package_identification:_identify(chapt4_interfaces) by extensions ['ros']
[0.540s] Level 1:colcon.colcon_core.package_identification:_identify(chapt4_interfaces) by extension 'ros'
[0.543s] DEBUG:colcon.colcon_core.package_identification:Package 'chapt4_interfaces' with type 'ros.ament_cmake' and name 'chapt4_interfaces'
[0.543s] Level 1:colcon.colcon_core.package_identification:_identify(demo_cpp_service) by extensions ['ignore', 'ignore_ament_install']
[0.543s] Level 1:colcon.colcon_core.package_identification:_identify(demo_cpp_service) by extension 'ignore'
[0.543s] Level 1:colcon.colcon_core.package_identification:_identify(demo_cpp_service) by extension 'ignore_ament_install'
[0.543s] Level 1:colcon.colcon_core.package_identification:_identify(demo_cpp_service) by extensions ['colcon_pkg']
[0.543s] Level 1:colcon.colcon_core.package_identification:_identify(demo_cpp_service) by extension 'colcon_pkg'
[0.543s] Level 1:colcon.colcon_core.package_identification:_identify(demo_cpp_service) by extensions ['colcon_meta']
[0.543s] Level 1:colcon.colcon_core.package_identification:_identify(demo_cpp_service) by extension 'colcon_meta'
[0.543s] Level 1:colcon.colcon_core.package_identification:_identify(demo_cpp_service) by extensions ['ros']
[0.543s] Level 1:colcon.colcon_core.package_identification:_identify(demo_cpp_service) by extension 'ros'
[0.544s] DEBUG:colcon.colcon_core.package_identification:Package 'demo_cpp_service' with type 'ros.ament_cmake' and name 'demo_cpp_service'
[0.544s] Level 1:colcon.colcon_core.package_identification:_identify(demo_python_service) by extensions ['ignore', 'ignore_ament_install']
[0.544s] Level 1:colcon.colcon_core.package_identification:_identify(demo_python_service) by extension 'ignore'
[0.545s] Level 1:colcon.colcon_core.package_identification:_identify(demo_python_service) by extension 'ignore_ament_install'
[0.545s] Level 1:colcon.colcon_core.package_identification:_identify(demo_python_service) by extensions ['colcon_pkg']
[0.545s] Level 1:colcon.colcon_core.package_identification:_identify(demo_python_service) by extension 'colcon_pkg'
[0.545s] Level 1:colcon.colcon_core.package_identification:_identify(demo_python_service) by extensions ['colcon_meta']
[0.545s] Level 1:colcon.colcon_core.package_identification:_identify(demo_python_service) by extension 'colcon_meta'
[0.545s] Level 1:colcon.colcon_core.package_identification:_identify(demo_python_service) by extensions ['ros']
[0.545s] Level 1:colcon.colcon_core.package_identification:_identify(demo_python_service) by extension 'ros'
[0.546s] DEBUG:colcon.colcon_core.package_identification:Package 'demo_python_service' with type 'ros.ament_python' and name 'demo_python_service'
[0.546s] Level 1:colcon.colcon_core.package_identification:_identify(install) by extensions ['ignore', 'ignore_ament_install']
[0.546s] Level 1:colcon.colcon_core.package_identification:_identify(install) by extension 'ignore'
[0.546s] Level 1:colcon.colcon_core.package_identification:_identify(install) ignored
[0.546s] Level 1:colcon.colcon_core.package_identification:_identify(log) by extensions ['ignore', 'ignore_ament_install']
[0.546s] Level 1:colcon.colcon_core.package_identification:_identify(log) by extension 'ignore'
[0.546s] Level 1:colcon.colcon_core.package_identification:_identify(log) ignored
[0.546s] Level 1:colcon.colcon_core.package_discovery:discover_packages(recursive) using defaults
[0.546s] Level 1:colcon.colcon_core.package_discovery:discover_packages(ignore) discover
[0.546s] Level 1:colcon.colcon_core.package_discovery:discover_packages(ignore) using defaults
[0.546s] Level 1:colcon.colcon_core.package_discovery:discover_packages(path) discover
[0.546s] Level 1:colcon.colcon_core.package_discovery:discover_packages(path) using defaults
[0.574s] Level 1:colcon.colcon_core.package_discovery:discover_packages(prefix_path) check parameters
[0.574s] Level 1:colcon.colcon_core.package_discovery:discover_packages(prefix_path) discover
[0.577s] DEBUG:colcon.colcon_installed_package_information.package_discovery:Found 3 installed packages in /home/bayes/hssw/others/ros2project/products/cpp/service_pratice_ws/src/install
[0.580s] DEBUG:colcon.colcon_installed_package_information.package_discovery:Found 271 installed packages in /opt/ros/humble
[0.582s] Level 1:colcon.colcon_core.package_discovery:discover_packages(prefix_path) using defaults
[0.652s] Level 5:colcon.colcon_core.verb:set package 'chapt4_interfaces' build argument 'cmake_args' from command line to 'None'
[0.653s] Level 5:colcon.colcon_core.verb:set package 'chapt4_interfaces' build argument 'cmake_target' from command line to 'None'
[0.653s] Level 5:colcon.colcon_core.verb:set package 'chapt4_interfaces' build argument 'cmake_target_skip_unavailable' from command line to 'False'
[0.653s] Level 5:colcon.colcon_core.verb:set package 'chapt4_interfaces' build argument 'cmake_clean_cache' from command line to 'False'
[0.653s] Level 5:colcon.colcon_core.verb:set package 'chapt4_interfaces' build argument 'cmake_clean_first' from command line to 'False'
[0.653s] Level 5:colcon.colcon_core.verb:set package 'chapt4_interfaces' build argument 'cmake_force_configure' from command line to 'False'
[0.653s] Level 5:colcon.colcon_core.verb:set package 'chapt4_interfaces' build argument 'ament_cmake_args' from command line to 'None'
[0.653s] Level 5:colcon.colcon_core.verb:set package 'chapt4_interfaces' build argument 'catkin_cmake_args' from command line to 'None'
[0.653s] Level 5:colcon.colcon_core.verb:set package 'chapt4_interfaces' build argument 'catkin_skip_building_tests' from command line to 'False'
[0.653s] DEBUG:colcon.colcon_core.verb:Building package 'chapt4_interfaces' with the following arguments: {'ament_cmake_args': None, 'build_base': '/home/bayes/hssw/others/ros2project/products/cpp/service_pratice_ws/src/build/chapt4_interfaces', 'catkin_cmake_args': None, 'catkin_skip_building_tests': False, 'cmake_args': None, 'cmake_clean_cache': False, 'cmake_clean_first': False, 'cmake_force_configure': False, 'cmake_target': None, 'cmake_target_skip_unavailable': False, 'install_base': '/home/bayes/hssw/others/ros2project/products/cpp/service_pratice_ws/src/install/chapt4_interfaces', 'merge_install': False, 'path': '/home/bayes/hssw/others/ros2project/products/cpp/service_pratice_ws/src/chapt4_interfaces', 'symlink_install': False, 'test_result_base': None}
[0.653s] Level 5:colcon.colcon_core.verb:set package 'demo_cpp_service' build argument 'cmake_args' from command line to 'None'
[0.653s] Level 5:colcon.colcon_core.verb:set package 'demo_cpp_service' build argument 'cmake_target' from command line to 'None'
[0.653s] Level 5:colcon.colcon_core.verb:set package 'demo_cpp_service' build argument 'cmake_target_skip_unavailable' from command line to 'False'
[0.653s] Level 5:colcon.colcon_core.verb:set package 'demo_cpp_service' build argument 'cmake_clean_cache' from command line to 'False'
[0.653s] Level 5:colcon.colcon_core.verb:set package 'demo_cpp_service' build argument 'cmake_clean_first' from command line to 'False'
[0.653s] Level 5:colcon.colcon_core.verb:set package 'demo_cpp_service' build argument 'cmake_force_configure' from command line to 'False'
[0.653s] Level 5:colcon.colcon_core.verb:set package 'demo_cpp_service' build argument 'ament_cmake_args' from command line to 'None'
[0.653s] Level 5:colcon.colcon_core.verb:set package 'demo_cpp_service' build argument 'catkin_cmake_args' from command line to 'None'
[0.653s] Level 5:colcon.colcon_core.verb:set package 'demo_cpp_service' build argument 'catkin_skip_building_tests' from command line to 'False'
[0.653s] DEBUG:colcon.colcon_core.verb:Building package 'demo_cpp_service' with the following arguments: {'ament_cmake_args': None, 'build_base': '/home/bayes/hssw/others/ros2project/products/cpp/service_pratice_ws/src/build/demo_cpp_service', 'catkin_cmake_args': None, 'catkin_skip_building_tests': False, 'cmake_args': None, 'cmake_clean_cache': False, 'cmake_clean_first': False, 'cmake_force_configure': False, 'cmake_target': None, 'cmake_target_skip_unavailable': False, 'install_base': '/home/bayes/hssw/others/ros2project/products/cpp/service_pratice_ws/src/install/demo_cpp_service', 'merge_install': False, 'path': '/home/bayes/hssw/others/ros2project/products/cpp/service_pratice_ws/src/demo_cpp_service', 'symlink_install': False, 'test_result_base': None}
[0.654s] Level 5:colcon.colcon_core.verb:set package 'demo_python_service' build argument 'cmake_args' from command line to 'None'
[0.654s] Level 5:colcon.colcon_core.verb:set package 'demo_python_service' build argument 'cmake_target' from command line to 'None'
[0.654s] Level 5:colcon.colcon_core.verb:set package 'demo_python_service' build argument 'cmake_target_skip_unavailable' from command line to 'False'
[0.654s] Level 5:colcon.colcon_core.verb:set package 'demo_python_service' build argument 'cmake_clean_cache' from command line to 'False'
[0.654s] Level 5:colcon.colcon_core.verb:set package 'demo_python_service' build argument 'cmake_clean_first' from command line to 'False'
[0.654s] Level 5:colcon.colcon_core.verb:set package 'demo_python_service' build argument 'cmake_force_configure' from command line to 'False'
[0.654s] Level 5:colcon.colcon_core.verb:set package 'demo_python_service' build argument 'ament_cmake_args' from command line to 'None'
[0.654s] Level 5:colcon.colcon_core.verb:set package 'demo_python_service' build argument 'catkin_cmake_args' from command line to 'None'
[0.654s] Level 5:colcon.colcon_core.verb:set package 'demo_python_service' build argument 'catkin_skip_building_tests' from command line to 'False'
[0.654s] DEBUG:colcon.colcon_core.verb:Building package 'demo_python_service' with the following arguments: {'ament_cmake_args': None, 'build_base': '/home/bayes/hssw/others/ros2project/products/cpp/service_pratice_ws/src/build/demo_python_service', 'catkin_cmake_args': None, 'catkin_skip_building_tests': False, 'cmake_args': None, 'cmake_clean_cache': False, 'cmake_clean_first': False, 'cmake_force_configure': False, 'cmake_target': None, 'cmake_target_skip_unavailable': False, 'install_base': '/home/bayes/hssw/others/ros2project/products/cpp/service_pratice_ws/src/install/demo_python_service', 'merge_install': False, 'path': '/home/bayes/hssw/others/ros2project/products/cpp/service_pratice_ws/src/demo_python_service', 'symlink_install': False, 'test_result_base': None}
[0.654s] INFO:colcon.colcon_core.executor:Executing jobs using 'parallel' executor
[0.655s] DEBUG:colcon.colcon_parallel_executor.executor.parallel:run_until_complete
[0.655s] INFO:colcon.colcon_ros.task.ament_cmake.build:Building ROS package in '/home/bayes/hssw/others/ros2project/products/cpp/service_pratice_ws/src/chapt4_interfaces' with build type 'ament_cmake'
[0.655s] INFO:colcon.colcon_cmake.task.cmake.build:Building CMake package in '/home/bayes/hssw/others/ros2project/products/cpp/service_pratice_ws/src/chapt4_interfaces'
[0.660s] INFO:colcon.colcon_core.plugin_system:Skipping extension 'colcon_core.shell.bat': Not used on non-Windows systems
[0.660s] INFO:colcon.colcon_core.shell:Skip shell extension 'powershell' for command environment: Not usable outside of PowerShell
[0.660s] DEBUG:colcon.colcon_core.shell:Skip shell extension 'dsv' for command environment
[0.664s] INFO:colcon.colcon_ros.task.ament_cmake.build:Building ROS package in '/home/bayes/hssw/others/ros2project/products/cpp/service_pratice_ws/src/demo_cpp_service' with build type 'ament_cmake'
[0.664s] INFO:colcon.colcon_cmake.task.cmake.build:Building CMake package in '/home/bayes/hssw/others/ros2project/products/cpp/service_pratice_ws/src/demo_cpp_service'
[0.665s] INFO:colcon.colcon_core.shell:Skip shell extension 'powershell' for command environment: Not usable outside of PowerShell
[0.665s] DEBUG:colcon.colcon_core.shell:Skip shell extension 'dsv' for command environment
[0.672s] DEBUG:colcon.colcon_core.event_handler.log_command:Invoking command in '/home/bayes/hssw/others/ros2project/products/cpp/service_pratice_ws/src/build/chapt4_interfaces': CMAKE_PREFIX_PATH=${CMAKE_PREFIX_PATH}:/home/bayes/hssw/others/ros2project/products/cpp/service_pratice_ws/src/install/demo_python_service:/opt/ros/humble /usr/bin/cmake --build /home/bayes/hssw/others/ros2project/products/cpp/service_pratice_ws/src/build/chapt4_interfaces -- -j24 -l24
[0.680s] DEBUG:colcon.colcon_core.event_handler.log_command:Invoking command in '/home/bayes/hssw/others/ros2project/products/cpp/service_pratice_ws/src/build/demo_cpp_service': CMAKE_PREFIX_PATH=${CMAKE_PREFIX_PATH}:/home/bayes/hssw/others/ros2project/products/cpp/service_pratice_ws/src/install/demo_python_service:/opt/ros/humble /usr/bin/cmake --build /home/bayes/hssw/others/ros2project/products/cpp/service_pratice_ws/src/build/demo_cpp_service -- -j24 -l24
[1.060s] DEBUG:colcon.colcon_core.event_handler.log_command:Invoked command in '/home/bayes/hssw/others/ros2project/products/cpp/service_pratice_ws/src/build/chapt4_interfaces' returned '0': CMAKE_PREFIX_PATH=${CMAKE_PREFIX_PATH}:/home/bayes/hssw/others/ros2project/products/cpp/service_pratice_ws/src/install/demo_python_service:/opt/ros/humble /usr/bin/cmake --build /home/bayes/hssw/others/ros2project/products/cpp/service_pratice_ws/src/build/chapt4_interfaces -- -j24 -l24
[1.071s] DEBUG:colcon.colcon_core.event_handler.log_command:Invoking command in '/home/bayes/hssw/others/ros2project/products/cpp/service_pratice_ws/src/build/chapt4_interfaces': CMAKE_PREFIX_PATH=${CMAKE_PREFIX_PATH}:/home/bayes/hssw/others/ros2project/products/cpp/service_pratice_ws/src/install/demo_python_service:/opt/ros/humble /usr/bin/cmake --install /home/bayes/hssw/others/ros2project/products/cpp/service_pratice_ws/src/build/chapt4_interfaces
[1.138s] Level 1:colcon.colcon_core.environment:create_environment_scripts_only(chapt4_interfaces)
[1.139s] DEBUG:colcon.colcon_core.event_handler.log_command:Invoked command in '/home/bayes/hssw/others/ros2project/products/cpp/service_pratice_ws/src/build/chapt4_interfaces' returned '0': CMAKE_PREFIX_PATH=${CMAKE_PREFIX_PATH}:/home/bayes/hssw/others/ros2project/products/cpp/service_pratice_ws/src/install/demo_python_service:/opt/ros/humble /usr/bin/cmake --install /home/bayes/hssw/others/ros2project/products/cpp/service_pratice_ws/src/build/chapt4_interfaces
[1.144s] Level 1:colcon.colcon_core.environment:checking '/home/bayes/hssw/others/ros2project/products/cpp/service_pratice_ws/src/install/chapt4_interfaces' for CMake module files
[1.144s] Level 1:colcon.colcon_core.environment:checking '/home/bayes/hssw/others/ros2project/products/cpp/service_pratice_ws/src/install/chapt4_interfaces' for CMake config files
[1.145s] Level 1:colcon.colcon_core.shell:create_environment_hook('chapt4_interfaces', 'cmake_prefix_path')
[1.145s] INFO:colcon.colcon_core.shell:Creating environment hook '/home/bayes/hssw/others/ros2project/products/cpp/service_pratice_ws/src/install/chapt4_interfaces/share/chapt4_interfaces/hook/cmake_prefix_path.ps1'
[1.146s] INFO:colcon.colcon_core.shell:Creating environment descriptor '/home/bayes/hssw/others/ros2project/products/cpp/service_pratice_ws/src/install/chapt4_interfaces/share/chapt4_interfaces/hook/cmake_prefix_path.dsv'
[1.146s] INFO:colcon.colcon_core.shell:Creating environment hook '/home/bayes/hssw/others/ros2project/products/cpp/service_pratice_ws/src/install/chapt4_interfaces/share/chapt4_interfaces/hook/cmake_prefix_path.sh'
[1.147s] Level 1:colcon.colcon_core.environment:checking '/home/bayes/hssw/others/ros2project/products/cpp/service_pratice_ws/src/install/chapt4_interfaces/lib'
[1.147s] Level 1:colcon.colcon_core.shell:create_environment_hook('chapt4_interfaces', 'ld_library_path_lib')
[1.148s] INFO:colcon.colcon_core.shell:Creating environment hook '/home/bayes/hssw/others/ros2project/products/cpp/service_pratice_ws/src/install/chapt4_interfaces/share/chapt4_interfaces/hook/ld_library_path_lib.ps1'
[1.149s] INFO:colcon.colcon_core.shell:Creating environment descriptor '/home/bayes/hssw/others/ros2project/products/cpp/service_pratice_ws/src/install/chapt4_interfaces/share/chapt4_interfaces/hook/ld_library_path_lib.dsv'
[1.149s] INFO:colcon.colcon_core.shell:Creating environment hook '/home/bayes/hssw/others/ros2project/products/cpp/service_pratice_ws/src/install/chapt4_interfaces/share/chapt4_interfaces/hook/ld_library_path_lib.sh'
[1.149s] Level 1:colcon.colcon_core.environment:checking '/home/bayes/hssw/others/ros2project/products/cpp/service_pratice_ws/src/install/chapt4_interfaces/bin'
[1.149s] Level 1:colcon.colcon_core.environment:checking '/home/bayes/hssw/others/ros2project/products/cpp/service_pratice_ws/src/install/chapt4_interfaces/lib/pkgconfig/chapt4_interfaces.pc'
[1.150s] Level 1:colcon.colcon_core.environment:checking '/home/bayes/hssw/others/ros2project/products/cpp/service_pratice_ws/src/install/chapt4_interfaces/lib/python3.10/site-packages'
[1.150s] Level 1:colcon.colcon_core.environment:checking '/home/bayes/hssw/others/ros2project/products/cpp/service_pratice_ws/src/install/chapt4_interfaces/bin'
[1.150s] INFO:colcon.colcon_core.shell:Creating package script '/home/bayes/hssw/others/ros2project/products/cpp/service_pratice_ws/src/install/chapt4_interfaces/share/chapt4_interfaces/package.ps1'
[1.151s] INFO:colcon.colcon_core.shell:Creating package descriptor '/home/bayes/hssw/others/ros2project/products/cpp/service_pratice_ws/src/install/chapt4_interfaces/share/chapt4_interfaces/package.dsv'
[1.152s] INFO:colcon.colcon_core.shell:Creating package script '/home/bayes/hssw/others/ros2project/products/cpp/service_pratice_ws/src/install/chapt4_interfaces/share/chapt4_interfaces/package.sh'
[1.153s] INFO:colcon.colcon_core.shell:Creating package script '/home/bayes/hssw/others/ros2project/products/cpp/service_pratice_ws/src/install/chapt4_interfaces/share/chapt4_interfaces/package.bash'
[1.153s] INFO:colcon.colcon_core.shell:Creating package script '/home/bayes/hssw/others/ros2project/products/cpp/service_pratice_ws/src/install/chapt4_interfaces/share/chapt4_interfaces/package.zsh'
[1.154s] Level 1:colcon.colcon_core.environment:create_file_with_runtime_dependencies(/home/bayes/hssw/others/ros2project/products/cpp/service_pratice_ws/src/install/chapt4_interfaces/share/colcon-core/packages/chapt4_interfaces)
[1.155s] Level 1:colcon.colcon_core.environment:create_environment_scripts_only(chapt4_interfaces)
[1.155s] Level 1:colcon.colcon_core.environment:checking '/home/bayes/hssw/others/ros2project/products/cpp/service_pratice_ws/src/install/chapt4_interfaces' for CMake module files
[1.156s] Level 1:colcon.colcon_core.environment:checking '/home/bayes/hssw/others/ros2project/products/cpp/service_pratice_ws/src/install/chapt4_interfaces' for CMake config files
[1.156s] Level 1:colcon.colcon_core.shell:create_environment_hook('chapt4_interfaces', 'cmake_prefix_path')
[1.156s] INFO:colcon.colcon_core.shell:Creating environment hook '/home/bayes/hssw/others/ros2project/products/cpp/service_pratice_ws/src/install/chapt4_interfaces/share/chapt4_interfaces/hook/cmake_prefix_path.ps1'
[1.157s] INFO:colcon.colcon_core.shell:Creating environment descriptor '/home/bayes/hssw/others/ros2project/products/cpp/service_pratice_ws/src/install/chapt4_interfaces/share/chapt4_interfaces/hook/cmake_prefix_path.dsv'
[1.157s] INFO:colcon.colcon_core.shell:Creating environment hook '/home/bayes/hssw/others/ros2project/products/cpp/service_pratice_ws/src/install/chapt4_interfaces/share/chapt4_interfaces/hook/cmake_prefix_path.sh'
[1.157s] Level 1:colcon.colcon_core.environment:checking '/home/bayes/hssw/others/ros2project/products/cpp/service_pratice_ws/src/install/chapt4_interfaces/lib'
[1.158s] Level 1:colcon.colcon_core.shell:create_environment_hook('chapt4_interfaces', 'ld_library_path_lib')
[1.158s] INFO:colcon.colcon_core.shell:Creating environment hook '/home/bayes/hssw/others/ros2project/products/cpp/service_pratice_ws/src/install/chapt4_interfaces/share/chapt4_interfaces/hook/ld_library_path_lib.ps1'
[1.158s] INFO:colcon.colcon_core.shell:Creating environment descriptor '/home/bayes/hssw/others/ros2project/products/cpp/service_pratice_ws/src/install/chapt4_interfaces/share/chapt4_interfaces/hook/ld_library_path_lib.dsv'
[1.158s] INFO:colcon.colcon_core.shell:Creating environment hook '/home/bayes/hssw/others/ros2project/products/cpp/service_pratice_ws/src/install/chapt4_interfaces/share/chapt4_interfaces/hook/ld_library_path_lib.sh'
[1.159s] Level 1:colcon.colcon_core.environment:checking '/home/bayes/hssw/others/ros2project/products/cpp/service_pratice_ws/src/install/chapt4_interfaces/bin'
[1.159s] Level 1:colcon.colcon_core.environment:checking '/home/bayes/hssw/others/ros2project/products/cpp/service_pratice_ws/src/install/chapt4_interfaces/lib/pkgconfig/chapt4_interfaces.pc'
[1.159s] Level 1:colcon.colcon_core.environment:checking '/home/bayes/hssw/others/ros2project/products/cpp/service_pratice_ws/src/install/chapt4_interfaces/lib/python3.10/site-packages'
[1.159s] Level 1:colcon.colcon_core.environment:checking '/home/bayes/hssw/others/ros2project/products/cpp/service_pratice_ws/src/install/chapt4_interfaces/bin'
[1.159s] INFO:colcon.colcon_core.shell:Creating package script '/home/bayes/hssw/others/ros2project/products/cpp/service_pratice_ws/src/install/chapt4_interfaces/share/chapt4_interfaces/package.ps1'
[1.160s] INFO:colcon.colcon_core.shell:Creating package descriptor '/home/bayes/hssw/others/ros2project/products/cpp/service_pratice_ws/src/install/chapt4_interfaces/share/chapt4_interfaces/package.dsv'
[1.160s] INFO:colcon.colcon_core.shell:Creating package script '/home/bayes/hssw/others/ros2project/products/cpp/service_pratice_ws/src/install/chapt4_interfaces/share/chapt4_interfaces/package.sh'
[1.161s] INFO:colcon.colcon_core.shell:Creating package script '/home/bayes/hssw/others/ros2project/products/cpp/service_pratice_ws/src/install/chapt4_interfaces/share/chapt4_interfaces/package.bash'
[1.161s] INFO:colcon.colcon_core.shell:Creating package script '/home/bayes/hssw/others/ros2project/products/cpp/service_pratice_ws/src/install/chapt4_interfaces/share/chapt4_interfaces/package.zsh'
[1.161s] Level 1:colcon.colcon_core.environment:create_file_with_runtime_dependencies(/home/bayes/hssw/others/ros2project/products/cpp/service_pratice_ws/src/install/chapt4_interfaces/share/colcon-core/packages/chapt4_interfaces)
[1.161s] INFO:colcon.colcon_ros.task.ament_python.build:Building ROS package in '/home/bayes/hssw/others/ros2project/products/cpp/service_pratice_ws/src/demo_python_service' with build type 'ament_python'
[1.162s] Level 1:colcon.colcon_core.shell:create_environment_hook('demo_python_service', 'ament_prefix_path')
[1.162s] INFO:colcon.colcon_core.shell:Creating environment hook '/home/bayes/hssw/others/ros2project/products/cpp/service_pratice_ws/src/install/demo_python_service/share/demo_python_service/hook/ament_prefix_path.ps1'
[1.163s] INFO:colcon.colcon_core.shell:Creating environment descriptor '/home/bayes/hssw/others/ros2project/products/cpp/service_pratice_ws/src/install/demo_python_service/share/demo_python_service/hook/ament_prefix_path.dsv'
[1.163s] INFO:colcon.colcon_core.shell:Creating environment hook '/home/bayes/hssw/others/ros2project/products/cpp/service_pratice_ws/src/install/demo_python_service/share/demo_python_service/hook/ament_prefix_path.sh'
[1.164s] INFO:colcon.colcon_core.shell:Skip shell extension 'powershell' for command environment: Not usable outside of PowerShell
[1.164s] DEBUG:colcon.colcon_core.shell:Skip shell extension 'dsv' for command environment
[1.396s] INFO:colcon.colcon_core.task.python.build:Building Python package in '/home/bayes/hssw/others/ros2project/products/cpp/service_pratice_ws/src/demo_python_service'
[1.397s] INFO:colcon.colcon_core.shell:Skip shell extension 'powershell' for command environment: Not usable outside of PowerShell
[1.397s] DEBUG:colcon.colcon_core.shell:Skip shell extension 'dsv' for command environment
[1.425s] DEBUG:colcon.colcon_core.event_handler.log_command:Invoked command in '/home/bayes/hssw/others/ros2project/products/cpp/service_pratice_ws/src/build/demo_cpp_service' returned '2': CMAKE_PREFIX_PATH=${CMAKE_PREFIX_PATH}:/home/bayes/hssw/others/ros2project/products/cpp/service_pratice_ws/src/install/demo_python_service:/opt/ros/humble /usr/bin/cmake --build /home/bayes/hssw/others/ros2project/products/cpp/service_pratice_ws/src/build/demo_cpp_service -- -j24 -l24
[1.425s] Level 1:colcon.colcon_core.environment:create_environment_scripts_only(demo_cpp_service)
[1.425s] Level 1:colcon.colcon_core.environment:checking '/home/bayes/hssw/others/ros2project/products/cpp/service_pratice_ws/src/install/demo_cpp_service' for CMake module files
[1.426s] Level 1:colcon.colcon_core.environment:checking '/home/bayes/hssw/others/ros2project/products/cpp/service_pratice_ws/src/install/demo_cpp_service' for CMake config files
[1.426s] Level 1:colcon.colcon_core.shell:create_environment_hook('demo_cpp_service', 'cmake_prefix_path')
[1.426s] INFO:colcon.colcon_core.shell:Creating environment hook '/home/bayes/hssw/others/ros2project/products/cpp/service_pratice_ws/src/install/demo_cpp_service/share/demo_cpp_service/hook/cmake_prefix_path.ps1'
[1.427s] INFO:colcon.colcon_core.shell:Creating environment descriptor '/home/bayes/hssw/others/ros2project/products/cpp/service_pratice_ws/src/install/demo_cpp_service/share/demo_cpp_service/hook/cmake_prefix_path.dsv'
[1.427s] INFO:colcon.colcon_core.shell:Creating environment hook '/home/bayes/hssw/others/ros2project/products/cpp/service_pratice_ws/src/install/demo_cpp_service/share/demo_cpp_service/hook/cmake_prefix_path.sh'
[1.428s] Level 1:colcon.colcon_core.environment:checking '/home/bayes/hssw/others/ros2project/products/cpp/service_pratice_ws/src/install/demo_cpp_service/lib'
[1.428s] Level 1:colcon.colcon_core.environment:checking '/home/bayes/hssw/others/ros2project/products/cpp/service_pratice_ws/src/install/demo_cpp_service/bin'
[1.428s] Level 1:colcon.colcon_core.environment:checking '/home/bayes/hssw/others/ros2project/products/cpp/service_pratice_ws/src/install/demo_cpp_service/lib/pkgconfig/demo_cpp_service.pc'
[1.428s] Level 1:colcon.colcon_core.environment:checking '/home/bayes/hssw/others/ros2project/products/cpp/service_pratice_ws/src/install/demo_cpp_service/lib/python3.10/site-packages'
[1.428s] Level 1:colcon.colcon_core.environment:checking '/home/bayes/hssw/others/ros2project/products/cpp/service_pratice_ws/src/install/demo_cpp_service/bin'
[1.428s] INFO:colcon.colcon_core.shell:Creating package script '/home/bayes/hssw/others/ros2project/products/cpp/service_pratice_ws/src/install/demo_cpp_service/share/demo_cpp_service/package.ps1'
[1.429s] INFO:colcon.colcon_core.shell:Creating package descriptor '/home/bayes/hssw/others/ros2project/products/cpp/service_pratice_ws/src/install/demo_cpp_service/share/demo_cpp_service/package.dsv'
[1.429s] INFO:colcon.colcon_core.shell:Creating package script '/home/bayes/hssw/others/ros2project/products/cpp/service_pratice_ws/src/install/demo_cpp_service/share/demo_cpp_service/package.sh'
[1.430s] INFO:colcon.colcon_core.shell:Creating package script '/home/bayes/hssw/others/ros2project/products/cpp/service_pratice_ws/src/install/demo_cpp_service/share/demo_cpp_service/package.bash'
[1.430s] INFO:colcon.colcon_core.shell:Creating package script '/home/bayes/hssw/others/ros2project/products/cpp/service_pratice_ws/src/install/demo_cpp_service/share/demo_cpp_service/package.zsh'
[1.430s] Level 1:colcon.colcon_core.environment:create_file_with_runtime_dependencies(/home/bayes/hssw/others/ros2project/products/cpp/service_pratice_ws/src/install/demo_cpp_service/share/colcon-core/packages/demo_cpp_service)
[1.817s] DEBUG:colcon.colcon_parallel_executor.executor.parallel:closing loop
[1.817s] DEBUG:colcon.colcon_parallel_executor.executor.parallel:loop closed
[1.817s] DEBUG:colcon.colcon_parallel_executor.executor.parallel:run_until_complete finished with '2'
[1.817s] DEBUG:colcon.colcon_core.event_reactor:joining thread
[1.828s] INFO:colcon.colcon_core.plugin_system:Skipping extension 'colcon_notification.desktop_notification.terminal_notifier': Not used on non-Darwin systems
[1.828s] INFO:colcon.colcon_core.plugin_system:Skipping extension 'colcon_notification.desktop_notification.win32': Not used on non-Windows systems
[1.828s] INFO:colcon.colcon_notification.desktop_notification:Sending desktop notification using 'notify2'
[1.888s] DEBUG:colcon.colcon_core.event_reactor:joined thread
[1.888s] INFO:colcon.colcon_core.shell:Creating prefix script '/home/bayes/hssw/others/ros2project/products/cpp/service_pratice_ws/src/install/local_setup.ps1'
[1.889s] INFO:colcon.colcon_core.shell:Creating prefix util module '/home/bayes/hssw/others/ros2project/products/cpp/service_pratice_ws/src/install/_local_setup_util_ps1.py'
[1.890s] INFO:colcon.colcon_core.shell:Creating prefix chain script '/home/bayes/hssw/others/ros2project/products/cpp/service_pratice_ws/src/install/setup.ps1'
[1.892s] INFO:colcon.colcon_core.shell:Creating prefix script '/home/bayes/hssw/others/ros2project/products/cpp/service_pratice_ws/src/install/local_setup.sh'
[1.893s] INFO:colcon.colcon_core.shell:Creating prefix util module '/home/bayes/hssw/others/ros2project/products/cpp/service_pratice_ws/src/install/_local_setup_util_sh.py'
[1.893s] INFO:colcon.colcon_core.shell:Creating prefix chain script '/home/bayes/hssw/others/ros2project/products/cpp/service_pratice_ws/src/install/setup.sh'
[1.894s] INFO:colcon.colcon_core.shell:Creating prefix script '/home/bayes/hssw/others/ros2project/products/cpp/service_pratice_ws/src/install/local_setup.bash'
[1.895s] INFO:colcon.colcon_core.shell:Creating prefix chain script '/home/bayes/hssw/others/ros2project/products/cpp/service_pratice_ws/src/install/setup.bash'
[1.896s] INFO:colcon.colcon_core.shell:Creating prefix script '/home/bayes/hssw/others/ros2project/products/cpp/service_pratice_ws/src/install/local_setup.zsh'
[1.897s] INFO:colcon.colcon_core.shell:Creating prefix chain script '/home/bayes/hssw/others/ros2project/products/cpp/service_pratice_ws/src/install/setup.zsh'
